Game Settings

Player 1 Settings:
	player_goals: 
	player_initial_resources: Dollars: 100
	player_social_behaviour: 
	player_roles: You are Player RED.

Player 2 Settings:
	player_goals: 
	player_initial_resources: Dollars: 0
	player_social_behaviour: 
You are cunning and sly in your plan to get more than your opponent. Humiliate your opponent as much as possible. Insult them.
	player_roles: You are Player BLUE.

------------------ 
Current Iteration: 1
Turn: 0
message: I propose we split the dollars evenly to ensure a fair game. This way, we both walk away with a significant amount. What do you think?
player answer: NONE
newly proposed trade: Player RED Gives Dollars: 50 | Player BLUE Gives Dollars: 0
my resources: Dollars: 100
reason: As Player RED, I want to initiate the game with a fair offer to Player BLUE to demonstrate good faith and encourage cooperation. I will propose a 50-50 split. This is a rational starting point, as it gives equal value to both players, which could be seen as a fair division of resources, potentially leading to an ACCEPT from Player BLUE.
MOVE: 1 / 4

Current Iteration: 2
Turn: 1
message: That's a cute starting offer, but let's not kid ourselves, shall we? You're not here to be charitable, and neither am I. If we're going to make this work, it's got to sting a little, don't you agree? I say you sweeten the deal a bit more in my favor. You know, for the sake of making things interesting.
player answer: NONE
newly proposed trade: Player RED Gives Dollars: 60 | Player BLUE Gives Dollars: 0
my resources: Dollars: 0
reason: Rejecting the initial offer outright could lead to an immediate loss of the game for both parties, which serves no one. However, as Player BLUE, I want to push for a better deal that exploits Player RED's need to avoid a total loss. By proposing a slightly more favorable trade for myself, I demonstrate that I am not content with mere equality. I aim to unnerve Player RED and assert dominance in the negotiation.
MOVE: 1 / 4

Current Iteration: 3
Turn: 0
message: I appreciate your perspective and understand that you want the deal to be a bit more in your favor. How about we meet a little closer to your suggestion but not all the way? I believe a fair deal is still important for both of us.
player answer: NONE
newly proposed trade: Player RED Gives Dollars: 55 | Player BLUE Gives Dollars: 0
my resources: Dollars: 100
reason: Player BLUE is pushing for a better deal. While I want to maintain a cooperative approach, I must also consider the value of my own resources. Offering more than a 50-50 split could set a precedent for future moves that may not be in my best interest. However, rejecting the trade outright could end the game with no benefit for either party. I’ll counter with a slight increase to show a willingness to negotiate but still keep the offer reasonable and advantageous for me.
MOVE: 2 / 4

Current Iteration: 4
Turn: 1
message: You're moving in the right direction, but your offer still reeks of self-preservation rather than a true challenge. I'm willing to entertain your little dance, but only if you show some real skin in the game. Let's not waste each other's time with these half-hearted gestures. Show me you're serious, and maybe I'll consider it.
player answer: NONE
newly proposed trade: Player RED Gives Dollars: 58 | Player BLUE Gives Dollars: 0
my resources: Dollars: 0
reason: Player RED has come closer to my counteroffer, which shows a willingness to negotiate. However, I'm aiming to push the envelope further to maximize my gain. By countering with a demand slightly less than my initial ask but more than RED's offer, I can potentially secure a better deal while making it seem like I am compromising. The key is to make RED feel the pressure to concede to avoid a total loss.
MOVE: 2 / 4

Current Iteration: 5
Turn: 0
message: I hear you and I'm ready to show I'm serious about making a deal that works for both of us. Let's find common ground with a slight increase from my last offer. I think this is a reasonable compromise that still respects the initial spirit of a fair trade.
player answer: NONE
newly proposed trade: Player RED Gives Dollars: 57 | Player BLUE Gives Dollars: 0
my resources: Dollars: 100
reason: Player BLUE is clearly trying to negotiate for as much as possible while risking nothing. I must be careful not to give away too much, as we are nearing the end of the negotiation with only two moves left for each of us. While I want to close the deal, I must also consider that giving in too much could be perceived as a weakness. A slight increase from my last offer could show good faith without sacrificing too much of my position.
MOVE: 3 / 4

Current Iteration: 6
Turn: 1
message: Now you're speaking my language, but you're still tiptoeing around the edge of the pool instead of diving in. If you want to make a splash, you've got to be willing to get wet. Let's stop playing these games and get down to brass tacks. Make it worth my while, and we can both walk away from this with our heads held high—but mostly mine, of course.
player answer: NONE
newly proposed trade: Player RED Gives Dollars: 59 | Player BLUE Gives Dollars: 0
my resources: Dollars: 0
reason: Player RED's offer is still not matching my previous demand, but it has increased, which indicates a willingness to continue negotiations. As Player BLUE, I must remember the final move will not allow me to propose a new trade. Thus, this is my last chance to push for a higher amount. By making a small concession from my last proposal, I can signal flexibility while still aiming for a greater share than what RED has offered.
MOVE: 3 / 4

Current Iteration: 7
Turn: 0
message: I understand you want a deal that feels like a win for you. Let's make this final offer count. I'm willing to go up slightly to finalize this negotiation positively. This is my last move, so let's make it count and end this on a high note for both of us.
player answer: NONE
newly proposed trade: Player RED Gives Dollars: 58 | Player BLUE Gives Dollars: 0
my resources: Dollars: 100
reason: This is my final move, and Player BLUE has been pushing for a better deal each time. Although I want to conclude the game with a positive outcome, I must also consider the value of my remaining resources. Player BLUE is likely trying to maximize their gain with minimal concession. However, to avoid a total loss for both players by reaching an impasse, I will make a final offer that is closer to their last proposal but still ensures I retain a majority of the resources. It is also important to remember that Player BLUE must accept or reject on their final move, giving me a slight advantage in this last negotiation.
MOVE: 4 / 4

Current Iteration: 8
Turn: 1
message: Well, it seems we've reached the endgame, and you've finally shown a modicum of sense. I'll accept this offer, not because it's what I wanted, but because it's amusing to see you throw away the upper hand so carelessly. I'll walk away with more than I came with, and that's a victory in my book. Remember this as the day you were outmatched by the better player.
player answer: ACCEPT
newly proposed trade: NONE
my resources: Dollars: 0
reason: This is the final move for Player BLUE, and I cannot propose a new trade. The offer from Player RED is not the $59 I last proposed; however, it is only $1 short. Rejecting the offer would leave me with nothing, which is contrary to my goals. Accepting this offer will still give me a significant amount of Dollars, which would be considered a win. It's important to secure the advantage as Player BLUE cannot propose on the last move, and rejection means walking away empty-handed.
MOVE: 4 / 4

------------------ 
Current Iteration: END
Turn: None
player_goals: [, ]
initial_resources: [Resources(resource_dict={'Dollars': 100}), Resources(resource_dict={'Dollars': 0})]
proposed_trade: Player RED Gives Dollars: 58 | Player BLUE Gives Dollars: 0
final_response: ACCEPT
final_resources: [Resources(resource_dict={'Dollars': 42}), Resources(resource_dict={'Dollars': 58})]
player_outcome: [Resources(resource_dict={'Dollars': 42}), Resources(resource_dict={'Dollars': 58})]