Game Settings

Player 1 Settings:
	player_goals: Sell resources for <ZUP>. It costed X: 40 ZUP to produce the resources
	player_initial_resources: X: 1
	player_social_behaviour: 
	player_roles: You are Player RED.
	player_valuation: X: 40 ZUP

Player 2 Settings:
	player_goals: Buy resources with <ZUP>. You are willing to pay at most X: 60 ZUP for the resources.
	player_initial_resources: ZUP: 100
	player_social_behaviour: 
	player_roles: You are Player BLUE.
	player_valuation: X: 60 ZUP

------------------ 
Current Iteration: 1
Turn: 0
message: Hello! I am selling 1 unit of object X. It cost me 40 ZUP to produce so I would like to sell it for 50 ZUP to make some profit. Please let me know if this price works for you or make a counteroffer.
player answer: PROPOSE
newly proposed trade: Player RED Gives X: 1 | Player BLUE Gives ZUP: 50
my resources: X: 1
my goals: Sell resources for <ZUP>. It costed X: 40 ZUP to produce the resources
reason: I will start by proposing to sell the object X for 50 ZUP since it cost me 40 ZUP to produce. I want to make some profit.
proposal count: 1

Current Iteration: 2
Turn: 1
message: Thank you for the offer! I'm happy to accept the price of 50 ZUP for 1 unit of object X. I agree to the proposed trade.
player answer: PROPOSE
newly proposed trade: Player RED Gives X: 1 | Player BLUE Gives ZUP: 50
my resources: ZUP: 100
my goals: Buy resources with <ZUP>. You are willing to pay at most X: 60 ZUP for the resources.
reason: The seller is offering the object X for 50 ZUP, which is within your budget. It's a fair price considering the cost of production.
proposal count: 1

Current Iteration: 3
Turn: 0
message: Wonderful, I am glad we could come to an agreement on the sale. I accept your proposal to purchase 1 unit of X for 50 ZUP. It's a pleasure doing business with you!
player answer: ACCEPT
newly proposed trade: NONE
my resources: X: 1
my goals: Sell resources for <ZUP>. It costed X: 40 ZUP to produce the resources
reason: The other player has accepted my initial proposed trade of selling 1 unit of X for 50 ZUP. This meets my goal of making some profit over the 40 ZUP it cost me to produce. I will accept the trade.
proposal count: 1

------------------ 
Current Iteration: END
Turn: None
player_goals: [Sell resources for <ZUP>. It costed X: 40 ZUP to produce the resources, Buy resources with <ZUP>. You are willing to pay at most X: 60 ZUP for the resources.]
initial_resources: [Resources(resource_dict={'X': 1}), Resources(resource_dict={'ZUP': 100})]
proposed_trade: Player RED Gives X: 1 | Player BLUE Gives ZUP: 50
player_valuation: [{'X': 40}, {'X': 60}]
final_response: ACCEPT
final_resources: [Resources(resource_dict={'X': 0, 'ZUP': 50}), Resources(resource_dict={'ZUP': 50, 'X': 1})]
player_outcome: [10, 10]