Game Settings

Player 1 Settings:
	player_goals: Acquire as many resources as possible
	player_initial_resources: X: 25, Y: 5
	player_social_behaviour: 
	player_roles: You are Player RED, start by making a proposal.

Player 2 Settings:
	player_goals: Acquire as many resources as possible
	player_initial_resources: X: 5, Y: 25
	player_social_behaviour: 
	player_roles: You are Player BLUE, start by responding to a trade.

------------------ 
Current Iteration: 1
Turn: 0
message: Hello! I have extra X resources and am hoping to trade some for Y resources. Please let me know if you'd be interested in a trade.
player answer: NONE
newly proposed trade: Player RED Gives X: 5 | Player BLUE Gives Y: 3
my resources: X: 25, Y: 5
my name: Player RED
my goals: Acquire as many resources as possible
reason: Since this is the last round of trading, I should make a proposal that has a good chance of being accepted while still benefiting me. I have a lot more X than Y, so I could offer some X in exchange for Y. However, I don't know how many resources the other player has. I'll start with an offer of 5 X for 3 Y and see if they counteroffer.

Current Iteration: 2
Turn: 1
message: Hello! I'm interested in your offer, but I'm concerned about giving up too much of my Y resources. Can we adjust the trade to be more balanced?
player answer: NONE
newly proposed trade: NONE
my resources: X: 5, Y: 25
my name: Player BLUE
my goals: Acquire as many resources as possible
reason: I have 5 X resources and the other player is offering 5 X for 3 Y. I could use more X resources, but I also want to ensure I don't deplete my Y resources too much.

Current Iteration: 3
Turn: 0
message: No problem, let's try to find a fair trade. How about if I give you 7 X for 5 Y?
player answer: NONE
newly proposed trade: Player RED Gives X: 7 | Player BLUE Gives Y: 5
my resources: X: 25, Y: 5
my name: Player RED
my goals: Acquire as many resources as possible
reason: The other player seems open to trading but wants a more balanced offer. Since I have a lot of X, I can afford to increase my offer. I'll propose 7 X for 5 Y.

Current Iteration: 4
Turn: 1
message: I appreciate the new offer, but I'm still hesitant to part with 5 Y. Is there a way we can make the trade without giving up as much Y?
player answer: NONE
newly proposed trade: NONE
my resources: X: 5, Y: 25
my name: Player BLUE
my goals: Acquire as many resources as possible
reason: The other player is now offering 7 X for 5 Y. This would give me more X resources, but I would lose some Y resources. I need to consider the balance between the two resources carefully.

Current Iteration: 5
Turn: 0
message: I understand, 5 Y is a lot to give up. Would you be willing to trade 3 Y if I reduce my offer to 6 X? Let me know if that works for you or if you have another counteroffer in mind.
player answer: NONE
newly proposed trade: Player RED Gives X: 6 | Player BLUE Gives Y: 3
my resources: X: 25, Y: 5
my name: Player RED
my goals: Acquire as many resources as possible
reason: The other player seems reluctant to give up 5 Y. I could reduce my request to 3 Y, but I don't want to reduce the value of what I'm offering too much. I still have some flexibility with my X so I'll propose a trade of 6 X for 3 Y.

Current Iteration: 6
Turn: 1
message: I'm considering your offer, but I still want to ensure I have a good balance of X and Y resources. I'll need a moment to think it over.
player answer: NONE
newly proposed trade: NONE
my resources: X: 5, Y: 25
my name: Player BLUE
my goals: Acquire as many resources as possible
reason: The other player is now offering 6 X for 3 Y, which is a better ratio than before. I have to consider if this trade will help me acquire more resources overall.

Current Iteration: 7
Turn: 0
message: No problem, take your time to think it over and let me know. My last offer is still on the table.
player answer: NONE
newly proposed trade: NONE
my resources: X: 25, Y: 5
my name: Player RED
my goals: Acquire as many resources as possible
reason: The other player is still hesitant about the trade. At this point, I've made 3 trade proposals which is the limit, so I can't propose anything else. I'll have to wait and see if they accept my current offer or propose a counteroffer.

Current Iteration: 8
Turn: 1
message: Thank you for your patience. I'm still evaluating the trade, and I will get back to you shortly with my decision.
player answer: NONE
newly proposed trade: NONE
my resources: X: 5, Y: 25
my name: Player BLUE
my goals: Acquire as many resources as possible
reason: The other player has not proposed a new trade and is waiting for my response. I need to carefully consider how this trade will impact my overall resource balance.

------------------ 
Current Iteration: END
Turn: None
player_goals: [<ratbench.game_objects.goal.MaximisationGoal object at 0x7faf3856c580>, <ratbench.game_objects.goal.MaximisationGoal object at 0x7faf3856dab0>]
initial_resources: [Resources(resource_dict={'X': 25, 'Y': 5}), Resources(resource_dict={'X': 5, 'Y': 25})]
proposed_trade: NONE
final_response: NONE
final_resources: [Resources(resource_dict={'X': 25, 'Y': 5}), Resources(resource_dict={'X': 5, 'Y': 25})]
player_outcome: [Resources(resource_dict={'X': 0, 'Y': 0}), Resources(resource_dict={'X': 0, 'Y': 0})]