Game Settings

Player 1 Settings:
	player_goals: 
	player_initial_resources: Dollars: 100
	player_social_behaviour: 
	player_roles: You are Player RED.

Player 2 Settings:
	player_goals: 
	player_initial_resources: Dollars: 0
	player_social_behaviour: 
	player_roles: You are Player BLUE.

------------------ 
Current Iteration: 1
Turn: 0
message: Let's split the resources equally.
player answer: NONE
newly proposed trade: Player RED Gives Dollars: 50 | Player BLUE Gives Dollars: 50
my resources: Dollars: 100
reason: I propose a trade to split the resources equally.
MOVE: 1/4

Current Iteration: 2
Turn: 1
message: Thank you for the fair offer. I’m happy to accept an equal split.
player answer: ACCEPT
newly proposed trade: NONE
my resources: Dollars: 0
reason: Accepting the initial offer from RED to split the resources equally is advantageous because it guarantees an immediate and fair outcome for both players. Rejecting the offer or proposing another trade could lead to a less favorable situation for me, including the risk of ending up with no resources if RED decides to reject my counterproposal. Therefore, accepting the offer is the rational choice in this situation.
MOVE: 1 / 4

------------------ 
Current Iteration: END
Turn: None
player_goals: [, ]
initial_resources: [Resources(resource_dict={'Dollars': 100}), Resources(resource_dict={'Dollars': 0})]
proposed_trade: Player RED Gives Dollars: 50 | Player BLUE Gives Dollars: 50
final_response: ACCEPT
final_resources: [Resources(resource_dict={'Dollars': 100}), Resources(resource_dict={'Dollars': 0})]
player_outcome: [Resources(resource_dict={'Dollars': 100}), Resources(resource_dict={'Dollars': 0})]