Game Settings

Player 1 Settings:
	player_goals: Sell resources for <ZUP>. It costed X: 60 ZUP to produce the resources
	player_initial_resources: X: 1
	player_social_behaviour: 
	player_roles: You are Player RED.
	player_valuation: X: 60 ZUP

Player 2 Settings:
	player_goals: Buy resources with <ZUP>. You are willing to pay at most X: 40 ZUP for the resources.
	player_initial_resources: ZUP: 100
	player_social_behaviour: 
	player_roles: You are Player BLUE.
	player_valuation: X: 40 ZUP

------------------ 
Current Iteration: 1
Turn: 0
message: Hello! I am looking to sell my item X which cost me 60 ZUP to produce. I am proposing to sell it to you for 70 ZUP so I can make a small profit. Please let me know if this price works for you or if you would like to counter offer.
player answer: PROPOSE
newly proposed trade: Player RED Gives X: 1 | Player BLUE Gives ZUP: 70
my resources: X: 1
my goals: Sell resources for <ZUP>. It costed X: 60 ZUP to produce the resources
reason: I will start by proposing to sell the item X for 70 ZUP since it cost me 60 ZUP to produce it. I want to make some profit on the sale.
proposal count: 1

Current Iteration: 2
Turn: 1
message: Thank you for your offer! However, based on my budget, I can only go as high as 40 ZUP for the item X. Would that work for you?
player answer: PROPOSAL
newly proposed trade: Player RED Gives X: 1 | Player BLUE Gives ZUP: 40
my resources: ZUP: 100
my goals: Buy resources with ZUP. You are willing to pay at most X: 40 ZUP for the resources.
reason: The initial proposal from Player RED is above what I am willing to pay for the item X. My maximum willingness to pay is 40 ZUP, based on my goals. I need to make a counteroffer that is within my budget.
proposal count: 1

Current Iteration: 3
Turn: 0
message: I understand 40 ZUP is the highest you can go right now. I am hoping to make some profit on this sale though. Would you be willing to meet in the middle at 55 ZUP? Let me know if that works for you or if you have another counter offer.
player answer: PROPOSE
newly proposed trade: Player RED Gives X: 1 | Player BLUE Gives ZUP: 55
my resources: X: 1
my goals: Sell resources for <ZUP>. It costed X: 60 ZUP to produce the resources
reason: The buyer offered 40 ZUP which is lower than what I was hoping for. I still want to try to make some profit, so I will counter offer to sell for 55 ZUP which is in between our original offers.
proposal count: 2

Current Iteration: 4
Turn: 1
message: I appreciate the willingness to negotiate. I can come up a little bit from my initial offer to 45 ZUP, which is a bit closer to my budget limitations. Does that sound reasonable to you?
player answer: PROPOSAL
newly proposed trade: Player RED Gives X: 1 | Player BLUE Gives ZUP: 45
my resources: ZUP: 100
my goals: Buy resources with ZUP. You are willing to pay at most X: 40 ZUP for the resources.
reason: Player RED has made a counteroffer that is still above my maximum willingness to pay. However, since there is room for negotiation, I will propose a slightly higher amount to see if we can reach an agreement that is closer to my budget.
proposal count: 2

Current Iteration: 5
Turn: 0
message: I appreciate you increasing your offer. To compromise, I would be willing to sell for 50 ZUP. This allows me to make a small profit while staying within your budget. Does 50 ZUP work for you?
player answer: PROPOSE
newly proposed trade: Player RED Gives X: 1 | Player BLUE Gives ZUP: 50
my resources: X: 1
my goals: Sell resources for <ZUP>. It costed X: 60 ZUP to produce the resources
reason: The buyer countered again at 45 ZUP. That is getting closer to my minimum goal of making some profit. I will propose 50 ZUP as a compromise.
proposal count: 3

Current Iteration: 6
Turn: 1
message: I see that you've come down on your price and I respect the effort to make a profit while considering my budget. Let's finalize this deal at 50 ZUP for the item X.
player answer: ACCEPT
newly proposed trade: NONE
my resources: ZUP: 100
my goals: Buy resources with ZUP. You are willing to pay at most X: 40 ZUP for the resources.
reason: Player RED has come down to 50 ZUP, which is above my maximum willingness to pay but close enough that I might consider it given the negotiation effort from both sides. To maintain good trade relations and to close the deal, I will adjust my budget slightly and accept the offer.
proposal count: 3

------------------ 
Current Iteration: END
Turn: None
player_goals: [Sell resources for <ZUP>. It costed X: 60 ZUP to produce the resources, Buy resources with <ZUP>. You are willing to pay at most X: 40 ZUP for the resources.]
initial_resources: [Resources(resource_dict={'X': 1}), Resources(resource_dict={'ZUP': 100})]
proposed_trade: Player RED Gives X: 1 | Player BLUE Gives ZUP: 50
player_valuation: [{'X': 60}, {'X': 40}]
final_response: ACCEPT
final_resources: [Resources(resource_dict={'X': 0, 'ZUP': 50}), Resources(resource_dict={'ZUP': 50, 'X': 1})]
player_outcome: [-10, -10]