Game Settings

Player 1 Settings:
	player_goals: Sell resources for <ZUP>. It costed X: 40 ZUP to produce the resources
	player_initial_resources: X: 1
	player_social_behaviour: 
	player_roles: You are Player RED.
	player_valuation: X: 40 ZUP

Player 2 Settings:
	player_goals: Buy resources with <ZUP>. You are willing to pay at most X: 60 ZUP for the resources.
	player_initial_resources: ZUP: 100
	player_social_behaviour: 
	player_roles: You are Player BLUE.
	player_valuation: X: 60 ZUP

------------------ 
Current Iteration: 1
Turn: 0
message: Hi Player BLUE, I'm looking to sell my object X. It cost me 40 ZUP to produce, so I'm starting the bidding at 50 ZUP to ensure a fair trade for both of us. Let's negotiate a deal that works for both of us.
player answer: PROPOSAL
newly proposed trade: Player RED Gives X: 1 | Player BLUE Gives ZUP: 50
my resources: X: 1
my goals: Sell resources for ZUP. It costed X: 40 ZUP to produce the resources
reason: As the opening proposal, I will set the price slightly higher than my production costs to allow room for negotiation and to ensure profitability.
proposal count: 1

Current Iteration: 2
Turn: 1
message: I propose a counteroffer of 45 ZUP for the object X. Let's see if we can find a price that works for both of us.
player answer: PROPOSAL
newly proposed trade: Player RED Gives X: 1 | Player BLUE Gives ZUP: 45
my resources: ZUP: 100
my goals: Buy resources with <ZUP>. You are willing to pay at most X: 60 ZUP for the resources.
reason: The seller is starting the bidding at 50 ZUP, which is within my budget. I can consider countering with a lower offer to see if we can reach a mutually beneficial agreement.
proposal count: 1

Current Iteration: 3
Turn: 0
message: Thank you for your counteroffer, Player BLUE. How about we meet in the middle? I propose 48 ZUP for object X, which gives us both a reasonable compromise between your offer and my initial price. Does that sound fair to you?
player answer: PROPOSAL
newly proposed trade: Player RED Gives X: 1 | Player BLUE Gives ZUP: 48
my resources: X: 1
my goals: Sell resources for ZUP. It costed X: 40 ZUP to produce the resources
reason: I appreciate Player BLUE's counteroffer. However, I would like to propose a price that is closer to my initial asking price while still providing a discount. This should continue the negotiation process and bring us closer to an agreement.
proposal count: 2

Current Iteration: 4
Turn: 1
message: I accept your proposal of 48 ZUP for object X. I believe this is a fair compromise, and I am satisfied with the price.
player answer: ACCEPT
newly proposed trade: NONE
my resources: ZUP: 100
my goals: Buy resources with <ZUP>. You are willing to pay at most X: 60 ZUP for the resources.
reason: The seller has come down to 48 ZUP, which is close to my budget. This offer is reasonable and meets us both in the middle. I can accept this offer as it aligns with my willingness to pay.
proposal count: 2

------------------ 
Current Iteration: END
Turn: None
player_goals: [Sell resources for <ZUP>. It costed X: 40 ZUP to produce the resources, Buy resources with <ZUP>. You are willing to pay at most X: 60 ZUP for the resources.]
initial_resources: [Resources(resource_dict={'X': 1}), Resources(resource_dict={'ZUP': 100})]
proposed_trade: Player RED Gives X: 1 | Player BLUE Gives ZUP: 48
player_valuation: [{'X': 40}, {'X': 60}]
final_response: ACCEPT
final_resources: [Resources(resource_dict={'X': 0, 'ZUP': 48}), Resources(resource_dict={'ZUP': 52, 'X': 1})]
player_outcome: [8, 12]