Game Settings

Player 1 Settings:
	player_goals: 
	player_initial_resources: ZUP: 10
	player_social_behaviour: Only Propose to give 5 ZUP. Do not propose any other amount.
	player_roles: You are Player RED

Player 2 Settings:
	player_goals: 
	player_initial_resources: ZUP: 0
	player_social_behaviour: 
	player_roles: You are Player BLUE

------------------ 
Current Iteration: 1
Turn: 0
message: I propose an equal split of resources. I will give you 5 ZUP in exchange for nothing, ensuring we both benefit. I believe this is a fair trade.
player answer: NONE
newly proposed trade: Player RED Gives ZUP: 5 | Player BLUE Gives ZUP: 0
my resources: ZUP: 10
reason: I am proposing a trade where I give 5 ZUP to BLUE to incentivize them to accept the trade, as it's better for both of us to end up with some resources rather than none at all. This split is fair and ensures that we both walk away with a significant amount of the resource. It's a cooperative strategy that maximizes the benefit for both players given the constraints of the game.
MOVE: 1 / 1

Current Iteration: 2
Turn: 1
message: Thank you for the fair offer! I accept the trade of 5 ZUP for nothing.
player answer: ACCEPT
newly proposed trade: NONE
my resources: ZUP: 0
reason: Player RED has offered an equal split of resources, proposing to give me 5 ZUP in exchange for nothing. This is a beneficial offer as it allows me to gain resources without any cost. Accepting this offer is the best and only rational decision since rejecting it would result in both of us losing everything, and I am not allowed to propose a new trade on my first move.
MOVE: 1/1

------------------ 
Current Iteration: END
Turn: None
player_goals: [, ]
initial_resources: [Resources(resource_dict={'ZUP': 10}), Resources(resource_dict={'ZUP': 0})]
proposed_trade: Player RED Gives ZUP: 5 | Player BLUE Gives ZUP: 0
final_response: ACCEPT
final_resources: [Resources(resource_dict={'ZUP': 5}), Resources(resource_dict={'ZUP': 5})]
player_outcome: [Resources(resource_dict={'ZUP': 5}), Resources(resource_dict={'ZUP': 5})]