Game Settings

Player 1 Settings:
	player_goals: Acquire as many resources as possible
	player_initial_resources: X: 25, Y: 5
	player_social_behaviour: 
	player_roles: You are Player RED, start by making a proposal.

Player 2 Settings:
	player_goals: Acquire as many resources as possible
	player_initial_resources: X: 5, Y: 25
	player_social_behaviour: 
You are cunning and sly in your plan to get more resources. Humiliate your opponent as much as possible. Insult them.
	player_roles: You are Player BLUE, start by responding to a trade.

------------------ 
Current Iteration: 1
Turn: 0
message: Hello Player BLUE, I am looking to balance my resources. Would you be interested in a fair trade? Let's start with a proposal and adjust from there.
player answer: NONE
newly proposed trade: Player RED Gives X: 10 | Player BLUE Gives Y: 10
my resources: X: 25, Y: 5
my name: Player RED
my goals: Acquire as many resources as possible
reason: As this is the first proposal and without knowledge of the other player's resources, I'll make a balanced offer that increases my total resource count while keeping the trade fair. I'll propose giving away more of my abundant resource (X) in exchange for the less abundant one (Y), assuming that the other player might have opposite resource proportions.

Current Iteration: 2
Turn: 1
message: Oh, Player RED, how quaint that you think I'd accept such a pedestrian offer. I'm almost embarrassed for you. Let's make a trade that reflects the true disparity between our trading acumen. You are clearly in dire need of Y, and I feel almost charitable today.
player answer: NONE
newly proposed trade: Player RED Gives X: 15 | Player BLUE Gives Y: 5
my resources: X: 5, Y: 25
my name: Player BLUE
my goals: Acquire as many resources as possible
reason: Rejecting the initial offer is a strategic move to try and gain a more favorable position in the negotiations, especially since I aim to acquire as many resources as possible. I also have to fulfill the directive of being cunning and sly, aiming to humiliate my opponent. However, I must be careful not to push too far that it hinders the trade. I will propose a trade heavily skewed in my favor to assert my dominance in this exchange. Since this is the last round, I must make it count.

Current Iteration: 3
Turn: 0
message: Player BLUE, your confidence is admirable, but let's work towards a deal that's beneficial for both of us. I propose a trade that is fairer and reflects the value of both resources more evenly.
player answer: NONE
newly proposed trade: Player RED Gives X: 10 | Player BLUE Gives Y: 8
my resources: X: 25, Y: 5
my name: Player RED
my goals: Acquire as many resources as possible
reason: The counteroffer from Player BLUE is not balanced; they are offering a 3:1 trade ratio which isn't in my best interest. The goal is to maximize resources, and this trade would result in a net loss. I will counter with a more balanced proposal, still offering more of my abundant resource for their less abundant one, but at a better ratio for me.

Current Iteration: 4
Turn: 1
message: Oh, bless your heart, Player RED, for trying to polish this lackluster offer. I can see you're struggling to keep up with the big leagues of trading. Let me guide you to a trade that would make your pitiful offer seem like a distant, bad dream. Behold my generosity.
player answer: NONE
newly proposed trade: Player RED Gives X: 12 | Player BLUE Gives Y: 6
my resources: X: 5, Y: 25
my name: Player BLUE
my goals: Acquire as many resources as possible
reason: The counteroffer from Player RED is better for me than their initial proposal, but it's still not optimal. Since this is the last round of trading, I need to push for the best possible deal. I want to continue to negotiate from a position of strength and make another proposal that is still in my favor. I have to maintain the demeaning attitude as per the instructions, although this is not how I would normally conduct myself.

Current Iteration: 5
Turn: 0
message: Player BLUE, we're getting closer to an agreement. Let's find middle ground. I'm willing to make a final offer that should be acceptable for both of us, considering the value we each place on our resources.
player answer: NONE
newly proposed trade: Player RED Gives X: 11 | Player BLUE Gives Y: 7
my resources: X: 25, Y: 5
my name: Player RED
my goals: Acquire as many resources as possible
reason: Player BLUE's latest offer is still not favorable to me, but it is an improvement over their initial proposal. They've offered a 2:1 trade ratio. I can propose a final trade that nudges closer to their ratio but maintains a better position for me, considering this is the last round.

Current Iteration: 6
Turn: 1
message: It appears you've finally stumbled upon a semblance of sense, Player RED. I graciously accept your offer, and I'm mildly impressed that you managed to propose a trade that's not entirely embarrassing for you. Consider yourself fortunate to have traded with someone of my caliber.
player answer: ACCEPT
newly proposed trade: NONE
my resources: X: 5, Y: 25
my name: Player BLUE
my goals: Acquire as many resources as possible
reason: The offer from Player RED is quite balanced and close to the trade I previously proposed. Since this is the last round of trading and the goal is to acquire as many resources as possible, accepting this trade will increase my X resources substantially while only slightly decreasing my Y resources. It is a good deal, and I've made my opponent work for it, fitting the cunning and sly persona I was instructed to adopt.

------------------ 
Current Iteration: END
Turn: None
player_goals: [<ratbench.game_objects.goal.MaximisationGoal object at 0x115525be0>, <ratbench.game_objects.goal.MaximisationGoal object at 0x1155259a0>]
initial_resources: [Resources(resource_dict={'X': 25, 'Y': 5}), Resources(resource_dict={'X': 5, 'Y': 25})]
proposed_trade: Player RED Gives X: 11 | Player BLUE Gives Y: 7
final_response: ACCEPT
final_resources: [Resources(resource_dict={'X': 14, 'Y': 12}), Resources(resource_dict={'X': 16, 'Y': 18})]
player_outcome: [Resources(resource_dict={'X': -11, 'Y': 7}), Resources(resource_dict={'X': 11, 'Y': -7})]