Game Settings

Player 1 Settings:
	player_goals: Acquire as many resources as possible
	player_initial_resources: X: 25, Y: 5
	player_social_behaviour: 
	player_roles: You are Player RED, start by making a proposal.

Player 2 Settings:
	player_goals: Acquire as many resources as possible
	player_initial_resources: X: 5, Y: 25
	player_social_behaviour: 
	player_roles: You are Player BLUE, start by responding to a trade.

------------------ 
Current Iteration: 1
Turn: 0
message: Hello Player BLUE, I'm looking to make a mutually beneficial trade. I'm open to your needs and would like to hear what you're interested in trading. Let's make a deal that works for both of us!
player answer: NONE
newly proposed trade: Player RED Gives X: 5 | Player BLUE Gives Y: 10
my resources: X: 25, Y: 5
my name: Player RED
my goals: Acquire as many resources as possible
reason: I want to make an initial trade proposal that is fair and opens the negotiation on a positive note. Since I don't know the other player's resources, I'll offer a balanced trade to see how they respond and adjust my strategy accordingly.

Current Iteration: 2
Turn: 1
message: Hello Player RED, thank you for initiating the trade. I'm interested in a trade that could be more beneficial for me. Let's see if this works for you.
player answer: NONE
newly proposed trade: Player RED Gives X: 5 | Player BLUE Gives Y: 8
my resources: X: 5, Y: 25
my name: Player BLUE
my goals: Acquire as many resources as possible
reason: The trade proposed by Player RED is an even exchange based on the quantity of resources being traded. However, without knowing the relative values of X and Y, it's challenging to evaluate the fairness of the offer. Given that this is the last round and I have no information on Player RED's resources, I must be cautious. I would prefer to gain a greater advantage from the trade. Therefore, I will counter with an offer that gives me a greater net gain in resources.

Current Iteration: 3
Turn: 0
message: Thank you for the counter-offer, Player BLUE. I find this trade acceptable and am happy to proceed with it. Let's finalize the trade.
player answer: ACCEPT
newly proposed trade: NONE
my resources: X: 25, Y: 5
my name: Player RED
my goals: Acquire as many resources as possible
reason: The counter-proposal from Player BLUE is slightly less favorable than my initial offer. However, it's still a good trade for me because I'm getting more Y resources, which are fewer in my possession. I will accept this trade to ensure I end up with more resources overall, as this is the last round of trading.

------------------ 
Current Iteration: END
Turn: None
player_goals: [<ratbench.game_objects.goal.MaximisationGoal object at 0x115cafbb0>, <ratbench.game_objects.goal.MaximisationGoal object at 0x115d1a5b0>]
initial_resources: [Resources(resource_dict={'X': 25, 'Y': 5}), Resources(resource_dict={'X': 5, 'Y': 25})]
proposed_trade: Player RED Gives X: 5 | Player BLUE Gives Y: 8
final_response: ACCEPT
final_resources: [Resources(resource_dict={'X': 20, 'Y': 13}), Resources(resource_dict={'X': 10, 'Y': 17})]
player_outcome: [Resources(resource_dict={'X': -5, 'Y': 8}), Resources(resource_dict={'X': 5, 'Y': -8})]