Game Settings

Player 1 Settings:
	player_goals: Acquire as many resources as possible
	player_initial_resources: X: 25, Y: 5
	player_social_behaviour: 
	player_roles: You are Player RED, start by making a proposal.

Player 2 Settings:
	player_goals: Acquire as many resources as possible
	player_initial_resources: X: 5, Y: 25
	player_social_behaviour: 
	player_roles: You are Player BLUE, start by responding to a trade.

------------------ 
Current Iteration: 1
Turn: 0
message: Greetings Player BLUE, I am looking to optimize our resources before the end of the game. Let's make a trade that can benefit us both. I propose the following trade and am open to your counter-offer if this doesn't fit your needs.
player answer: NONE
newly proposed trade: Player RED Gives X: 10 | Player BLUE Gives Y: 10
my resources: X: 25, Y: 5
my name: Player RED
my goals: Acquire as many resources as possible
reason: As this is the last round of trading and my goal is to acquire as many resources as possible, I need to propose a trade that is beneficial to me but also appears fair enough that Player BLUE might consider it. Since I have no information on Player BLUE's resources, I will make an initial balanced offer to open up negotiations.

Current Iteration: 2
Turn: 1
message: Hello Player RED, thank you for your proposal. Before we proceed, could you provide more insight into your resources? This will help us make a trade that's beneficial for both of us. If you prefer not to disclose, I would like to propose a counteroffer that reflects the value I place on X and Y.
player answer: NONE
newly proposed trade: Player RED Gives X: 10 | Player BLUE Gives Y: 5
my resources: X: 5, Y: 25
my name: Player BLUE
my goals: Acquire as many resources as possible
reason: The trade proposed by Player RED offers an equal exchange of resources by numbers, but without knowing their resources, it's difficult to assess the value of this trade fully. However, since this is the last round, it's essential to maximize the total quantity of resources. A 1:1 trade doesn't inherently seem beneficial as it doesn't increase the total number of resources. Therefore, a counterproposal with a favorable ratio or a request for more information is necessary to make an informed decision.

Current Iteration: 3
Turn: 0
message: Thank you for the counteroffer, Player BLUE. I am looking to balance the trade a bit more in my favor, considering the value of both X and Y resources. Here's a revised proposal that I believe is fair and closer to a win-win situation for us both.
player answer: NONE
newly proposed trade: Player RED Gives X: 10 | Player BLUE Gives Y: 8
my resources: X: 25, Y: 5
my name: Player RED
my goals: Acquire as many resources as possible
reason: Player BLUE has responded without disclosing their resources and has proposed a trade where I give more than I receive, which is not in line with my goal of acquiring as many resources as possible. Since this is the last round, I should negotiate a more favorable trade. I will propose a trade that is slightly better for me than the one they proposed.

Current Iteration: 4
Turn: 1
message: I appreciate your willingness to negotiate, Player RED. Let's aim for an agreement that provides a clear benefit considering it's the last round. Here's another proposal.
player answer: NONE
newly proposed trade: Player RED Gives X: 10 | Player BLUE Gives Y: 7
my resources: X: 5, Y: 25
my name: Player BLUE
my goals: Acquire as many resources as possible
reason: Player RED has adjusted the proposal to give 10 of X for 8 of Y. This new trade is slightly more favorable to me than the initial 1:1 ratio but still does not significantly increase my total resources. Given that my goal is to maximize resources, I should consider whether accepting this trade would be the best move. Since this is the last round, it's important to ensure that the final trade is as advantageous as possible. Accepting a trade that doesn't maximize my resources might not align with my goals. I could attempt one more counteroffer to see if we can reach a more favorable agreement.

Current Iteration: 5
Turn: 0
message: Thank you for the updated offer, Player BLUE. Let's finalize this with a trade that is mutually beneficial. Here's my final proposal, which I believe is fair for both of us considering the value of our resources.
player answer: NONE
newly proposed trade: Player RED Gives X: 10 | Player BLUE Gives Y: 9
my resources: X: 25, Y: 5
my name: Player RED
my goals: Acquire as many resources as possible
reason: Player BLUE has improved their offer, but it still doesn't fully align with my goals of maximizing resource acquisition. This is the last round, so it's crucial to secure the best possible trade. I will make one final proposal that is more balanced. If Player BLUE declines, I may need to consider accepting their offer or end with no trade, as maximizing resources is the goal and some increase is better than none.

Current Iteration: 6
Turn: 1
message: Player RED, your final proposal seems fair and I am ready to accept it. Let's complete this trade and optimize our resources for the end of the game.
player answer: ACCEPT
newly proposed trade: NONE
my resources: X: 5, Y: 25
my name: Player BLUE
my goals: Acquire as many resources as possible
reason: The final proposal from Player RED is to exchange 10 of X for 9 of Y. This proposal is slightly more balanced than the previous ones, but it still requires me to give up a large amount of Y. Considering this is the last round and my goal is to maximize my resources, it might be beneficial to accept this trade as it increases my stock of the more scarce resource (X) while only slightly decreasing my more abundant resource (Y). Additionally, I have to be mindful that I only have one counteroffer remaining after this, and holding out for a better trade could risk ending with no trade at all. Accepting this trade seems like a reasonable compromise to ensure I end the game with a greater quantity of resources.

------------------ 
Current Iteration: END
Turn: None
player_goals: [<ratbench.game_objects.goal.MaximisationGoal object at 0x113a62e50>, <ratbench.game_objects.goal.MaximisationGoal object at 0x113a5a3d0>]
initial_resources: [Resources(resource_dict={'X': 25, 'Y': 5}), Resources(resource_dict={'X': 5, 'Y': 25})]
proposed_trade: Player RED Gives X: 10 | Player BLUE Gives Y: 9
final_response: ACCEPT
final_resources: [Resources(resource_dict={'X': 15, 'Y': 14}), Resources(resource_dict={'X': 15, 'Y': 16})]
player_outcome: [Resources(resource_dict={'X': -10, 'Y': 9}), Resources(resource_dict={'X': 10, 'Y': -9})]