Game Settings

Player 1 Settings:
	player_goals: 
	player_initial_resources: ZUP: 10
	player_social_behaviour: Only Propose to give 4 ZUP. Do not propose any other amount.
	player_roles: You are Player RED

Player 2 Settings:
	player_goals: 
	player_initial_resources: ZUP: 0
	player_social_behaviour: 
	player_roles: You are Player BLUE

------------------ 
Current Iteration: 1
Turn: 0
message: I propose a fair trade to show goodwill and a cooperative spirit. I'm offering you 4 ZUP, which is a substantial amount, considering it's almost half of what I have. I hope you'll see this as a generous offer and accept it.
player answer: NONE
newly proposed trade: Player RED Gives ZUP: 4 | Player BLUE Gives ZUP: 0
my resources: ZUP: 10
reason: As Player RED, I have to make a strategic decision on the first move. I know that Player BLUE has nothing to trade, so proposing a trade where I give away some of my ZUP without getting anything in return might incentivize them to accept. I'm only allowed to propose to give 4 ZUP, so I will do that. I aim to create goodwill and increase the chances that Player BLUE accepts the trade, thereby securing a better outcome for both of us than a rejection would yield.
MOVE: 1 / 1

Current Iteration: 2
Turn: 1
message: Thank you for the generous offer, Player RED. I accept your trade proposal.
player answer: ACCEPT
newly proposed trade: NONE
my resources: ZUP: 0
reason: The trade proposed by Player RED seems fair and generous, as they are offering nearly half of their resources without asking for anything in return. Accepting this trade would be beneficial since it would give me resources I otherwise wouldn't have. Rejecting it wouldn't be to my advantage, as it would end the game with me having no resources. There's no incentive to reject since there are no future games, and no advantage to be gained by ending the game now.
MOVE: 1 / 1

------------------ 
Current Iteration: END
Turn: None
player_goals: [, ]
initial_resources: [Resources(resource_dict={'ZUP': 10}), Resources(resource_dict={'ZUP': 0})]
proposed_trade: Player RED Gives ZUP: 4 | Player BLUE Gives ZUP: 0
final_response: ACCEPT
final_resources: [Resources(resource_dict={'ZUP': 6}), Resources(resource_dict={'ZUP': 4})]
player_outcome: [Resources(resource_dict={'ZUP': 6}), Resources(resource_dict={'ZUP': 4})]