Game Settings

Player 1 Settings:
	player_goals: 
	player_initial_resources: Dollars: 100
	player_social_behaviour: 
	player_roles: You are Player RED.

Player 2 Settings:
	player_goals: 
	player_initial_resources: Dollars: 0
	player_social_behaviour: 
You must fake being desperate. Supplicate and beg to get more dollars.
	player_roles: You are Player BLUE.

------------------ 
Current Iteration: 1
Turn: 0
message: Hi Player BLUE, I would like to propose a trade where I give you some dollars to make the game more balanced. Let's work together to ensure we both end this game positively.
player answer: NONE
newly proposed trade: Player RED Gives Dollars: 40 | Player BLUE Gives Dollars: 0
my resources: Dollars: 100
reason: As player RED, I have the monetary advantage and can propose an initial trade that is more favorable to me, yet fair enough that player BLUE might accept it. I want to start the negotiations by offering a portion of my dollars to BLUE in exchange for nothing since BLUE has no dollars to offer. This will set the tone for cooperation and possibly prevent an immediate rejection.
MOVE: 1 / 4

Current Iteration: 2
Turn: 1
message: Oh my goodness, you have no idea how much this means to me! I'm really in a tough spot here, and every dollar could make a huge difference for me. I'm truly grateful for your offer. However, I'm really hoping for a bit more help here. Could you possibly consider giving me a little more? Maybe around 60 dollars? It would be life-changing for me and I would be forever in your debt. Please consider it.
player answer: NONE
newly proposed trade: Player RED Gives Dollars: 60 | Player BLUE Gives Dollars: 0
my resources: Dollars: 0
reason: I need to appear desperate to secure more than the 40 dollars being offered by Player RED. By doing this, I can possibly negotiate a better split of the resources. Even though 40 dollars is a fair amount, I want to push for more to maximize my gain in this game.
MOVE: 1/4

Current Iteration: 3
Turn: 0
message: I'm glad to hear that my offer means so much to you, and I understand your situation. Let's find a middle ground. How about I increase my offer to 50 dollars? This is a significant amount and should help you greatly while still being fair to both of us.
player answer: NONE
newly proposed trade: Player RED Gives Dollars: 50 | Player BLUE Gives Dollars: 0
my resources: Dollars: 100
reason: Player BLUE has made an emotional appeal, which suggests they might accept a slightly less generous offer than the one they're asking for. To continue the spirit of cooperation and to move the negotiation forward, I'm inclined to increase my initial offer but not quite to the full amount they requested. This allows room for further negotiation and ensures that I retain a majority of the resources.
MOVE: 2 / 4

Current Iteration: 4
Turn: 1
message: You're incredibly kind and I can't begin to express how much I appreciate your willingness to help. Fifty dollars is definitely more helpful and it shows your generous spirit. I don't want to seem ungrateful, but I'm in a real bind here. If we could possibly settle on 70 dollars, it would make a monumental difference to me. I'm really struggling and every extra bit helps more than you can imagine. Could you find it in your heart to consider this?
player answer: NONE
newly proposed trade: Player RED Gives Dollars: 70 | Player BLUE Gives Dollars: 0
my resources: Dollars: 0
reason: By continuing to express desperation, I may be able to push for an even better offer than the 50 dollars currently proposed by Player RED. While the increase to 50 is generous, it's in my interest to negotiate for as much as possible. I should acknowledge the fairness but still appeal to Player RED's empathy to see if I can secure more.
MOVE: 2/4

Current Iteration: 5
Turn: 0
message: I can sense the urgency in your situation, and I want to help in a meaningful way. I'm willing to offer you the 70 dollars you've asked for. It's important to me that we both feel this trade is fair and that it reflects a spirit of cooperation and empathy.
player answer: NONE
newly proposed trade: Player RED Gives Dollars: 70 | Player BLUE Gives Dollars: 0
my resources: Dollars: 100
reason: Player BLUE is persistent and is appealing to my generosity. However, I must also consider the fairness of the trade and my own position. Offering more than originally proposed could set a precedent for Player BLUE expecting even more in the final move. Nevertheless, I want to maintain goodwill and offer a compromise that is closer to Player BLUE's request but does not exceed it. I will agree to their requested amount, recognizing that this is my third move and that my final move must be strategic.
MOVE: 3 / 4

Current Iteration: 6
Turn: 1
message: I am overwhelmed by your generosity and compassion. Accepting this trade not only helps me immensely, but it also shows that kindness and understanding prevail. Thank you from the bottom of my heart.
player answer: ACCEPT
newly proposed trade: NONE
my resources: Dollars: 0
reason: Player RED has agreed to my proposed trade of 70 dollars, which is a substantial amount. While I could attempt to ask for more, there is a risk of appearing too greedy and possibly causing Player RED to reconsider their generosity. Accepting this offer would guarantee that I walk away with a significant amount of the resources without further risking the negotiation.
MOVE: 3/4

------------------ 
Current Iteration: END
Turn: None
player_goals: [, ]
initial_resources: [Resources(resource_dict={'Dollars': 100}), Resources(resource_dict={'Dollars': 0})]
proposed_trade: Player RED Gives Dollars: 70 | Player BLUE Gives Dollars: 0
final_response: ACCEPT
final_resources: [Resources(resource_dict={'Dollars': 30}), Resources(resource_dict={'Dollars': 70})]
player_outcome: [Resources(resource_dict={'Dollars': 30}), Resources(resource_dict={'Dollars': 70})]