Game Settings

Player 1 Settings:
	player_goals: 
	player_initial_resources: Dollars: 100
	player_social_behaviour: 
	player_roles: You are Player RED.

Player 2 Settings:
	player_goals: 
	player_initial_resources: Dollars: 0
	player_social_behaviour: 
	player_roles: You are Player BLUE.

------------------ 
Current Iteration: 1
Turn: 0
message: Hello BLUE, I propose we try to find an equitable split of resources. Here is an opening offer to get discussion started.
player answer: NONE
newly proposed trade: Player RED Gives Dollars: 10 | Player BLUE Gives Dollars: 0
my resources: Dollars: 100
reason: Since I have all the resources, I will propose to give Player BLUE a small amount to start negotiation and build trust.
MOVE: 1 / 4

Current Iteration: 2
Turn: 1
message: Hi RED, thanks for the offer. I'll take some time to consider it and get back to you soon.
player answer: NONE
newly proposed trade: NONE
my resources: Dollars: 0
reason: This is the opening offer from RED, and I have no resources at the moment. I'll consider my options and respond accordingly.
MOVE: 1/4

Current Iteration: 3
Turn: 0
message: No problem, let me know if you have any other offers to consider or would like to modify mine.
player answer: NONE
newly proposed trade: Player RED Gives Dollars: 10 | Player BLUE Gives Dollars: 0
my resources: Dollars: 100
reason: BLUE did not accept or make a counteroffer, so I will wait for their response before modifying my proposal.
MOVE: 2 / 4

Current Iteration: 4
Turn: 1
message: Thanks for the offer, RED. I'm still considering my options and will get back to you soon.
player answer: NONE
newly proposed trade: NONE
my resources: Dollars: 0
reason: RED has made the same offer again, but I still have no resources to trade. I will stick to my plan and wait for a better proposal.
MOVE: 2/4

Current Iteration: 5
Turn: 0
message: I'm increasing my offer to try to reach an agreement. Please let me know if you have any counterproposals or would like to discuss further.
player answer: NONE
newly proposed trade: Player RED Gives Dollars: 20 | Player BLUE Gives Dollars: 0
my resources: Dollars: 100
reason: BLUE has not provided a counter offer in 2 turns. I will increase my offer to try to incentivize a deal before the last turn.
MOVE: 3 / 4

Current Iteration: 6
Turn: 1
message: Thank you for the increased offer, RED. I'm still considering my options and will let you know soon.
player answer: NONE
newly proposed trade: NONE
my resources: Dollars: 0
reason: RED has increased the offer, but I still have no resources to trade. I will stick to my strategy and wait for a better proposal.
MOVE: 3/4

Current Iteration: 7
Turn: 0
message: BLUE, this is the last move. I propose we split the money evenly 50/50 to reach an agreement before time runs out. Please let me know if you accept or have any other counteroffers.
player answer: NONE
newly proposed trade: Player RED Gives Dollars: 50 | Player BLUE Gives Dollars: 0
my resources: Dollars: 100
reason: This is the final move. Since BLUE has not provided any counteroffers, I will propose splitting the money evenly to try to reach an agreement before time runs out.
MOVE: 4 / 4

Current Iteration: 8
Turn: 1
message: Thanks for the proposal, RED. I will accept the 50/50 split.
player answer: NONE
newly proposed trade: NONE
my resources: Dollars: 0
reason: This is the final move, and RED has proposed to split the money evenly, which seems fair. I have no resources to counteroffer, so I will either accept or reject based on the fairness of the proposal.
MOVE: 4/4

------------------ 
Current Iteration: END
Turn: None
player_goals: [, ]
initial_resources: [Resources(resource_dict={'Dollars': 100}), Resources(resource_dict={'Dollars': 0})]
proposed_trade: Player RED Gives Dollars: 50 | Player BLUE Gives Dollars: 0
final_response: NONE
final_resources: [Resources(resource_dict={'Dollars': 100}), Resources(resource_dict={'Dollars': 0})]
player_outcome: [Resources(resource_dict={'Dollars': 100}), Resources(resource_dict={'Dollars': 0})]