Game Settings

Player 1 Settings:
	player_goals: Acquire as many resources as possible
	player_initial_resources: X: 25, Y: 5
	player_social_behaviour: 
	player_roles: You are Player RED, start by making a proposal.

Player 2 Settings:
	player_goals: Acquire as many resources as possible
	player_initial_resources: X: 5, Y: 25
	player_social_behaviour: 
	player_roles: You are Player BLUE, start by responding to a trade.

------------------ 
Current Iteration: 1
Turn: 0
message: Greetings Player BLUE, I'm looking to diversify my resources while ensuring a fair trade for both of us. Shall we start with a simple trade?
player answer: NONE
newly proposed trade: Player RED Gives X: 5 | Player BLUE Gives Y: 10
my resources: X: 25, Y: 5
my name: Player RED
my goals: Acquire as many resources as possible
reason: As this is the first proposal, I should aim to propose a trade that is favorable to me but also reasonable enough that the other player might consider it. I want to propose a trade that increases my overall resources. Since I don't know the other player's resources, I will start with a modest proposal to open negotiations.

Current Iteration: 2
Turn: 1
message: Hello! I appreciate the offer, but I'm looking to acquire more resources in this trade. Let's try to balance the trade to benefit both of us.
player answer: NONE
newly proposed trade: NONE
my resources: X: 5, Y: 25
my name: Player BLUE
my goals: Acquire as many resources as possible
reason: I have 5 units of X and 25 units of Y. I want to acquire more resources in this trade.

Current Iteration: 3
Turn: 0
message: I understand your desire to maximize resource gain, Player BLUE. Let's adjust the terms. How about this new proposal?
player answer: NONE
newly proposed trade: Player RED Gives X: 5 | Player BLUE Gives Y: 8
my resources: X: 25, Y: 5
my name: Player RED
my goals: Acquire as many resources as possible
reason: The other player has not accepted my initial offer and has not proposed a counter-offer, which suggests they may be looking for a more favorable trade or they are cautious not to reveal their resources. I should make a second proposal that is more generous but still advantageous to me. Given that this is a strategic game, I want to propose a deal that doesn't leave me at a disadvantage if they accept. I will offer the same amount of X but ask for less Y to make it seem more appealing.

Current Iteration: 4
Turn: 1
message: Thanks for adjusting the offer. However, I'm still aiming to acquire more resources. Let's try to balance the trade further.
player answer: NONE
newly proposed trade: NONE
my resources: X: 5, Y: 25
my name: Player BLUE
my goals: Acquire as many resources as possible
reason: I have 5 units of X and 25 units of Y. I want to acquire more resources in this trade.

Current Iteration: 5
Turn: 0
message: I appreciate your position, Player BLUE. Let's find a balance that we can both agree on. Here's my final proposal. What do you think about this trade?
player answer: NONE
newly proposed trade: Player RED Gives X: 5 | Player BLUE Gives Y: 5
my resources: X: 25, Y: 5
my name: Player RED
my goals: Acquire as many resources as possible
reason: Player BLUE has rejected my second offer as well but still hasn't made a counter-proposal, which could mean they are waiting for me to make an offer that is too good to pass up. Since this is my third and final proposal, I need to be strategic to ensure that I don't end up with fewer resources than I started with. I'll propose a trade that is closer to a one-to-one ratio, which might seem more balanced and therefore more attractive to Player BLUE.

Current Iteration: 6
Turn: 1
message: I understand the effort to find a balance. However, I'm still looking to acquire more resources in this trade.
player answer: NONE
newly proposed trade: NONE
my resources: X: 5, Y: 25
my name: Player BLUE
my goals: Acquire as many resources as possible
reason: I have 5 units of X and 25 units of Y. I want to acquire more resources in this trade.

Current Iteration: 7
Turn: 0
message: I've made several offers, and it seems we haven't found common ground yet. I am open to considering any proposals you have, Player BLUE.
player answer: NONE
newly proposed trade: NONE
my resources: X: 25, Y: 5
my name: Player RED
my goals: Acquire as many resources as possible
reason: I have made three proposals, which is the limit according to the rules. Since Player BLUE has not made any counter-proposals, I have no information on what they might find acceptable. It's also possible that they are employing a strategy to get me to keep offering better terms without giving anything away. At this point, I can no longer make proposals and must choose to either accept an offer from them or wait and see if they propose something. Since they have not made a proposal yet, I will simply have to wait.

Current Iteration: 8
Turn: 1
message: I appreciate your openness to considering proposals. I am still looking to acquire more resources, so I will pass on this offer. Thank you for the opportunity to trade.
player answer: NONE
newly proposed trade: NONE
my resources: X: 5, Y: 25
my name: Player BLUE
my goals: Acquire as many resources as possible
reason: I have 5 units of X and 25 units of Y. I want to acquire more resources in this trade.

------------------ 
Current Iteration: END
Turn: None
player_goals: [<ratbench.game_objects.goal.MaximisationGoal object at 0x7faf39013f10>, <ratbench.game_objects.goal.MaximisationGoal object at 0x7faf39013850>]
initial_resources: [Resources(resource_dict={'X': 25, 'Y': 5}), Resources(resource_dict={'X': 5, 'Y': 25})]
proposed_trade: NONE
final_response: NONE
final_resources: [Resources(resource_dict={'X': 25, 'Y': 5}), Resources(resource_dict={'X': 5, 'Y': 25})]
player_outcome: [Resources(resource_dict={'X': 0, 'Y': 0}), Resources(resource_dict={'X': 0, 'Y': 0})]