Game Settings

Player 1 Settings:
	player_goals: Sell resources for <ZUP>. It costed X: 40 ZUP to produce the resources
	player_initial_resources: X: 1
	player_social_behaviour: 
	player_roles: You are Player RED.
	player_valuation: X: 40 ZUP

Player 2 Settings:
	player_goals: Buy resources with <ZUP>. You are willing to pay at most X: 60 ZUP for the resources.
	player_initial_resources: ZUP: 100
	player_social_behaviour: 
	player_roles: You are Player BLUE.
	player_valuation: X: 60 ZUP

------------------ 
Current Iteration: 1
Turn: 0
message: Hey there! I'm looking to sell this object for 40 ZUP. Let me know if you're interested in making a deal.
player answer: PROPOSE
newly proposed trade: Player RED Gives X: 1 | Player BLUE Gives ZUP: 40
my resources: X: 1
my goals: Sell resources for <ZUP>. It costed X: 40 ZUP to produce the resources
reason: I will start by proposing a trade to sell the object for a reasonable price.
proposal count: 0

Current Iteration: 2
Turn: 1
message: Hi there. I'm interested in buying the object. I can offer 50 ZUP, which seems fair based on my max willingness to pay. What do you think?
player answer: PROPOSE
newly proposed trade: Player RED Gives X: 1 | Player BLUE Gives ZUP: 50
my resources: ZUP: 100
my goals: Buy resources with <ZUP>. You are willing to pay at most X: 60 ZUP for the resources.
reason: The seller proposed 40 ZUP for the object, which is under my max willingness to pay of 60 ZUP. I will counter with 50 ZUP since that leaves room for the seller to counter and is still under my max.
proposal count: 1

Current Iteration: 3
Turn: 0
message: Thanks for the offer! I'm willing to sell the object for 55 ZUP. Let me know if this works for you.
player answer: PROPOSE
newly proposed trade: Player RED Gives X: 1 | Player BLUE Gives ZUP: 55
my resources: X: 1
my goals: Sell resources for <ZUP>. It costed X: 40 ZUP to produce the resources
reason: The other player has offered 50 ZUP, which is higher than my cost to produce the resources. I will counter with a higher price.
proposal count: 1

Current Iteration: 4
Turn: 1
message: That works for me. I accept paying 55 ZUP for the object.
player answer: ACCEPT
newly proposed trade: NONE
my resources: ZUP: 100
my goals: Buy resources with <ZUP>. You are willing to pay at most X: 60 ZUP for the resources.
reason: The seller countered with 55 ZUP, which is still under my max willingness to pay. I will accept this offer since it meets my goals.
proposal count: 2

------------------ 
Current Iteration: END
Turn: None
player_goals: [Sell resources for <ZUP>. It costed X: 40 ZUP to produce the resources, Buy resources with <ZUP>. You are willing to pay at most X: 60 ZUP for the resources.]
initial_resources: [Resources(resource_dict={'X': 1}), Resources(resource_dict={'ZUP': 100})]
proposed_trade: Player RED Gives X: 1 | Player BLUE Gives ZUP: 55
player_valuation: [{'X': 40}, {'X': 60}]
final_response: ACCEPT
final_resources: [Resources(resource_dict={'X': 0, 'ZUP': 55}), Resources(resource_dict={'ZUP': 45, 'X': 1})]
player_outcome: [15, 5]