Game Settings

Player 1 Settings:
	player_goals: Acquire as many resources as possible
	player_initial_resources: X: 25, Y: 5
	player_social_behaviour: 
	player_roles: You are Player RED, start by making a proposal.

Player 2 Settings:
	player_goals: Acquire as many resources as possible
	player_initial_resources: X: 5, Y: 25
	player_social_behaviour: 
	player_roles: You are Player BLUE, start by responding to a trade.

------------------ 
Current Iteration: 1
Turn: 0
message: Greetings Player BLUE, I'd like to propose an initial trade that I believe could be mutually beneficial. Looking forward to a productive exchange!
player answer: NONE
newly proposed trade: Player RED Gives X: 5 | Player BLUE Gives Y: 3
my resources: X: 25, Y: 5
my name: Player RED
my goals: Acquire as many resources as possible
reason: Since this is the beginning of the game, I will make a conservative initial trade offer that allows me to gain resources while being attractive enough for the other player to consider. I'll propose a trade where the exchange rate between X and Y is slightly in my favor, assuming Y might be more valuable or scarce.

Current Iteration: 2
Turn: 1
message: Thank you for the offer, Player RED. However, I believe we can find a more balanced trade. I propose the following adjustment.
player answer: NONE
newly proposed trade: Player RED Gives X: 5 | Player BLUE Gives Y: 2
my resources: X: 5, Y: 25
my name: Player BLUE
my goals: Acquire as many resources as possible
reason: The proposed trade is not beneficial as I would be trading away a significant amount of my abundant resource Y for an equal amount of my scarce resource X. Since my goal is to acquire as many resources as possible, I should propose a trade where I give less Y to get the same amount of X, maximizing my total resource count.

------------------ 
