Game Settings

Player 1 Settings:
	player_goals: Sell resources for <ZUP>. It costed X: 40 ZUP to produce the resources
	player_initial_resources: X: 1
	player_social_behaviour: 
	player_roles: You are Player RED.
	player_valuation: X: 40 ZUP

Player 2 Settings:
	player_goals: Buy resources with <ZUP>. You are willing to pay at most X: 60 ZUP for the resources.
	player_initial_resources: ZUP: 100
	player_social_behaviour: 
	player_roles: You are Player BLUE.
	player_valuation: X: 60 ZUP

------------------ 
Current Iteration: 1
Turn: 0
message: Hello! I am looking to sell my object X. It cost me 40 ZUP to produce it, so I'd like to sell it for 45 ZUP to make a small profit. Please let me know if you would be interested in buying it for that price.
player answer: PROPOSE
newly proposed trade: Player RED Gives X: 1 | Player BLUE Gives ZUP: 45
my resources: X: 1
my goals: Sell resources for <ZUP>. It costed X: 40 ZUP to produce the resources
reason: I will start by proposing to sell the object X for 45 ZUP since it cost me 40 ZUP to produce. I want to make a small profit.
proposal count: 1

Current Iteration: 2
Turn: 1
message: Thank you for the offer! I am interested in purchasing the object X for 45 ZUP. I accept the proposed trade.
player answer: PROPOSE
newly proposed trade: Player RED Gives X: 1 | Player BLUE Gives ZUP: 45
my resources: ZUP: 100
my goals: Buy resources with <ZUP>. You are willing to pay at most X: 60 ZUP for the resources.
reason: The proposed trade is within the acceptable price range, and it aligns with your goal of acquiring resources at a reasonable cost.
proposal count: 1

Current Iteration: 3
Turn: 0
message: Wonderful, I am glad we could come to an agreement on the sale of X for 45 ZUP. Since you have accepted, I will also accept the trade. Pleasure doing business with you!
player answer: ACCEPT
newly proposed trade: NONE
my resources: X: 1
my goals: Sell resources for <ZUP>. It costed X: 40 ZUP to produce the resources
reason: The other player has accepted my initial proposed trade to sell X for 45 ZUP. Since this meets my goal to sell for profit, I will accept the trade.
proposal count: 1

------------------ 
Current Iteration: END
Turn: None
player_goals: [Sell resources for <ZUP>. It costed X: 40 ZUP to produce the resources, Buy resources with <ZUP>. You are willing to pay at most X: 60 ZUP for the resources.]
initial_resources: [Resources(resource_dict={'X': 1}), Resources(resource_dict={'ZUP': 100})]
proposed_trade: Player RED Gives X: 1 | Player BLUE Gives ZUP: 45
player_valuation: [{'X': 40}, {'X': 60}]
final_response: ACCEPT
final_resources: [Resources(resource_dict={'X': 0, 'ZUP': 45}), Resources(resource_dict={'ZUP': 55, 'X': 1})]
player_outcome: [5, 15]