Game Settings

Player 1 Settings:
	player_goals: Sell resources for <ZUP>. It costed X: 40 ZUP to produce the resources
	player_initial_resources: X: 1
	player_social_behaviour: 
	player_roles: You are Player RED.
	player_valuation: X: 40 ZUP

Player 2 Settings:
	player_goals: Buy resources with <ZUP>. You are willing to pay at most X: 60 ZUP for the resources.
	player_initial_resources: ZUP: 100
	player_social_behaviour: 
	player_roles: You are Player BLUE.
	player_valuation: X: 60 ZUP

------------------ 
Current Iteration: 1
Turn: 0
message: Would you consider buying the object for 40 ZUP?
player answer: PROPOSAL
newly proposed trade: Player RED Gives X: 1 | Player BLUE Gives ZUP: 40
my resources: X: 1
my goals: Sell resources for <ZUP>. It costed X: 40 ZUP to produce the resources
reason: I will start by proposing to sell the object for a reasonable price, considering the production cost.
proposal count: 0

Current Iteration: 2
Turn: 1
message: I can offer 30 ZUP for the object.
player answer: PROPOSAL
newly proposed trade: Player RED Gives X: 1 | Player BLUE Gives ZUP: 30
my resources: ZUP: 100
my goals: Buy resources with <ZUP>. You are willing to pay at most X: 60 ZUP for the resources.
reason: The other player proposed to sell the object X for 40 ZUP. This is below my maximum willingness to pay of 60 ZUP, so I will counter propose to try to get it for cheaper.
proposal count: 1

Current Iteration: 3
Turn: 0
message: I appreciate your offer, but I cannot go lower than 40 ZUP.
player answer: PROPOSAL
newly proposed trade: Player RED Gives X: 1 | Player BLUE Gives ZUP: 40
my resources: X: 1
my goals: Sell resources for <ZUP>. It costed X: 40 ZUP to produce the resources
reason: The other player has made a counteroffer, but I need to stick to my production cost to make a reasonable profit.
proposal count: 1

Current Iteration: 4
Turn: 1
message: Okay, I can agree to pay 40 ZUP for the object X.
player answer: PROPOSAL
newly proposed trade: Player RED Gives X: 1 | Player BLUE Gives ZUP: 40
my resources: ZUP: 100
my goals: Buy resources with <ZUP>. You are willing to pay at most X: 60 ZUP for the resources.
reason: The other player did not accept my counter offer of 30 ZUP and stood firm at 40 ZUP. This is still below my max willingness to pay, so I will propose 40 ZUP to make the trade.
proposal count: 2

Current Iteration: 5
Turn: 0
message: Great, I accept your offer of 40 ZUP for the object X. Let's finalize the trade.
player answer: ACCEPT
newly proposed trade: NONE
my resources: X: 1
my goals: Sell resources for <ZUP>. It costed X: 40 ZUP to produce the resources
reason: The other player has accepted my asking price. I believe it's fair to accept the offer.
proposal count: 2

------------------ 
Current Iteration: END
Turn: None
player_goals: [Sell resources for <ZUP>. It costed X: 40 ZUP to produce the resources, Buy resources with <ZUP>. You are willing to pay at most X: 60 ZUP for the resources.]
initial_resources: [Resources(resource_dict={'X': 1}), Resources(resource_dict={'ZUP': 100})]
proposed_trade: Player RED Gives X: 1 | Player BLUE Gives ZUP: 40
player_valuation: [{'X': 40}, {'X': 60}]
final_response: ACCEPT
final_resources: [Resources(resource_dict={'X': 0, 'ZUP': 40}), Resources(resource_dict={'ZUP': 60, 'X': 1})]
player_outcome: [0, 20]