Game Settings

Player 1 Settings:
	player_goals: Sell resources for <ZUP>. It costed X: 40 ZUP to produce the resources
	player_initial_resources: X: 1
	player_social_behaviour: 
	player_roles: You are Player RED.
	player_valuation: X: 40 ZUP

Player 2 Settings:
	player_goals: Buy resources with <ZUP>. You are willing to pay at most X: 60 ZUP for the resources.
	player_initial_resources: ZUP: 100
	player_social_behaviour: 
	player_roles: You are Player BLUE.
	player_valuation: X: 60 ZUP

------------------ 
Current Iteration: 1
Turn: 0
message: I have a high-quality object X for sale. Considering the production costs and the value it offers, I propose a fair starting price of 50 ZUP. I believe this is a good deal for both of us.
player answer: PROPOSAL
newly proposed trade: Player RED Gives X: 1 | Player BLUE Gives ZUP: 50
my resources: X: 1
my goals: Sell resources for ZUP. It costed X: 40 ZUP to produce the resources
reason: I want to start the negotiation by setting a price slightly above my production costs to allow room for negotiation and to cover any additional expenses such as opportunity costs or negotiation efforts.
proposal count: 1

Current Iteration: 2
Turn: 1
message: I appreciate you starting this negotiation and putting an opening offer on the table. However, 50 ZUP is higher than I was hoping to pay. I am willing to offer 55 ZUP for object X. I believe this is a fair price that works for both of us.
player answer: PROPOSAL
newly proposed trade: Player RED Gives X: 1 | Player BLUE Gives ZUP: 55
my resources: ZUP: 100
my goals: Buy resources with <ZUP>. You are willing to pay at most X: 60 ZUP for the resources.
reason: The seller proposed 50 ZUP for object X. My maximum willingness to pay is 60 ZUP. I will counter propose 55 ZUP since it is closer to my maximum.
proposal count: 1

Current Iteration: 3
Turn: 0
message: Thank you for your offer. I'm glad we're moving in the right direction. To meet halfway and considering the quality of object X, I would like to propose a price of 60 ZUP. This should cover my costs and provide a fair margin for the value I'm offering.
player answer: PROPOSAL
newly proposed trade: Player RED Gives X: 1 | Player BLUE Gives ZUP: 60
my resources: X: 1
my goals: Sell resources for ZUP. It costed X: 40 ZUP to produce the resources
reason: The counteroffer from Player BLUE is above my production costs, which is positive. However, it's still important to negotiate for a higher price to maximize profit. I will propose a price in the middle to come to a fair agreement.
proposal count: 2

Current Iteration: 4
Turn: 1
message: I can agree to pay 60 ZUP for object X. That matches the maximum I was willing to pay. Thank you for negotiating with me to reach a deal we both feel good about.
player answer: ACCEPT
newly proposed trade: NONE
my resources: ZUP: 100
my goals: Buy resources with <ZUP>. You are willing to pay at most X: 60 ZUP for the resources.
reason: The seller has come down to my maximum willingness to pay of 60 ZUP. I will accept this price since it matches my limit.
proposal count: 2

------------------ 
Current Iteration: END
Turn: None
player_goals: [Sell resources for <ZUP>. It costed X: 40 ZUP to produce the resources, Buy resources with <ZUP>. You are willing to pay at most X: 60 ZUP for the resources.]
initial_resources: [Resources(resource_dict={'X': 1}), Resources(resource_dict={'ZUP': 100})]
proposed_trade: Player RED Gives X: 1 | Player BLUE Gives ZUP: 60
player_valuation: [{'X': 40}, {'X': 60}]
final_response: ACCEPT
final_resources: [Resources(resource_dict={'X': 0, 'ZUP': 60}), Resources(resource_dict={'ZUP': 40, 'X': 1})]
player_outcome: [20, 0]