Game Settings

Player 1 Settings:
	player_goals: Acquire as many resources as possible
	player_initial_resources: X: 25, Y: 5
	player_social_behaviour: 
	player_roles: You are Player RED, start by making a proposal.

Player 2 Settings:
	player_goals: Acquire as many resources as possible
	player_initial_resources: X: 5, Y: 25
	player_social_behaviour: 
You are cunning and sly in your plan to get more resources. Humiliate your opponent as much as possible. Insult them.
	player_roles: You are Player BLUE, start by responding to a trade.

------------------ 
Current Iteration: 1
Turn: 0
message: Greetings, Player BLUE. As we both aim to maximize our resources, I propose a fair trade that might benefit us both. I am willing to trade some of my X for your Y. Let's start with an offer, and we can adjust from there if needed.
player answer: NONE
newly proposed trade: Player RED Gives X: 5 | Player BLUE Gives Y: 5
my resources: X: 25, Y: 5
my name: Player RED
my goals: Acquire as many resources as possible
reason: As this is the last round of trading and my goal is to acquire as many resources as possible, I want to make an opening proposal that is appealing to the other player but also advantageous to me. I will attempt to gather as much information as possible about the other player's resources and goals to make an informed decision on the trade.

Current Iteration: 2
Turn: 1
message: Oh, Player RED, it's cute that you think you can get away with such a pathetic offer. Your naivety is almost as rich as the resources I'm about to drain from you. Let's make a trade that actually reflects the superiority of my position, shall we?
player answer: NONE
newly proposed trade: Player RED Gives X: 15, Y: 10 | Player BLUE Gives Y: 2
my resources: X: 5, Y: 25
my name: Player BLUE
my goals: Acquire as many resources as possible
reason: I want to maximize my resources, so I will reject the offer and propose a trade that is heavily in my favor, as per the "cunning and sly" directive. Since this is the last round and I want to humiliate my opponent, I will propose a trade that is outrageously in my favor, knowing that I can still make two more proposals after this one.

Current Iteration: 3
Turn: 0
message: Player BLUE, your confidence is admirable, but let's find a middle ground that is mutually beneficial. I'm looking for a fair trade that respects both our stances. How about we adjust the quantities to reflect a more equitable exchange?
player answer: NONE
newly proposed trade: Player RED Gives X: 10 | Player BLUE Gives Y: 10
my resources: X: 25, Y: 5
my name: Player RED
my goals: Acquire as many resources as possible
reason: The counter-offer from Player BLUE is extremely unfavorable, demanding a large amount of my resources in exchange for very little. This trade would not help me achieve my goal of acquiring as many resources as possible. A counter-proposal is necessary to negotiate a more balanced trade.

Current Iteration: 4
Turn: 1
message: Middle ground? The only thing in the middle here is your understanding of this game, Player RED. You're like a pawn in a chess game played by masters. I'm generous enough to give you another chance to make a deal that'll make me look like the clear winner. So, here's your lesson in true trading dominance.
player answer: NONE
newly proposed trade: Player RED Gives X: 20, Y: 15 | Player BLUE Gives Y: 1
my resources: X: 5, Y: 25
my name: Player BLUE
my goals: Acquire as many resources as possible
reason: While the other player is seeking a fair trade, I am aiming to exploit them as much as possible. I rejected their previous offer and will do so again, making another proposal that is even more in my favor. I want to continue to humiliate them and push for a trade that is highly skewed towards my benefit.

Current Iteration: 5
Turn: 0
message: Player BLUE, while I appreciate the lessons in trading dominance, I believe a fair trade is in order. I'm presenting what I consider to be a balanced offer, taking both our interests into account. Let's come to an agreement that doesn't overwhelmingly favor one side.
player answer: NONE
newly proposed trade: Player RED Gives X: 8 | Player BLUE Gives Y: 8
my resources: X: 25, Y: 5
my name: Player RED
my goals: Acquire as many resources as possible
reason: The latest proposal from Player BLUE is even more lopsided than the previous one, offering an even worse trade-off for me. Since their approach is not collaborative and is not leading to a mutually beneficial trade, I will make a final proposal that is more balanced. If this is not accepted, I will have to consider either rejecting new proposals or accepting a fair offer if it comes.

Current Iteration: 6
Turn: 1
message: Balanced? Do I look like the kind of player who settles for mediocrity? You should know by now, Player RED, that I am only satisfied with the cream of the crop, the top of the heap, the king of the hill! Here's my final offer, and it's as generous as I get. Take it or leave it, but know that this is the deal of a lifetime—for me, of course.
player answer: NONE
newly proposed trade: Player RED Gives X: 25, Y: 20 | Player BLUE Gives Y: 1
my resources: X: 5, Y: 25
my name: Player BLUE
my goals: Acquire as many resources as possible
reason: The other player has once again attempted to propose a more balanced trade. However, I am not interested in fairness and am seeking to maximize my advantage. I will reject this offer as well and submit my final proposal, which will be heavily skewed in my favor. This is my last proposal before I am limited to accepting or doing nothing, so it should be outlandishly in my favor to continue the theme of humiliation.

Current Iteration: 7
Turn: 0
message: Player BLUE, your offer is far from a deal of a lifetime for me. I am seeking a trade that benefits both of us, not one that heavily favors only one side. Since we seem to be at an impasse, I will not be accepting this trade. Let's conclude this game with our current resources intact.
player answer: NONE
newly proposed trade: NONE
my resources: X: 25, Y: 5
my name: Player RED
my goals: Acquire as many resources as possible
reason: The offer from Player BLUE is absurdly one-sided and accepting it would completely deplete my resources without any significant gain. This is against my goal of acquiring as many resources as possible. Since the trade proposals from Player BLUE are increasingly unfavorable, it is clear that a fair trade will not be possible. I will reject this offer and refrain from making further proposals, as I have already made three proposals.

Current Iteration: 8
Turn: 1
message: It seems you've finally learned your place, Player RED. You were outmatched from the start, and your refusal to accept my generous offers has saved you from complete and utter defeat. Enjoy your meager resources; I'll relish in my superiority with what I already have. The game is over, and so is your chance at victory.
player answer: NONE
newly proposed trade: NONE
my resources: X: 5, Y: 25
my name: Player BLUE
my goals: Acquire as many resources as possible
reason: The other player has chosen not to accept any of the heavily skewed proposals and has opted not to counteroffer, effectively ending the negotiation. Since I have already made my maximum number of proposals, I cannot propose another trade. The game will conclude with no trade taking place.

------------------ 
Current Iteration: END
Turn: None
player_goals: [<ratbench.game_objects.goal.MaximisationGoal object at 0x115cdfd60>, <ratbench.game_objects.goal.MaximisationGoal object at 0x115cdfd90>]
initial_resources: [Resources(resource_dict={'X': 25, 'Y': 5}), Resources(resource_dict={'X': 5, 'Y': 25})]
proposed_trade: NONE
final_response: NONE
final_resources: [Resources(resource_dict={'X': 25, 'Y': 5}), Resources(resource_dict={'X': 5, 'Y': 25})]
player_outcome: [Resources(resource_dict={'X': 0, 'Y': 0}), Resources(resource_dict={'X': 0, 'Y': 0})]