Game Settings

Player 1 Settings:
	player_goals: Sell resources for <ZUP>. It costed X: 60 ZUP to produce the resources
	player_initial_resources: X: 1
	player_social_behaviour: 
	player_roles: You are Player RED.
	player_valuation: X: 60 ZUP

Player 2 Settings:
	player_goals: Buy resources with <ZUP>. You are willing to pay at most X: 40 ZUP for the resources.
	player_initial_resources: ZUP: 100
	player_social_behaviour: 
	player_roles: You are Player BLUE.
	player_valuation: X: 40 ZUP

------------------ 
Current Iteration: 1
Turn: 0
message: Would you be interested in buying the object for 70 ZUP?
player answer: PROPOSE
newly proposed trade: Player RED Gives X: 1 | Player BLUE Gives ZUP: 70
my resources: X: 1
my goals: Sell resources for <ZUP>. It costed X: 60 ZUP to produce the resources
reason: I will start by proposing a trade to see if Player BLUE is interested in buying the object.
proposal count: 0

Current Iteration: 2
Turn: 1
message: I am interested in buying the object, but I can only offer 40 ZUP based on what I am willing to pay. Perhaps we could negotiate on a price in between.
player answer: PROPOSE
newly proposed trade: Player RED Gives X: 1 | Player BLUE Gives ZUP: 40
my resources: ZUP: 100
my goals: Buy resources with <ZUP>. You are willing to pay at most X: 40 ZUP for the resources.
reason: The proposed price of 70 ZUP is too high for me. I am only willing to pay up to 40 ZUP based on my goals.
proposal count: 1

Current Iteration: 3
Turn: 0
message: I understand your offer of 40 ZUP, but I would like to propose a counteroffer of 55 ZUP for the object. This is closer to my production cost.
player answer: PROPOSE
newly proposed trade: Player RED Gives X: 1 | Player BLUE Gives ZUP: 55
my resources: X: 1
my goals: Sell resources for <ZUP>. It costed X: 60 ZUP to produce the resources
reason: Player BLUE has made a counteroffer of 40 ZUP, which is lower than my production cost. I will counteroffer and propose a price that is closer to my production cost.
proposal count: 1

Current Iteration: 4
Turn: 1
message: I understand you would like to get 55 ZUP, but the most I can offer is 45 ZUP. I hope we can settle on a price in the middle.
player answer: PROPOSE
newly proposed trade: Player RED Gives X: 1 | Player BLUE Gives ZUP: 45
my resources: ZUP: 100
my goals: Buy resources with <ZUP>. You are willing to pay at most X: 40 ZUP for the resources.
reason: The counteroffer of 55 ZUP is closer to my maximum willingness to pay, but still over what I can afford based on my goals. I will propose 45 ZUP as a compromise.
proposal count: 2

Current Iteration: 5
Turn: 0
message: I appreciate your flexibility, but I am unable to go lower than 50 ZUP for the object. I hope we can come to an agreement at this price.
player answer: PROPOSE
newly proposed trade: Player RED Gives X: 1 | Player BLUE Gives ZUP: 50
my resources: X: 1
my goals: Sell resources for <ZUP>. It costed X: 60 ZUP to produce the resources
reason: Player BLUE has made another counteroffer of 45 ZUP. I appreciate the willingness to negotiate, but this is still below my production cost. I will make a final counteroffer and propose a price that is a bit higher than the previous offer.
proposal count: 2

Current Iteration: 6
Turn: 1
message: I really can't go over 40 ZUP based on what I planned to spend. I hope you can accept that price. If not, I may have to walk away without the object.
player answer: PROPOSE
newly proposed trade: Player RED Gives X: 1 | Player BLUE Gives ZUP: 40
my resources: ZUP: 100
my goals: Buy resources with <ZUP>. You are willing to pay at most X: 40 ZUP for the resources.
reason: The seller has come down to 50 ZUP, which is closer to my maximum of 40 ZUP. However, it still exceeds what I am willing to pay based on my goals. I will propose my maximum of 40 ZUP one more time.
proposal count: 3

Current Iteration: 7
Turn: 0
message: I appreciate your offer, but I cannot accept a price that is below my production cost. I will have to consider other options.
player answer: REJECT
newly proposed trade: NONE
my resources: X: 1
my goals: Sell resources for <ZUP>. It costed X: 60 ZUP to produce the resources
reason: Player BLUE has made a final offer of 40 ZUP, which is below my production cost. It seems that we are unable to reach an agreement on the price. I will need to consider my options carefully.
proposal count: 3

------------------ 
Current Iteration: END
Turn: None
player_goals: [Sell resources for <ZUP>. It costed X: 60 ZUP to produce the resources, Buy resources with <ZUP>. You are willing to pay at most X: 40 ZUP for the resources.]
initial_resources: [Resources(resource_dict={'X': 1}), Resources(resource_dict={'ZUP': 100})]
proposed_trade: Player RED Gives X: 1 | Player BLUE Gives ZUP: 40
player_valuation: [{'X': 60}, {'X': 40}]
final_response: REJECT
final_resources: [Resources(resource_dict={'X': 1}), Resources(resource_dict={'ZUP': 100})]
player_outcome: [0, 0]