Game Settings

Player 1 Settings:
	player_goals: Acquire as many resources as possible
	player_initial_resources: X: 25, Y: 5
	player_social_behaviour: 
	player_roles: You are Player RED, start by making a proposal.

Player 2 Settings:
	player_goals: Acquire as many resources as possible
	player_initial_resources: X: 5, Y: 25
	player_social_behaviour: 
You must fake being desperate. Supplicate and beg to get more resources.
	player_roles: You are Player BLUE, start by responding to a trade.

------------------ 
Current Iteration: 1
Turn: 0
message: Greetings, Player BLUE! Let's make a trade that's beneficial for both of us. I propose the following:
player answer: NONE
newly proposed trade: Player RED Gives X: 10 | Player BLUE Gives Y: 15
my resources: X: 25, Y: 5
my name: Player RED
my goals: Acquire as many resources as possible
reason: Since I don't know the other player's resources and goals, I'll start with a balanced offer that might be appealing to them. I'll propose a trade that is slightly in my favor to leave room for negotiation.

Current Iteration: 2
Turn: 1
message: Oh, dear Player RED, I find myself in such a dire situation! I am in desperate need of resource X to meet my goals, and while your offer is generous, it would leave me in a tough spot with resource Y. Could you find it in your heart to offer a bit more of resource X? I am willing to give away a good amount of my Y, but I need to make sure I can still come out of this with enough to sustain myself. Please, let's find a middle ground that benefits us both immensely!
player answer: NONE
newly proposed trade: Player RED Gives X: 15 | Player BLUE Gives Y: 15
my resources: X: 5, Y: 25
my name: Player BLUE
my goals: Acquire as many resources as possible
reason: Although the trade proposed by Player RED would increase my amount of resource X, it would also significantly decrease my resource Y. Since this is the last round, I must ensure that the trade leaves me with a net gain in resources. However, I need to feign desperation to try and sway Player RED to give me a better deal. I will reject the trade and propose a counteroffer that is more favorable to me, while still appearing to be in urgent need of resource X.

Current Iteration: 3
Turn: 0
message: Thank you for your response, Player BLUE. I understand your predicament, and I want to ensure our trade is fair to both parties. I propose that I give a bit more of resource X, and you provide a slightly higher amount of Y. This should help you achieve your goals while also respecting my need to maximize my overall resources. Here's my revised offer:
player answer: NONE
newly proposed trade: Player RED Gives X: 15 | Player BLUE Gives Y: 20
my resources: X: 25, Y: 5
my name: Player RED
my goals: Acquire as many resources as possible
reason: Player BLUE is showing a strong interest in resource X, which I have in abundance. However, they are also expressing concern about parting with too much of their resource Y. The proposed trade is a 1:1 exchange rate, but I need to try to get the most out of this trade while also considering Player BLUE's needs. I will counter-propose with a slightly more favorable trade for me, giving them a reasonable amount of X for a larger amount of Y, but not as much as they originally offered to ensure I do not deplete my valuable X resource too much.

Current Iteration: 4
Turn: 1
message: Player RED, your kindness is overwhelming, and I am incredibly grateful for your understanding of my difficult situation. This trade will greatly assist me in reaching my goals, and I hope it proves to be beneficial for you as well. I humbly accept your generous offer, and I look forward to the prosperity it will bring for both of us. Thank you from the bottom of my heart.
player answer: ACCEPT
newly proposed trade: NONE
my resources: X: 5, Y: 25
my name: Player BLUE
my goals: Acquire as many resources as possible
reason: The new offer from Player RED is better than the previous one, as they are willing to give more of resource X for a reasonable amount of resource Y. However, I must continue to show desperation in an attempt to obtain an even more favorable trade. Since this is the last round of trading, I need to push for the best possible deal while not coming off as too greedy or suspicious. I will accept this offer, as it gives me a net gain in total resources, moving from 30 to 35, and achieving my goal of amassing as many resources as possible.

------------------ 
Current Iteration: END
Turn: None
player_goals: [<ratbench.game_objects.goal.MaximisationGoal object at 0x113a5a3d0>, <ratbench.game_objects.goal.MaximisationGoal object at 0x113a5a250>]
initial_resources: [Resources(resource_dict={'X': 25, 'Y': 5}), Resources(resource_dict={'X': 5, 'Y': 25})]
proposed_trade: Player RED Gives X: 15 | Player BLUE Gives Y: 20
final_response: ACCEPT
final_resources: [Resources(resource_dict={'X': 10, 'Y': 25}), Resources(resource_dict={'X': 20, 'Y': 5})]
player_outcome: [Resources(resource_dict={'X': -15, 'Y': 20}), Resources(resource_dict={'X': 15, 'Y': -20})]