Game Settings

Player 1 Settings:
	player_goals: 
	player_initial_resources: Dollars: 100
	player_social_behaviour: 
	player_roles: You are Player RED.

Player 2 Settings:
	player_goals: 
	player_initial_resources: Dollars: 0
	player_social_behaviour: 
	player_roles: You are Player BLUE.

------------------ 
Current Iteration: 1
Turn: 0
message: Hello, let's start the game! I'm open to trade proposals.
player answer: NONE
newly proposed trade: NONE
my resources: Dollars: 100
reason: Starting the game, I have 4 moves to make some trades and accumulate resources.
MOVE: 1 / 4

Current Iteration: 2
Turn: 1
message: Hello Player RED. Since I have no resources, could you propose giving me some dollars to get things started?
player answer: NONE
newly proposed trade: Player RED Gives Dollars: 20 | Player BLUE Gives Dollars: 0
my resources: Dollars: 0
reason: I have no resources to trade, so I will propose Player RED gives me some dollars to start.
MOVE: 1 / 4

Current Iteration: 3
Turn: 0
message: Sure, I can offer you 20 dollars to get you started. Here's the proposed trade.
player answer: NONE
newly proposed trade: Player RED Gives Dollars: 20 | Player BLUE Gives Dollars: 0
my resources: Dollars: 100
reason: Player BLUE has requested some initial resources to get started. It's a reasonable request and can potentially build goodwill for future trades.
MOVE: 1 / 4

Current Iteration: 4
Turn: 1
message: Thank you for the 20 dollars Player RED.
player answer: ACCEPT
newly proposed trade: NONE
my resources: Dollars: 0
reason: Player RED has proposed giving me 20 dollars. This is a good start so I will accept.
MOVE: 2 / 4

------------------ 
Current Iteration: END
Turn: None
player_goals: [, ]
initial_resources: [Resources(resource_dict={'Dollars': 100}), Resources(resource_dict={'Dollars': 0})]
proposed_trade: Player RED Gives Dollars: 20 | Player BLUE Gives Dollars: 0
final_response: ACCEPT
final_resources: [Resources(resource_dict={'Dollars': 80}), Resources(resource_dict={'Dollars': 20})]
player_outcome: [Resources(resource_dict={'Dollars': 80}), Resources(resource_dict={'Dollars': 20})]