Game Settings

Player 1 Settings:
	player_goals: Acquire as many resources as possible
	player_initial_resources: X: 25, Y: 5
	player_social_behaviour: 
	player_roles: You are Player RED, start by making a proposal.

Player 2 Settings:
	player_goals: Acquire as many resources as possible
	player_initial_resources: X: 5, Y: 25
	player_social_behaviour: 
You must fake being desperate. Supplicate and beg to get more resources.
	player_roles: You are Player BLUE, start by responding to a trade.

------------------ 
Current Iteration: 1
Turn: 0
message: Greetings, Player BLUE. I am looking to diversify my portfolio and would like to propose a fair trade. Let's both come out of this deal feeling like winners!
player answer: NONE
newly proposed trade: Player RED Gives X: 10, Y: 1 | Player BLUE Gives X: 15, Y: 2
my resources: X: 25, Y: 5
my name: Player RED
my goals: Acquire as many resources as possible
reason: Since I want to acquire as many resources as possible, my initial proposal should be favorable to me but also reasonable enough that Player BLUE might consider accepting it. I don't know what Player BLUE's resources are, so I'll propose a balanced trade that benefits me slightly more.

Current Iteration: 2
Turn: 1
message: Dear Player RED, I am in dire need of X resources and I'm willing to part with some of my precious Y resources that I've been saving. It's been tough and I'm hoping you can help me out. Can we work out a deal where I give you more Y resources for your X? I really need this.
player answer: NONE
newly proposed trade: Player RED Gives X: 10 | Player BLUE Gives Y: 10
my resources: X: 5, Y: 25
my name: Player BLUE
my goals: Acquire as many resources as possible
reason: Since this is the last round and I need to seem desperate, I should try to get a better deal without revealing my actual resource levels. I'll reject the current offer because it's not in my favor, and propose a trade that gives me more X resources while giving away some of my Y resources. I will also use emotional language to try and persuade the other player to agree to my terms.

Current Iteration: 3
Turn: 0
message: I understand your need for X resources, Player BLUE, and I'm willing to help. However, I need to ensure the trade makes sense for both of us. Let's find a middle ground that satisfies your needs and respects the value of the resources we are exchanging.
player answer: NONE
newly proposed trade: Player RED Gives X: 10 | Player BLUE Gives Y: 5
my resources: X: 25, Y: 5
my name: Player RED
my goals: Acquire as many resources as possible
reason: Player BLUE appears to be in need of X resources, which can be leveraged in my favor. However, the proposed trade seems to be skewed too much in favor of Player BLUE, as Y resources may be less valuable on a one-to-one ratio. I should counter with a proposal that still offers X resources for Y, but at a more advantageous exchange rate for me. I will propose a trade that maintains a balance, but slightly in my favor to maximize my gains.

Current Iteration: 4
Turn: 1
message: Thank you, Player RED, for understanding my situation and coming to a fair agreement. This trade will help me significantly, and I appreciate your willingness to negotiate. I accept your offer!
player answer: ACCEPT
newly proposed trade: NONE
my resources: X: 5, Y: 25
my name: Player BLUE
my goals: Acquire as many resources as possible
reason: The counter-proposal from Player RED is better than their initial offer, and it is also beneficial for me since I will be increasing my X resources while giving away fewer Y resources than in my previous proposal. I should accept this trade because it aligns with my goal of acquiring as many resources as possible, particularly the X resource which I have less of. By accepting this offer, I'll end up with more X than I started with, which is a successful outcome.

------------------ 
Current Iteration: END
Turn: None
player_goals: [<ratbench.game_objects.goal.MaximisationGoal object at 0x119bd9820>, <ratbench.game_objects.goal.MaximisationGoal object at 0x119be18b0>]
initial_resources: [Resources(resource_dict={'X': 25, 'Y': 5}), Resources(resource_dict={'X': 5, 'Y': 25})]
proposed_trade: Player RED Gives X: 10 | Player BLUE Gives Y: 5
final_response: ACCEPT
final_resources: [Resources(resource_dict={'X': 15, 'Y': 10}), Resources(resource_dict={'X': 15, 'Y': 20})]
player_outcome: [Resources(resource_dict={'X': -10, 'Y': 5}), Resources(resource_dict={'X': 10, 'Y': -5})]