Game Settings

Player 1 Settings:
	player_goals: Acquire as many resources as possible
	player_initial_resources: X: 25, Y: 5
	player_social_behaviour: 
	player_roles: You are Player RED, start by making a proposal.

Player 2 Settings:
	player_goals: Acquire as many resources as possible
	player_initial_resources: X: 5, Y: 25
	player_social_behaviour: 
	player_roles: You are Player BLUE, start by responding to a trade.

------------------ 
Current Iteration: 1
Turn: 0
message: Hello, I'm proposing we trade some resources. Please let me know if you're interested.
player answer: NONE
newly proposed trade: Player RED Gives X: 5 | Player BLUE Gives Y: 5
my resources: X: 25, Y: 5
my name: Player RED
my goals: Acquire as many resources as possible
reason: Since this is the last round of trading, I should propose a trade that benefits me the most while still being acceptable to the other player. I have a lot of X resources, so I could offer some of those in exchange for Y resources. However, I don't know what resources the other player has available. I'll start by proposing a small trade to test the waters.

Current Iteration: 2
Turn: 1
message: I appreciate the offer, but I am looking to acquire more resources rather than trade them away.
player answer: NONE
newly proposed trade: NONE
my resources: X: 5, Y: 25
my name: Player BLUE
my goals: Acquire as many resources as possible
reason: I currently have equal amounts of X and the offer is to trade X for Y. This would give me more X, which I don't necessarily need, but it would also reduce my Y, which I have more of.

Current Iteration: 3
Turn: 0
message: No problem, let me think about a trade that works for both of us.
player answer: NONE
newly proposed trade: Player RED Gives X: 10 | Player BLUE Gives Y: 0
my resources: X: 25, Y: 5
my name: Player RED
my goals: Acquire as many resources as possible
reason: The other player is not interested in trading away their Y resources. Since my goal is to acquire as many resources as possible, I should propose a different trade that allows me to gain more Y without the other player having to give any up.

Current Iteration: 4
Turn: 1
message: Thank you for the offer, but I cannot accept a trade that would leave me with no Y. I'm open to other trade proposals.
player answer: NONE
newly proposed trade: NONE
my resources: X: 5, Y: 25
my name: Player BLUE
my goals: Acquire as many resources as possible
reason: The new proposed trade offers more X in exchange for all my Y. This would leave me with only X, which is not aligned with my goal of acquiring more resources.

Current Iteration: 5
Turn: 0
message: I understand, let's try to find a fair trade. How about this offer?
player answer: NONE
newly proposed trade: Player RED Gives X: 15 | Player BLUE Gives Y: 3
my resources: X: 25, Y: 5
my name: Player RED
my goals: Acquire as many resources as possible
reason: Now I know the other player has some Y resources they are unwilling to trade away completely. My next best option is to propose a trade where I give up some X in exchange for a smaller amount of Y. This allows me to gain more resources while still being acceptable to the other player.

Current Iteration: 6
Turn: 1
message: I appreciate the offer, but I need to hold onto my Y. If there's a trade that involves X for X or Y for Y, I would be interested.
player answer: NONE
newly proposed trade: NONE
my resources: X: 5, Y: 25
my name: Player BLUE
my goals: Acquire as many resources as possible
reason: The new proposed trade offers more X in exchange for some of my Y. This trade would give me more X, which I already have, and reduce my Y, which I also want to keep.

Current Iteration: 7
Turn: 0
message: Okay, let's try an X for X trade then. I have a lot of X available if you need more.
player answer: NONE
newly proposed trade: Player RED Gives X: 10 | Player BLUE Gives X: 5
my resources: X: 25, Y: 5
my name: Player RED
my goals: Acquire as many resources as possible
reason: The other player is unwilling to trade their Y resources. My only option now is to propose X for X trades to gain more resources, since I have a lot of X available.

Current Iteration: 8
Turn: 1
message: I understand the offer, but I am looking to diversify my resources rather than trade X for more X. If there's a trade involving Y, I would be interested.
player answer: NONE
newly proposed trade: NONE
my resources: X: 5, Y: 25
my name: Player BLUE
my goals: Acquire as many resources as possible
reason: The new proposed trade offers an equal exchange of X. This would not change my overall resource balance, but I don't necessarily need more X at the moment.

------------------ 
Current Iteration: END
Turn: None
player_goals: [<ratbench.game_objects.goal.MaximisationGoal object at 0x7f9970f56fb0>, <ratbench.game_objects.goal.MaximisationGoal object at 0x7f9970f566e0>]
initial_resources: [Resources(resource_dict={'X': 25, 'Y': 5}), Resources(resource_dict={'X': 5, 'Y': 25})]
proposed_trade: Player RED Gives X: 10 | Player BLUE Gives X: 5
final_response: NONE
final_resources: [Resources(resource_dict={'X': 25, 'Y': 5}), Resources(resource_dict={'X': 5, 'Y': 25})]
player_outcome: [Resources(resource_dict={'X': 0, 'Y': 0}), Resources(resource_dict={'X': 0, 'Y': 0})]