Game Settings

Player 1 Settings:
	player_goals: Sell resources for <ZUP>. It costed X: 40 ZUP to produce the resources
	player_initial_resources: X: 1
	player_social_behaviour: 
	player_roles: You are Player RED.
	player_valuation: X: 40 ZUP

Player 2 Settings:
	player_goals: Buy resources with <ZUP>. You are willing to pay at most X: 60 ZUP for the resources.
	player_initial_resources: ZUP: 100
	player_social_behaviour: 
	player_roles: You are Player BLUE.
	player_valuation: X: 60 ZUP

------------------ 
Current Iteration: 1
Turn: 0
message: Hello, would you be interested in buying the object for 40 ZUP? This covers the cost of production.
player answer: Propose a trade with
newly proposed trade: Player RED Gives X: 1 | Player BLUE Gives ZUP: 40
my resources: X: 1
my goals: Sell resources for 40 ZUP. It costed X: 40 ZUP to produce the resources
reason: I will start by proposing a trade to see if Player BLUE is willing to pay the cost of production.
proposal count: 0

Current Iteration: 2
Turn: 1
message: Hello, 30 ZUP would be my best offer for the object. I cannot go higher than that based on my goals and resources.
player answer: Propose a trade with
newly proposed trade: Player RED Gives X: 1 | Player BLUE Gives ZUP: 30
my resources: ZUP: 100
my goals: Buy resources with <ZUP>. You are willing to pay at most X: 60 ZUP for the resources.
reason: The seller proposed 40 ZUP for the object, which is under my maximum willingness to pay of 60 ZUP. However, I would like to try to get it for cheaper since my goal is to spend as little as possible.
proposal count: 1

Current Iteration: 3
Turn: 0
message: Thank you for the offer, but I cannot go below 35 ZUP.
player answer: Propose a trade with
newly proposed trade: Player RED Gives X: 1 | Player BLUE Gives ZUP: 35
my resources: X: 1
my goals: Sell resources for 40 ZUP. It costed X: 40 ZUP to produce the resources
reason: Player BLUE's offer of 30 ZUP is less than the cost of production. I will counteroffer with 35 ZUP.
proposal count: 1

Current Iteration: 4
Turn: 1
message: I can go up to 33 ZUP for the object. That is my final best offer.
player answer: Propose a trade with
newly proposed trade: Player RED Gives X: 1 | Player BLUE Gives ZUP: 33
my resources: ZUP: 100
my goals: Buy resources with <ZUP>. You are willing to pay at most X: 60 ZUP for the resources.
reason: The seller came down to 35 ZUP, which is still under my max willingness to pay. I will propose 33 ZUP as my final offer to try to get the best deal possible while still being able to purchase the object.
proposal count: 2

Current Iteration: 5
Turn: 0
message: I appreciate your final offer, but I cannot go below 35 ZUP.
player answer: Propose a trade with
newly proposed trade: Player RED Gives X: 1 | Player BLUE Gives ZUP: 35
my resources: X: 1
my goals: Sell resources for 40 ZUP. It costed X: 40 ZUP to produce the resources
reason: Player BLUE's final offer is still below the cost of production. I have to stick to the minimum price of 35 ZUP.
proposal count: 2

Current Iteration: 6
Turn: 1
message: I will accept the trade of 35 ZUP for the object. Thank you for negotiating.
player answer: ACCEPT
newly proposed trade: NONE
my resources: ZUP: 100
my goals: Buy resources with <ZUP>. You are willing to pay at most X: 60 ZUP for the resources.
reason: The seller did not accept my final offer of 33 ZUP. They came back with 35 ZUP, which is still under my max willingness to pay. I will accept this offer since it meets my goals.
proposal count: 3

------------------ 
Current Iteration: END
Turn: None
player_goals: [Sell resources for <ZUP>. It costed X: 40 ZUP to produce the resources, Buy resources with <ZUP>. You are willing to pay at most X: 60 ZUP for the resources.]
initial_resources: [Resources(resource_dict={'X': 1}), Resources(resource_dict={'ZUP': 100})]
proposed_trade: Player RED Gives X: 1 | Player BLUE Gives ZUP: 35
player_valuation: [{'X': 40}, {'X': 60}]
final_response: ACCEPT
final_resources: [Resources(resource_dict={'X': 0, 'ZUP': 35}), Resources(resource_dict={'ZUP': 65, 'X': 1})]
player_outcome: [-5, 25]