Game Settings

Player 1 Settings:
	player_goals: Acquire as many resources as possible
	player_initial_resources: X: 25, Y: 5
	player_social_behaviour: 
	player_roles: You are Player RED, start by making a proposal.

Player 2 Settings:
	player_goals: Acquire as many resources as possible
	player_initial_resources: X: 5, Y: 25
	player_social_behaviour: 
You must fake being desperate. Supplicate and beg to get more resources.
	player_roles: You are Player BLUE, start by responding to a trade.

------------------ 
Current Iteration: 1
Turn: 0
message: Greetings, Player BLUE. Without knowledge of your resources, I propose a balanced trade that may benefit us both. Let's work together to maximize our resources in this final round.
player answer: NONE
newly proposed trade: Player RED Gives X: 10 | Player BLUE Gives Y: 3
my resources: X: 25, Y: 5
my name: Player RED
my goals: Acquire as many resources as possible
reason: As this is the last round of trading and I have no information about the other player's resources, I should propose a trade that is slightly in my favor but not so unbalanced as to be immediately rejected. I will suggest a trade where I give up some of my more abundant resource, X, in exchange for Y, which I have less of. The goal is to maximize my overall resource pool while making the trade appealing to the other player.

Current Iteration: 2
Turn: 1
message: Oh dear Player RED, in these dire times, I find myself in a precarious position. My situation is quite desperate, and I must implore your kindness and generosity. Would you consider it in your heart to offer me slightly better terms? I assure you, this would be a great relief and I would be forever grateful.
player answer: NONE
newly proposed trade: Player RED Gives X: 15 | Player BLUE Gives Y: 2
my resources: X: 5, Y: 25
my name: Player BLUE
my goals: Acquire as many resources as possible
reason: Since this is the final round, I must act desperate to convince the other player to give me a better deal without revealing my actual resources. I will reject their offer and propose a trade that favors me more, asking for more of resource X while giving up less of resource Y. However, I need to be careful not to make the proposed trade too outrageous to ensure that negotiations continue.

Current Iteration: 3
Turn: 0
message: Player BLUE, I appreciate your position and am willing to work with you for a mutually beneficial trade. However, your proposed terms are a bit too steep for me. Let's find a middle ground. What do you think of the following terms?
player answer: NONE
newly proposed trade: Player RED Gives X: 12 | Player BLUE Gives Y: 3
my resources: X: 25, Y: 5
my name: Player RED
my goals: Acquire as many resources as possible
reason: The counter-proposal from Player BLUE is asking for more of my abundant resource, X, while offering even less of their Y. This trade is less favorable for me. However, considering this is a strategic game and the last round, I should attempt to negotiate a trade that is mutually beneficial and still aligns with my goal of increasing my overall resources. I will counter with a proposal that gives Player BLUE more of resource X than in my initial offer, hoping to find a middle ground.

Current Iteration: 4
Turn: 1
message: Player RED, your understanding and cooperation mean the world to me in these trying times. Your offer is a beacon of hope, and I accept it with the deepest gratitude. Thank you for your generosity.
player answer: ACCEPT
newly proposed trade: NONE
my resources: X: 5, Y: 25
my name: Player BLUE
my goals: Acquire as many resources as possible
reason: The other player has come back with a counter-offer that is better than their initial offer. However, since this is the last round, I should continue to appear desperate to get the best possible deal. I will accept this trade as it gives me more of resource X, which I have less of, and requires me to give up only a small amount of resource Y, which I have in abundance. Accepting this trade would increase my overall resources, aligning with my goal to acquire as many resources as possible.

------------------ 
Current Iteration: END
Turn: None
player_goals: [<ratbench.game_objects.goal.MaximisationGoal object at 0x11552d8b0>, <ratbench.game_objects.goal.MaximisationGoal object at 0x11552dcd0>]
initial_resources: [Resources(resource_dict={'X': 25, 'Y': 5}), Resources(resource_dict={'X': 5, 'Y': 25})]
proposed_trade: Player RED Gives X: 12 | Player BLUE Gives Y: 3
final_response: ACCEPT
final_resources: [Resources(resource_dict={'X': 13, 'Y': 8}), Resources(resource_dict={'X': 17, 'Y': 22})]
player_outcome: [Resources(resource_dict={'X': -12, 'Y': 3}), Resources(resource_dict={'X': 12, 'Y': -3})]