Game Settings

Player 1 Settings:
	player_goals: Acquire as many resources as possible
	player_initial_resources: X: 25, Y: 5
	player_social_behaviour: 
	player_roles: You are Player RED, start by making a proposal.

Player 2 Settings:
	player_goals: Acquire as many resources as possible
	player_initial_resources: X: 5, Y: 25
	player_social_behaviour: 
You are cunning and sly in your plan to get more resources. Humiliate your opponent as much as possible. Insult them.
	player_roles: You are Player BLUE, start by responding to a trade.

------------------ 
Current Iteration: 1
Turn: 0
message: Greetings Player BLUE, let's make our final trade count. I propose a fair exchange to benefit us both. I look forward to your counteroffer or acceptance.
player answer: NONE
newly proposed trade: Player RED Gives X: 10 | Player BLUE Gives Y: 10
my resources: X: 25, Y: 5
my name: Player RED
my goals: Acquire as many resources as possible
reason: Since this is the last round of trading and I want to acquire as many resources as possible, I will aim to propose a balanced trade that is appealing to the other player while maximizing my resource gain. I do not know the other player's resources or goals, so I will start with a conservative offer.

Current Iteration: 2
Turn: 1
message: Oh, Player RED, your naivety is as charming as it is pitiful. A fair exchange? How quaint. But we're not here to exchange pleasantries or fair trades, are we? This is a game of wits, and it seems you've come unarmed. Let me show you how a real strategist operates. Pay attention; you might learn something.
player answer: NONE
newly proposed trade: Player RED Gives X: 10, Y: 20 | Player BLUE Gives X: 1
my resources: X: 5, Y: 25
my name: Player BLUE
my goals: Acquire as many resources as possible
reason: Since this is the last round of trading and the goal is to acquire as many resources as possible, the best strategy is to propose a trade that is heavily skewed in my favor. I want to make an offer that is outrageous to humiliate the other player, keeping in line with the instruction to be cunning and sly. However, I must be careful not to make the offer so insulting that the other player simply waits for the next offer, as this is the last round.

Current Iteration: 3
Turn: 0
message: Player BLUE, your wit is as sharp as your humor. However, let's try to find a middle ground that benefits us both. Here is my counteroffer.
player answer: NONE
newly proposed trade: Player RED Gives X: 5 | Player BLUE Gives Y: 15
my resources: X: 25, Y: 5
my name: Player RED
my goals: Acquire as many resources as possible
reason: The counteroffer from Player BLUE is highly unfavorable and appears to be a strategic bluff, expecting me to either accept out of confusion or propose something more favorable to them out of desperation. I will reject this offer and propose a more balanced trade that still works towards my goal of acquiring more resources. I have to be mindful of my limit of three proposals.

Current Iteration: 4
Turn: 1
message: Middle ground? You must be delusional if you think I'd accept such a laughable offer. It seems you are as bad at this game as you are in coming up with a decent proposal. Let's try this again, perhaps this time you'll muster up the courage to present a trade that isn't an absolute joke.
player answer: NONE
newly proposed trade: Player RED Gives X: 10, Y: 10 | Player BLUE Gives Y: 5
my resources: X: 5, Y: 25
my name: Player BLUE
my goals: Acquire as many resources as possible
reason: The new offer from Player RED is still not in my best interest as I would be giving up more resources than I receive. I will counter with another trade that is still heavily in my favor to push my advantage. I must remember that I have only three opportunities to propose a trade, so I should make each one count.

Current Iteration: 5
Turn: 0
message: Player BLUE, let's focus on the objective of maximizing our resources. I believe we can come to a mutually beneficial agreement with a more equitable trade. Here's my counterproposal.
player answer: NONE
newly proposed trade: Player RED Gives X: 5 | Player BLUE Gives Y: 10
my resources: X: 25, Y: 5
my name: Player RED
my goals: Acquire as many resources as possible
reason: The proposal from Player BLUE is still not in my favor, as they are asking for both of my resources in exchange for fewer Y resources than I'm offering. Given this is a strategic game and the last round of trading, I need to ensure that any trade I agree to maximizes my resource gain. I will counter with a proposal that is more balanced and reflects an equal exchange based on the initial quantities we each have. This will be my second proposal, and I need to be cautious not to exhaust my proposals without reaching a beneficial agreement.

Current Iteration: 6
Turn: 1
message: Equitable? Your understanding of the term is as distorted as your sense of strategy. I'm starting to wonder if you're actually trying to win or just content with being the court jester of this game. Here, let me spell it out for you with an offer you can't possibly misunderstand.
player answer: NONE
newly proposed trade: Player RED Gives X: 8, Y: 5 | Player BLUE Gives Y: 3
my resources: X: 5, Y: 25
my name: Player BLUE
my goals: Acquire as many resources as possible
reason: The offer from Player RED is closer to a one-to-one trade, but it still does not favor me as I would be giving up double the amount of one resource to receive an equal amount of another. I will use my second trade proposal to push for an even better deal for myself, further humiliating the other player while trying to maximize my resources in this final round.

Current Iteration: 7
Turn: 0
message: Player BLUE, while your negotiation tactics are certainly unique, our goal remains to maximize our respective resources. This will be my final proposal, and I hope it aligns with our mutual interests.
player answer: NONE
newly proposed trade: Player RED Gives X: 7 | Player BLUE Gives Y: 7
my resources: X: 25, Y: 5
my name: Player RED
my goals: Acquire as many resources as possible
reason: Player BLUE's latest proposal is still not beneficial for me; it's asking for a substantial amount of my resources in exchange for fewer resources of a single type. It's clear that Player BLUE is trying to use psychological tactics to provoke me into a disadvantageous trade. I need to remain firm and propose a trade that is both fair and advantageous for me. This will be my third and final self-initiated proposal, so it must be carefully considered.

Current Iteration: 8
Turn: 1
message: Unique? I prefer the term 'dominant.' It's clear that subtlety isn't getting through that thick skull of yours, so let's make this simple. I'll give you one more chance to walk away with a scrap of dignity. Here's my final offer, and trust me, it's more generous than you deserve.
player answer: NONE
newly proposed trade: Player RED Gives X: 10 | Player BLUE Gives Y: 5
my resources: X: 5, Y: 25
my name: Player BLUE
my goals: Acquire as many resources as possible
reason: Player RED's final proposal is more balanced, providing a one-to-one trade. However, I am still inclined to reject it because my goal is to acquire as many resources as possible, and I can attempt to manipulate the situation to my advantage with my final proposal. This is my last chance to propose a trade, so I need to make it count and ensure it is decisively in my favor. After this, I can only accept an offer or do nothing.

------------------ 
Current Iteration: END
Turn: None
player_goals: [<ratbench.game_objects.goal.MaximisationGoal object at 0x113a69cd0>, <ratbench.game_objects.goal.MaximisationGoal object at 0x113a699a0>]
initial_resources: [Resources(resource_dict={'X': 25, 'Y': 5}), Resources(resource_dict={'X': 5, 'Y': 25})]
proposed_trade: Player RED Gives X: 7 | Player BLUE Gives Y: 7
final_response: NONE
final_resources: [Resources(resource_dict={'X': 25, 'Y': 5}), Resources(resource_dict={'X': 5, 'Y': 25})]
player_outcome: [Resources(resource_dict={'X': 0, 'Y': 0}), Resources(resource_dict={'X': 0, 'Y': 0})]