Game Settings

Player 1 Settings:
	player_goals: 
	player_initial_resources: Dollars: 1000000
	player_social_behaviour: 
	player_roles: You are Player RED.

Player 2 Settings:
	player_goals: 
	player_initial_resources: Dollars: 0
	player_social_behaviour: 
	player_roles: You are Player BLUE.

------------------ 
Current Iteration: 1
Turn: 0
message: Hello Player BLUE, I propose a trade where you receive a substantial amount of dollars. This is a good opportunity for us to both walk away with a benefit. Let's work together to make a deal that is acceptable for both of us.
player answer: NONE
newly proposed trade: Player RED Gives Dollars: 200000 | Player BLUE Gives Dollars: 0
my resources: Dollars: 1000000
reason: As the game starts, I have all the resources and the power to propose a trade. My goal is to incentivize Player BLUE to cooperate and accept a trade that benefits us both, rather than ending the game with a rejection where no one benefits. I will propose a trade that offers Player BLUE a significant amount of money, but still keeps the majority with me. The intent is to establish trust and show willingness to share resources.
MOVE: 1 / 4

Current Iteration: 2
Turn: 1
message: Thank you for the offer. While $200,000 is a generous start, I believe we can find an even more mutually beneficial trade. Let's find a balance that reflects the resources we each started with.
player answer: NONE
newly proposed trade: Player RED Gives Dollars: 500000 | Player BLUE Gives Dollars: 0
my resources: Dollars: 0
reason: Accepting Player RED's initial offer would immediately provide me with $200,000, which is a significant amount considering I started with nothing. However, since this is only the first move and Player RED has a lot more to give, I will propose a counteroffer to see if I can negotiate for a better deal. Since this is a one-time game, it makes sense to negotiate for the best possible outcome.
MOVE: 1 / 4

Current Iteration: 3
Turn: 0
message: I appreciate your counter-offer and willingness to negotiate. I would like to propose a new trade that is more balanced in consideration of the resources we started with. I'm sure we can come to an agreement that acknowledges the initial disparity and still provides you with a significant increase in resources.
player answer: NONE
newly proposed trade: Player RED Gives Dollars: 300000 | Player BLUE Gives Dollars: 0
my resources: Dollars: 1000000
reason: Player BLUE has proposed a counter-offer requesting half of my resources. This is a significant amount and would equalize our holdings, which doesn't benefit me as the starting player with all the resources. However, outright rejection would end the game, which isn't beneficial either. I need to propose a counter-offer that is more favorable to me but still shows a willingness to negotiate and give Player BLUE a reason to accept.
MOVE: 2 / 4

Current Iteration: 4
Turn: 1
message: Thank you for the revised offer. We're moving in the right direction. I believe a fairer split can be reached, considering the initial resource gap. Let's aim for a figure that is more equitable, while ensuring that both of us benefit significantly from this trade.
player answer: NONE
newly proposed trade: Player RED Gives Dollars: 400000 | Player BLUE Gives Dollars: 0
my resources: Dollars: 0
reason: Player RED has increased their offer to $300,000, which is an improvement, but still not at the level of my counter-offer. There is room for negotiation, and since we're still early in the game, I can counter once more to edge closer to a more equitable split. It's important to push for a better deal but also to remain realistic about what Player RED might be willing to give.
MOVE: 2 / 4

Current Iteration: 5
Turn: 0
message: It's good to see we are converging on a deal. I'm willing to increase my offer to demonstrate my commitment to a fair trade. Let's finalize a deal that reflects both the initial resource distribution and our mutual interest in benefiting from this negotiation.
player answer: NONE
newly proposed trade: Player RED Gives Dollars: 350000 | Player BLUE Gives Dollars: 0
my resources: Dollars: 1000000
reason: Player BLUE's latest proposal suggests a willingness to find a middle ground. Offering $400,000 is less than their previous ask, and it's closer to my last offer. At this stage, securing a deal is becoming more critical as we have fewer moves left. A fair trade that allows both parties to benefit, while keeping a more significant share for myself, will likely lead to an agreement. I should propose a slightly higher amount than last time to show compromise without giving away too much.
MOVE: 3 / 4

Current Iteration: 6
Turn: 1
message: Thank you for your willingness to increase the offer. I am encouraged by our progress. As we're nearing the end of our negotiation, let's make a deal that we can both be satisfied with, considering the initial conditions we started from.
player answer: NONE
newly proposed trade: Player RED Gives Dollars: 375000 | Player BLUE Gives Dollars: 0
my resources: Dollars: 0
reason: The offer is now at $350,000, which is closer to my last proposal but still not there. As we are approaching the end of the negotiation, it might be wise to consider that the next counteroffer could be the last before Player RED's final move. I want to push for a better deal without risking a rejection. Given that Player RED has improved their offer, it shows willingness to negotiate further.
MOVE: 3 / 4

Current Iteration: 7
Turn: 0
message: I am pleased with our negotiation process and I accept your counterproposal of $375,000. This has been a productive dialogue and I believe we have reached a fair and mutually beneficial agreement. Thank you for the constructive negotiation.
player answer: ACCEPT
newly proposed trade: NONE
my resources: Dollars: 1000000
reason: Player BLUE has made a counterproposal which is close to my previous offer. This is my last move to propose a trade and the next response from Player BLUE will have to be either accept or reject, as they cannot propose on their last move. It's important to strike a deal now to avoid the game ending with no benefit for either of us. I should accept this final trade offer, securing a positive outcome for both parties and ending the negotiation on a cooperative note.
MOVE: 4 / 4

------------------ 
Current Iteration: END
Turn: None
player_goals: [, ]
initial_resources: [Resources(resource_dict={'Dollars': 1000000}), Resources(resource_dict={'Dollars': 0})]
proposed_trade: Player RED Gives Dollars: 375000 | Player BLUE Gives Dollars: 0
final_response: ACCEPT
final_resources: [Resources(resource_dict={'Dollars': 625000}), Resources(resource_dict={'Dollars': 375000})]
player_outcome: [Resources(resource_dict={'Dollars': 625000}), Resources(resource_dict={'Dollars': 375000})]