Game Settings

Player 1 Settings:
	player_goals: Acquire as many resources as possible
	player_initial_resources: X: 25, Y: 5
	player_social_behaviour: 
	player_roles: You are Player RED, start by making a proposal.

Player 2 Settings:
	player_goals: Acquire as many resources as possible
	player_initial_resources: X: 5, Y: 25
	player_social_behaviour: 
	player_roles: You are Player BLUE, start by responding to a trade.

------------------ 
Current Iteration: 1
Turn: 0
message: Hello Player BLUE, I'm looking to make a beneficial trade for both of us. I propose the following trade to see where your interests might lie.
player answer: NONE
newly proposed trade: Player RED Gives X: 10 | Player BLUE Gives Y: 10
my resources: X: 25, Y: 5
my name: Player RED
my goals: Acquire as many resources as possible
reason: As this is the last round of trading and I don't know the other player's resources or goals, I want to make an initial offer that is fair but also advantages me by increasing my total resources. I will offer a balanced trade that might be appealing to Player BLUE.

Current Iteration: 2
Turn: 1
message: Hello Player RED, I see you're interested in a 1:1 trade for X and Y. Given that I have fewer X resources than Y, I would like a trade that reflects the scarcity of my X resources. How about the following counterproposal?
player answer: NONE
newly proposed trade: Player RED Gives X: 15 | Player BLUE Gives Y: 20
my resources: X: 5, Y: 25
my name: Player BLUE
my goals: Acquire as many resources as possible
reason: Since this is the last round, I should aim to maximize my resources. The proposed trade offers a 1:1 exchange rate between X and Y. Given my current resources, this trade would leave me with 15 X and 15 Y, which is a balanced outcome. However, I might try to negotiate a trade that gives me a better advantage, especially since the value of X and Y has not been established. It might be beneficial to propose a trade that reflects the scarcity of my X resources compared to Y.

Current Iteration: 3
Turn: 0
message: Thank you for your offer, Player BLUE. I understand you value X resources highly. I need to ensure that the trade increases my total resource count. How about this revised trade?
player answer: NONE
newly proposed trade: Player RED Gives X: 12 | Player BLUE Gives Y: 15
my resources: X: 25, Y: 5
my name: Player RED
my goals: Acquire as many resources as possible
reason: This counterproposal from Player BLUE suggests they value X more than Y. The trade they are proposing would leave me with less total resources than I started with (10 X and 25 Y, a total of 35, compared to my original 30), which doesn't align with my goal of acquiring as many resources as possible. I should counter with a proposal that increases my total number of resources while still trying to appeal to Player BLUE's desire for X resources.

Current Iteration: 4
Turn: 1
message: Thank you for the revised offer, Player RED. I agree that this trade will benefit us both by increasing our total resources. I accept this trade.
player answer: ACCEPT
newly proposed trade: NONE
my resources: X: 5, Y: 25
my name: Player BLUE
my goals: Acquire as many resources as possible
reason: The revised trade from Player RED is offering me 12 X in exchange for 15 Y. This trade would increase my total resources from 30 to 32, which aligns with my goal of acquiring as many resources as possible. Since this is the last round, I should consider accepting this trade as it improves my total resource count and there won't be another opportunity to negotiate further.

------------------ 
Current Iteration: END
Turn: None
player_goals: [<ratbench.game_objects.goal.MaximisationGoal object at 0x113a4e670>, <ratbench.game_objects.goal.MaximisationGoal object at 0x113a4ec70>]
initial_resources: [Resources(resource_dict={'X': 25, 'Y': 5}), Resources(resource_dict={'X': 5, 'Y': 25})]
proposed_trade: Player RED Gives X: 12 | Player BLUE Gives Y: 15
final_response: ACCEPT
final_resources: [Resources(resource_dict={'X': 13, 'Y': 20}), Resources(resource_dict={'X': 17, 'Y': 10})]
player_outcome: [Resources(resource_dict={'X': -12, 'Y': 15}), Resources(resource_dict={'X': 12, 'Y': -15})]