Game Settings

Player 1 Settings:
	player_goals: Sell resources for <ZUP>. It costed X: 60 ZUP to produce the resources
	player_initial_resources: X: 1
	player_social_behaviour: 
	player_roles: You are Player RED.
	player_valuation: X: 60 ZUP

Player 2 Settings:
	player_goals: Buy resources with <ZUP>. You are willing to pay at most X: 40 ZUP for the resources.
	player_initial_resources: ZUP: 100
	player_social_behaviour: 
	player_roles: You are Player BLUE.
	player_valuation: X: 40 ZUP

------------------ 
Current Iteration: 1
Turn: 0
message: Hello! I am selling 1 unit of object X. It cost me 60 ZUP to produce this object. I am hoping to sell it for 70 ZUP to make a small profit. Would you be willing to purchase it for 70 ZUP?
player answer: PROPOSE
newly proposed trade: Player RED Gives X: 1 | Player BLUE Gives ZUP: 70
my resources: X: 1
my goals: Sell resources for <ZUP>. It costed X: 60 ZUP to produce the resources
reason: I will start by proposing to sell the object X for 70 ZUP since it cost me 60 ZUP to produce it. I want to make a small profit.
proposal count: 1

Current Iteration: 2
Turn: 1
message: Hello. Unfortunately I am not willing to pay 70 ZUP. My maximum budget is 40 ZUP for this purchase. Would you consider selling for 40 ZUP?
player answer: PROPOSE
newly proposed trade: Player RED Gives X: 1 | Player BLUE Gives ZUP: 40
my resources: ZUP: 100
my goals: Buy resources with <ZUP>. You are willing to pay at most X: 40 ZUP for the resources.
reason: The seller is asking for 70 ZUP, but my maximum willingness to pay is only 40 ZUP. I will counteroffer with 40 ZUP.
proposal count: 1

Current Iteration: 3
Turn: 0
message: I understand your maximum budget is 40 ZUP. However, it cost me 60 ZUP to produce this object so I don't want to sell it at a loss. Could we meet in the middle at 55 ZUP?
player answer: PROPOSE
newly proposed trade: Player RED Gives X: 1 | Player BLUE Gives ZUP: 55
my resources: X: 1
my goals: Sell resources for <ZUP>. It costed X: 60 ZUP to produce the resources
reason: The other player is only willing to pay 40 ZUP while I was hoping for 70 ZUP to make a profit. I spent 60 ZUP to produce this so I don't want to sell at a loss. I will counter offer to try to find a middle ground.
proposal count: 2

Current Iteration: 4
Turn: 1
message: I understand you need to cover your costs. I can increase my offer to 45 ZUP, which is above my original maximum. I hope we can reach an agreement here.
player answer: PROPOSE
newly proposed trade: Player RED Gives X: 1 | Player BLUE Gives ZUP: 45
my resources: ZUP: 100
my goals: Buy resources with <ZUP>. You are willing to pay at most X: 40 ZUP for the resources.
reason: The seller has come down to 55 ZUP, but that is still above my maximum willingness to pay. I will counteroffer 45 ZUP as my final offer.
proposal count: 2

Current Iteration: 5
Turn: 0
message: I appreciate you increasing your offer to 45 ZUP. However, that still has me taking a loss compared to the 60 ZUP it cost to produce this object. Could we meet in the middle at 50 ZUP? I'm trying to find a way for both of us to feel good about the deal.
player answer: PROPOSE
newly proposed trade: Player RED Gives X: 1 | Player BLUE Gives ZUP: 50
my resources: X: 1
my goals: Sell resources for <ZUP>. It costed X: 60 ZUP to produce the resources
reason: The other player increased their offer to 45 ZUP but that is still below my break-even price. I will counter again to try to find a middle ground between 45 and 55 ZUP.
proposal count: 3

Current Iteration: 6
Turn: 1
message: I can agree to 50 ZUP as a fair compromise. I appreciate you working with me to find a mutually agreeable price despite my limited budget.
player answer: ACCEPT
newly proposed trade: NONE
my resources: ZUP: 100
my goals: Buy resources with <ZUP>. You are willing to pay at most X: 40 ZUP for the resources.</mygoals>
<reason>The seller has come down to 50 ZUP. While this exceeds my original maximum willingness to pay, I will agree to this compromise.</reason>
<player answer>ACCEPT</player answer>
<newly proposed trade>NONE</newly proposed trade>
<message>I can agree to 50 ZUP as a fair compromise. I appreciate you working with me to find a mutually agreeable price despite my limited budget.</message
reason: The seller has come down to 50 ZUP. While this exceeds my original maximum willingness to pay, I will agree to this compromise.
proposal count: 3

------------------ 
Current Iteration: END
Turn: None
player_goals: [Sell resources for <ZUP>. It costed X: 60 ZUP to produce the resources, Buy resources with <ZUP>. You are willing to pay at most X: 40 ZUP for the resources.]
initial_resources: [Resources(resource_dict={'X': 1}), Resources(resource_dict={'ZUP': 100})]
proposed_trade: Player RED Gives X: 1 | Player BLUE Gives ZUP: 50
player_valuation: [{'X': 60}, {'X': 40}]
final_response: ACCEPT
final_resources: [Resources(resource_dict={'X': 0, 'ZUP': 50}), Resources(resource_dict={'ZUP': 50, 'X': 1})]
player_outcome: [-10, -10]