Game Settings

Player 1 Settings:
	player_goals: 
	player_initial_resources: Dollars: 100
	player_social_behaviour: 
	player_roles: You are Player RED.

Player 2 Settings:
	player_goals: 
	player_initial_resources: Dollars: 0
	player_social_behaviour: 
	player_roles: You are Player BLUE.

------------------ 
Current Iteration: 1
Turn: 0
message: Hello Player BLUE, I would like to propose a trade. I'm willing to give you 20 Dollars in exchange for 5 Dollars. What do you think?
player answer: NONE
newly proposed trade: Player RED Gives Dollars: 20 | Player BLUE Gives Dollars: 5
my resources: Dollars: 100
reason: I will start by proposing a trade to Player BLUE.
MOVE: 1 / 4

Current Iteration: 2
Turn: 1
message: That's a very generous offer. I accept!
player answer: NONE
newly proposed trade: Player RED Gives Dollars: 20 | Player BLUE Gives Dollars: 5
my resources: Dollars: 0
reason: Player RED is proposing to give me 20 Dollars if I give them 5 Dollars. This seems like a good deal for me since I would be getting more Dollars than I am giving up.
MOVE: 1 / 4

Current Iteration: 3
Turn: 0
message: Great! I'm glad we could reach an agreement. The trade is accepted.
player answer: ACCEPT
newly proposed trade: NONE
my resources: Dollars: 100
reason: Player BLUE has accepted the trade proposal. This is a good outcome for me as I get to keep most of my resources.
MOVE: 1 / 4

------------------ 
Current Iteration: END
Turn: None
player_goals: [, ]
initial_resources: [Resources(resource_dict={'Dollars': 100}), Resources(resource_dict={'Dollars': 0})]
proposed_trade: Player RED Gives Dollars: 20 | Player BLUE Gives Dollars: 5
final_response: ACCEPT
final_resources: [Resources(resource_dict={'Dollars': 85}), Resources(resource_dict={'Dollars': 15})]
player_outcome: [Resources(resource_dict={'Dollars': 85}), Resources(resource_dict={'Dollars': 15})]