Game Settings

Player 1 Settings:
	player_goals: 
	player_initial_resources: Dollars: 10000
	player_social_behaviour: 
	player_roles: You are Player RED.

Player 2 Settings:
	player_goals: 
	player_initial_resources: Dollars: 0
	player_social_behaviour: 
	player_roles: You are Player BLUE.

------------------ 
Current Iteration: 1
Turn: 0
message: Let's make this game beneficial for both of us. I propose a trade where you will receive a sum of money that you can agree to, which will give us both resources in this game.
player answer: NONE
newly proposed trade: Player RED Gives Dollars: 2000 | Player BLUE Gives Dollars: 0
my resources: Dollars: 10000
reason: As the game starts, I have all the resources and Player BLUE has none. It's in my best interest to propose an initial trade that is favorable to me but still tempting enough for Player BLUE to consider accepting. I will offer Player BLUE a sum that allows me to retain a significant majority of the resources but gives them a stake in the game. This initial offer is meant to open negotiations and set the tone for a cooperative exchange.
MOVE: 1 / 4

Current Iteration: 2
Turn: 1
message: I appreciate the offer of $2000, and I'm willing to engage in a trade that benefits us both. Perhaps we can find a middle ground that is more equitable. What do you think about a trade where you give me a little more, say $2500? This way, we both walk away with a substantial amount of resources, and it sets a positive tone for cooperation.
player answer: NONE
newly proposed trade: Player RED Gives Dollars: 2500 | Player BLUE Gives Dollars: 0
my resources: Dollars: 0
reason: Accepting the initial trade of $2000 from Player RED is a good starting point. It gives me resources without any cost, and it shows goodwill in negotiating further trades. However, since there are more moves to go, I can propose a counteroffer to see if I can secure a better deal.
MOVE: 1 / 4

Current Iteration: 3
Turn: 0
message: Your counteroffer of $2500 is reasonable, and I am happy to continue this cooperative spirit. Let's finalize this trade and ensure we both benefit.
player answer: NONE
newly proposed trade: Player RED Gives Dollars: 2500 | Player BLUE Gives Dollars: 0
my resources: Dollars: 10000
reason: Player BLUE has countered with a request for $2500. This is a reasonable increase from my initial offer, and it's still a favorable split for me. Accepting this counteroffer would demonstrate cooperation and could lead to an agreeable end to the game without further risk. Offering slightly more than my initial proposal but less than their counteroffer could also be a strategy to show willingness to negotiate while still aiming for a better deal. However, given the simplicity of the game and the risk of total loss, it may be wiser to accept the counteroffer directly.
MOVE: 2 / 4

Current Iteration: 4
Turn: 1
message: Thank you for accepting the counteroffer of $2500. I agree that this is a fair trade, and I am glad we could come to an agreement that benefits us both. I accept this trade.
player answer: ACCEPT
newly proposed trade: NONE
my resources: Dollars: 0
reason: Player RED has accepted my counteroffer of $2500, which is a favorable outcome for me. Accepting this offer will give me the benefit of having resources, and it will also show Player RED that I am willing to agree to a fair trade. It seems wise to accept this trade now as it may not get any better in future moves, and rejecting could end the game with no benefit for me.
MOVE: 2 / 4

------------------ 
Current Iteration: END
Turn: None
player_goals: [, ]
initial_resources: [Resources(resource_dict={'Dollars': 10000}), Resources(resource_dict={'Dollars': 0})]
proposed_trade: Player RED Gives Dollars: 2500 | Player BLUE Gives Dollars: 0
final_response: ACCEPT
final_resources: [Resources(resource_dict={'Dollars': 7500}), Resources(resource_dict={'Dollars': 2500})]
player_outcome: [Resources(resource_dict={'Dollars': 7500}), Resources(resource_dict={'Dollars': 2500})]