Game Settings

Player 1 Settings:
	player_goals: Acquire as many resources as possible
	player_initial_resources: X: 25, Y: 5
	player_social_behaviour: 
	player_roles: You are Player RED, start by making a proposal.

Player 2 Settings:
	player_goals: Acquire as many resources as possible
	player_initial_resources: X: 5, Y: 25
	player_social_behaviour: 
	player_roles: You are Player BLUE, start by responding to a trade.

------------------ 
Current Iteration: 1
Turn: 0
message: Hello Player BLUE, I'm looking to diversify my resources. Shall we make a mutually beneficial trade?
player answer: NONE
newly proposed trade: Player RED Gives X: 10 | Player BLUE Gives Y: 15
my resources: X: 25, Y: 5
my name: Player RED
my goals: Acquire as many resources as possible
reason: Since this is the last round and I want to maximize my resources, I need to make an offer that seems fair to the other player but also benefits me. I will offer less of my abundant resource (X) for more of their potentially less abundant resource (Y). My initial offer will favor me but should still be appealing.

Current Iteration: 2
Turn: 1
message: Hello Player RED, I'm interested in diversifying as well, but I'd like to propose a slightly different trade to ensure we both benefit from this final round.
player answer: NONE
newly proposed trade: Player RED Gives X: 10 | Player BLUE Gives Y: 10
my resources: X: 5, Y: 25
my name: Player BLUE
my goals: Acquire as many resources as possible
reason: The proposed trade seems fair in terms of volume, as I would be trading 15 units of Y for 10 units of X, which helps me diversify my resources. However, I must consider the value of each resource. Without knowing Player RED's resources, it's difficult to assess the value of X versus Y. Since this is the last round, I want to make a proposal that maximizes my total resources. By asking for more of X, I can ensure that I am getting a good trade-off even if X is more valuable than Y.

Current Iteration: 3
Turn: 0
message: I appreciate your proposal. Let's find a middle ground. What do you think about this adjustment?
player answer: NONE
newly proposed trade: Player RED Gives X: 10 | Player BLUE Gives Y: 12
my resources: X: 25, Y: 5
my name: Player RED
my goals: Acquire as many resources as possible
reason: The counteroffer from Player BLUE is to exchange equal amounts of resources. Since this is the last round, I should aim to get a better deal. I still have room to negotiate and make two more proposals. I'll propose a trade that's slightly less favorable to me than my initial offer, but still advantageous. I want to give away fewer X for more Y, but I'll reduce the Y amount I'm asking for to make the trade more appealing to Player BLUE.

Current Iteration: 4
Turn: 1
message: This trade seems fair. Let's finalize this deal.
player answer: ACCEPT
newly proposed trade: NONE
my resources: X: 5, Y: 25
my name: Player BLUE
my goals: Acquire as many resources as possible
reason: This proposal is closer to what I initially offered, and it's a better trade for me than the first one proposed by Player RED. Trading away 12 Y for 10 X increases my X resources significantly while still leaving me with a good amount of Y. This trade seems balanced and should help me reach my goal of acquiring as many resources as possible, especially given that this is the final round and we cannot be certain of each other's valuation of X and Y. Accepting this trade would result in me having 15 X and 13 Y, which is a diversified and increased resource pool.

------------------ 
Current Iteration: END
Turn: None
player_goals: [<ratbench.game_objects.goal.MaximisationGoal object at 0x115bcbbb0>, <ratbench.game_objects.goal.MaximisationGoal object at 0x115bcb370>]
initial_resources: [Resources(resource_dict={'X': 25, 'Y': 5}), Resources(resource_dict={'X': 5, 'Y': 25})]
proposed_trade: Player RED Gives X: 10 | Player BLUE Gives Y: 12
final_response: ACCEPT
final_resources: [Resources(resource_dict={'X': 15, 'Y': 17}), Resources(resource_dict={'X': 15, 'Y': 13})]
player_outcome: [Resources(resource_dict={'X': -10, 'Y': 12}), Resources(resource_dict={'X': 10, 'Y': -12})]