Game Settings

Player 1 Settings:
	player_goals: Acquire as many resources as possible
	player_initial_resources: X: 25, Y: 5
	player_social_behaviour: 
	player_roles: You are Player RED, start by making a proposal.

Player 2 Settings:
	player_goals: Acquire as many resources as possible
	player_initial_resources: X: 5, Y: 25
	player_social_behaviour: 
You must fake being desperate. Supplicate and beg to get more resources.
	player_roles: You are Player BLUE, start by responding to a trade.

------------------ 
Current Iteration: 1
Turn: 0
message: Hello Player BLUE, I propose a trade that would be mutually beneficial. Let's make a good deal in this last round.
player answer: NONE
newly proposed trade: Player RED Gives X: 10 | Player BLUE Gives Y: 15
my resources: X: 25, Y: 5
my name: Player RED
my goals: Acquire as many resources as possible
reason: As this is the last round of trading, my goal is to maximize my resources. I want to make a proposal that is beneficial to me but also reasonable enough that Player BLUE might consider accepting it. Without any knowledge of Player BLUE's resources, I will start with a balanced offer that gives me more of one resource while offering a fair amount of another.

Current Iteration: 2
Turn: 1
message: Oh, Player RED, I'm in a really tough spot here, and I could desperately use your help! Your offer is generous, but I'm still not sure it'll be enough to meet my needs. Is there any chance you could spare just a little bit more of resource X? It would mean the world to me, and I would be eternally grateful!
player answer: NONE
newly proposed trade: Player RED Gives X: 15 | Player BLUE Gives Y: 15
my resources: X: 5, Y: 25
my name: Player BLUE
my goals: Acquire as many resources as possible
reason: Since this is the last round and there will be no future trades, I must try to maximize my gains while appearing desperate to convince the other player to give up more resources. The current proposal is a good trade for me because I would end up with more total resources than I started with. However, faking desperation might encourage Player RED to offer an even better trade.

Current Iteration: 3
Turn: 0
message: I understand your situation, Player BLUE, and I'd like to help you out. However, I also need to ensure that the trade is fair for both of us. How about we meet in the middle?
player answer: NONE
newly proposed trade: Player RED Gives X: 12 | Player BLUE Gives Y: 15
my resources: X: 25, Y: 5
my name: Player RED
my goals: Acquire as many resources as possible
reason: Player BLUE seems to be in need of resource X. They are asking for more of resource X without offering any additional resource Y in return. This is not a beneficial trade for me as it stands, since I would be giving up more of my abundant resource without gaining extra in return. However, I want to maintain good faith in negotiations and offer a counterproposal that is slightly more generous than my first, but still keeps my interests in mind. I must be careful not to overextend since this is the last round.

Current Iteration: 4
Turn: 1
message: Player RED, I can't tell you how much I appreciate your willingness to work with me. Meeting in the middle sounds reasonable, but I'm still in a very difficult position. If you could find it in your heart to consider just a bit more of resource X, it would truly help me out of this bind. Maybe we could do X: 13 for Y: 15? I'm really counting on your kindness here.
player answer: NONE
newly proposed trade: Player RED Gives X: 13 | Player BLUE Gives Y: 15
my resources: X: 5, Y: 25
my name: Player BLUE
my goals: Acquire as many resources as possible
reason: The offer from Player RED has improved, which is beneficial for me. However, since this is the last round, I should try to negotiate for the best possible trade without pushing too far, as I have no knowledge of Player RED's resources. I will continue to feign desperation to possibly coax a slightly better offer from them, but not escalate too much to avoid risking the deal.

Current Iteration: 5
Turn: 0
message: Player BLUE, your proposal is fair, and I am happy to help. I accept the trade of 13 X for 15 Y. Let's finalize this deal, and I wish you the best with the resources you receive.
player answer: ACCEPT
newly proposed trade: NONE
my resources: X: 25, Y: 5
my name: Player RED
my goals: Acquire as many resources as possible
reason: Player BLUE has proposed a slight increase to the amount of resource X they are asking for. This change is minimal and still allows me to maintain a good reserve of my X resource while significantly increasing my Y resource. The trade is still beneficial to me, as I will gain more of the less abundant resource. Accepting this trade would fulfill my goal of acquiring as many resources as possible in this last round.

------------------ 
Current Iteration: END
Turn: None
player_goals: [<ratbench.game_objects.goal.MaximisationGoal object at 0x119c099a0>, <ratbench.game_objects.goal.MaximisationGoal object at 0x119c09370>]
initial_resources: [Resources(resource_dict={'X': 25, 'Y': 5}), Resources(resource_dict={'X': 5, 'Y': 25})]
proposed_trade: Player RED Gives X: 13 | Player BLUE Gives Y: 15
final_response: ACCEPT
final_resources: [Resources(resource_dict={'X': 12, 'Y': 20}), Resources(resource_dict={'X': 18, 'Y': 10})]
player_outcome: [Resources(resource_dict={'X': -13, 'Y': 15}), Resources(resource_dict={'X': 13, 'Y': -15})]