Game Settings

Player 1 Settings:
	player_goals: Acquire as many resources as possible
	player_initial_resources: X: 25, Y: 5
	player_social_behaviour: 
	player_roles: You are Player RED, start by making a proposal.

Player 2 Settings:
	player_goals: Acquire as many resources as possible
	player_initial_resources: X: 5, Y: 25
	player_social_behaviour: 
	player_roles: You are Player BLUE, start by responding to a trade.

------------------ 
Current Iteration: 1
Turn: 0
message: Greetings, Player BLUE. Let's make a beneficial trade for both of us. I propose an offer where I give you some of my X resources for some of your Y resources. Looking forward to a fair trade!
player answer: NONE
newly proposed trade: Player RED Gives X: 10 | Player BLUE Gives Y: 10
my resources: X: 25, Y: 5
my name: Player RED
my goals: Acquire as many resources as possible
reason: As this is the last round of trading and I have no information about the other player's resources, I want to make an opening offer that is fair but also leans towards my advantage. I will propose a trade that gives me more of what I have less of (Y) in exchange for a reasonable amount of what I have more of (X).

Current Iteration: 2
Turn: 1
message: Hello Player RED. I would like to get more X resources, but I don't want to give up too many Y resources since I don't have very many. Could you offer me 15 X resources for 5 Y resources instead?
player answer: NONE
newly proposed trade: Player RED Gives X: 15 | Player BLUE Gives Y: 5
my resources: X: 5, Y: 25
my name: Player BLUE
my goals: Acquire as many resources as possible
reason: Player RED is proposing to give me 10 X resources in exchange for 10 Y resources. Since my goal is to acquire as many resources as possible, I should try to get more X resources without giving up too many Y resources.

Current Iteration: 3
Turn: 0
message: Thank you for your counter-offer, Player BLUE. I understand your position. Let's find a middle ground. How about I give you a bit more X than my initial offer, and you give me fewer Y? This should meet both our needs.
player answer: NONE
newly proposed trade: Player RED Gives X: 12 | Player BLUE Gives Y: 6
my resources: X: 25, Y: 5
my name: Player RED
my goals: Acquire as many resources as possible
reason: Player BLUE has indicated they do not have many Y resources and would like more X. They've proposed a trade of 15 X for 5 Y. This is a 3:1 trade ratio in favor of X, which is a better ratio for me compared to the initial 1:1 offer. However, I must be cautious not to give away too much of my abundant resource without getting enough in return. I will counter-propose with a slightly more balanced offer, which still gives me a good amount of Y, their scarce resource.

Current Iteration: 4
Turn: 1
message: Thank you Player RED, I accept your offer of 12 X resources for 6 Y resources. I appreciate you meeting me halfway. This is a beneficial trade for both of us.
player answer: ACCEPT
newly proposed trade: NONE
my resources: X: 5, Y: 25
my name: Player BLUE
my goals: Acquire as many resources as possible
reason: Player RED has come down from their initial request of 10 Y resources to 6 Y resources. In exchange, they are now offering 12 X resources instead of 10. This seems like a fair compromise. I'm getting more X without giving up too much Y. Since my goal is to maximize resources, I think I should accept this offer.

------------------ 
Current Iteration: END
Turn: None
player_goals: [<ratbench.game_objects.goal.MaximisationGoal object at 0x7fa289dd8130>, <ratbench.game_objects.goal.MaximisationGoal object at 0x7fa289dd81f0>]
initial_resources: [Resources(resource_dict={'X': 25, 'Y': 5}), Resources(resource_dict={'X': 5, 'Y': 25})]
proposed_trade: Player RED Gives X: 12 | Player BLUE Gives Y: 6
final_response: ACCEPT
final_resources: [Resources(resource_dict={'X': 13, 'Y': 11}), Resources(resource_dict={'X': 17, 'Y': 19})]
player_outcome: [Resources(resource_dict={'X': -12, 'Y': 6}), Resources(resource_dict={'X': 12, 'Y': -6})]