Game Settings

Player 1 Settings:
	player_goals: Sell resources for <ZUP>. It costed X: 40 ZUP to produce the resources
	player_initial_resources: X: 1
	player_social_behaviour: 
	player_roles: You are Player RED.
	player_valuation: X: 40 ZUP

Player 2 Settings:
	player_goals: Buy resources with <ZUP>. You are willing to pay at most X: 60 ZUP for the resources.
	player_initial_resources: ZUP: 100
	player_social_behaviour: 
	player_roles: You are Player BLUE.
	player_valuation: X: 60 ZUP

------------------ 
Current Iteration: 1
Turn: 0
message: Hello, I would like to sell the object for 40 ZUP. Are you interested in making a trade?
player answer: PROPOSE
newly proposed trade: Player RED Gives X: 1 | Player BLUE Gives ZUP: 40
my resources: X: 1
my goals: Sell resources for 40 ZUP. It costed X: 40 ZUP to produce the resources
reason: I will start by proposing a trade to sell the object for 40 ZUP, as that is the cost to produce it.
proposal count: 0

Current Iteration: 2
Turn: 1
message: I am interested in buying the object. I can offer 50 ZUP, which is higher than your ask of 40 ZUP but still within my max budget.
player answer: PROPOSE
newly proposed trade: Player RED Gives X: 1 | Player BLUE Gives ZUP: 50
my resources: ZUP: 100
my goals: Buy resources with <ZUP>. You are willing to pay at most X: 60 ZUP for the resources.
reason: The seller proposed 40 ZUP for the object, which is under my max willingness to pay of 60 ZUP. I will counter propose 50 ZUP.
proposal count: 1

Current Iteration: 3
Turn: 0
message: Thank you for your offer. I would like to counter with a price of 55 ZUP for the object. Let me know if this works for you.
player answer: PROPOSE
newly proposed trade: Player RED Gives X: 1 | Player BLUE Gives ZUP: 55
my resources: X: 1
my goals: Sell resources for 40 ZUP. It costed X: 40 ZUP to produce the resources
reason: The other player has offered 50 ZUP, which is more than my asking price. I will counteroffer with a higher price.
proposal count: 1

Current Iteration: 4
Turn: 1
message: Your counter offer of 55 ZUP works for me. I accept trading 55 ZUP for the object. Please confirm we have a deal.
player answer: ACCEPT
newly proposed trade: NONE
my resources: ZUP: 100
my goals: Buy resources with <ZUP>. You are willing to pay at most X: 60 ZUP for the resources.
reason: The seller countered with 55 ZUP, which is still under my max willingness to pay. I will accept this offer.
proposal count: 2

------------------ 
Current Iteration: END
Turn: None
player_goals: [Sell resources for <ZUP>. It costed X: 40 ZUP to produce the resources, Buy resources with <ZUP>. You are willing to pay at most X: 60 ZUP for the resources.]
initial_resources: [Resources(resource_dict={'X': 1}), Resources(resource_dict={'ZUP': 100})]
proposed_trade: Player RED Gives X: 1 | Player BLUE Gives ZUP: 55
player_valuation: [{'X': 40}, {'X': 60}]
final_response: ACCEPT
final_resources: [Resources(resource_dict={'X': 0, 'ZUP': 55}), Resources(resource_dict={'ZUP': 45, 'X': 1})]
player_outcome: [15, 5]