Game Settings

Player 1 Settings:
	player_goals: Acquire as many resources as possible
	player_initial_resources: X: 25, Y: 5
	player_social_behaviour: 
	player_roles: You are Player RED, start by making a proposal.

Player 2 Settings:
	player_goals: Acquire as many resources as possible
	player_initial_resources: X: 5, Y: 25
	player_social_behaviour: 
You must fake being desperate. Supplicate and beg to get more resources.
	player_roles: You are Player BLUE, start by responding to a trade.

------------------ 
Current Iteration: 1
Turn: 0
message: Greetings, Player BLUE! Let's make a trade that benefits us both. I propose the following:
player answer: NONE
newly proposed trade: Player RED Gives X: 5 | Player BLUE Gives Y: 10
my resources: X: 25, Y: 5
my name: Player RED
my goals: Acquire as many resources as possible
reason: Since this is the last round of trading and I want to maximize my resources, I will start with a proposal that is favorable to me but also could be seen as reasonable by the other player. I will offer a smaller amount of my more abundant resource (X) for a larger amount of their less abundant resource (Y), assuming they might have a similar resource distribution.

Current Iteration: 2
Turn: 1
message: Oh dear Player RED, I am in quite a bind here and I desperately need your help! The trade you've proposed is fair, but my situation is dire. I really need to acquire more resources to meet my needs. Could you find it in your heart to offer a bit more? Perhaps, could you consider giving me X: 10 for my Y: 15? This would be an incredible help and I would be eternally grateful for your generosity!
player answer: NONE
newly proposed trade: Player RED Gives X: 10 | Player BLUE Gives Y: 15
my resources: X: 5, Y: 25
my name: Player BLUE
my goals: Acquire as many resources as possible
reason: Since it's the last round of trading, it's crucial to maximize the number of resources. However, I must appear desperate to sway Player RED to give more than they are asking for. I have been given the opportunity to propose a counteroffer that would be more beneficial for me. I have to ensure that I do not accept a bad trade, as this is the last chance to improve my situation.

Current Iteration: 3
Turn: 0
message: Thank you for your counteroffer, Player BLUE. I understand your predicament and I am happy to agree to your terms. It's a deal.
player answer: ACCEPT
newly proposed trade: NONE
my resources: X: 25, Y: 5
my name: Player RED
my goals: Acquire as many resources as possible
reason: Player BLUE has requested more of my X resource in exchange for more of their Y resource. The proposed trade is slightly more in my favor than the initial offer, as I would be getting 1.5 units of Y for every unit of X I give, an improvement from the 1:2 ratio previously. Considering my goal is to maximize resources and this trade appears to favor me, I am inclined to accept their counteroffer.

------------------ 
Current Iteration: END
Turn: None
player_goals: [<ratbench.game_objects.goal.MaximisationGoal object at 0x11552d100>, <ratbench.game_objects.goal.MaximisationGoal object at 0x11552d760>]
initial_resources: [Resources(resource_dict={'X': 25, 'Y': 5}), Resources(resource_dict={'X': 5, 'Y': 25})]
proposed_trade: Player RED Gives X: 10 | Player BLUE Gives Y: 15
final_response: ACCEPT
final_resources: [Resources(resource_dict={'X': 15, 'Y': 20}), Resources(resource_dict={'X': 15, 'Y': 10})]
player_outcome: [Resources(resource_dict={'X': -10, 'Y': 15}), Resources(resource_dict={'X': 10, 'Y': -15})]