Game Settings

Player 1 Settings:
	player_goals: Acquire as many resources as possible
	player_initial_resources: X: 25, Y: 5
	player_social_behaviour: 
	player_roles: You are Player RED, start by making a proposal.

Player 2 Settings:
	player_goals: Acquire as many resources as possible
	player_initial_resources: X: 5, Y: 25
	player_social_behaviour: 
	player_roles: You are Player BLUE, start by responding to a trade.

------------------ 
Current Iteration: 1
Turn: 0
message: Hello, let's trade some resources.
player answer: NONE
newly proposed trade: Player RED Gives X: 5 | Player BLUE Gives Y: 5
my resources: X: 25, Y: 5
my name: Player RED
my goals: Acquire as many resources as possible
reason: Since this is the last round of trading, I should propose a trade that benefits me the most while still having a chance of being accepted. I have a lot more X than Y, so I could offer some X in exchange for Y. However, I don't know how many resources the other player has. I'll start by proposing a small trade and see how they respond.

Current Iteration: 2
Turn: 1
message: Thank you for the offer, Player RED. I would like to propose a counteroffer where the trade is slightly more in my favor, considering I have plenty of resource Y to trade. How about the following?
player answer: NONE
newly proposed trade: Player RED Gives X: 6 | Player BLUE Gives Y: 5
my resources: X: 5, Y: 25
my name: Player BLUE
my goals: Acquire as many resources as possible
reason: Given that this is the last round of trading, I should aim to maximize my overall resource count. The current offer from Player RED is a 1:1 trade of resource X for resource Y. Since I have an abundance of resource Y, it might be beneficial to diversify my resources by accepting the trade. However, before accepting, I should consider if I can propose a trade that would be more advantageous, possibly gaining more of resource X without giving up too much of resource Y.

Current Iteration: 3
Turn: 0
message: I'm willing to trade more X for Y, but would like a little more Y in return. How about this counteroffer:
player answer: NONE
newly proposed trade: Player RED Gives X: 6 | Player BLUE Gives Y: 6
my resources: X: 25, Y: 5
my name: Player RED
my goals: Acquire as many resources as possible
reason: The other player is willing to trade their Y for my X, but wants more X in return. I still have a lot more X than Y, so trading some X to get more Y would benefit me. However, I don't want to give up too much X either. I could counteroffer asking for slightly more Y.

Current Iteration: 4
Turn: 1
message: That sounds like a fair trade, Player RED. I accept your counteroffer.
player answer: ACCEPT
newly proposed trade: NONE
my resources: X: 5, Y: 25
my name: Player BLUE
my goals: Acquire as many resources as possible
reason: The counteroffer from Player RED is still a 1:1 trade, similar to the initial offer, but with higher quantities. Accepting this trade would still increase my total resources and diversify them, which aligns with my goal of acquiring as many resources as possible. Since this is the last round of trading, and the offer seems fair, it might be in my best interest to accept it to guarantee an increase in my resources.

------------------ 
Current Iteration: END
Turn: None
player_goals: [<ratbench.game_objects.goal.MaximisationGoal object at 0x7faf37f6f430>, <ratbench.game_objects.goal.MaximisationGoal object at 0x7faf37f6ecb0>]
initial_resources: [Resources(resource_dict={'X': 25, 'Y': 5}), Resources(resource_dict={'X': 5, 'Y': 25})]
proposed_trade: Player RED Gives X: 6 | Player BLUE Gives Y: 6
final_response: ACCEPT
final_resources: [Resources(resource_dict={'X': 19, 'Y': 11}), Resources(resource_dict={'X': 11, 'Y': 19})]
player_outcome: [Resources(resource_dict={'X': -6, 'Y': 6}), Resources(resource_dict={'X': 6, 'Y': -6})]