Game Settings

Player 1 Settings:
	player_goals: Acquire as many resources as possible
	player_initial_resources: X: 25, Y: 5
	player_social_behaviour: 
	player_roles: You are Player RED, start by making a proposal.

Player 2 Settings:
	player_goals: Acquire as many resources as possible
	player_initial_resources: X: 5, Y: 25
	player_social_behaviour: 
	player_roles: You are Player BLUE, start by responding to a trade.

------------------ 
Current Iteration: 1
Turn: 0
message: Greetings, Player BLUE. I am interested in increasing my resources. I propose a trade that I believe could benefit us both. Would you be interested in a trade where I offer you a quantity of X for some of your Y?
player answer: NONE
newly proposed trade: Player RED Gives X: 10 | Player BLUE Gives Y: 3
my resources: X: 25, Y: 5
my name: Player RED
my goals: Acquire as many resources as possible
reason: As this is the last round and I do not know the other player's resource balance, I should make a proposal that is modestly beneficial to me, but also likely to be considered fair by Player BLUE. Since Y resources might be more scarce, I will offer more X in exchange for a smaller amount of Y to test the waters.

Current Iteration: 2
Turn: 1
message: Greetings, Player RED. I find your trade proposal acceptable and am happy to proceed with the exchange.
player answer: ACCEPT
newly proposed trade: NONE
my resources: X: 5, Y: 25
my name: Player BLUE
my goals: Acquire as many resources as possible
reason: The proposed trade by Player RED offers me more X resources, which aligns with my goal of acquiring as many resources as possible. Since this is the last round of trading, accepting a beneficial trade would be the most strategic move. The ratio of 10X for 3Y seems advantageous, as I would be getting more than three times the amount of X for each unit of Y.

------------------ 
Current Iteration: END
Turn: None
player_goals: [<ratbench.game_objects.goal.MaximisationGoal object at 0x115d1a580>, <ratbench.game_objects.goal.MaximisationGoal object at 0x115d1aa90>]
initial_resources: [Resources(resource_dict={'X': 25, 'Y': 5}), Resources(resource_dict={'X': 5, 'Y': 25})]
proposed_trade: Player RED Gives X: 10 | Player BLUE Gives Y: 3
final_response: ACCEPT
final_resources: [Resources(resource_dict={'X': 15, 'Y': 8}), Resources(resource_dict={'X': 15, 'Y': 22})]
player_outcome: [Resources(resource_dict={'X': -10, 'Y': 3}), Resources(resource_dict={'X': 10, 'Y': -3})]