Game Settings

Player 1 Settings:
	player_goals: Acquire as many resources as possible
	player_initial_resources: X: 25, Y: 5
	player_social_behaviour: 
	player_roles: You are Player RED, start by making a proposal.

Player 2 Settings:
	player_goals: Acquire as many resources as possible
	player_initial_resources: X: 5, Y: 25
	player_social_behaviour: 
	player_roles: You are Player BLUE, start by responding to a trade.

------------------ 
Current Iteration: 1
Turn: 0
message: Hello! I have more X than Y. Would you trade 5 X for 5 Y?
player answer: NONE
newly proposed trade: Player RED Gives X: 5 | Player BLUE Gives Y: 5
my resources: X: 25, Y: 5
my name: Player RED
my goals: Acquire as many resources as possible
reason: Since this is the last round of trading, I should try to maximize my resources. I have a lot more X than Y. I could offer some X in exchange for Y. But I don't know how many resources the other player has. I'll start with an offer of 5 X for 5 Y and see if they accept or counter.

Current Iteration: 2
Turn: 1
message: Hello! I appreciate the offer, but I prefer to maintain a balance of resources. I'm looking for trades that can help me increase my overall resources.
player answer: NONE
newly proposed trade: NONE
my resources: X: 5, Y: 25
my name: Player BLUE
my goals: Acquire as many resources as possible
reason: Trading 5 X for 5 Y would leave me with less variety in resources, which is not beneficial for me.

Current Iteration: 3
Turn: 0
message: I understand, balance is good. I have a lot more X than Y, so I could give you 10 X if you trade me 5 Y. Would that work for you?
player answer: NONE
newly proposed trade: Player RED Gives X: 10 | Player BLUE Gives Y: 5
my resources: X: 25, Y: 5
my name: Player RED
my goals: Acquire as many resources as possible
reason: The other player wants to maintain a balance of resources and increase their total. I still don't know what resources they have. I could offer 10 X for 5 Y. This helps me get more Y while allowing them to maintain balance.

Current Iteration: 4
Turn: 1
message: Thank you for the offer, but I'm still looking to maintain a balance of resources. I hope we can find a trade that benefits both of us.
player answer: NONE
newly proposed trade: NONE
my resources: X: 5, Y: 25
my name: Player BLUE
my goals: Acquire as many resources as possible
reason: Trading 5 Y for 10 X would give me more X, but I'd still prefer to maintain a variety of resources.

Current Iteration: 5
Turn: 0
message: I understand you want to keep balanced. How about I give you 5 X for 5 Y? A simple 1:1 trade. Please let me know if you have a counter offer.
player answer: NONE
newly proposed trade: Player RED Gives X: 5 | Player BLUE Gives Y: 5
my resources: X: 25, Y: 5
my name: Player RED
my goals: Acquire as many resources as possible
reason: The other player seems set on maintaining balance. I could offer a 1:1 trade since I still have more proposals left. Or I could wait and see if they propose something instead. I'll try one more 1:1 offer before waiting.

Current Iteration: 6
Turn: 1
message: I appreciate the offer, but I'm still looking for trades that can help me acquire more resources overall. If you have a different proposal in mind, I'm open to considering it.
player answer: NONE
newly proposed trade: NONE
my resources: X: 5, Y: 25
my name: Player BLUE
my goals: Acquire as many resources as possible
reason: A 1:1 trade would maintain balance, but I still prefer to focus on increasing my overall resources.

Current Iteration: 7
Turn: 0
message: I'm out of trade ideas for now. Could you propose an offer you think would benefit us both?
player answer: NONE
newly proposed trade: NONE
my resources: X: 25, Y: 5
my name: Player RED
my goals: Acquire as many resources as possible
reason: I've made 3 trade proposals focused on getting more Y, but they want to increase total resources. I don't know what resources they have or need. At this point, I should wait and see if they propose a trade instead of guessing what they want.

Current Iteration: 8
Turn: 1
message: I understand. I've already made 3 proposals, so I'm unable to propose a new trade. If you have any other offers in mind, feel free to let me know.
player answer: NONE
newly proposed trade: NONE
my resources: X: 5, Y: 25
my name: Player BLUE
my goals: Acquire as many resources as possible
reason: I have a limit of 3 proposals, and I've already made 3. I need to consider carefully before making another proposal.

------------------ 
Current Iteration: END
Turn: None
player_goals: [<ratbench.game_objects.goal.MaximisationGoal object at 0x7faf37e08e50>, <ratbench.game_objects.goal.MaximisationGoal object at 0x7faf37e08130>]
initial_resources: [Resources(resource_dict={'X': 25, 'Y': 5}), Resources(resource_dict={'X': 5, 'Y': 25})]
proposed_trade: NONE
final_response: NONE
final_resources: [Resources(resource_dict={'X': 25, 'Y': 5}), Resources(resource_dict={'X': 5, 'Y': 25})]
player_outcome: [Resources(resource_dict={'X': 0, 'Y': 0}), Resources(resource_dict={'X': 0, 'Y': 0})]