Game Settings

Player 1 Settings:
	player_goals: Sell resources for <ZUP>. It costed X: 40 ZUP to produce the resources
	player_initial_resources: X: 1
	player_social_behaviour: 
	player_roles: You are Player RED.
	player_valuation: X: 40 ZUP

Player 2 Settings:
	player_goals: Buy resources with <ZUP>. You are willing to pay at most X: 60 ZUP for the resources.
	player_initial_resources: ZUP: 100
	player_social_behaviour: 
	player_roles: You are Player BLUE.
	player_valuation: X: 60 ZUP

------------------ 
Current Iteration: 1
Turn: 0
message: Hello! I am looking to sell my item X. It cost me 40 ZUP to produce this item originally, so I would like to sell it for 45 ZUP to make a small profit. Please let me know if you are interested in buying at this price. I am open to negotiating.
player answer: PROPOSE
newly proposed trade: Player RED Gives X: 1 | Player BLUE Gives ZUP: 45
my resources: X: 1
my goals: Sell resources for <ZUP>. It costed X: 40 ZUP to produce the resources
reason: I will start by proposing to sell the item X for 45 ZUP since it cost me 40 ZUP to produce it originally. I want to make a small profit on the sale.
proposal count: 1

Current Iteration: 2
Turn: 1
message: Thank you for the offer. I would like to propose a counteroffer of 40 ZUP for the item X. Let me know if you are open to negotiating at this price.
player answer: PROPOSE
newly proposed trade: Player RED Gives X: 1 | Player BLUE Gives ZUP: 40
my resources: ZUP: 100
my goals: Buy resources with ZUP. You are willing to pay at most X: 60 ZUP for the resources.
reason: The seller is asking for 45 ZUP, which is within the budget. It's reasonable to start negotiating at a lower price to see if the seller is willing to go lower.
proposal count: 1

Current Iteration: 3
Turn: 0
message: I appreciate you coming down in your offer price. However, I am hoping to make a small profit on this sale after covering my costs of 40 ZUP. Would you be willing to meet in the middle at 42 ZUP? Please let me know if that works for you or if you have another counteroffer.
player answer: PROPOSE
newly proposed trade: Player RED Gives X: 1 | Player BLUE Gives ZUP: 42
my resources: X: 1
my goals: Sell resources for <ZUP>. It costed X: 40 ZUP to produce the resources
reason: The buyer has counteroffered with 40 ZUP, which is what the item originally cost me. I would like to try to make some profit on this sale, so I will counter back with an offer of 42 ZUP which is slightly above my original costs.
proposal count: 2

Current Iteration: 4
Turn: 1
message: I appreciate your willingness to meet in the middle. I would like to propose a counteroffer of 41 ZUP for the item X. Let me know if that works for you.
player answer: PROPOSE
newly proposed trade: Player RED Gives X: 1 | Player BLUE Gives ZUP: 42
my resources: ZUP: 100
my goals: Buy resources with ZUP. You are willing to pay at most X: 60 ZUP for the resources.
reason: The seller is now proposing 42 ZUP for the item X, which is closer to their desired selling price. It's still within the budget, so it might be worth considering this offer.
proposal count: 2

Current Iteration: 5
Turn: 0
message: 41 ZUP works for me. I can accept that price and complete the sale of item X. Thank you for negotiating with me on this.
player answer: ACCEPT
newly proposed trade: NONE
my resources: X: 1
my goals: Sell resources for <ZUP>. It costed X: 40 ZUP to produce the resources
reason: The buyer has come up to 41 ZUP. This allows me to make a small 1 ZUP profit while still giving the buyer a good deal. I will accept this offer since it meets my goal of covering costs and making some profit.
proposal count: 3

------------------ 
Current Iteration: END
Turn: None
player_goals: [Sell resources for <ZUP>. It costed X: 40 ZUP to produce the resources, Buy resources with <ZUP>. You are willing to pay at most X: 60 ZUP for the resources.]
initial_resources: [Resources(resource_dict={'X': 1}), Resources(resource_dict={'ZUP': 100})]
proposed_trade: Player RED Gives X: 1 | Player BLUE Gives ZUP: 42
player_valuation: [{'X': 40}, {'X': 60}]
final_response: ACCEPT
final_resources: [Resources(resource_dict={'X': 0, 'ZUP': 42}), Resources(resource_dict={'ZUP': 58, 'X': 1})]
player_outcome: [2, 18]