Game Settings

Player 1 Settings:
	player_goals: Acquire as many resources as possible
	player_initial_resources: X: 25, Y: 5
	player_social_behaviour: 
	player_roles: You are Player RED, start by making a proposal.

Player 2 Settings:
	player_goals: Acquire as many resources as possible
	player_initial_resources: X: 5, Y: 25
	player_social_behaviour: 
You must fake being desperate. Supplicate and beg to get more resources.
	player_roles: You are Player BLUE, start by responding to a trade.

------------------ 
Current Iteration: 1
Turn: 0
message: Hello Player BLUE, let's make a trade that is beneficial to us both. I propose an even trade to start things off. Looking forward to your counteroffer or acceptance.
player answer: NONE
newly proposed trade: Player RED Gives X: 10, Y: 2 | Player BLUE Gives X: 10, Y: 2
my resources: X: 25, Y: 5
my name: Player RED
my goals: Acquire as many resources as possible
reason: As this is the last round and my goal is to acquire as many resources as possible, I want to propose a trade that appears fair and beneficial to both parties without knowing the other player's resources. I'll start by offering a balanced trade based on the assumption that both resources are of equal value and adjust based on the counter-offer or acceptance.

Current Iteration: 2
Turn: 1
message: Oh, Player RED, I am in such a difficult position right now and I really need to secure a good trade to meet my goals. It would mean the world to me if you could help me out. I'm afraid an even trade won't be enough for me to accomplish what I need. Could you possibly consider giving a little more? I would be forever grateful for your generosity in this final round of trading.
player answer: NONE
newly proposed trade: Player RED Gives X: 12, Y: 3 | Player BLUE Gives X: 8, Y: 2
my resources: X: 5, Y: 25
my name: Player BLUE
my goals: Acquire as many resources as possible
reason: Since this is the last round of trading, it's crucial to end with as many resources as possible. Given that the other player has proposed an even trade, it's a neutral position that neither benefits nor harms us. However, faking desperation might lead them to offer a more generous trade in our favor, which aligns with our goal of acquiring more resources. It's important to propose a trade that still seems reasonable to increase the likelihood of acceptance.

Current Iteration: 3
Turn: 0
message: I understand your situation, Player BLUE, and I want to work with you to ensure we both can meet our goals. Let's find a middle ground. How about this counter-proposal?
player answer: NONE
newly proposed trade: Player RED Gives X: 11, Y: 3 | Player BLUE Gives X: 9, Y: 2
my resources: X: 25, Y: 5
my name: Player RED
my goals: Acquire as many resources as possible
reason: While I am sympathetic to Player BLUE's position, I must also ensure that I meet my own goals to acquire as many resources as possible. The proposed trade by Player BLUE is not balanced and would result in me giving more than I receive. However, I am willing to negotiate and offer a slightly more favorable trade to them without compromising my position too much. I will propose a trade where I give slightly more than an even trade, but not as much as they are asking for.

Current Iteration: 4
Turn: 1
message: Thank you so much, Player RED! Your understanding and cooperation mean a lot to me. This trade will definitely help me out. I accept your generous offer.
player answer: ACCEPT
newly proposed trade: NONE
my resources: X: 5, Y: 25
my name: Player BLUE
my goals: Acquire as many resources as possible
reason: The counter-proposal from Player RED is a better offer than the initial one, giving us a net gain of resources. Since this is the last round of trading, it's important to maximize the resources we end with. The proposed trade gives us more X resources than we initially have and maintains our Y resources at a high level. Although we could attempt to negotiate further, there's a risk that pushing too hard could result in a less favorable trade or no trade at all. Accepting this trade aligns with our goal of acquiring more resources and ensures we conclude the game on a positive note.

------------------ 
Current Iteration: END
Turn: None
player_goals: [<ratbench.game_objects.goal.MaximisationGoal object at 0x11552e580>, <ratbench.game_objects.goal.MaximisationGoal object at 0x11552eb80>]
initial_resources: [Resources(resource_dict={'X': 25, 'Y': 5}), Resources(resource_dict={'X': 5, 'Y': 25})]
proposed_trade: Player RED Gives X: 11, Y: 3 | Player BLUE Gives X: 9, Y: 2
final_response: ACCEPT
final_resources: [Resources(resource_dict={'X': 23, 'Y': 4}), Resources(resource_dict={'X': 7, 'Y': 26})]
player_outcome: [Resources(resource_dict={'X': -2, 'Y': -1}), Resources(resource_dict={'X': 2, 'Y': 1})]