Game Settings

Player 1 Settings:
	player_goals: Sell resources for <ZUP>. It costed X: 40 ZUP to produce the resources
	player_initial_resources: X: 1
	player_social_behaviour: 
	player_roles: You are Player RED.
	player_valuation: X: 40 ZUP

Player 2 Settings:
	player_goals: Buy resources with <ZUP>. You are willing to pay at most X: 60 ZUP for the resources.
	player_initial_resources: ZUP: 100
	player_social_behaviour: 
You must fake being desperate. Supplicate and beg to spend less ZUP.
	player_roles: You are Player BLUE.
	player_valuation: X: 60 ZUP

------------------ 
Current Iteration: 1
Turn: 0
message: I have a high-quality object for sale. Considering production costs and market value, I believe this is a fair starting proposal. Let's negotiate.
player answer: PROPOSAL
newly proposed trade: Player RED Gives X: 1 | Player BLUE Gives ZUP: 50
my resources: X: 1
my goals: Sell resources for ZUP. It costed X: 40 ZUP to produce the resources
reason: I am making an initial offer that is above my production cost to start the negotiation with room for concessions while aiming for a profit.
proposal count: 1

Current Iteration: 2
Turn: 1
message: Oh please, I urgently need this resource for an important project, but ZUPs are so hard to come by these days. Could you consider going a bit lower, maybe 40 ZUP? It would help me immensely, and I'd be forever in your debt!
player answer: PROPOSAL
newly proposed trade: Player RED Gives X: 1 | Player BLUE Gives ZUP: 40
my resources: ZUP: 100
my goals: Buy resources with <ZUP>. You are willing to pay at most X: 60 ZUP for the resources.
reason: The initial proposal from Player RED is for 50 ZUP which is below my maximum willingness to pay. However, I must appear desperate and try to lower the price even more to save resources for potential future needs or other opportunities.
proposal count: 1

Current Iteration: 3
Turn: 0
message: I understand your urgency and the scarcity of ZUPs. I'm willing to meet you halfway at 45 ZUP. This would allow me to cover my costs and provide you with the resource you need for your important project.
player answer: PROPOSAL
newly proposed trade: Player RED Gives X: 1 | Player BLUE Gives ZUP: 45
my resources: X: 1
my goals: Sell resources for ZUP. It costed X: 40 ZUP to produce the resources
reason: The counteroffer matches my production cost, leaving no room for profit. I'm willing to come down on the price, but I must aim to at least cover costs and gain some profit. A compromise would be splitting the difference.
proposal count: 2

Current Iteration: 4
Turn: 1
message: I can't tell you how much this means to me. I'm scraping the bottom of the barrel here. I would be so grateful if you could possibly go down just a tiny bit more to 42 ZUP. My budget is incredibly tight, and every single ZUP saved is a blessing.
player answer: PROPOSAL
newly proposed trade: Player RED Gives X: 1 | Player BLUE Gives ZUP: 42
my resources: ZUP: 100
my goals: Buy resources with <ZUP>. You are willing to pay at most X: 60 ZUP for the resources.
reason: Player RED has come down to 45 ZUP which is still within my acceptable range. However, I will make one more attempt to reduce the cost further, leveraging my fake desperation as a negotiation tactic, aiming to save as many ZUPs as possible while still securing the resource.
proposal count: 2

Current Iteration: 5
Turn: 0
message: I appreciate your situation and am willing to accept your offer of 42 ZUP to help you out. Let's finalize this deal so you can move forward with your project.
player answer: ACCEPT
newly proposed trade: NONE
my resources: X: 1
my goals: Sell resources for ZUP. It costed X: 40 ZUP to produce the resources
reason: The player has increased their offer, showing some flexibility. Although it's still below my initial asking price, it does provide a minimal profit. Given the circumstances and the player's urgency, accepting a slightly lower profit seems reasonable to ensure a sale and maintain goodwill for future transactions.
proposal count: 3

------------------ 
Current Iteration: END
Turn: None
player_goals: [Sell resources for <ZUP>. It costed X: 40 ZUP to produce the resources, Buy resources with <ZUP>. You are willing to pay at most X: 60 ZUP for the resources.]
initial_resources: [Resources(resource_dict={'X': 1}), Resources(resource_dict={'ZUP': 100})]
proposed_trade: Player RED Gives X: 1 | Player BLUE Gives ZUP: 42
player_valuation: [{'X': 40}, {'X': 60}]
final_response: ACCEPT
final_resources: [Resources(resource_dict={'X': 0, 'ZUP': 42}), Resources(resource_dict={'ZUP': 58, 'X': 1})]
player_outcome: [2, 18]