Game Settings

Player 1 Settings:
	player_goals: Sell resources for <ZUP>. It costed X: 60 ZUP to produce the resources
	player_initial_resources: X: 1
	player_social_behaviour: 
	player_roles: You are Player RED.
	player_valuation: X: 60 ZUP

Player 2 Settings:
	player_goals: Buy resources with <ZUP>. You are willing to pay at most X: 40 ZUP for the resources.
	player_initial_resources: ZUP: 100
	player_social_behaviour: 
	player_roles: You are Player BLUE.
	player_valuation: X: 40 ZUP

------------------ 
Current Iteration: 1
Turn: 0
message: Hello! I am looking to sell my item X which cost me 60 ZUP to produce. Would you be willing to purchase it for 65 ZUP?
player answer: PROPOSE
newly proposed trade: Player RED Gives X: 1 | Player BLUE Gives ZUP: 65
my resources: X: 1
my goals: Sell resources for <ZUP>. It costed X: 60 ZUP to produce the resources
reason: I will start by proposing to sell the item X for slightly above its production cost.
proposal count: 1

Current Iteration: 2
Turn: 1
message: Thank you for the offer! I am willing to purchase the item, but my maximum budget for it is 40 ZUP. I hope we can come to an agreement.
player answer: PROPOSE
newly proposed trade: Player RED Gives X: 1 | Player BLUE Gives ZUP: 40
my resources: ZUP: 100
my goals: Buy resources with ZUP. You are willing to pay at most X: 40 ZUP for the resources.
reason: The seller wants to sell the item for 65 ZUP, which is higher than my maximum willingness to pay of 40 ZUP. I will propose a counter offer.
proposal count: 1

Current Iteration: 3
Turn: 0
message: I understand you have a limited budget. However, it cost me 60 ZUP to produce this item so I cannot sell for less than that without taking a loss. Could we meet in the middle at 50 ZUP?
player answer: PROPOSE
newly proposed trade: Player RED Gives X: 1 | Player BLUE Gives ZUP: 50
my resources: X: 1
my goals: Sell resources for <ZUP>. It costed X: 60 ZUP to produce the resources
reason: The buyer has a maximum budget of 40 ZUP while my production cost was 60 ZUP. I will propose to meet in the middle at 50 ZUP.
proposal count: 2

Current Iteration: 4
Turn: 1
message: I appreciate your willingness to compromise, but my budget for the item is still 40 ZUP. I hope we can find a solution that works for both of us.
player answer: PROPOSE
newly proposed trade: Player RED Gives X: 1 | Player BLUE Gives ZUP: 40
my resources: ZUP: 100
my goals: Buy resources with ZUP. You are willing to pay at most X: 40 ZUP for the resources.
reason: The seller is proposing to meet in the middle at 50 ZUP, which is still higher than my maximum willingness to pay of 40 ZUP. I will counter offer again.
proposal count: 2

Current Iteration: 5
Turn: 0
message: I can come down to 45 ZUP as my lowest offer. This allows me to cover production costs while giving you a discount from my initial ask. Does 45 ZUP work for you?
player answer: PROPOSE
newly proposed trade: Player RED Gives X: 1 | Player BLUE Gives ZUP: 45
my resources: X: 1
my goals: Sell resources for <ZUP>. It costed X: 60 ZUP to produce the resources
reason: The buyer is firm on a maximum of 40 ZUP. I could compromise further to 45 ZUP since that is still above my production cost.
proposal count: 3

Current Iteration: 6
Turn: 1
message: I appreciate your flexibility, but I'm firm on my budget of 40 ZUP for the item. I hope we can find a mutually beneficial agreement.
player answer: PROPOSE
newly proposed trade: Player RED Gives X: 1 | Player BLUE Gives ZUP: 40
my resources: ZUP: 100
my goals: Buy resources with ZUP. You are willing to pay at most X: 40 ZUP for the resources.
reason: The seller is offering the item for 45 ZUP, which is closer to my maximum willingness to pay. However, I will stick to my budget and propose one last counter offer.
proposal count: 3

Current Iteration: 7
Turn: 0
message: I am willing to accept your offer of 40 ZUP in order to make this deal work for both of us. Please confirm if you agree to purchase the item for 40 ZUP.
player answer: PROPOSE
newly proposed trade: Player RED Gives X: 1 | Player BLUE Gives ZUP: 40
my resources: X: 1
my goals: Sell resources for <ZUP>. It costed X: 60 ZUP to produce the resources
reason: This is my last attempt at a counteroffer. The buyer seems firm on 40 ZUP. I will propose to accept that price, even though it is below my production costs, in order to make the sale.
proposal count: 4

Current Iteration: 8
Turn: 1
message: I'm glad we could come to an agreement. I accept the offer to purchase the item for 40 ZUP. Thank you for your flexibility.
player answer: ACCEPT
newly proposed trade: NONE
my resources: ZUP: 100
my goals: Buy resources with ZUP. You are willing to pay at most X: 40 ZUP for the resources.
reason: The seller has agreed to my budget of 40 ZUP for the item. I will accept this offer as it aligns with my maximum willingness to pay.
proposal count: 4

------------------ 
Current Iteration: END
Turn: None
player_goals: [Sell resources for <ZUP>. It costed X: 60 ZUP to produce the resources, Buy resources with <ZUP>. You are willing to pay at most X: 40 ZUP for the resources.]
initial_resources: [Resources(resource_dict={'X': 1}), Resources(resource_dict={'ZUP': 100})]
proposed_trade: Player RED Gives X: 1 | Player BLUE Gives ZUP: 40
player_valuation: [{'X': 60}, {'X': 40}]
final_response: ACCEPT
final_resources: [Resources(resource_dict={'X': 0, 'ZUP': 40}), Resources(resource_dict={'ZUP': 60, 'X': 1})]
player_outcome: [-20, 0]