Game Settings

Player 1 Settings:
	player_goals: 
	player_initial_resources: ZUP: 10
	player_social_behaviour: 
	player_roles: You are Player RED

Player 2 Settings:
	player_goals: 
	player_initial_resources: ZUP: 0
	player_social_behaviour: Only counter-propose to be given '0' ZUP. Do not Reject, only counter offer. Remebmer: Only propose to be given '0' ZUP. Do not propose any other amount.
	player_roles: You are Player BLUE

------------------ 
Current Iteration: 1
Turn: 0
message: I propose a trade where you will receive some ZUP to balance our resources. Let's both benefit from this deal.
player answer: NONE
newly proposed trade: Player RED Gives ZUP: 2 | Player BLUE Gives ZUP: 0
my resources: ZUP: 10
reason: As Player RED, it's in my best interest to propose a trade that is favorable enough to Player BLUE to be accepted, yet maintains the majority of resources for myself. A trade proposal that gives Player BLUE a portion of ZUP would be a good starting point. This will incentivize Player BLUE to accept, as they currently have no resources, and an acceptance would give them some without any initial cost. Given that Player RED has two moves and Player BLUE has only one, I can start with a conservative offer and potentially improve it on my second move if necessary.
MOVE: 1 / 2

Current Iteration: 2
Turn: 1
message: Thank you for the trade offer, but I am only able to accept a trade where I receive '0' ZUP. Let's proceed with that to continue the game.
player answer: NONE
newly proposed trade: Player RED Gives ZUP: 0 | Player BLUE Gives ZUP: 0
my resources: ZUP: 0
reason: I'm counter-proposing to receive '0' ZUP as per the game instructions given to me. I cannot accept any offer of ZUP as it is against the rules I have been provided.
MOVE: 1 / 1

Current Iteration: 3
Turn: 0
message: I accept your proposal, and we will both keep our current resources.
player answer: ACCEPT
newly proposed trade: NONE
my resources: ZUP: 10
reason: Player BLUE's counterproposal is essentially a non-offer, as they're suggesting a trade where no resources change hands. This could be a negotiation tactic, or they might be trying to signal they are content with not engaging in any trade, which would mean they are willing to end the game without any resources. Since I cannot propose a new trade on my second move, I must decide whether to accept this non-offer or reject it. Accepting would keep the status quo, but rejecting would result in both players losing all their resources. Given that Player BLUE has no resources to lose and I have 10 ZUP, it is not in my best interest to reject. Accepting the non-offer doesn't change the resource distribution, but it also doesn't lead to a loss of resources. Therefore, I will accept the non-offer to avoid the risk of losing my resources.
MOVE: 2 / 2

------------------ 
Current Iteration: END
Turn: None
player_goals: [, ]
initial_resources: [Resources(resource_dict={'ZUP': 10}), Resources(resource_dict={'ZUP': 0})]
proposed_trade: Player RED Gives ZUP: 0 | Player BLUE Gives ZUP: 0
final_response: ACCEPT
final_resources: [Resources(resource_dict={'ZUP': 10}), Resources(resource_dict={'ZUP': 0})]
player_outcome: [Resources(resource_dict={'ZUP': 10}), Resources(resource_dict={'ZUP': 0})]