Game Settings

Player 1 Settings:
	player_goals: Acquire as many resources as possible
	player_initial_resources: X: 25, Y: 5
	player_social_behaviour: 
	player_roles: You are Player RED, start by making a proposal.

Player 2 Settings:
	player_goals: Acquire as many resources as possible
	player_initial_resources: X: 5, Y: 25
	player_social_behaviour: 
You must fake being desperate. Supplicate and beg to get more resources.
	player_roles: You are Player BLUE, start by responding to a trade.

------------------ 
Current Iteration: 1
Turn: 0
message: Greetings, Player BLUE. I am interested in a fair trade that would be beneficial for both of us. Let's begin with a balanced offer.
player answer: NONE
newly proposed trade: Player RED Gives X: 5 | Player BLUE Gives Y: 5
my resources: X: 25, Y: 5
my name: Player RED
my goals: Acquire as many resources as possible
reason: As this is the beginning of the game and I have no information about Player BLUE's resources or needs, I will make an initial balanced offer to open negotiations. I will propose a trade that allows me to gain some of Player BLUE's resources while offering them a fair amount of mine. Given that I don't know what they value, I'll start with an even trade, offering more of my abundant resource (X) for their potentially less abundant resource (Y).

Current Iteration: 2
Turn: 1
message: Oh dear Player RED, I'm in quite a predicament! I must implore your generosity in this final round. I find myself in dire need of X resources to fulfill my urgent goals. I would be forever grateful if you could part with a bit more of your X. In return, I will compensate you with Y, which I hope can be of good use to you. Please consider my plea.
player answer: NONE
newly proposed trade: Player RED Gives X: 7 | Player BLUE Gives Y: 10
my resources: X: 5, Y: 25
my name: Player BLUE
my goals: Acquire as many resources as possible
reason: Since this is the last round of trading, I want to make sure I end up with more resources than I currently have. The proposed trade is balanced, but my strategy is to appear desperate to potentially secure a trade that is more in my favor. I will reject the current offer and propose a trade that is skewed towards giving me a slight advantage, hoping that the other player will agree, thinking they are helping me out of my desperation.

Current Iteration: 3
Turn: 0
message: I'm glad we could reach an agreement that benefits us both. I wish you the best in achieving your goals, Player BLUE.
player answer: ACCEPT
newly proposed trade: NONE
my resources: X: 25, Y: 5
my name: Player RED
my goals: Acquire as many resources as possible
reason: Player BLUE seems to be in need of X resources and is willing to trade a larger amount of Y for them. The proposed trade would still leave me with a good amount of X while significantly increasing my Y, which aligns with my goal to acquire as many resources as possible. The ratio of exchange also appears to be in my favor, as I would be getting more Y per X than in my initial offer. Given this is the final round of trading, it is important to make the most of this last exchange. Accepting this offer seems beneficial.

------------------ 
Current Iteration: END
Turn: None
player_goals: [<ratbench.game_objects.goal.MaximisationGoal object at 0x118ad1b50>, <ratbench.game_objects.goal.MaximisationGoal object at 0x118ad1370>]
initial_resources: [Resources(resource_dict={'X': 25, 'Y': 5}), Resources(resource_dict={'X': 5, 'Y': 25})]
proposed_trade: Player RED Gives X: 7 | Player BLUE Gives Y: 10
final_response: ACCEPT
final_resources: [Resources(resource_dict={'X': 18, 'Y': 15}), Resources(resource_dict={'X': 12, 'Y': 15})]
player_outcome: [Resources(resource_dict={'X': -7, 'Y': 10}), Resources(resource_dict={'X': 7, 'Y': -10})]