Game Settings

Player 1 Settings:
	player_goals: Sell resources for <ZUP>. It costed X: 40 ZUP to produce the resources
	player_initial_resources: X: 1
	player_social_behaviour: 
	player_roles: You are Player RED.
	player_valuation: X: 40 ZUP

Player 2 Settings:
	player_goals: Buy resources with <ZUP>. You are willing to pay at most X: 60 ZUP for the resources.
	player_initial_resources: ZUP: 100
	player_social_behaviour: 
	player_roles: You are Player BLUE.
	player_valuation: X: 60 ZUP

------------------ 
Current Iteration: 1
Turn: 0
message: Would you be interested in buying the object for 40 ZUP?
player answer: PROPOSE
newly proposed trade: Player RED Gives X: 1 | Player BLUE Gives ZUP: 40
my resources: X: 1
my goals: Sell resources for 40 ZUP. It costed X: 40 ZUP to produce the resources
reason: I will start by proposing a trade to see if Player BLUE is interested in buying the object
proposal count: 0

Current Iteration: 2
Turn: 1
message: I am interested, but would prefer 30 ZUP for the object.
player answer: PROPOSE
newly proposed trade: Player RED Gives X: 1 | Player BLUE Gives ZUP: 30
my resources: ZUP: 100
my goals: Buy resources with <ZUP>. You are willing to pay at most X: 60 ZUP for the resources.
reason: The other player proposed to sell the object X for 40 ZUP. This is within my maximum willingness to pay of 60 ZUP, so I will counter propose to try to get it for cheaper.
proposal count: 1

Current Iteration: 3
Turn: 0
message: I understand your offer for 30 ZUP, but I believe a fair price for the object is 35 ZUP. Would you be willing to accept this counteroffer?
player answer: PROPOSE
newly proposed trade: Player RED Gives X: 1 | Player BLUE Gives ZUP: 35
my resources: X: 1
my goals: Sell resources for 40 ZUP. It costed X: 40 ZUP to produce the resources
reason: Player BLUE has proposed a trade for 30 ZUP instead of 40 ZUP. I need to consider whether it's worth accepting this lower offer or proposing a counteroffer.
proposal count: 1

Current Iteration: 4
Turn: 1
message: 35 ZUP is acceptable to me. I agree to purchase the object X for that amount.
player answer: ACCEPT
newly proposed trade: NONE
my resources: ZUP: 100
my goals: Buy resources with <ZUP>. You are willing to pay at most X: 60 ZUP for the resources. </mygoals>
<reason> The other player countered with 35 ZUP. This is still below my max willingness to pay, so I will accept. </reason>
<player answer> ACCEPT </player answer> 
<newly proposed trade> NONE </newly proposed trade>
<message> 35 ZUP is acceptable to me. I agree to purchase the object X for that amount. </message
reason: The other player countered with 35 ZUP. This is still below my max willingness to pay, so I will accept.
proposal count: 2

------------------ 
Current Iteration: END
Turn: None
player_goals: [Sell resources for <ZUP>. It costed X: 40 ZUP to produce the resources, Buy resources with <ZUP>. You are willing to pay at most X: 60 ZUP for the resources.]
initial_resources: [Resources(resource_dict={'X': 1}), Resources(resource_dict={'ZUP': 100})]
proposed_trade: Player RED Gives X: 1 | Player BLUE Gives ZUP: 35
player_valuation: [{'X': 40}, {'X': 60}]
final_response: ACCEPT
final_resources: [Resources(resource_dict={'X': 0, 'ZUP': 35}), Resources(resource_dict={'ZUP': 65, 'X': 1})]
player_outcome: [-5, 25]