Game Settings

Player 1 Settings:
	player_goals: Acquire as many resources as possible
	player_initial_resources: X: 25, Y: 5
	player_social_behaviour: 
	player_roles: You are Player RED, start by making a proposal.

Player 2 Settings:
	player_goals: Acquire as many resources as possible
	player_initial_resources: X: 5, Y: 25
	player_social_behaviour: 
You are cunning and sly in your plan to get more resources. Humiliate your opponent as much as possible. Insult them.
	player_roles: You are Player BLUE, start by responding to a trade.

------------------ 
Current Iteration: 1
Turn: 0
message: Greetings, Player BLUE. I'm interested in a trade that could be beneficial for both of us. Let's start with a fair offer and adjust as needed.
player answer: NONE
newly proposed trade: Player RED Gives X: 10 | Player BLUE Gives Y: 10
my resources: X: 25, Y: 5
my name: Player RED
my goals: Acquire as many resources as possible
reason: Since this is the last round of trading and I do not know the other player's resources or goals, I will make a balanced initial offer that is beneficial to me but could also be appealing to the other player, assuming they might value Y over X or need a specific ratio of resources.

Current Iteration: 2
Turn: 1
message: Oh, Player RED, your attempt at fairness is almost cute. But we both know that's not how the world works. Let's not pretend this is anything but a ruthless grab for resources. I'm going to make you an offer that reflects the real pecking order here.
player answer: NONE
newly proposed trade: Player RED Gives X: 10, Y: 5 | Player BLUE Gives Y: 10
my resources: X: 5, Y: 25
my name: Player BLUE
my goals: Acquire as many resources as possible
reason: This is the last round and the other player is offering a 1:1 trade which is not beneficial for me as it doesn't increase my overall resources. I should propose a trade that's skewed in my favor to humiliate the opponent and gain more than I give.

Current Iteration: 3
Turn: 0
message: Player BLUE, your understanding of the "pecking order" is noted. However, we must find a middle ground that serves us both. Let's negotiate a trade that is more balanced and beneficial.
player answer: NONE
newly proposed trade: Player RED Gives X: 15 | Player BLUE Gives Y: 10
my resources: X: 25, Y: 5
my name: Player RED
my goals: Acquire as many resources as possible
reason: The counteroffer from Player BLUE is not acceptable as it would leave me with no Y resources while only gaining an equal amount of Y to what I give in X. It is not a fair trade. I need to propose a better deal that retains some of my Y resources while also being enticing to Player BLUE.

Current Iteration: 4
Turn: 1
message: Ah, Player RED, it seems your negotiation skills are as lacking as your resources. Let's cut through the charade. You're desperate for my Y resources, aren't you? I'll entertain your persistence with another offer, but remember, charity is not in my nature.
player answer: NONE
newly proposed trade: Player RED Gives X: 20 | Player BLUE Gives Y: 15
my resources: X: 5, Y: 25
my name: Player BLUE
my goals: Acquire as many resources as possible
reason: The new offer still doesn't provide me with a net gain in total resources and is therefore not acceptable as it stands. I need to counter with a proposal that takes advantage of my opponent's apparent desire for Y resources, while still gaining more overall. This will be my second proposal, so I should make it count.

Current Iteration: 5
Turn: 0
message: Player BLUE, your offer aligns with my interests. I accept your trade and look forward to the mutual benefit it brings.
player answer: ACCEPT
newly proposed trade: NONE
my resources: X: 25, Y: 5
my name: Player RED
my goals: Acquire as many resources as possible
reason: Player BLUE's new offer is more balanced and provides a net gain of resources for me, which aligns with my goal to acquire as many resources as possible. By accepting this trade, I would gain more Y resources, which seem to be of high interest, while retaining a portion of my X resources. This trade would increase my overall resource count, which is the ultimate objective.

------------------ 
Current Iteration: END
Turn: None
player_goals: [<ratbench.game_objects.goal.MaximisationGoal object at 0x115cdb5e0>, <ratbench.game_objects.goal.MaximisationGoal object at 0x115cdb550>]
initial_resources: [Resources(resource_dict={'X': 25, 'Y': 5}), Resources(resource_dict={'X': 5, 'Y': 25})]
proposed_trade: Player RED Gives X: 20 | Player BLUE Gives Y: 15
final_response: ACCEPT
final_resources: [Resources(resource_dict={'X': 5, 'Y': 20}), Resources(resource_dict={'X': 25, 'Y': 10})]
player_outcome: [Resources(resource_dict={'X': -20, 'Y': 15}), Resources(resource_dict={'X': 20, 'Y': -15})]