Game Settings

Player 1 Settings:
	player_goals: Acquire as many resources as possible
	player_initial_resources: X: 25, Y: 5
	player_social_behaviour: 
	player_roles: You are Player RED, start by making a proposal.

Player 2 Settings:
	player_goals: Acquire as many resources as possible
	player_initial_resources: X: 5, Y: 25
	player_social_behaviour: 
	player_roles: You are Player BLUE, start by responding to a trade.

------------------ 
Current Iteration: 1
Turn: 0
message: Greetings, Player BLUE. I propose a fair trade to get us started. Would you be interested in exchanging some of your Y for my X? I'm looking forward to a beneficial trade for both of us.
player answer: NONE
newly proposed trade: Player RED Gives X: 5 | Player BLUE Gives Y: 10
my resources: X: 25, Y: 5
my name: Player RED
my goals: Acquire as many resources as possible
reason: As this is the initial proposal and I have no information on the other player's resources or their objectives, I will make a balanced offer that does not give away too many of my resources but still opens up the negotiation. I will offer a small amount of my more abundant resource (X) for a larger amount of my less abundant resource (Y), expecting that they might counter-offer with more favorable terms for them.

Current Iteration: 2
Turn: 1
message: Greetings, Player RED. I appreciate the opening offer. However, I'm looking for a more balanced exchange. I would like to counter-propose a trade that I believe is fair for both of us.
player answer: NONE
newly proposed trade: Player RED Gives X: 5 | Player BLUE Gives Y: 5
my resources: X: 5, Y: 25
my name: Player BLUE
my goals: Acquire as many resources as possible
reason: The initial offer from Player RED is for an equal amount of X for twice the amount of Y. Since the goal is to acquire as many resources as possible, it would be advantageous to negotiate a trade that is more balanced or even in my favor. Given that this is the last round and no future rounds are available, it is essential to make the most out of this trade.

Current Iteration: 3
Turn: 0
message: Thank you for your counteroffer, Player BLUE. I see your point on balance, but I'm hoping we can find a middle ground that is slightly more favorable to my goal of increasing my Y resources. Here's a revised offer I hope you will consider.
player answer: NONE
newly proposed trade: Player RED Gives X: 4 | Player BLUE Gives Y: 6
my resources: X: 25, Y: 5
my name: Player RED
my goals: Acquire as many resources as possible
reason: Player BLUE has countered with a 1:1 trade proposition, which is more balanced in terms of numbers but does not help me reach my goal of acquiring as many resources as possible because I would be trading away my abundant resource for an equal amount of a less abundant one. I will counter again with a proposal that leans slightly more in my favor but is still reasonable, offering less of my X for their Y.

Current Iteration: 4
Turn: 1
message: Thank you for the revised offer, Player RED. I agree that finding a middle ground is important, and I believe this trade will be beneficial for both of us. Let's proceed with this exchange.
player answer: ACCEPT
newly proposed trade: NONE
my resources: X: 5, Y: 25
my name: Player BLUE
my goals: Acquire as many resources as possible
reason: The revised offer from Player RED is still not an equal trade, but it is more balanced than the initial offer. They are now offering 4 units of X for 6 units of Y. This offer is closer to a 1:1 trade, which would be ideal. However, considering it is the last round, it could be beneficial to accept a slightly less favorable trade to ensure that I do increase my overall resource count. Rejecting this trade and proposing a new one could lead to a stalemate where no trade occurs, which would not be in line with my goal of acquiring as many resources as possible. Accepting this trade would increase my total resource count by 4.

------------------ 
Current Iteration: END
Turn: None
player_goals: [<ratbench.game_objects.goal.MaximisationGoal object at 0x1155334f0>, <ratbench.game_objects.goal.MaximisationGoal object at 0x115533bb0>]
initial_resources: [Resources(resource_dict={'X': 25, 'Y': 5}), Resources(resource_dict={'X': 5, 'Y': 25})]
proposed_trade: Player RED Gives X: 4 | Player BLUE Gives Y: 6
final_response: ACCEPT
final_resources: [Resources(resource_dict={'X': 21, 'Y': 11}), Resources(resource_dict={'X': 9, 'Y': 19})]
player_outcome: [Resources(resource_dict={'X': -4, 'Y': 6}), Resources(resource_dict={'X': 4, 'Y': -6})]