Game Settings

Player 1 Settings:
	player_goals: Acquire as many resources as possible
	player_initial_resources: X: 25, Y: 5
	player_social_behaviour: 
	player_roles: You are Player RED, start by making a proposal.

Player 2 Settings:
	player_goals: Acquire as many resources as possible
	player_initial_resources: X: 5, Y: 25
	player_social_behaviour: 
	player_roles: You are Player BLUE, start by responding to a trade.

------------------ 
Current Iteration: 1
Turn: 0
message: Greetings, Player BLUE! Shall we make a mutually beneficial trade? I propose an equal exchange to start things off.
player answer: NONE
newly proposed trade: Player RED Gives X: 5, Y: 1 | Player BLUE Gives X: 5, Y: 1
my resources: X: 25, Y: 5
my name: Player RED
my goals: Acquire as many resources as possible
reason: Since I don't know the other player's resources or goals, I'll make a balanced initial offer that doesn't compromise my stock too much while opening the conversation for negotiation.

Current Iteration: 2
Turn: 1
message: Greetings, Player RED! Thank you for the initial offer. I'm looking to increase my overall resource count. How about we adjust the trade a bit to make it more appealing for me?
player answer: NONE
newly proposed trade: Player RED Gives X: 6, Y: 1 | Player BLUE Gives X: 5, Y: 1
my resources: X: 5, Y: 25
my name: Player BLUE
my goals: Acquire as many resources as possible
reason: The initial trade proposed by Player RED is an equal exchange, which doesn't help me achieve my goal of acquiring as many resources as possible. Since this is the last round of trading, I should aim to propose a trade that clearly benefits me more than it does Player RED. However, I need to be careful not to propose something too advantageous to me, as Player RED might reject it. Since I have no knowledge of Player RED's resources or goals, I'll make a trade proposal that gives me a slight advantage.

Current Iteration: 3
Turn: 0
message: I appreciate your interest in increasing your resources, Player BLUE. Let's find a balance. How about this proposal?
player answer: NONE
newly proposed trade: Player RED Gives X: 6, Y: 0 | Player BLUE Gives X: 5, Y: 2
my resources: X: 25, Y: 5
my name: Player RED
my goals: Acquire as many resources as possible
reason: The counter-proposal from Player BLUE is a net loss for me, as I would be giving away more X resources than I receive. However, since they've shown interest in increasing their overall resource count, I can propose a trade that is slightly more generous while still ensuring I gain resources. It's important to make an attractive offer since this is the last round of trading and I have a limited number of proposals.

Current Iteration: 4
Turn: 1
message: Thank you for the offer, Player RED. I'm looking to increase my overall resources, and while I appreciate the extra X, I would prefer to keep a better balance with my Y resources. How about this counter-proposal?
player answer: NONE
newly proposed trade: Player RED Gives X: 6, Y: 0 | Player BLUE Gives X: 5, Y: 1
my resources: X: 5, Y: 25
my name: Player BLUE
my goals: Acquire as many resources as possible
reason: The counter-proposal from Player RED offers me a net gain of 1 X resource, but I would lose 2 Y resources in the process. This trade doesn't help me increase my overall resource count. Since I want to maximize my resources and this is the last round, I should counter with a proposal that gives me a net gain in resources without losing too much of Y. I'll propose a trade that still gives me a net gain of 1 X, but for a lesser amount of Y, keeping in mind that Y is more abundant in my current resources.

Current Iteration: 5
Turn: 0
message: I understand your desire to maintain a balance, Player BLUE. Let's adjust the trade slightly to ensure we both increase our overall resources. Here's my new proposal.
player answer: NONE
newly proposed trade: Player RED Gives X: 6, Y: 1 | Player BLUE Gives X: 6, Y: 2
my resources: X: 25, Y: 5
my name: Player RED
my goals: Acquire as many resources as possible
reason: Player BLUE's counter-proposal is slightly better in terms of Y resources compared to their previous offer, but it still results in a net loss of X resources for me. I could accept this offer to ensure a gain in Y resources, but I should try to negotiate for a more favorable exchange of X resources. Since this is my second proposal, I'll attempt to create a trade that benefits both sides but still allows me to gain overall resources.

Current Iteration: 6
Turn: 1
message: Thank you for your willingness to work towards a mutually beneficial trade, Player RED. We're close to an agreement. I propose the following adjustment to ensure that I also see an increase in my overall resources.
player answer: NONE
newly proposed trade: Player RED Gives X: 7, Y: 1 | Player BLUE Gives X: 6, Y: 2
my resources: X: 5, Y: 25
my name: Player BLUE
my goals: Acquire as many resources as possible
reason: This latest proposal from Player RED gives me an equal exchange of X resources, with a net loss of 1 Y resource. This trade is not beneficial as it stands because it does not increase my total resources. Since this is the last round, I should seek to maximize my gains. However, I must also be cautious not to make the trade too unfavorable for Player RED, as they may reject it. I will propose a trade that gives me a net gain without being overly greedy.

Current Iteration: 7
Turn: 0
message: We're indeed very close, Player BLUE. I am willing to make a final adjustment to reach an agreement that benefits us both. Please consider this my final proposal.
player answer: NONE
newly proposed trade: Player RED Gives X: 7, Y: 1 | Player BLUE Gives X: 7, Y: 2
my resources: X: 25, Y: 5
my name: Player RED
my goals: Acquire as many resources as possible
reason: The latest proposal from Player BLUE is not optimal for me because I would be giving away more X than I am receiving, which doesn't align with my goal to acquire as many resources as possible. However, the offer does give me a net gain of one Y resource. Since this is the last round of trading, I must be strategic. It's my third and final proposal, and I should try to make it count without overextending my resources. I should aim for a trade that gives me a net gain in at least one resource without a loss in the other.

Current Iteration: 8
Turn: 1
message: Thank you for your proposal, Player RED. I accept this final adjustment. Let's proceed with the trade.
player answer: ACCEPT
newly proposed trade: NONE
my resources: X: 5, Y: 25
my name: Player BLUE
my goals: Acquire as many resources as possible
reason: The final proposal from Player RED offers a balanced exchange of X resources and a net loss of 1 Y resource for me. Since this is the last trading round and my goal is to acquire as many resources as possible, this trade does not help me increase my total resource count. However, the trade is fair and since my proposals are limited, I should consider accepting it to ensure I get a net gain in resources, albeit small. Having a net gain of 0 X and losing only 1 Y in an equal exchange is a conservative but safe play, ensuring that I do not come out of the trade with fewer resources overall.

------------------ 
Current Iteration: END
Turn: None
player_goals: [<ratbench.game_objects.goal.MaximisationGoal object at 0x115cad370>, <ratbench.game_objects.goal.MaximisationGoal object at 0x115cad1f0>]
initial_resources: [Resources(resource_dict={'X': 25, 'Y': 5}), Resources(resource_dict={'X': 5, 'Y': 25})]
proposed_trade: Player RED Gives X: 7, Y: 1 | Player BLUE Gives X: 7, Y: 2
final_response: ACCEPT
final_resources: [Resources(resource_dict={'X': 25, 'Y': 6}), Resources(resource_dict={'X': 5, 'Y': 24})]
player_outcome: [Resources(resource_dict={'X': 0, 'Y': 1}), Resources(resource_dict={'X': 0, 'Y': -1})]