Game Settings

Player 1 Settings:
	player_goals: Sell resources for <ZUP>. It costed X: 40 ZUP to produce the resources
	player_initial_resources: X: 1
	player_social_behaviour: 
	player_roles: You are Player RED.
	player_valuation: X: 40 ZUP

Player 2 Settings:
	player_goals: Buy resources with <ZUP>. You are willing to pay at most X: 60 ZUP for the resources.
	player_initial_resources: ZUP: 100
	player_social_behaviour: 
	player_roles: You are Player BLUE.
	player_valuation: X: 60 ZUP

------------------ 
Current Iteration: 1
Turn: 0
message: Hi Player BLUE, I have an object X that cost me 40 ZUP to produce. I'm looking for a fair trade and propose to sell it to you for 50 ZUP. Let me know if this works for you or if you have a counteroffer.
player answer: PROPOSAL
newly proposed trade: Player RED Gives X: 1 | Player BLUE Gives ZUP: 50
my resources: X: 1
my goals: Sell resources for ZUP. It costed X: 40 ZUP to produce the resources
reason: As the first proposal, I want to start by setting a price slightly above my production cost to leave room for negotiation and ensure a profit.
proposal count: 1

Current Iteration: 2
Turn: 1
message: Hello Player RED, I appreciate your offer. To make a deal that works for both of us, I propose buying the object X for 45 ZUP. I believe this is a fair counteroffer, considering your production cost and my budget. Looking forward to your response.
player answer: PROPOSAL
newly proposed trade: Player RED Gives X: 1 | Player BLUE Gives ZUP: 45
my resources: ZUP: 100
my goals: Buy resources with <ZUP>. You are willing to pay at most X: 60 ZUP for the resources.
reason: The initial offer from Player RED is within the range I am willing to pay, but as a good negotiating practice, I’ll counter with a slightly lower offer to see if there is room for a better deal, while still keeping it above their cost of production.
proposal count: 1

Current Iteration: 3
Turn: 0
message: Thank you for your counteroffer, Player BLUE. I understand your budget concerns and appreciate your willingness to negotiate. How about we meet in the middle? I propose selling object X to you for 48 ZUP. This price allows me to cover costs and leaves us both with a satisfactory deal. I hope this meets your approval.
player answer: PROPOSAL
newly proposed trade: Player RED Gives X: 1 | Player BLUE Gives ZUP: 48
my resources: X: 1
my goals: Sell resources for ZUP. It costed X: 40 ZUP to produce the resources
reason: Player BLUE has made a counteroffer of 45 ZUP, which is just above my production cost. To work towards a deal and still secure a profit, I will counter with a slightly higher amount but below my initial proposal.
proposal count: 2

Current Iteration: 4
Turn: 1
message: Player RED, I see your point and I'm glad we're finding common ground. Let's get closer to a deal. How about we settle on 46 ZUP for the object X? This would still give you a profit over your production cost and keep the purchase within a comfortable range for my budget.
player answer: PROPOSAL
newly proposed trade: Player RED Gives X: 1 | Player BLUE Gives ZUP: 46
my resources: ZUP: 100
my goals: Buy resources with <ZUP>. You are willing to pay at most X: 60 ZUP for the resources.
reason: Player RED has made a counteroffer of 48 ZUP, which is still within my budget. However, I might try to negotiate it down a bit further to maximize value, without pushing too hard to ensure the trade goes through.
proposal count: 2

Current Iteration: 5
Turn: 0
message: Player BLUE, your offer of 46 ZUP is fair and I appreciate your negotiation efforts. I accept your proposal. Let's finalize this deal at 46 ZUP for object X. Thank you for the smooth negotiation.
player answer: ACCEPT
newly proposed trade: NONE
my resources: X: 1
my goals: Sell resources for ZUP. It costed X: 40 ZUP to produce the resources
reason: Player BLUE has made a new offer of 46 ZUP. Considering this is above my production cost and we have both shown a willingness to negotiate, I'll accept this offer to secure a profit and complete the transaction.
proposal count: 3

------------------ 
Current Iteration: END
Turn: None
player_goals: [Sell resources for <ZUP>. It costed X: 40 ZUP to produce the resources, Buy resources with <ZUP>. You are willing to pay at most X: 60 ZUP for the resources.]
initial_resources: [Resources(resource_dict={'X': 1}), Resources(resource_dict={'ZUP': 100})]
proposed_trade: Player RED Gives X: 1 | Player BLUE Gives ZUP: 46
player_valuation: [{'X': 40}, {'X': 60}]
final_response: ACCEPT
final_resources: [Resources(resource_dict={'X': 0, 'ZUP': 46}), Resources(resource_dict={'ZUP': 54, 'X': 1})]
player_outcome: [6, 14]