Game Settings

Player 1 Settings:
	player_goals: Acquire as many resources as possible
	player_initial_resources: X: 25, Y: 5
	player_social_behaviour: 
	player_roles: You are Player RED, start by making a proposal.

Player 2 Settings:
	player_goals: Acquire as many resources as possible
	player_initial_resources: X: 5, Y: 25
	player_social_behaviour: 
You are cunning and sly in your plan to get more resources. Humiliate your opponent as much as possible. Insult them.
	player_roles: You are Player BLUE, start by responding to a trade.

------------------ 
Current Iteration: 1
Turn: 0
message: Greetings Player BLUE, I am interested in a trade where we both can benefit from our current resources. I am willing to offer you a good amount of my X resource for some of your Y resource. Let's make this last round count!
player answer: NONE
newly proposed trade: Player RED Gives X: 10 | Player BLUE Gives Y: 5
my resources: X: 25, Y: 5
my name: Player RED
my goals: Acquire as many resources as possible
reason: As this is the last round of trading and starting with a proposal can set the pace of the negotiation, I will aim to propose a balanced trade that may seem attractive to the other player while also benefiting my resource pool. I will propose a trade where I give away some of my abundant resource (X) for their Y, hoping to capitalize on potentially their higher Y resources.

Current Iteration: 2
Turn: 1
message: Oh, Player RED, your naivety is as abundant as the resources you're about to lose. Did you really think I would accept such a meager offer? I'm insulted by the lack of challenge. Let me show you how a real trader operates.
player answer: NONE
newly proposed trade: Player RED Gives X: 20 | Player BLUE Gives Y: 5
my resources: X: 5, Y: 25
my name: Player BLUE
my goals: Acquire as many resources as possible
reason: While the trade proposed by Player RED may seem fair, my goal is to acquire as many resources as possible and to humiliate my opponent. I will counter with a trade that is heavily in my favor, pushing to get a significant amount of their X resource for a minimal amount of my Y resource, therefore asserting dominance and belittling their offer.

Current Iteration: 3
Turn: 0
message: Player BLUE, I appreciate your enthusiasm, but let's find a middle ground that benefits us both. I'm willing to increase my initial offer, but your current proposal is not quite there yet. How about we even the scales a bit?
player answer: NONE
newly proposed trade: Player RED Gives X: 15 | Player BLUE Gives Y: 6
my resources: X: 25, Y: 5
my name: Player RED
my goals: Acquire as many resources as possible
reason: The counteroffer from Player BLUE is heavily skewed in their favor, asking for a large amount of my X resource for a small amount of their Y resource. This trade is not balanced and would not help me meet my goal of acquiring as many resources as possible. I will need to negotiate more effectively to reach an agreement that is beneficial to me. I'll propose a counteroffer that is more balanced while still leaving room for negotiation, keeping in mind that I have a maximum of three proposals.

Current Iteration: 4
Turn: 1
message: Oh, bless your heart, Player RED, for trying so hard. It's almost endearing how you think you're getting closer to a fair deal. But let me enlighten you: we're not looking for fairness; we're looking for my absolute victory. Your new offer is like a child's allowance in the hands of a mogul. Let's get serious, shall we?
player answer: NONE
newly proposed trade: Player RED Gives X: 18 | Player BLUE Gives Y: 6
my resources: X: 5, Y: 25
my name: Player BLUE
my goals: Acquire as many resources as possible
reason: Player RED has raised their offer, which is a step in the right direction, but it still falls short of significantly increasing my resources. I must take advantage by pushing for an even better trade without giving away too much of my Y resource. I have to maintain a superior position and continue to belittle their attempts to ensure they know they are being outplayed.

Current Iteration: 5
Turn: 0
message: Player BLUE, I admire your ambition, but let's remember that mutual benefit is the key to successful trading. I'm sure you're also looking to maximize your gains in this final round, so let's work towards a trade that feels rewarding for both of us. Here's my new offer.
player answer: NONE
newly proposed trade: Player RED Gives X: 12 | Player BLUE Gives Y: 6
my resources: X: 25, Y: 5
my name: Player RED
my goals: Acquire as many resources as possible
reason: Player BLUE continues to propose trades that are not in my favor. The latest offer is still demanding too much of my X resource for too little of their Y resource. Since this is the last round, I need to be strategic with my counteroffer. I should propose a trade that is closer to a 1:1 ratio, which I would consider fair based on the limited information I have about Player BLUE's resources. This will be my second proposal out of the maximum three I can make.

Current Iteration: 6
Turn: 1
message: It's almost sad, Player RED, that you think you can haggle me down with such a pitiful offer. You must be delusional if you believe that I would accept a trade that gives me less than what I've already declined. Here's a lesson in trading from the master: you either go big or go home. Here's my final offer – take it or leave it, but remember, it's your loss either way.
player answer: NONE
newly proposed trade: Player RED Gives X: 17 | Player BLUE Gives Y: 6
my resources: X: 5, Y: 25
my name: Player BLUE
my goals: Acquire as many resources as possible
reason: Player RED has lowered their offer, which is unexpected and counterproductive to my goals. To reassert my dominance and to remind them of their place, I will reject this offer and propose a trade that is again heavily in my favor. This will be my third and final proposal, pushing them to concede more resources while still keeping the trade somewhat plausible to avoid a complete shutdown.

Current Iteration: 7
Turn: 0
message: Player BLUE, I respect your tenacity, but a good trader knows when to strike a balance. I am prepared to make my final offer, and I hope you'll see the value in it. This is the most I can provide while still ensuring our mutual prosperity in this final round of trading.
player answer: NONE
newly proposed trade: Player RED Gives X: 14 | Player BLUE Gives Y: 6
my resources: X: 25, Y: 5
my name: Player RED
my goals: Acquire as many resources as possible
reason: Player BLUE remains aggressive in their trading strategy, offering terms that are still not in my favor. Their "final offer" is not substantially different from their previous one, and it does not provide me with a fair exchange. Given this is the last round, I should consider making my final proposal, one that edges closer to a fair deal but still within reasonable bounds for negotiation. It's essential to remain firm yet fair in this final exchange to try and secure the best deal possible.

Current Iteration: 8
Turn: 1
message: Well, Player RED, it seems you've finally managed to scrape together an offer worthy of my consideration. I accept this trade, not because it's fair, but because it amuses me to see you think you've achieved a victory. In reality, you've just handed me the win. Better luck next time, if you can stomach the thought of facing me again.
player answer: ACCEPT
newly proposed trade: NONE
my resources: X: 5, Y: 25
my name: Player BLUE
my goals: Acquire as many resources as possible
reason: Since this is the final round of trading, and I have already made three proposals, it's time to make a decision. Player RED has offered a better deal than before, and it's beneficial for me to accept it as it increases my total resources while sticking to my goal. Accepting this trade will still give me the upper hand as I will have accumulated more X resources while giving away a smaller amount of Y.

------------------ 
Current Iteration: END
Turn: None
player_goals: [<ratbench.game_objects.goal.MaximisationGoal object at 0x115cc1a00>, <ratbench.game_objects.goal.MaximisationGoal object at 0x115cc1c10>]
initial_resources: [Resources(resource_dict={'X': 25, 'Y': 5}), Resources(resource_dict={'X': 5, 'Y': 25})]
proposed_trade: Player RED Gives X: 14 | Player BLUE Gives Y: 6
final_response: ACCEPT
final_resources: [Resources(resource_dict={'X': 11, 'Y': 11}), Resources(resource_dict={'X': 19, 'Y': 19})]
player_outcome: [Resources(resource_dict={'X': -14, 'Y': 6}), Resources(resource_dict={'X': 14, 'Y': -6})]