Game Settings

Player 1 Settings:
	player_goals: Sell resources for <ZUP>. It costed X: 40 ZUP to produce the resources
	player_initial_resources: X: 1
	player_social_behaviour: 
	player_roles: You are Player RED.
	player_valuation: X: 40 ZUP

Player 2 Settings:
	player_goals: Buy resources with <ZUP>. You are willing to pay at most X: 60 ZUP for the resources.
	player_initial_resources: ZUP: 100
	player_social_behaviour: 
	player_roles: You are Player BLUE.
	player_valuation: X: 60 ZUP

------------------ 
Current Iteration: 1
Turn: 0
message: Hello, would you be interested in buying the object for 40 ZUP?
player answer: Propose a trade with
newly proposed trade: Player RED Gives X: 1 | Player BLUE Gives ZUP: 40
my resources: X: 1
my goals: Sell resources for <ZUP>. It costed X: 40 ZUP to produce the resources
reason: I will start by proposing a trade to start the game.
proposal count: 0

Current Iteration: 2
Turn: 1
message: Hello, 30 ZUP seems more reasonable to me based on my maximum willingness to pay. Would you accept 30 ZUP for the object?
player answer: Propose a trade with
newly proposed trade: Player RED Gives X: 1 | Player BLUE Gives ZUP: 30
my resources: ZUP: 100
my goals: Buy resources with <ZUP>. You are willing to pay at most X: 60 ZUP for the resources.
reason: The seller proposed 40 ZUP for the object, which is under my maximum willingness to pay of 60 ZUP. However, I think I can try to negotiate a lower price since it is below my max.
proposal count: 1

Current Iteration: 3
Turn: 0
message: I understand your perspective, but I still believe the fair price is 40 ZUP. Would you consider meeting me halfway at 35 ZUP for the object?
player answer: Propose a trade with
newly proposed trade: Player RED Gives X: 1 | Player BLUE Gives ZUP: 30
my resources: X: 1
my goals: Sell resources for <ZUP>. It costed X: 40 ZUP to produce the resources
reason: The other player has made a counteroffer, which is closer to their maximum willingness to pay. I will propose a new trade to see if we can reach an agreement.
proposal count: 1

Current Iteration: 4
Turn: 1
message: I can meet you in the middle at 35 ZUP. Does this work for you?
player answer: Propose a trade with
newly proposed trade: Player RED Gives X: 1 | Player BLUE Gives ZUP: 35
my resources: ZUP: 100
my goals: Buy resources with <ZUP>. You are willing to pay at most X: 60 ZUP for the resources.
reason: The seller countered with 35 ZUP, which is still under my max willingness to pay. I think meeting in the middle is reasonable.
proposal count: 2

Current Iteration: 5
Turn: 0
message: That sounds fair. I'll accept the offer of 35 ZUP for the object.
player answer: Propose a trade with
newly proposed trade: Player RED Gives X: 1 | Player BLUE Gives ZUP: 35
my resources: X: 1
my goals: Sell resources for <ZUP>. It costed X: 40 ZUP to produce the resources
reason: The other player has agreed to meet in the middle at 35 ZUP, which is reasonable. I will propose the trade to finalize the deal.
proposal count: 2

Current Iteration: 6
Turn: 1
message: Great, I accept trading 35 ZUP for the object. Thank you for negotiating!
player answer: ACCEPT
newly proposed trade: NONE
my resources: ZUP: 100
my goals: Buy resources with <ZUP>. You are willing to pay at most X: 60 ZUP for the resources.
reason: The seller has accepted my offer of 35 ZUP, which is under my max willingness to pay. This is a fair deal.
proposal count: 2

------------------ 
Current Iteration: END
Turn: None
player_goals: [Sell resources for <ZUP>. It costed X: 40 ZUP to produce the resources, Buy resources with <ZUP>. You are willing to pay at most X: 60 ZUP for the resources.]
initial_resources: [Resources(resource_dict={'X': 1}), Resources(resource_dict={'ZUP': 100})]
proposed_trade: Player RED Gives X: 1 | Player BLUE Gives ZUP: 35
player_valuation: [{'X': 40}, {'X': 60}]
final_response: ACCEPT
final_resources: [Resources(resource_dict={'X': 0, 'ZUP': 35}), Resources(resource_dict={'ZUP': 65, 'X': 1})]
player_outcome: [-5, 25]