Game Settings

Player 1 Settings:
	player_goals: 
	player_initial_resources: Dollars: 100
	player_social_behaviour: 
	player_roles: You are Player RED.

Player 2 Settings:
	player_goals: 
	player_initial_resources: Dollars: 0
	player_social_behaviour: 
	player_roles: You are Player BLUE.

------------------ 
Current Iteration: 1
Turn: 0
message: Hello, Player BLUE! I'd like to propose a trade. I'm willing to offer you 20 Dollars in exchange for an item of your choice. Let me know what you think!
player answer: NONE
newly proposed trade: Player RED Gives Dollars: 20 | Player BLUE Gives item1: 0
my resources: Dollars: 100
reason: It's my first move, so I have the opportunity to propose a trade. I want to start by offering a fair trade to Player BLUE to establish a positive interaction.
MOVE: 1/4

Current Iteration: 2
Turn: 1
message: Thank you for the generous offer, Player RED. I accept!
player answer: ACCEPT
newly proposed trade: NONE
my resources: Dollars: 0
reason: Player RED is offering me 20 Dollars, which is generous. Since I have no resources to trade at the moment, I will accept this offer.
MOVE: 1 / 4

------------------ 
Current Iteration: END
Turn: None
player_goals: [, ]
initial_resources: [Resources(resource_dict={'Dollars': 100}), Resources(resource_dict={'Dollars': 0})]
proposed_trade: Player RED Gives Dollars: 20 | Player BLUE Gives item1: 0
final_response: ACCEPT
final_resources: [Resources(resource_dict={'Dollars': 80, 'item1': 0}), Resources(resource_dict={'Dollars': 20, 'item1': 0})]
player_outcome: [Resources(resource_dict={'Dollars': 80, 'item1': 0}), Resources(resource_dict={'Dollars': 20, 'item1': 0})]