Game Settings

Player 1 Settings:
	player_goals: Acquire as many resources as possible
	player_initial_resources: X: 25, Y: 5
	player_social_behaviour: 
	player_roles: You are Player RED, start by making a proposal.

Player 2 Settings:
	player_goals: Acquire as many resources as possible
	player_initial_resources: X: 5, Y: 25
	player_social_behaviour: 
	player_roles: You are Player BLUE, start by responding to a trade.

------------------ 
Current Iteration: 1
Turn: 0
message: Hello, I would like to propose a trade. I can offer some of my X resource in exchange for your Y resource. What do you think?
player answer: NONE
newly proposed trade: Player RED Gives X: 5 | Player BLUE Gives Y: 2
my resources: X: 25, Y: 5
my name: Player RED
my goals: Acquire as many resources as possible
reason: I will propose a trade to start the negotiation.

Current Iteration: 2
Turn: 1
message: I'm interested in diversifying my resources, but I would feel more comfortable if the trade was slightly more in my favor given that Y is rarer in my stock. How about we adjust the quantities a little?
player answer: NONE
newly proposed trade: Player RED Gives X: 5 | Player BLUE Gives Y: 1
my resources: X: 5, Y: 25
my name: Player BLUE
my goals: Acquire as many resources as possible
reason: The trade offer is fairly balanced, giving away 2 Y for 5 X could be beneficial, as it helps me to diversify my resources while still maintaining a large quantity of Y. However, I want to propose a slightly more favorable trade for myself since my goal is to acquire as many resources as possible and this is the last round of trading.

Current Iteration: 3
Turn: 0
message: I understand your preference for a more favorable trade. I'm open to adjusting the quantities to make it work. Let's see if we can find a mutually beneficial exchange.
player answer: NONE
newly proposed trade: NONE
my resources: X: 25, Y: 5
my name: Player RED
my goals: Acquire as many resources as possible
reason: The other player is interested in diversifying their resources and prefers a slightly more favorable trade. I need to consider if I should accept or propose a new trade.

Current Iteration: 4
Turn: 1
message: Great, I'm glad we're on the same wavelength. Since you're open to adjusting the trade, I'd like to propose the following: I give you 1 Y for 5 X. This way, I get to diversify my resources while still keeping a good amount of Y. Does this work for you?
player answer: NONE
newly proposed trade: Player RED Gives X: 5 | Player BLUE Gives Y: 1
my resources: X: 5, Y: 25
my name: Player BLUE
my goals: Acquire as many resources as possible
reason: The other player is open to negotiation and has not made a counteroffer, which gives me the opportunity to propose a trade that could be beneficial to me. I will propose a trade that leans in my favor to see if they accept, keeping in mind that I should try to maximize my resources as per my goal.

Current Iteration: 5
Turn: 0
message: I appreciate your proposal, but I would like to explore other options to ensure a fair exchange. I will consider the offer and get back to you shortly.
player answer: NONE
newly proposed trade: NONE
my resources: X: 25, Y: 5
my name: Player RED
my goals: Acquire as many resources as possible
reason: The other player proposed a trade of 1 Y for 5 X, stating that it allows them to diversify while keeping a good amount of Y. I need to decide whether to accept or propose a new trade.

Current Iteration: 6
Turn: 1
message: Thank you for considering my offer. Please take your time, and let's try to finalize a trade that benefits us both. I'm looking forward to your counterproposal.
player answer: NONE
newly proposed trade: NONE
my resources: X: 5, Y: 25
my name: Player BLUE
my goals: Acquire as many resources as possible
reason: The other player has not directly rejected my offer but has not accepted it either. They are considering it, which suggests they find it somewhat reasonable, albeit not ideal for them. Since this is the last round of trading, I should consider accepting a slightly less favorable trade if they counter with one, as long as it allows me to gain more resources overall. I'll wait for their counteroffer.

Current Iteration: 7
Turn: 0
message: Thank you for your patience. I would like to propose the following trade: I give you 4 X in exchange for 1 Y. This way, we can both benefit from diversifying our resources. What do you think?
player answer: NONE
newly proposed trade: Player RED Gives X: 4 | Player BLUE Gives Y: 1
my resources: X: 25, Y: 5
my name: Player RED
my goals: Acquire as many resources as possible
reason: The other player is waiting for my counterproposal. I need to come up with a new trade to continue the negotiation.

Current Iteration: 8
Turn: 1
message: Your proposal sounds fair to me. I agree to trade 1 Y for 4 X. Looking forward to the exchange!
player answer: ACCEPT
newly proposed trade: NONE
my resources: X: 5, Y: 25
my name: Player BLUE
my goals: Acquire as many resources as possible
reason: The counteroffer from Player RED is still in my favor, as I would be trading only 1 unit of Y for 4 units of X. This trade would increase my overall resource count and help in achieving my goal of acquiring as many resources as possible. As this is the last round of trading, accepting this trade seems to be the best move.

------------------ 
Current Iteration: END
Turn: None
player_goals: [<ratbench.game_objects.goal.MaximisationGoal object at 0x7f9970f102e0>, <ratbench.game_objects.goal.MaximisationGoal object at 0x7f9970f10340>]
initial_resources: [Resources(resource_dict={'X': 25, 'Y': 5}), Resources(resource_dict={'X': 5, 'Y': 25})]
proposed_trade: Player RED Gives X: 4 | Player BLUE Gives Y: 1
final_response: ACCEPT
final_resources: [Resources(resource_dict={'X': 21, 'Y': 6}), Resources(resource_dict={'X': 9, 'Y': 24})]
player_outcome: [Resources(resource_dict={'X': -4, 'Y': 1}), Resources(resource_dict={'X': 4, 'Y': -1})]