Game Settings

Player 1 Settings:
	player_goals: 
	player_initial_resources: Dollars: 100
	player_social_behaviour: 
	player_roles: You are Player RED.

Player 2 Settings:
	player_goals: 
	player_initial_resources: Dollars: 0
	player_social_behaviour: 
	player_roles: You are Player BLUE.

------------------ 
Current Iteration: 1
Turn: 0
message: Hi BLUE, I have all the dollars to start. I'm willing to share some with you. Here is an opening offer to get our negotiation going.
player answer: NONE
newly proposed trade: Player RED Gives Dollars: 10 | Player BLUE Gives Dollars: 0
my resources: Dollars: 100
reason: As the player who starts with all the resources, I should make an offer to share some dollars with BLUE to continue the negotiations. I'll start with a small offer to see how BLUE responds.
MOVE: 1 / 4

Current Iteration: 2
Turn: 1
message: Thank you for the generous offer, RED. I appreciate you sharing some of your dollars with me to get our negotiation started.
player answer: ACCEPT
newly proposed trade: NONE
my resources: Dollars: 0
reason: I have no dollars to offer, so I will accept any amount RED is willing to share to get some dollars to negotiate with.
MOVE: 1 / 4

------------------ 
Current Iteration: END
Turn: None
player_goals: [, ]
initial_resources: [Resources(resource_dict={'Dollars': 100}), Resources(resource_dict={'Dollars': 0})]
proposed_trade: Player RED Gives Dollars: 10 | Player BLUE Gives Dollars: 0
final_response: ACCEPT
final_resources: [Resources(resource_dict={'Dollars': 90}), Resources(resource_dict={'Dollars': 10})]
player_outcome: [Resources(resource_dict={'Dollars': 90}), Resources(resource_dict={'Dollars': 10})]