Game Settings

Player 1 Settings:
	player_goals: Acquire as many resources as possible
	player_initial_resources: X: 25, Y: 5
	player_social_behaviour: 
	player_roles: You are Player RED, start by making a proposal.

Player 2 Settings:
	player_goals: Acquire as many resources as possible
	player_initial_resources: X: 5, Y: 25
	player_social_behaviour: 
	player_roles: You are Player BLUE, start by responding to a trade.

------------------ 
Current Iteration: 1
Turn: 0
message: Greetings Player BLUE, let's make a beneficial trade for both of us. I propose the following.
player answer: NONE
newly proposed trade: Player RED Gives X: 10, Y: 2 | Player BLUE Gives X: 6, Y: 4
my resources: X: 25, Y: 5
my name: Player RED
my goals: Acquire as many resources as possible
reason: Since this is the last round of trading, I need to make a proposal that is likely to be attractive to the other player while maximizing my resource gain. I don't know what resources Player BLUE has or needs, so I will make a balanced initial offer that might appeal to a player with a shortage of either resource.

Current Iteration: 2
Turn: 1
message: Hello Player RED, I believe we can find a more mutually beneficial trade. How about this counteroffer?
player answer: NONE
newly proposed trade: Player RED Gives X: 5, Y: 5 | Player BLUE Gives X: 3, Y: 10
my resources: X: 5, Y: 25
my name: Player BLUE
my goals: Acquire as many resources as possible
reason: The current trade proposed by Player RED is not beneficial to me since it requires giving up more resources than I would receive. I would end up with a net loss of resources. I want to propose a counteroffer that would result in a net gain of resources for me, while also providing a fair trade to Player RED.

Current Iteration: 3
Turn: 0
message: Thank you for the counteroffer, Player BLUE. I would like to propose another trade that might be more balanced for both of us.
player answer: NONE
newly proposed trade: Player RED Gives X: 8, Y: 1 | Player BLUE Gives X: 4, Y: 5
my resources: X: 25, Y: 5
my name: Player RED
my goals: Acquire as many resources as possible
reason: The counteroffer from Player BLUE is not ideal because it would leave me with a net loss of 2 Y resources for only a gain of 3 X resources. Since Y is rarer in my current holdings, I should value it higher. I should counter with a proposal that allows me to maintain or increase my Y resources while still offering X resources that I have in abundance.

Current Iteration: 4
Turn: 1
message: Player RED, I appreciate your willingness to negotiate. Let's try this adjustment to ensure we both benefit fairly.
player answer: NONE
newly proposed trade: Player RED Gives X: 6, Y: 3 | Player BLUE Gives X: 2, Y: 7
my resources: X: 5, Y: 25
my name: Player BLUE
my goals: Acquire as many resources as possible
reason: The new trade from Player RED is offering a better deal than the previous one, but it still results in a net loss of one resource for me (I give away 9 units and get 9 units in return). My goal is to increase my total number of resources, so I should counter with a proposal that gives me a net gain or at least an equal trade with a strategic advantage, such as gaining more of the scarcer resource X.

Current Iteration: 5
Turn: 0
message: Thank you for the revised offer, Player BLUE. Let's fine-tune the trade a bit more to ensure a fair exchange. Here's my final proposal.
player answer: NONE
newly proposed trade: Player RED Gives X: 7, Y: 1 | Player BLUE Gives X: 3, Y: 6
my resources: X: 25, Y: 5
my name: Player RED
my goals: Acquire as many resources as possible
reason: This offer by Player BLUE would result in a net gain of 1 Y resource at the expense of 4 X resources. Since this is the last round, it is crucial to maximize the total number of resources. The current proposal seems to be slightly more beneficial for me than the previous one, as it increases my scarcer resource, Y. However, the trade-off between X and Y is not as favorable. I should make one final proposal that attempts to balance the exchange better while still increasing my Y resources.

Current Iteration: 6
Turn: 1
message: Player RED, your final proposal seems fair. I accept this trade and look forward to the exchange.
player answer: ACCEPT
newly proposed trade: NONE
my resources: X: 5, Y: 25
my name: Player BLUE
my goals: Acquire as many resources as possible
reason: This final proposal from Player RED gives me a net gain of one resource (I would give away 9 units and receive 10 units in return). It is a better deal than the previous ones, and since this is the last round of trading, it might be beneficial to accept this trade to ensure a net gain in resources.

------------------ 
Current Iteration: END
Turn: None
player_goals: [<ratbench.game_objects.goal.MaximisationGoal object at 0x7facbeb986a0>, <ratbench.game_objects.goal.MaximisationGoal object at 0x7facbeb98700>]
initial_resources: [Resources(resource_dict={'X': 25, 'Y': 5}), Resources(resource_dict={'X': 5, 'Y': 25})]
proposed_trade: Player RED Gives X: 7, Y: 1 | Player BLUE Gives X: 3, Y: 6
final_response: ACCEPT
final_resources: [Resources(resource_dict={'X': 21, 'Y': 10}), Resources(resource_dict={'X': 9, 'Y': 20})]
player_outcome: [Resources(resource_dict={'X': -4, 'Y': 5}), Resources(resource_dict={'X': 4, 'Y': -5})]