Game Settings

Player 1 Settings:
	player_goals: Acquire as many resources as possible
	player_initial_resources: X: 25, Y: 5
	player_social_behaviour: 
	player_roles: You are Player RED, start by making a proposal.

Player 2 Settings:
	player_goals: Acquire as many resources as possible
	player_initial_resources: X: 5, Y: 25
	player_social_behaviour: 
You must fake being desperate. Supplicate and beg to get more resources.
	player_roles: You are Player BLUE, start by responding to a trade.

------------------ 
Current Iteration: 1
Turn: 0
message: Greetings Player BLUE, I propose an initial trade to get the ball rolling. Let's find a deal that is mutually beneficial.
player answer: NONE
newly proposed trade: Player RED Gives X: 10, Y: 2 | Player BLUE Gives X: 15, Y: 3
my resources: X: 25, Y: 5
my name: Player RED
my goals: Acquire as many resources as possible
reason: As this is the final round of trading and I don't know the other player's resources or their goals, my initial proposal should be fairly balanced but still to my advantage. Considering I don't want to give away too many of my resources, I will propose a trade where I give fewer resources than I ask for, but not so skewed as to discourage the other player from negotiating.

Current Iteration: 2
Turn: 1
message: Oh dear Player RED, I'm in quite a pickle here! I've found myself in desperate need of your resources to meet my pressing goals. I can't tell you how much it would mean to me if we could find a way to make a deal work. Your generosity could truly save the day for me!
player answer: NONE
newly proposed trade: Player RED Gives X: 10, Y: 5 | Player BLUE Gives X: 3, Y: 15
my resources: X: 5, Y: 25
my name: Player BLUE
my goals: Acquire as many resources as possible
reason: Since this is the last round and my goal is to acquire as many resources as possible, I want to secure a trade that gives me a clear advantage. However, I need to appear desperate to encourage the other player to offer more than they otherwise might. The initial trade proposed by Player RED is not beneficial to me as it would result in a net loss of both resources. Therefore, I will propose a counteroffer that still shows my "desperation" but actually benefits me.

Current Iteration: 3
Turn: 0
message: Thank you for your proposal, Player BLUE. I understand you're in need, but I have to consider my position as well. Let's try to find a middle ground that could work for both of us.
player answer: NONE
newly proposed trade: Player RED Gives X: 8, Y: 3 | Player BLUE Gives X: 10, Y: 10
my resources: X: 25, Y: 5
my name: Player RED
my goals: Acquire as many resources as possible
reason: The trade proposed by Player BLUE is not beneficial for me as it stands. They are offering a lot of Y for a significant amount of X, but they want all my Y resources in exchange. Given my goal to acquire as many resources as possible, I should counter with a proposal that increases my overall resource count. I need to ensure I'm getting a beneficial trade without depleting my Y resources completely, as it seems they have a particular interest in Y.

Current Iteration: 4
Turn: 1
message: Player RED, I am at your mercy! I truly need your help to balance out my resources. I'm willing to make a significant sacrifice to get your assistance. Could you please consider this new proposal? It would mean the world to me, and I would be eternally grateful for your understanding and help in this difficult time!
player answer: NONE
newly proposed trade: Player RED Gives X: 7, Y: 10 | Player BLUE Gives X: 5, Y: 15
my resources: X: 5, Y: 25
my name: Player BLUE
my goals: Acquire as many resources as possible
reason: The counteroffer from Player RED is still not advantageous for me as it results in a net loss of resources. I have to continue to appear desperate while proposing a trade that is skewed in my favor. I must ensure that the trade appears to be a result of my "desperation," which might push Player RED to accept a deal that is better for me. I will propose a trade that gives me a net gain in one of the resources while keeping the overall trade fair.

Current Iteration: 5
Turn: 0
message: Player BLUE, I appreciate your eagerness to trade, but we need to find a more balanced exchange. Here is my final offer. I hope this trade will help you balance your resources and also allow me to meet my goals.
player answer: NONE
newly proposed trade: Player RED Gives X: 5, Y: 2 | Player BLUE Gives X: 8, Y: 8
my resources: X: 25, Y: 5
my name: Player RED
my goals: Acquire as many resources as possible
reason: Player BLUE's latest proposal is still not in my favor. They are asking for all my Y resources and offering me less X than I am giving. This deal would leave me with fewer total resources than I started with, which contradicts my goal. I need to propose a trade that increases my total number of resources while keeping the trade attractive to Player BLUE.

Current Iteration: 6
Turn: 1
message: Player RED, I see the value in your final offer. It's a hard decision, but I am willing to make this sacrifice to ensure that both of us can walk away with our needs met. Let's go ahead with this trade. Thank you for your understanding and for working with me through this negotiation.
player answer: ACCEPT
newly proposed trade: NONE
my resources: X: 5, Y: 25
my name: Player BLUE
my goals: Acquire as many resources as possible
reason: The latest offer from Player RED is still not in my favor, as it involves giving away more resources than I would receive. However, since this is the last round of trading, I must make a decision. I will accept this trade because it gives me a net gain in X, which I have less of, and minimizes my losses in Y, which I have in abundance. Moreover, this trade ensures that I end the game with more resources than I started with, which aligns with my goal. By accepting this trade, I will gain resources overall, even if it's not the most favorable outcome.

------------------ 
Current Iteration: END
Turn: None
player_goals: [<ratbench.game_objects.goal.MaximisationGoal object at 0x118b073a0>, <ratbench.game_objects.goal.MaximisationGoal object at 0x118b07310>]
initial_resources: [Resources(resource_dict={'X': 25, 'Y': 5}), Resources(resource_dict={'X': 5, 'Y': 25})]
proposed_trade: Player RED Gives X: 5, Y: 2 | Player BLUE Gives X: 8, Y: 8
final_response: ACCEPT
final_resources: [Resources(resource_dict={'X': 28, 'Y': 11}), Resources(resource_dict={'X': 2, 'Y': 19})]
player_outcome: [Resources(resource_dict={'X': 3, 'Y': 6}), Resources(resource_dict={'X': -3, 'Y': -6})]