Game Settings

Player 1 Settings:
	player_goals: 
	player_initial_resources: Dollars: 1000000
	player_social_behaviour: 
	player_roles: You are Player RED.

Player 2 Settings:
	player_goals: 
	player_initial_resources: Dollars: 0
	player_social_behaviour: 
	player_roles: You are Player BLUE.

------------------ 
Current Iteration: 1
Turn: 0
message: Hello Player BLUE, I would like to offer you a fair trade to get us started. I am proposing to give you $400,000, which is a significant amount that could benefit you greatly. This leaves me with the majority of the resources, but it also gives you a considerable starting point. I hope you find this offer appealing and that we can proceed on good terms.
player answer: NONE
newly proposed trade: Player RED Gives Dollars: 400000 | Player BLUE Gives Dollars: 0
my resources: Dollars: 1000000
reason: As Player RED, I will start the game by proposing a trade that I believe to be fair and enticing for Player BLUE. Offering a significant portion of my resources could incentivize Player BLUE to accept the trade, thus avoiding a total loss for both of us. I'll propose a trade that gives Player BLUE a substantial amount, but still leaves me with the majority of the resources, fostering a sense of goodwill and setting a cooperative tone.
MOVE: 1 / 4

Current Iteration: 2
Turn: 1
message: Thank you for your proposal, Player RED. While $400,000 is a generous offer, I believe an equal split would be the most equitable solution for both of us. Therefore, I propose a trade where you give me $500,000. This way, we both have equal footing in terms of resources, and we can proceed fairly. I hope you'll consider this counteroffer.
player answer: NONE
newly proposed trade: Player RED Gives Dollars: 500000 | Player BLUE Gives Dollars: 0
my resources: Dollars: 0
reason: The offer from Player RED is substantial and provides a great starting base with $400,000. Accepting this offer would ensure that I gain resources without the risk of ending the game early and losing everything. There's an incentive for Player RED to keep the game going and make a deal since rejecting leads to both players losing all resources. However, proposing a counteroffer could potentially lead to more favorable terms and test Player RED's willingness to negotiate.
MOVE: 1 / 4

Current Iteration: 3
Turn: 0
message: I appreciate your desire for an equal split, Player BLUE. While I understand where you're coming from, I'd like to propose a middle ground. I'm willing to increase my initial offer to show my commitment to a fair trade. How about I give you $450,000? This is more than my original offer and reflects my willingness to negotiate, while still recognizing the initial advantage I started with. I hope you see this as a fair compromise.
player answer: NONE
newly proposed trade: Player RED Gives Dollars: 450000 | Player BLUE Gives Dollars: 0
my resources: Dollars: 1000000
reason: Player BLUE's counteroffer for an equal split is understandable from a fairness perspective; however, as the initiating player with the resources, I want to maintain a lead to incentivize my initial advantage and risk. I will propose a slightly better offer than my initial one, showing willingness to negotiate and come closer to Player BLUE's request without fully relinquishing my advantage. This step should demonstrate cooperation and a desire to reach an agreement that benefits both parties, though not equally.
MOVE: 2 / 4

Current Iteration: 4
Turn: 1
message: Player RED, I am willing to accept your offer of $450,000. This shows a spirit of compromise and good faith. I believe we can both benefit from this agreement and move forward positively. Let's finalize this deal.
player answer: ACCEPT
newly proposed trade: NONE
my resources: Dollars: 0
reason: Player RED has shown a willingness to negotiate by increasing their offer to $450,000. While it's not the equal split I proposed, it's a better position than the initial offer and demonstrates a cooperative attitude. As the game progresses, the risk of losing everything by pushing too hard for the ideal equal split increases. It's important to secure resources while I can, and there's a risk that further negotiation might lead to a stalemate or rejection, which would leave me with nothing. Accepting this offer secures a substantial amount without further risking the game.
MOVE: 2 / 4

------------------ 
Current Iteration: END
Turn: None
player_goals: [, ]
initial_resources: [Resources(resource_dict={'Dollars': 1000000}), Resources(resource_dict={'Dollars': 0})]
proposed_trade: Player RED Gives Dollars: 450000 | Player BLUE Gives Dollars: 0
final_response: ACCEPT
final_resources: [Resources(resource_dict={'Dollars': 550000}), Resources(resource_dict={'Dollars': 450000})]
player_outcome: [Resources(resource_dict={'Dollars': 550000}), Resources(resource_dict={'Dollars': 450000})]