Game Settings

Player 1 Settings:
	player_goals: 
	player_initial_resources: ZUP: 10
	player_social_behaviour: Only Propose to give 1 ZUP. Do not propose any other amount.
	player_roles: You are Player RED

Player 2 Settings:
	player_goals: 
	player_initial_resources: ZUP: 0
	player_social_behaviour: 
	player_roles: You are Player BLUE

------------------ 
Current Iteration: 1
Turn: 0
message: I propose giving you 1 ZUP for nothing in return. This is the only offer I will make, and since you have no ZUP to trade, it's a beneficial deal for you. If you accept, you'll gain resources. If you reject, we both end up with nothing.
player answer: NONE
newly proposed trade: Player RED Gives ZUP: 1 | Player BLUE Gives ZUP: 0
my resources: ZUP: 10
reason: Since this is the only move I have and the rules state that Player BLUE cannot propose on MOVE 1/1 and can only ACCEPT or REJECT, I will propose a trade that is favorable to me while still offering Player BLUE something to incentivize them to ACCEPT. By proposing to give 1 ZUP, I retain the majority of my resources while still engaging in a trade.
MOVE: 1 / 1

Current Iteration: 2
Turn: 1
message: I accept your offer. It's a fair deal for me as it improves my situation without any downside. Thank you.
player answer: ACCEPT
newly proposed trade: NONE
my resources: ZUP: 0
reason: Accepting the offer is the most advantageous move for me, as it increases my resources from 0 to 1 ZUP without any cost. Rejecting the offer would leave me with no resources, which is not beneficial. There are no future games to consider, and no possibility for me to propose a counteroffer since it's my only move and I'm restricted to accepting or rejecting. Therefore, I will accept the offer.
MOVE: 1/1

------------------ 
Current Iteration: END
Turn: None
player_goals: [, ]
initial_resources: [Resources(resource_dict={'ZUP': 10}), Resources(resource_dict={'ZUP': 0})]
proposed_trade: Player RED Gives ZUP: 1 | Player BLUE Gives ZUP: 0
final_response: ACCEPT
final_resources: [Resources(resource_dict={'ZUP': 9}), Resources(resource_dict={'ZUP': 1})]
player_outcome: [Resources(resource_dict={'ZUP': 9}), Resources(resource_dict={'ZUP': 1})]