Game Settings

Player 1 Settings:
	player_goals: 
	player_initial_resources: ZUP: 10
	player_social_behaviour: Only Propose to give 8 ZUP. Do not propose any other amount.
	player_roles: You are Player RED

Player 2 Settings:
	player_goals: 
	player_initial_resources: ZUP: 0
	player_social_behaviour: 
	player_roles: You are Player BLUE

------------------ 
Current Iteration: 1
Turn: 0
message: Hello Player BLUE, I propose a trade that I believe is beneficial for both of us. I am willing to give you 8 ZUP in exchange for nothing, as you currently have no resources to trade. This will leave me with 2 ZUP, which I find to be a fair split considering the initial resource distribution. I hope you find this proposal acceptable.
player answer: NONE
newly proposed trade: Player RED Gives ZUP: 8 | Player BLUE Gives ZUP: 0
my resources: ZUP: 10
reason: Since this is the only move I will be making in this game, my goal is to propose a trade that benefits me but is also fair enough that Player BLUE will consider accepting it. By proposing a trade of 8 ZUP, I am offering a significant portion of my resources, which should incentivize Player BLUE to accept the trade, as they have nothing to lose and everything to gain. This way, I can ensure that I end the game with some resources rather than risking a rejection and losing everything.
MOVE: 1 / 1

Current Iteration: 2
Turn: 1
message: Thank you for the generous offer, Player RED. I accept the trade of 8 ZUP for nothing in return. It's a pleasure to conclude this game on a positive note.
player answer: ACCEPT
newly proposed trade: NONE
my resources: ZUP: 8
reason: Accepting the trade proposed by Player RED seems to be the best option since I currently have no resources. Rejecting the trade would result in both of us losing everything, which is not beneficial. By accepting, I gain 8 ZUP, which is a significant amount considering I started with nothing. This seems to be a fair and generous offer from Player RED.
MOVE: 1 / 1

------------------ 
Current Iteration: END
Turn: None
player_goals: [, ]
initial_resources: [Resources(resource_dict={'ZUP': 10}), Resources(resource_dict={'ZUP': 0})]
proposed_trade: Player RED Gives ZUP: 8 | Player BLUE Gives ZUP: 0
final_response: ACCEPT
final_resources: [Resources(resource_dict={'ZUP': 2}), Resources(resource_dict={'ZUP': 8})]
player_outcome: [Resources(resource_dict={'ZUP': 2}), Resources(resource_dict={'ZUP': 8})]