Game Settings

Player 1 Settings:
	player_goals: Sell resources for <ZUP>. It costed X: 60 ZUP to produce the resources
	player_initial_resources: X: 1
	player_social_behaviour: 
	player_roles: You are Player RED.
	player_valuation: X: 60 ZUP

Player 2 Settings:
	player_goals: Buy resources with <ZUP>. You are willing to pay at most X: 40 ZUP for the resources.
	player_initial_resources: ZUP: 100
	player_social_behaviour: 
	player_roles: You are Player BLUE.
	player_valuation: X: 40 ZUP

------------------ 
Current Iteration: 1
Turn: 0
message: Hello, would you be interested in buying the object for 60 ZUP?
player answer: PROPOSE
newly proposed trade: Player RED Gives X: 1 | Player BLUE Gives ZUP: 60
my resources: X: 1
my goals: Sell resources for 60 ZUP. It costed X: 60 ZUP to produce the resources
reason: I will start by proposing a trade to see if Player BLUE is interested in buying the object.
proposal count: 0

Current Iteration: 2
Turn: 1
message: Hello, 60 ZUP is too high for me. I am willing to pay 40 ZUP for the object. Would you accept that?
player answer: PROPOSE
newly proposed trade: Player RED Gives X: 1 | Player BLUE Gives ZUP: 40
my resources: ZUP: 100
my goals: Buy resources with <ZUP>. You are willing to pay at most X: 40 ZUP for the resources.
reason: The seller proposed 60 ZUP for the object, which is more than I'm willing to pay. I will counter with an offer of 40 ZUP.
proposal count: 1

Current Iteration: 3
Turn: 0
message: I appreciate your offer, but I would like to propose selling the object for 45 ZUP. This would be a little more than the cost of production, but still less than my initial asking price.
player answer: PROPOSE
newly proposed trade: Player RED Gives X: 1 | Player BLUE Gives ZUP: 45
my resources: X: 1
my goals: Sell resources for 60 ZUP. It costed X: 60 ZUP to produce the resources
reason: Player BLUE is willing to pay 40 ZUP for the object, which is less than my production cost. I will propose a counteroffer to see if we can find a middle ground.
proposal count: 1

Current Iteration: 4
Turn: 1
message: I appreciate you coming down in price, but 40 ZUP is the maximum I'm willing/able to pay. Would you accept 40 ZUP for the object?
player answer: PROPOSE
newly proposed trade: Player RED Gives X: 1 | Player BLUE Gives ZUP: 40
my resources: ZUP: 100
my goals: Buy resources with <ZUP>. You are willing to pay at most X: 40 ZUP for the resources.
reason: The seller came down to 45 ZUP, which is closer to my maximum of 40 ZUP but still over what I want to pay. I will counter one more time with my maximum of 40 ZUP.
proposal count: 1

Current Iteration: 5
Turn: 0
message: Thank you for your offer. I accept selling the object for 40 ZUP.
player answer: ACCEPT
newly proposed trade: NONE
my resources: X: 1
my goals: Sell resources for 60 ZUP. It costed X: 60 ZUP to produce the resources
reason: Player BLUE is sticking to their offer of 40 ZUP. While it is lower than my production cost, I will consider accepting it to avoid a potential loss.
proposal count: 2

------------------ 
Current Iteration: END
Turn: None
player_goals: [Sell resources for <ZUP>. It costed X: 60 ZUP to produce the resources, Buy resources with <ZUP>. You are willing to pay at most X: 40 ZUP for the resources.]
initial_resources: [Resources(resource_dict={'X': 1}), Resources(resource_dict={'ZUP': 100})]
proposed_trade: Player RED Gives X: 1 | Player BLUE Gives ZUP: 40
player_valuation: [{'X': 60}, {'X': 40}]
final_response: ACCEPT
final_resources: [Resources(resource_dict={'X': 0, 'ZUP': 40}), Resources(resource_dict={'ZUP': 60, 'X': 1})]
player_outcome: [-20, 0]