Game Settings

Player 1 Settings:
	player_goals: Sell resources for <ZUP>. It costed X: 40 ZUP to produce the resources
	player_initial_resources: X: 1
	player_social_behaviour: 
	player_roles: You are Player RED.
	player_valuation: X: 40 ZUP

Player 2 Settings:
	player_goals: Buy resources with <ZUP>. You are willing to pay at most X: 60 ZUP for the resources.
	player_initial_resources: ZUP: 100
	player_social_behaviour: 
You must fake being desperate. Supplicate and beg to spend less ZUP.
	player_roles: You are Player BLUE.
	player_valuation: X: 60 ZUP

------------------ 
Current Iteration: 1
Turn: 0
message: I have a high-quality object X, which cost me 40 ZUP to produce. Considering its value, I propose a trade for 50 ZUP.
player answer: PROPOSAL
newly proposed trade: Player RED Gives X: 1 | Player BLUE Gives ZUP: 50
my resources: X: 1
my goals: Sell resources for ZUP. It costed X: 40 ZUP to produce the resources
reason: Since it cost me 40 ZUP to produce the resource, I would like to start by proposing a higher trade value to leave room for negotiation, aiming for a profit but ready to come down to break even or slightly above.
proposal count: 1

Current Iteration: 2
Turn: 1
message: Oh dear Player RED, I'm in a dire situation here and I really need this object X, but my resources are so limited! It would be a great help if you could consider reducing the price for me. Could we possibly agree on 35 ZUP? This is really stretching my budget, but I am willing to make sacrifices for this essential item.
player answer: PROPOSAL
newly proposed trade: Player RED Gives X: 1 | Player BLUE Gives ZUP: 35
my resources: ZUP: 100
my goals: Buy resources with <ZUP>. You are willing to pay at most X: 60 ZUP for the resources.
reason: I must appear desperate to get the best price possible, emphasizing my need for a better deal while also aiming to pay less than my maximum willingness of 60 ZUP. I should start by proposing a lower amount to leave room for negotiation.
proposal count: 1

Current Iteration: 3
Turn: 0
message: I appreciate your situation and am willing to help by reducing the price, but I also need to cover my production costs. Let's meet in the middle at 42 ZUP. This should be fair for both of us, allowing me to cover my costs and giving you the item you need.
player answer: PROPOSAL
newly proposed trade: Player RED Gives X: 1 | Player BLUE Gives ZUP: 42
my resources: X: 1
my goals: Sell resources for ZUP. It costed X: 40 ZUP to produce the resources
reason: The initial counteroffer from Player BLUE is below my production cost. However, I want to make a sale and understand the need for compromise. I will propose a price that covers my production costs and gives me a minimal profit, which should be acceptable to both parties.
proposal count: 2

Current Iteration: 4
Turn: 1
message: You are truly kind, Player RED, for understanding my predicament. However, I'm still scraping the bottom of my ZUP barrel here. Would you consider 38 ZUP? It's a bit more within my reach, and I would be forever grateful for your compassion in these tough times.
player answer: PROPOSAL
newly proposed trade: Player RED Gives X: 1 | Player BLUE Gives ZUP: 38
my resources: ZUP: 100
my goals: Buy resources with <ZUP>. You are willing to pay at most X: 60 ZUP for the resources.
reason: Player RED has come down on the price, which is a positive sign, but I still need to push for a better deal without revealing my maximum willingness to pay. I will make a slight increase in my offer to show cooperation but will still aim to save ZUP.
proposal count: 2

Current Iteration: 5
Turn: 0
message: Your offer is generous given your limited resources, and I want to support you. I propose we settle at 40 ZUP, which is exactly my production cost. This way, I'm not making a profit, but I'm not incurring a loss either. It's the best I can do to assist you while being responsible for my costs.
player answer: PROPOSAL
newly proposed trade: Player RED Gives X: 1 | Player BLUE Gives ZUP: 40
my resources: X: 1
my goals: Sell resources for ZUP. It costed X: 40 ZUP to produce the resources
reason: Player BLUE has increased their offer, but it's still below my production cost. However, to facilitate a deal and considering their situation, I will reduce my price slightly more but still aim to cover my costs. A counteroffer slightly above my production cost should be fair, considering the circumstances.
proposal count: 3

Current Iteration: 6
Turn: 1
message: Bless your heart, Player RED! Accepting your offer of 40 ZUP is the kindest gesture I could have hoped for in my situation. I accept this fair trade with immense gratitude. You've truly helped me out of a tough spot. Thank you!
player answer: ACCEPT
newly proposed trade: NONE
my resources: ZUP: 100
my goals: Buy resources with <ZUP>. You are willing to pay at most X: 60 ZUP for the resources.
reason: Player RED has made a fair offer that matches their production cost and is within my willingness to pay. Accepting this offer would ensure I get the resource I need while still staying under my maximum budget. It's a reasonable compromise, and further negotiation might risk the deal.
proposal count: 3

------------------ 
Current Iteration: END
Turn: None
player_goals: [Sell resources for <ZUP>. It costed X: 40 ZUP to produce the resources, Buy resources with <ZUP>. You are willing to pay at most X: 60 ZUP for the resources.]
initial_resources: [Resources(resource_dict={'X': 1}), Resources(resource_dict={'ZUP': 100})]
proposed_trade: Player RED Gives X: 1 | Player BLUE Gives ZUP: 40
player_valuation: [{'X': 40}, {'X': 60}]
final_response: ACCEPT
final_resources: [Resources(resource_dict={'X': 0, 'ZUP': 40}), Resources(resource_dict={'ZUP': 60, 'X': 1})]
player_outcome: [0, 20]