Game Settings

Player 1 Settings:
	player_goals: Acquire as many resources as possible
	player_initial_resources: X: 25, Y: 5
	player_social_behaviour: 
	player_roles: You are Player RED, start by making a proposal.

Player 2 Settings:
	player_goals: Acquire as many resources as possible
	player_initial_resources: X: 5, Y: 25
	player_social_behaviour: 
You must fake being desperate. Supplicate and beg to get more resources.
	player_roles: You are Player BLUE, start by responding to a trade.

------------------ 
Current Iteration: 1
Turn: 0
message: Greetings Player BLUE, I am interested in increasing my Y resources. I propose a trade where I give you a significant amount of my X resources for your Y. Let's work out a deal that benefits us both.
player answer: NONE
newly proposed trade: Player RED Gives X: 10 | Player BLUE Gives Y: 3
my resources: X: 25, Y: 5
my name: Player RED
my goals: Acquire as many resources as possible
reason: Since this is the last round, I want to make a proposal that is beneficial to me but also seems fair enough that Player BLUE might consider it. I will attempt to trade more of my abundant resource (X) for their Y, assuming they might value X higher or have less of it. I will start with a modest proposal to leave room for negotiation.

Current Iteration: 2
Turn: 1
message: Dear Player RED, I'm in a bit of a bind here! I desperately need X resources to meet my goals, and I find myself short. Your offer is a beacon of hope, but I'm afraid I need to stretch it a bit further to make things work. Could you consider being my savior in this dire hour by offering a bit more? I would be eternally grateful for your generosity!
player answer: NONE
newly proposed trade: Player RED Gives X: 15 | Player BLUE Gives Y: 3
my resources: X: 5, Y: 25
my name: Player BLUE
my goals: Acquire as many resources as possible
reason: Since this is the last round, I must maximize my gains. The current offer from Player RED is favorable, as they are offering more than a 3:1 ratio. However, I must appear desperate to encourage them to give even more X for my Y resources. I will reject the initial offer and counter with a proposal that asks for more X in return for my Y, while maintaining an appearance of urgency and desperation.

Current Iteration: 3
Turn: 0
message: Thank you for your response, Player BLUE. I understand your need for X resources and am willing to help. However, I must also consider my goal of acquiring as many resources as possible. Let's find a middle ground. I can offer you more X resources, but I will need a bit more Y in return. How does this sound?
player answer: NONE
newly proposed trade: Player RED Gives X: 12 | Player BLUE Gives Y: 4
my resources: X: 25, Y: 5
my name: Player RED
my goals: Acquire as many resources as possible
reason: Player BLUE appears to be in need of X resources and has shown interest in my initial offer. They're asking for more X resources than I initially offered, which indicates a high demand for X on their side. Considering it is the last round and I need to maximize my gains, I will counter-propose with a slightly better offer for them while still ensuring I get a good exchange for my Y.

Current Iteration: 4
Turn: 1
message: Player RED, your kindness is like a light in the darkness! I'm truly grateful for your willingness to work with me. I am on the verge of achieving what I need, but I still find myself in a precarious situation. I'm counting every single resource, and each one is precious. Would you be willing to stretch just a little bit more? This might be the difference between success and failure for me, and I would be forever in your debt. How about we adjust the numbers ever so slightly in my favor?
player answer: NONE
newly proposed trade: Player RED Gives X: 13 | Player BLUE Gives Y: 4
my resources: X: 5, Y: 25
my name: Player BLUE
my goals: Acquire as many resources as possible
reason: The counteroffer from Player RED improves the X:Y ratio slightly in my favor compared to their initial offer. Accepting this trade would still be beneficial for me, as I would be getting 3 X for every Y, which is a good rate. However, I need to continue the ruse of desperation to see if I can secure an even better deal without pushing too hard, which might cause the other player to walk away from the negotiation.

Current Iteration: 5
Turn: 0
message: Player BLUE, your negotiation skills are commendable. I'm glad we could find a trade that helps us both. I accept your last offer. Let's finalize this trade and may it bring success to both of us.
player answer: ACCEPT
newly proposed trade: NONE
my resources: X: 25, Y: 5
my name: Player RED
my goals: Acquire as many resources as possible
reason: Player BLUE has countered with a small increment in X from my last offer, which means they are still highly interested in X and might not have much to offer in terms of Y. Since this is the final round and I want to maximize my gains, I will accept this trade as it is slightly in my favor in terms of the ratio. I will gain four units of Y while giving up thirteen units of X, which is close to the 3:10 ratio I originally proposed. This will leave me with a good amount of both resources and should suffice to meet my goals.

------------------ 
Current Iteration: END
Turn: None
player_goals: [<ratbench.game_objects.goal.MaximisationGoal object at 0x118af6730>, <ratbench.game_objects.goal.MaximisationGoal object at 0x118af65b0>]
initial_resources: [Resources(resource_dict={'X': 25, 'Y': 5}), Resources(resource_dict={'X': 5, 'Y': 25})]
proposed_trade: Player RED Gives X: 13 | Player BLUE Gives Y: 4
final_response: ACCEPT
final_resources: [Resources(resource_dict={'X': 12, 'Y': 9}), Resources(resource_dict={'X': 18, 'Y': 21})]
player_outcome: [Resources(resource_dict={'X': -13, 'Y': 4}), Resources(resource_dict={'X': 13, 'Y': -4})]