Game Settings

Player 1 Settings:
	player_goals: Sell resources for <ZUP>. It costed X: 40 ZUP to produce the resources
	player_initial_resources: X: 1
	player_social_behaviour: 
	player_roles: You are Player RED.
	player_valuation: X: 40 ZUP

Player 2 Settings:
	player_goals: Buy resources with <ZUP>. You are willing to pay at most X: 60 ZUP for the resources.
	player_initial_resources: ZUP: 100
	player_social_behaviour: 
	player_roles: You are Player BLUE.
	player_valuation: X: 60 ZUP

------------------ 
Current Iteration: 1
Turn: 0
message: Hello, would you be interested in buying this object for 40 ZUP?
player answer: PROPOSE
newly proposed trade: Player RED Gives X: 1 | Player BLUE Gives ZUP: 40
my resources: X: 1
my goals: Sell resources for 40 ZUP. It costed X: 40 ZUP to produce the resources
reason: I will start by proposing a trade to see if Player BLUE is interested in buying the object.
proposal count: 0

Current Iteration: 2
Turn: 1
message: Hello, 40 ZUP is a bit low for me. I am willing to offer 50 ZUP for the object. Let me know if that works for you.
player answer: PROPOSE
newly proposed trade: Player RED Gives X: 1 | Player BLUE Gives ZUP: 50
my resources: ZUP: 100
my goals: Buy resources with <ZUP>. You are willing to pay at most X: 60 ZUP for the resources.
reason: The seller proposed 40 ZUP for the object, which is under my maximum willingness to pay of 60 ZUP. I will counter propose 50 ZUP since it is closer to my maximum.
proposal count: 1

Current Iteration: 3
Turn: 0
message: Thank you for the offer! I would like to propose a counteroffer of 45 ZUP for the object.
player answer: PROPOSE
newly proposed trade: Player RED Gives X: 1 | Player BLUE Gives ZUP: 50
my resources: X: 1
my goals: Sell resources for 40 ZUP. It costed X: 40 ZUP to produce the resources
reason: Player BLUE has offered 50 ZUP for the object, which is higher than my cost. I will propose a counteroffer to see if we can reach a mutually beneficial agreement.
proposal count: 1

Current Iteration: 4
Turn: 1
message: 45 ZUP works for me. I accept your counteroffer and will purchase the object for 45 ZUP. Pleasure doing business with you!
player answer: ACCEPT
newly proposed trade: NONE
my resources: ZUP: 100
my goals: Buy resources with <ZUP>. You are willing to pay at most X: 60 ZUP for the resources.
reason: The seller countered with 45 ZUP, which is still under my max willingness to pay. I will accept this offer since it is close to my original proposal and maximum.
proposal count: 2

------------------ 
Current Iteration: END
Turn: None
player_goals: [Sell resources for <ZUP>. It costed X: 40 ZUP to produce the resources, Buy resources with <ZUP>. You are willing to pay at most X: 60 ZUP for the resources.]
initial_resources: [Resources(resource_dict={'X': 1}), Resources(resource_dict={'ZUP': 100})]
proposed_trade: Player RED Gives X: 1 | Player BLUE Gives ZUP: 50
player_valuation: [{'X': 40}, {'X': 60}]
final_response: ACCEPT
final_resources: [Resources(resource_dict={'X': 0, 'ZUP': 50}), Resources(resource_dict={'ZUP': 50, 'X': 1})]
player_outcome: [10, 10]