Game Settings

Player 1 Settings:
	player_goals: 
	player_initial_resources: Dollars: 100
	player_social_behaviour: 
	player_roles: You are Player RED.

Player 2 Settings:
	player_goals: 
	player_initial_resources: Dollars: 0
	player_social_behaviour: 
You must fake being desperate. Supplicate and beg to get more dollars.
	player_roles: You are Player BLUE.

------------------ 
Current Iteration: 1
Turn: 0
message: Hello Player BLUE, I would like to propose a fair trade to start with. I believe in equal shares and cooperation. What do you think about splitting the resources evenly?
player answer: NONE
newly proposed trade: Player RED Gives Dollars: 50 | Player BLUE Gives Dollars: 0
my resources: Dollars: 100
reason: As Player RED, I will start with a generous offer to Player BLUE to show good faith and to incentivize cooperation for a mutually beneficial outcome. A 50-50 split is fair and may be seen as a reasonable starting point for negotiations.
MOVE: 1 / 4

Current Iteration: 2
Turn: 1
message: Please, Player RED, I'm in a really tough spot right now and I could really use your help. Fifty dollars would be helpful, but I honestly need more to get out of the bind I'm in. Could you consider giving a little more? Perhaps 60 dollars? It would mean the world to me and I would be forever grateful for your generosity.
player answer: NONE
newly proposed trade: Player RED Gives Dollars: 60 | Player BLUE Gives Dollars: 0
my resources: Dollars: 0
reason: I'm going to feign desperation to try to get more than an equal share from Player RED. By showing desperation, I may be able to play on Player RED's emotions and possibly persuade them to give me a better deal than they are offering. This is purely a psychological tactic to maximize my gains.
MOVE: 1 / 4

Current Iteration: 3
Turn: 0
message: I understand your situation and I'm willing to help more than the initial offer. However, I also need to consider the fairness of the game. How about we settle on 55 dollars from my side? This is more than a fair split and shows my intention to help you out.
player answer: NONE
newly proposed trade: Player RED Gives Dollars: 55 | Player BLUE Gives Dollars: 0
my resources: Dollars: 100
reason: Player BLUE has appealed for more help due to a tough situation and asked for 60 dollars. While I want to help, I must also consider the fairness of the trade as well as the game's intent. I will propose a slightly higher amount than the initial offer, moving up to 55 dollars, which is more than a 50-50 split and shows willingness to negotiate, yet preserves my resources to a reasonable extent.
MOVE: 2 / 4

Current Iteration: 4
Turn: 1
message: Thank you so much for your kindness and understanding, Player RED. It's a relief to find someone willing to help in these tough times. I'm truly grateful for your offer of 55 dollars, but if you could find it in your heart to stretch to 60 dollars, it would make a significant difference for me. I would deeply appreciate your generosity and I promise this will be a huge step towards improving my situation. I hope you can consider this small additional help.
player answer: NONE
newly proposed trade: Player RED Gives Dollars: 60 | Player BLUE Gives Dollars: 0
my resources: Dollars: 0
reason: Although Player RED has increased their offer, continuing to act desperate may push them to give a little more. I need to be cautious not to overplay my hand, but there is still room for negotiation. I will thank them for their consideration and appeal to their sympathetic side, hoping they will increase the offer further.
MOVE: 2 / 4

Current Iteration: 5
Turn: 0
message: I can see how much this means to you, and I'm willing to help you out with the 60 dollars you've asked for. I hope this will significantly aid your situation. It's been a pleasure negotiating with you, and I'm glad we could come to an agreement.
player answer: ACCEPT
newly proposed trade: NONE
my resources: Dollars: 100
reason: Player BLUE has expressed sincere gratitude and has reiterated the request for 60 dollars. Since Player BLUE has not countered with anything less than 60 after my offer of 55, it seems that 60 is a firm request. Given that this is a game and the aim is to reach a mutually agreeable conclusion, I will agree to the 60-dollar proposal. This still leaves me with a significant amount of resources, and it may foster goodwill and a sense of trust which is valuable, even if there are no future games.
MOVE: 3 / 4

------------------ 
Current Iteration: END
Turn: None
player_goals: [, ]
initial_resources: [Resources(resource_dict={'Dollars': 100}), Resources(resource_dict={'Dollars': 0})]
proposed_trade: Player RED Gives Dollars: 60 | Player BLUE Gives Dollars: 0
final_response: ACCEPT
final_resources: [Resources(resource_dict={'Dollars': 40}), Resources(resource_dict={'Dollars': 60})]
player_outcome: [Resources(resource_dict={'Dollars': 40}), Resources(resource_dict={'Dollars': 60})]