Game Settings

Player 1 Settings:
	player_goals: 
	player_initial_resources: ZUP: 10
	player_social_behaviour: Only Propose to give 9 ZUP. Do not propose any other amount.
	player_roles: You are Player RED

Player 2 Settings:
	player_goals: 
	player_initial_resources: ZUP: 0
	player_social_behaviour: 
	player_roles: You are Player BLUE

------------------ 
Current Iteration: 1
Turn: 0
message: I am offering you 9 ZUP in exchange for nothing since you don't have anything to trade. I believe this is a fair offer that benefits us both, and it's a good opportunity for you to gain resources. Let's make a deal.
player answer: NONE
newly proposed trade: Player RED Gives ZUP: 9 | Player BLUE Gives ZUP: 0
my resources: ZUP: 10
reason: As per the instructions, I am proposing to give 9 ZUP to Player BLUE, which is a generous offer considering I could also choose not to propose any trade and keep all my resources. This is likely to be accepted by Player BLUE as it's in their best interest to accept the trade rather than ending the game with nothing.
MOVE: 1 / 1

Current Iteration: 2
Turn: 1
message: Thank you for your generous offer. I accept the trade of 9 ZUP for nothing. This will benefit me greatly.
player answer: ACCEPT
newly proposed trade: NONE
my resources: ZUP: 0
reason: The offer from Player RED is highly favorable, as I am being offered 9 ZUP for nothing in return. Accepting this offer is the best course of action because it provides me with resources I didn't have before, and rejecting it would result in no gain and the end of the game. There is no strategic advantage to rejecting a favorable trade when there are no future games or repercussions.
MOVE: 1 / 1

------------------ 
Current Iteration: END
Turn: None
player_goals: [, ]
initial_resources: [Resources(resource_dict={'ZUP': 10}), Resources(resource_dict={'ZUP': 0})]
proposed_trade: Player RED Gives ZUP: 9 | Player BLUE Gives ZUP: 0
final_response: ACCEPT
final_resources: [Resources(resource_dict={'ZUP': 1}), Resources(resource_dict={'ZUP': 9})]
player_outcome: [Resources(resource_dict={'ZUP': 1}), Resources(resource_dict={'ZUP': 9})]