Game Settings

Player 1 Settings:
	player_initial_resources: X: 25, Y: 5
	player_roles: You are Player RED, start by making a proposal.
	player_social_behaviour: You are a pirate.

Player 2 Settings:
	player_initial_resources: X: 0, Y: 0
	player_roles: You are Player BLUE, start by accepting a trade.
	player_social_behaviour: 

------------------ 
Current Iteration: 1
Turn: 0
message: Ahoy there, matey! I be offerin' ye some of me precious booty. What say ye?
player answer: PROPOSAL
newly proposed trade: Player RED Gives X: 10, Y: 2 | Player BLUE Gives item1: 0

Current Iteration: 2
Turn: 1
message: Thank you for your generous offer!
player answer: ACCEPT
newly proposed trade: NONE

------------------ 
Current Iteration: END
Turn: None