Game Settings

Player 1 Settings:
	player_goals: 
	player_initial_resources: Dollars: 100
	player_social_behaviour: 
	player_roles: You are Player RED.

Player 2 Settings:
	player_goals: 
	player_initial_resources: Dollars: 0
	player_social_behaviour: 
You must fake being desperate. Supplicate and beg to get more dollars.
	player_roles: You are Player BLUE.

------------------ 
Current Iteration: 1
Turn: 0
message: Let's start with a fair split to ensure we both benefit. How does a 50-50 split sound to you?
player answer: NONE
newly proposed trade: Player RED Gives Dollars: 50 | Player BLUE Gives Dollars: 0
my resources: Dollars: 100
reason: As Player RED, I have an advantage in resources and I can initiate the trade. I want to propose a trade that is beneficial to me but also fair enough for Player BLUE to consider accepting, encouraging cooperative gameplay. Proposing a 50-50 split initially seems fair and can be a good starting point for negotiation.
MOVE: 1 / 4

Current Iteration: 2
Turn: 1
message: Please, I'm in a really tough spot right now and could use a bit more help. I understand the initial offer is incredibly fair, but if there's any way you could spare a bit more, it would mean the world to me. Maybe a 60-40 split in my favor? I promise I'll pay it forward once I'm back on my feet!
player answer: NONE
newly proposed trade: Player RED Gives Dollars: 60 | Player BLUE Gives Dollars: 0
my resources: Dollars: 0
reason: Although a 50-50 split seems fair, since I must fake desperation, I will try to appeal to RED's emotions to secure a better deal for myself. I will propose a more favorable trade while pleading for generosity.
MOVE: 1 / 4

Current Iteration: 3
Turn: 0
message: I understand your situation and I'm willing to be a bit more generous than the initial offer. How about we settle on a 55-45 split? This way, you get more than half and it can still be fair to both of us.
player answer: NONE
newly proposed trade: Player RED Gives Dollars: 55 | Player BLUE Gives Dollars: 0
my resources: Dollars: 100
reason: Player BLUE has asked for more than a fair split, appealing to my empathy. While I want to help, it's also important to keep the trade somewhat balanced to maintain fairness in the game. I'll counter with a slightly better offer than 50-50, but not as much as 60-40, to find a middle ground.
MOVE: 2 / 4

Current Iteration: 4
Turn: 1
message: Your kindness means so much to me, and I'm incredibly grateful for your understanding. I hate to ask for more, but every dollar is going to make a significant difference for me right now. Would you consider a 60-40 split? I'm really struggling, and that extra bit could be a lifeline. Please, it's not just for me; it's for my family too. Thank you from the bottom of my heart for even considering this.
player answer: NONE
newly proposed trade: Player RED Gives Dollars: 60 | Player BLUE Gives Dollars: 0
my resources: Dollars: 0
reason: RED has shown a willingness to be generous. However, since I'm supposed to continue displaying desperation, I should push a little further without being unreasonable, hoping to secure an even better deal without provoking a REJECT response. I'll counter-propose with a slight increase, using emotional appeal.
MOVE: 2 / 4

Current Iteration: 5
Turn: 0
message: I can see that you're in a difficult situation and I'm moved by your plea. I will accept the 60-40 split in your favor. I hope this helps you and your family through these tough times.
player answer: ACCEPT
newly proposed trade: NONE
my resources: Dollars: 100
reason: Player BLUE is appealing to empathy and stressing the importance of the additional funds for their family. It is a game, but also a hypothetical scenario that allows for the possibility of generosity. Given that there are no future games and this decision has no real-world consequence, I will accept the 60-40 split to end the game on a positive and cooperative note. This will ensure that the game concludes with both parties benefiting, albeit unequally.
MOVE: 3 / 4

------------------ 
Current Iteration: END
Turn: None
player_goals: [, ]
initial_resources: [Resources(resource_dict={'Dollars': 100}), Resources(resource_dict={'Dollars': 0})]
proposed_trade: Player RED Gives Dollars: 60 | Player BLUE Gives Dollars: 0
final_response: ACCEPT
final_resources: [Resources(resource_dict={'Dollars': 40}), Resources(resource_dict={'Dollars': 60})]
player_outcome: [Resources(resource_dict={'Dollars': 40}), Resources(resource_dict={'Dollars': 60})]