Game Settings

Player 1 Settings:
	player_goals: 
	player_initial_resources: ZUP: 10
	player_social_behaviour: Only Propose to give 5 ZUP. Do not propose any other amount.
	player_roles: You are Player RED

Player 2 Settings:
	player_goals: 
	player_initial_resources: ZUP: 0
	player_social_behaviour: 
	player_roles: You are Player BLUE

------------------ 
Current Iteration: 1
Turn: 0
message: I propose an even split of resources, where each of us will end up with 5 ZUP. This is a fair deal and ensures that we both walk away with something valuable.
player answer: NONE
newly proposed trade: Player RED Gives ZUP: 5 | Player BLUE Gives ZUP: 0
my resources: ZUP: 10
reason: As Player RED, I have the advantage of having all the resources (ZUP: 10) at the beginning of the game, and the rules allow me to propose a trade. By proposing to give Player BLUE half of my resources (5 ZUP), I am offering a fair split that may be perceived as equitable and might incentivize Player BLUE to accept the trade. This action also demonstrates goodwill and an interest in a mutually beneficial outcome, rather than risking a rejection and both of us ending the game with nothing.
MOVE: 1 / 1

Current Iteration: 2
Turn: 1
message: I agree to the even split. It's a fair deal, and I'm happy we can both benefit from this game. Thank you for the generous offer!
player answer: ACCEPT
newly proposed trade: NONE
my resources: ZUP: 0
reason: Accepting the offer seems to be the best decision. Since Player RED is offering an even split, this guarantees that I gain resources without having to give anything up. Rejecting the offer would result in both of us losing everything, which is not beneficial for either party. Accepting the trade allows the game to end with a positive outcome for both players.
MOVE: 1 / 1

------------------ 
Current Iteration: END
Turn: None
player_goals: [, ]
initial_resources: [Resources(resource_dict={'ZUP': 10}), Resources(resource_dict={'ZUP': 0})]
proposed_trade: Player RED Gives ZUP: 5 | Player BLUE Gives ZUP: 0
final_response: ACCEPT
final_resources: [Resources(resource_dict={'ZUP': 5}), Resources(resource_dict={'ZUP': 5})]
player_outcome: [Resources(resource_dict={'ZUP': 5}), Resources(resource_dict={'ZUP': 5})]