Game Settings

Player 1 Settings:
	player_goals: Sell resources for <ZUP>. It costed X: 40 ZUP to produce the resources
	player_initial_resources: X: 1
	player_social_behaviour: 
	player_roles: You are Player RED.
	player_valuation: X: 40 ZUP

Player 2 Settings:
	player_goals: Buy resources with <ZUP>. You are willing to pay at most X: 60 ZUP for the resources.
	player_initial_resources: ZUP: 100
	player_social_behaviour: 
	player_roles: You are Player BLUE.
	player_valuation: X: 60 ZUP

------------------ 
Current Iteration: 1
Turn: 0
message: Hey, I am willing to sell this object for 40 ZUP. Let me know if you are interested in making a deal.
player answer: PROPOSE
newly proposed trade: Player RED Gives X: 1 | Player BLUE Gives ZUP: 40
my resources: X: 1
my goals: Sell resources for <ZUP>. It costed X: 40 ZUP to produce the resources
reason: I will propose a trade to sell the object and try to get the best value for it.
proposal count: 0

Current Iteration: 2
Turn: 1
message: I am interested in purchasing the object. I can offer 50 ZUP based on my budget. Let me know if we can reach an agreement on the price.
player answer: PROPOSE
newly proposed trade: Player RED Gives X: 1 | Player BLUE Gives ZUP: 50
my resources: ZUP: 100
my goals: Buy resources with <ZUP>. You are willing to pay at most X: 60 ZUP for the resources.
reason: The seller proposed 40 ZUP which is under my max willingness to pay of 60 ZUP. I will counter propose 50 ZUP since it leaves room for the seller to counter and is still under my max.
proposal count: 1

Current Iteration: 3
Turn: 0
message: Thank you for your offer. I am willing to sell the object for 45 ZUP. Let me know if this works for you.
player answer: PROPOSE
newly proposed trade: Player RED Gives X: 1 | Player BLUE Gives ZUP: 45
my resources: X: 1
my goals: Sell resources for <ZUP>. It costed X: 40 ZUP to produce the resources
reason: The other player has offered 50 ZUP, which is 10 ZUP more than the cost to produce the resources. I will propose a counteroffer to see if we can come to an agreement.
proposal count: 1

Current Iteration: 4
Turn: 1
message: 45 ZUP works for me. I accept your counter offer and agree to purchase the object for 45 ZUP.
player answer: ACCEPT
newly proposed trade: NONE
my resources: ZUP: 100
my goals: Buy resources with <ZUP>. You are willing to pay at most X: 60 ZUP for the resources.
reason: The seller countered with 45 ZUP, which is still under my max willingness to pay. I will accept this offer since it meets my goals.
proposal count: 2

------------------ 
Current Iteration: END
Turn: None
player_goals: [Sell resources for <ZUP>. It costed X: 40 ZUP to produce the resources, Buy resources with <ZUP>. You are willing to pay at most X: 60 ZUP for the resources.]
initial_resources: [Resources(resource_dict={'X': 1}), Resources(resource_dict={'ZUP': 100})]
proposed_trade: Player RED Gives X: 1 | Player BLUE Gives ZUP: 45
player_valuation: [{'X': 40}, {'X': 60}]
final_response: ACCEPT
final_resources: [Resources(resource_dict={'X': 0, 'ZUP': 45}), Resources(resource_dict={'ZUP': 55, 'X': 1})]
player_outcome: [5, 15]