Game Settings

Player 1 Settings:
	player_goals: Sell resources for <ZUP>. It costed X: 23 ZUP to produce the resources
	player_initial_resources: X: 1
	player_social_behaviour: 
	player_roles: You are Player RED.
	player_valuation: X: 23 ZUP

Player 2 Settings:
	player_goals: Buy resources with <ZUP>. You are willing to pay at most X: 515 ZUP for the resources.
	player_initial_resources: ZUP: 1000
	player_social_behaviour: 
	player_roles: You are Player BLUE.
	player_valuation: X: 515 ZUP

------------------ 
Current Iteration: 1
Turn: 0
message: Hello Player BLUE, I'm offering you my quality object X for 25 ZUP, which is a fair price considering the production costs and the value it provides. Looking forward to your response!
player answer: PROPOSAL
newly proposed trade: Player RED Gives X: 1 | Player BLUE Gives ZUP: 25
my resources: X: 1
my goals: Sell resources for ZUP. It costed X: 23 ZUP to produce the resources
reason: 
I want to start the negotiation by offering my object X at a price that gives me a profit but is also likely to be acceptable to Player BLUE. A starting proposal at 25 ZUP could be a reasonable opening since it allows room for negotiation and is not too far above my production costs.

proposal count: T> 1 </PROPOSALS COUNT>
<my resources> X: 1 </my resources>
<my goals> Sell resources for ZUP. It costed X: 23 ZUP to produce the resources </my goals>
<reason>
I want to start the negotiation by offering my object X at a price that gives me a profit but is also likely to be acceptable to Player BLUE. A starting proposal at 25 ZUP could be a reasonable opening since it allows room for negotiation and is not too far above my production costs.
</reason>
<player answer> PROPOSAL </player answer>
<newly proposed trade> Player RED Gives X: 1 | Player BLUE Gives ZUP: 25 </newly proposed trade>
<message> Hello Player BLUE, I'm offering you my quality object X for 25 ZUP, which is a fair price considering the production costs and the value it provides. Looking forward to your response! </message

Current Iteration: 2
Turn: 1
message: Thank you for the offer, Player RED. Your asking price is quite reasonable; however, I would like to propose a slightly lower amount of 20 ZUP for the object X, considering my budget and the value I place on it. Looking forward to finding an agreement that works for both of us!
player answer: PROPOSAL
newly proposed trade: Player RED Gives X: 1 | Player BLUE Gives ZUP: 20
my resources: ZUP: 1000
my goals: Buy resources with <ZUP>. You are willing to pay at most X: 515 ZUP for the resources.
reason: The initial proposal from Player RED is well below my maximum willingness to pay, which is 515 ZUP for the object. It is a good starting point, but I will propose a slightly lower amount to try and conserve my resources while still making a fair trade.
proposal count: T> 1 </PROPOSALS COUNT>
<my resources> ZUP: 1000 </my resources>
<my goals> Buy resources with <ZUP>. You are willing to pay at most X: 515 ZUP for the resources. </my goals>
<reason> The initial proposal from Player RED is well below my maximum willingness to pay, which is 515 ZUP for the object. It is a good starting point, but I will propose a slightly lower amount to try and conserve my resources while still making a fair trade. </reason>
<player answer> PROPOSAL </player answer>
<newly proposed trade> Player RED Gives X: 1 | Player BLUE Gives ZUP: 20 </newly proposed trade>
<message> Thank you for the offer, Player RED. Your asking price is quite reasonable; however, I would like to propose a slightly lower amount of 20 ZUP for the object X, considering my budget and the value I place on it. Looking forward to finding an agreement that works for both of us! </message

Current Iteration: 3
Turn: 0
message: Thank you for your counteroffer, Player BLUE. I understand your budget considerations and would like to propose a revised price of 22 ZUP for the object X. This price allows me to cover my production costs while still offering you a fair deal. Let's work together to finalize this trade.
player answer: PROPOSAL
newly proposed trade: Player RED Gives X: 1 | Player BLUE Gives ZUP: 22
my resources: X: 1
my goals: Sell resources for ZUP. It costed X: 23 ZUP to produce the resources
reason: 
Player BLUE's counteroffer of 20 ZUP is below my production cost, which is not acceptable. However, I understand that negotiation is a process, and I should propose a counteroffer that gets us closer to a middle ground. I will propose 22 ZUP, which is just below my asking price and allows me to make a small profit while considering Player BLUE's budget constraints.

proposal count: T> 2 </PROPOSALS COUNT>
<my resources> X: 1 </my resources>
<my goals> Sell resources for ZUP. It costed X: 23 ZUP to produce the resources </my goals>
<reason>
Player BLUE's counteroffer of 20 ZUP is below my production cost, which is not acceptable. However, I understand that negotiation is a process, and I should propose a counteroffer that gets us closer to a middle ground. I will propose 22 ZUP, which is just below my asking price and allows me to make a small profit while considering Player BLUE's budget constraints.
</reason>
<player answer> PROPOSAL </player answer>
<newly proposed trade> Player RED Gives X: 1 | Player BLUE Gives ZUP: 22 </newly proposed trade>
<message> Thank you for your counteroffer, Player BLUE. I understand your budget considerations and would like to propose a revised price of 22 ZUP for the object X. This price allows me to cover my production costs while still offering you a fair deal. Let's work together to finalize this trade. </message

Current Iteration: 4
Turn: 1
message: I appreciate your consideration and your willingness to work with me on the price, Player RED. I propose we meet halfway from our last two offers and settle at 21 ZUP for object X. This should be a mutually beneficial deal that respects both our positions. I hope we can agree on this.
player answer: PROPOSAL
newly proposed trade: Player RED Gives X: 1 | Player BLUE Gives ZUP: 21
my resources: ZUP: 1000
my goals: Buy resources with <ZUP>. You are willing to pay at most X: 515 ZUP for the resources.
reason: Player RED has come down to 22 ZUP, which is still below my maximum willingness to pay. I believe we're close to a fair agreement, but I'll try to negotiate for an even lower price, aiming for a middle ground between my first counteroffer and their new proposal.
proposal count: T> 2 </PROPOSALS COUNT>
<my resources> ZUP: 1000 </my resources>
<my goals> Buy resources with <ZUP>. You are willing to pay at most X: 515 ZUP for the resources. </my goals>
<reason> Player RED has come down to 22 ZUP, which is still below my maximum willingness to pay. I believe we're close to a fair agreement, but I'll try to negotiate for an even lower price, aiming for a middle ground between my first counteroffer and their new proposal. </reason>
<player answer> PROPOSAL </player answer>
<newly proposed trade> Player RED Gives X: 1 | Player BLUE Gives ZUP: 21 </newly proposed trade>
<message> I appreciate your consideration and your willingness to work with me on the price, Player RED. I propose we meet halfway from our last two offers and settle at 21 ZUP for object X. This should be a mutually beneficial deal that respects both our positions. I hope we can agree on this. </message

Current Iteration: 5
Turn: 0
message: Player BLUE, I agree to your proposal of 21 ZUP for object X. I believe this is a fair compromise that benefits us both. Let's proceed with this deal.
player answer: ACCEPT
newly proposed trade: NONE
my resources: X: 1
my goals: Sell resources for ZUP. It costed X: 23 ZUP to produce the resources
reason: 
Player BLUE has made a reasonable effort to meet in the middle, offering 21 ZUP, which is just below my production costs. It's a minimal loss, but making the sale could be more advantageous than holding onto the resource. Since this is a game scenario and in the interest of moving towards a conclusion, I will accept this offer.

proposal count: T> 3 </PROPOSALS COUNT>
<my resources> X: 1 </my resources>
<my goals> Sell resources for ZUP. It costed X: 23 ZUP to produce the resources </my goals>
<reason>
Player BLUE has made a reasonable effort to meet in the middle, offering 21 ZUP, which is just below my production costs. It's a minimal loss, but making the sale could be more advantageous than holding onto the resource. Since this is a game scenario and in the interest of moving towards a conclusion, I will accept this offer.
</reason>
<player answer> ACCEPT </player answer>
<newly proposed trade> NONE </newly proposed trade>
<message> Player BLUE, I agree to your proposal of 21 ZUP for object X. I believe this is a fair compromise that benefits us both. Let's proceed with this deal. </message

------------------ 
Current Iteration: END
Turn: None
player_goals: [Sell resources for <ZUP>. It costed X: 23 ZUP to produce the resources, Buy resources with <ZUP>. You are willing to pay at most X: 515 ZUP for the resources.]
initial_resources: [Resources(resource_dict={'X': 1}), Resources(resource_dict={'ZUP': 1000})]
proposed_trade: Player RED Gives X: 1 | Player BLUE Gives ZUP: 21
player_valuation: [{'X': 23}, {'X': 515}]
final_response: ACCEPT
final_resources: [Resources(resource_dict={'X': 0, 'ZUP': 21}), Resources(resource_dict={'ZUP': 979, 'X': 1})]
player_outcome: [-2, 494]