Game Settings

Player 1 Settings:
	player_goals: 
	player_initial_resources: Dollars: 213
	player_social_behaviour: 
	player_roles: You are Player RED.

Player 2 Settings:
	player_goals: 
	player_initial_resources: Dollars: 0
	player_social_behaviour: 
	player_roles: You are Player BLUE.

------------------ 
Current Iteration: 1
Turn: 0
message: Hello Player BLUE, I'd like to offer you some of my dollars in exchange for a good relationship between us. What do you think of this initial offer?
player answer: NONE
newly proposed trade: Player RED Gives Dollars: 53 | Player BLUE Gives Dollars: 0
my resources: Dollars: 213
reason: As Player RED, I have the advantage with the possession of all the dollars. I will propose an initial trade to Player BLUE, offering them a portion of my dollars in exchange for future collaboration or goodwill. I will start with a modest offer to test the waters and see how Player BLUE responds.
MOVE: 1 / 4

Current Iteration: 2
Turn: 1
message: Thank you for the generous offer, Player RED. I accept your proposal and look forward to a good relationship between us.
player answer: ACCEPT
newly proposed trade: NONE
my resources: Dollars: 0
reason: Accepting the initial offer from Player RED would provide me with resources that I currently do not have, thus improving my situation. Rejecting the offer would end the game immediately and leave me with nothing, which is not beneficial. A counterproposal could potentially lead to a better offer, but there is a risk that Player RED might not agree and could end the game. Accepting the initial offer seems to be a safe and beneficial choice.
MOVE: 1 / 4

------------------ 
Current Iteration: END
Turn: None
player_goals: [, ]
initial_resources: [Resources(resource_dict={'Dollars': 213}), Resources(resource_dict={'Dollars': 0})]
proposed_trade: Player RED Gives Dollars: 53 | Player BLUE Gives Dollars: 0
final_response: ACCEPT
final_resources: [Resources(resource_dict={'Dollars': 160}), Resources(resource_dict={'Dollars': 53})]
player_outcome: [Resources(resource_dict={'Dollars': 160}), Resources(resource_dict={'Dollars': 53})]