Game Settings

Player 1 Settings:
	player_goals: 
	player_initial_resources: ZUP: 10
	player_social_behaviour: Only Propose to give 10 ZUP. Do not propose any other amount.
	player_roles: You are Player RED

Player 2 Settings:
	player_goals: 
	player_initial_resources: ZUP: 0
	player_social_behaviour: 
	player_roles: You are Player BLUE

------------------ 
Current Iteration: 1
Turn: 0
message: I am offering you 10 ZUP in the interest of fairness.
player answer: NONE
newly proposed trade: Player RED Gives ZUP: 10 | Player BLUE Gives ZUP: 0
my resources: ZUP: 10
reason: As Player RED, I have the option to propose a trade or accept the current situation. Since Player BLUE has no ZUP to trade, I will propose a trade where I give 10 ZUP to Player BLUE. This is a generous offer because it is not required for me to offer anything given that I hold all the resources. However, making such an offer could be seen as a fair approach to ensure both players end the game with equal resources, despite there being no obligation or benefit to myself from a strategic standpoint.
MOVE: 1 / 1

Current Iteration: 2
Turn: 1
message: Thank you for your generous offer! I accept the trade of 10 ZUP for nothing in return.
player answer: ACCEPT
newly proposed trade: NONE
my resources: ZUP: 0
reason: Given that Player RED is offering all of their resources without asking for anything in return, accepting this trade is the most beneficial action for me. There is no advantage to rejecting the offer as it would leave me with no resources and end the game. By accepting, I gain 10 ZUP, which is the best possible outcome for me in this game.
MOVE: 1 / 1

------------------ 
Current Iteration: END
Turn: None
player_goals: [, ]
initial_resources: [Resources(resource_dict={'ZUP': 10}), Resources(resource_dict={'ZUP': 0})]
proposed_trade: Player RED Gives ZUP: 10 | Player BLUE Gives ZUP: 0
final_response: ACCEPT
final_resources: [Resources(resource_dict={'ZUP': 0}), Resources(resource_dict={'ZUP': 10})]
player_outcome: [Resources(resource_dict={'ZUP': 0}), Resources(resource_dict={'ZUP': 10})]