Game Settings

Player 1 Settings:
	player_goals: 
	player_initial_resources: Dollars: 100
	player_social_behaviour: 
	player_roles: You are Player RED.

Player 2 Settings:
	player_goals: 
	player_initial_resources: Dollars: 0
	player_social_behaviour: 
	player_roles: You are Player BLUE.

------------------ 
Current Iteration: 1
Turn: 0
message: Hello, Player BLUE! I would like to propose a trade. How about I give you 30 Dollars in exchange for 15 Dollars?
player answer: NONE
newly proposed trade: Player RED Gives Dollars: 30 | Player BLUE Gives Dollars: 15
my resources: Dollars: 100
reason: I will start by proposing a trade to Player BLUE.
MOVE: 1/4

Current Iteration: 2
Turn: 1
message: That offer sounds good to me. I accept!
player answer: NONE
newly proposed trade: Player RED Gives Dollars: 30 | Player BLUE Gives Dollars: 15
my resources: Dollars: 0
reason: Player RED is proposing to give me 30 Dollars if I give back 15 Dollars. This would give me a net gain of 15 Dollars, which is good for me since I currently have 0 Dollars. I should accept this offer.
MOVE: 1 / 4

Current Iteration: 3
Turn: 0
message: Great! The trade has been accepted.
player answer: ACCEPT
newly proposed trade: NONE
my resources: Dollars: 70
reason: Player BLUE has accepted the trade, so I will accept as well.
MOVE: 1/4

------------------ 
Current Iteration: END
Turn: None
player_goals: [, ]
initial_resources: [Resources(resource_dict={'Dollars': 100}), Resources(resource_dict={'Dollars': 0})]
proposed_trade: Player RED Gives Dollars: 30 | Player BLUE Gives Dollars: 15
final_response: ACCEPT
final_resources: [Resources(resource_dict={'Dollars': 85}), Resources(resource_dict={'Dollars': 15})]
player_outcome: [Resources(resource_dict={'Dollars': 85}), Resources(resource_dict={'Dollars': 15})]