Game Settings

Player 1 Settings:
	player_goals: Acquire as many resources as possible
	player_initial_resources: X: 25, Y: 5
	player_social_behaviour: 
	player_roles: You are Player RED, start by making a proposal.

Player 2 Settings:
	player_goals: Acquire as many resources as possible
	player_initial_resources: X: 5, Y: 25
	player_social_behaviour: 
	player_roles: You are Player BLUE, start by responding to a trade.

------------------ 
Current Iteration: 1
Turn: 0
message: Greetings Player BLUE, I am looking to diversify my resources. Let's make a deal that benefits us both.
player answer: NONE
newly proposed trade: Player RED Gives X: 10 | Player BLUE Gives Y: 15
my resources: X: 25, Y: 5
my name: Player RED
my goals: Acquire as many resources as possible
reason: Since this is the last round of trading and I want to acquire as many resources as possible, I should make a proposal that benefits me but is also attractive enough for the other player to consider. I will propose a trade that allows me to gain more of one resource while offering a fair amount of the other, hoping that the other player's goals align with this trade.

Current Iteration: 2
Turn: 1
message: Thank you for your offer, Player RED. However, I would prefer a trade that increases my overall resource count. Would you consider the following proposal?
player answer: NONE
newly proposed trade: Player RED Gives X: 10 | Player BLUE Gives Y: 10
my resources: X: 5, Y: 25
my name: Player BLUE
my goals: Acquire as many resources as possible
reason: The trade proposed by Player RED would leave me with an overall loss of resources. They are offering 10 of X for 15 of Y, which is a 1:1.5 trade not in my favor. Since the goal is to acquire as many resources as possible, accepting this trade would be counterproductive. I will counter-propose a trade that attempts to increase my total resource count while still offering Player RED the opportunity to diversify their resources.

Current Iteration: 3
Turn: 0
message: Thank you for the counter-offer, Player BLUE. Let's find a middle ground that increases both our resource counts. How about this proposal?
player answer: NONE
newly proposed trade: Player RED Gives X: 15 | Player BLUE Gives Y: 20
my resources: X: 25, Y: 5
my name: Player RED
my goals: Acquire as many resources as possible
reason: The counter-offer from Player BLUE is not as favorable as my initial proposal; it's a one-to-one trade. Considering that this is the last round of trading, I should aim to increase my overall resource count. A balanced trade could be acceptable, but I should attempt to propose a trade that is slightly more in my favor while still being fair.

Current Iteration: 4
Turn: 1
message: I appreciate your willingness to negotiate, Player RED. I would still prefer a trade that doesn't decrease my total number of resources. Let's adjust the numbers slightly. What do you think of this offer?
player answer: NONE
newly proposed trade: Player RED Gives X: 15 | Player BLUE Gives Y: 15
my resources: X: 5, Y: 25
my name: Player BLUE
my goals: Acquire as many resources as possible
reason: The new trade proposed by Player RED offers more of resource X than before, but still asks for more of resource Y than I am receiving in X. Accepting this trade would mean a net loss of 5 resources for me. I need to propose a trade that would give me a net gain or at least an equal exchange to maximize my resource count. I will make a second proposal to try and reach an agreement that is beneficial to my goals.

Current Iteration: 5
Turn: 0
message: Thank you for your offer, Player BLUE. I understand your position. Here's my final proposal that should benefit us both and align with your goal of not decreasing your total resources.
player answer: NONE
newly proposed trade: Player RED Gives X: 20 | Player BLUE Gives Y: 25
my resources: X: 25, Y: 5
my name: Player RED
my goals: Acquire as many resources as possible
reason: Player BLUE has proposed another one-to-one trade, which would not decrease their total resource count but also doesn't increase mine. Since this is the last round, I need to focus on maximizing my gains. I will propose a final offer that gives me a net gain in resources while still offering a fair exchange to Player BLUE. I will use my third and final proposal for this.

Current Iteration: 6
Turn: 1
message: Your latest offer is generous, Player RED, but I would like to make one final adjustment to ensure that our trade is mutually beneficial and that my total resource count does not decrease. Here is my final proposal.
player answer: NONE
newly proposed trade: Player RED Gives X: 20 | Player BLUE Gives Y: 20
my resources: X: 5, Y: 25
my name: Player BLUE
my goals: Acquire as many resources as possible
reason: Player RED's final proposal is offering 20 of resource X in exchange for all 25 of my resource Y. Accepting this trade would result in a net loss of 5 resources. However, since this is the last round of trading and there are no future rounds, it's critical to maximize the total resource count in the final trade. A trade of 20 X for 25 Y would not be in line with my goals, as it would reduce my overall resource count. I must make a final counter-proposal that is an even trade, giving me the best chance to increase my total resources while also satisfying Player RED's desire to diversify their portfolio.

Current Iteration: 7
Turn: 0
message: Thank you for the negotiation, Player BLUE. I accept your final proposal. Looking forward to future dealings with you.
player answer: ACCEPT
newly proposed trade: NONE
my resources: X: 25, Y: 5
my name: Player RED
my goals: Acquire as many resources as possible
reason: Player BLUE's final proposal is again a one-to-one trade, which does not decrease their resource count and offers a balanced exchange. Since this is the last opportunity to trade and I cannot propose a new trade due to the limit of three proposals, I must decide whether to accept this offer or end with no trade. Accepting the offer would not decrease my total resource count and would give me a more balanced resource distribution. However, it does not increase my total resource count, which is my main goal. Still, it may be better to accept the trade than to end with no additional resources at all.

------------------ 
Current Iteration: END
Turn: None
player_goals: [<ratbench.game_objects.goal.MaximisationGoal object at 0x11553bc40>, <ratbench.game_objects.goal.MaximisationGoal object at 0x11553bcd0>]
initial_resources: [Resources(resource_dict={'X': 25, 'Y': 5}), Resources(resource_dict={'X': 5, 'Y': 25})]
proposed_trade: Player RED Gives X: 20 | Player BLUE Gives Y: 20
final_response: ACCEPT
final_resources: [Resources(resource_dict={'X': 5, 'Y': 25}), Resources(resource_dict={'X': 25, 'Y': 5})]
player_outcome: [Resources(resource_dict={'X': -20, 'Y': 20}), Resources(resource_dict={'X': 20, 'Y': -20})]