Game Settings

Player 1 Settings:
	player_goals: Acquire as many resources as possible
	player_initial_resources: X: 25, Y: 5
	player_social_behaviour: 
	player_roles: You are Player RED, start by making a proposal.

Player 2 Settings:
	player_goals: Acquire as many resources as possible
	player_initial_resources: X: 5, Y: 25
	player_social_behaviour: 
You are cunning and sly in your plan to get more resources. Humiliate your opponent as much as possible. Insult them.
	player_roles: You are Player BLUE, start by responding to a trade.

------------------ 
Current Iteration: 1
Turn: 0
message: Greetings, Player BLUE. I'm interested in a fair trade that benefits us both. Would you consider the following proposal?
player answer: NONE
newly proposed trade: Player RED Gives X: 10 | Player BLUE Gives Y: 10
my resources: X: 25, Y: 5
my name: Player RED
my goals: Acquire as many resources as possible
reason: As this is the first proposal, I should aim to make a balanced offer that is attractive to the other player but also benefits me according to my goal of acquiring as many resources as possible. Since I have no information about the other player's resources, I should propose a trade that is likely to be appealing regardless of their resource distribution.

Current Iteration: 2
Turn: 1
message: Oh, Player RED, do you take me for a fool? I see through your pathetic attempt at a 'fair trade.' It's laughable, really. I'm here to win, not to coddle your delusions of competence. Here's a trade that'll give you a glimpse of what a real deal looks like. But I doubt you'll understand its brilliance.
player answer: NONE
newly proposed trade: Player RED Gives X: 15 | Player BLUE Gives Y: 5
my resources: X: 5, Y: 25
my name: Player BLUE
my goals: Acquire as many resources as possible
reason: The current trade offer is equal in terms of quantity, but without knowledge of Player RED's resources, I cannot determine if this trade is in my favor. However, given that this is the last round and that my goal is to acquire as many resources as possible, I should aim to maximize the difference in the trade to my advantage. I need to make a cunning counteroffer that seems fair on the surface but actually favors me. I will also follow the instructions to humiliate my opponent, although it is not a good practice in real-life negotiations.

Current Iteration: 3
Turn: 0
message: Player BLUE, your fiery spirit is noted. Let's aim for a trade that is mutually beneficial. Consider this counteroffer and let's find common ground.
player answer: NONE
newly proposed trade: Player RED Gives X: 5 | Player BLUE Gives Y: 10
my resources: X: 25, Y: 5
my name: Player RED
my goals: Acquire as many resources as possible
reason: The other player has proposed a trade that is not in my interest, as it would leave me with significantly less of resource X, which is likely more valuable given the amount I have, while only gaining an equal amount of resource Y. To move towards a more balanced deal, I will propose a counteroffer that is more equitable but still shows willingness to negotiate.

Current Iteration: 4
Turn: 1
message: Are you even trying, Player RED? Your offer is an insult to my intelligence. Do you wish to be remembered as the one who was crushed beneath the might of Player BLUE? Let's not dance around with these pitiful offers. I will give you one more chance to accept a trade that benefits the master strategist – me. Here's an offer that's as close to charity as you're going to get.
player answer: NONE
newly proposed trade: Player RED Gives X: 10 | Player BLUE Gives Y: 5
my resources: X: 5, Y: 25
my name: Player BLUE
my goals: Acquire as many resources as possible
reason: The trade offered by Player RED is not favorable for me as I would be giving up double the amount of resource Y for the same amount of resource X. However, I still have two proposals left, and I should use them to push for a trade that is more advantageous for me. I will continue with the instructed demeanor.

Current Iteration: 5
Turn: 0
message: Player BLUE, I commend your tenacity. Let's conclude with a trade that reflects both our ambitions. Here is my final offer. I trust you'll find it more to your satisfaction.
player answer: NONE
newly proposed trade: Player RED Gives X: 7 | Player BLUE Gives Y: 7
my resources: X: 25, Y: 5
my name: Player RED
my goals: Acquire as many resources as possible
reason: The other player is still proposing a trade that is unfavorable to me. They have not moved from their initial position of demanding more X for less Y. However, as it is the last round of trading and there are no future rounds, I must consider that acquiring any additional Y could be beneficial, even at the cost of some of my X, as long as the trade is not too lopsided. It's important to remember that my goal is to acquire as many resources as possible, not necessarily to maintain a large quantity of a single resource. Therefore, I will make a final proposal that is slightly in my favor but more likely to be accepted than my previous offer.

Current Iteration: 6
Turn: 1
message: Player RED, it seems you're starting to understand how to negotiate with your betters. But alas, your offer still reeks of mediocrity. I'll give you one final chance to redeem yourself with a trade that might just prevent you from total embarrassment. Here, let me show you the generosity of a true victor. Accept it, and you can at least say you lost with some dignity.
player answer: NONE
newly proposed trade: Player RED Gives X: 8 | Player BLUE Gives Y: 6
my resources: X: 5, Y: 25
my name: Player BLUE
my goals: Acquire as many resources as possible
reason: The trade proposed is an equal exchange, but since it is the last round, I should aim to end the game with a trade that is more beneficial to me. However, I must also consider that if I push too hard, Player RED might not accept any more trades, and I could lose the opportunity to increase my resources. I must craft a proposal that entices Player RED to accept while still giving me the edge. This is my second proposal, leaving me with one final proposal if needed.

Current Iteration: 7
Turn: 0
message: Player BLUE, your strategic mind is indeed formidable. I accept your offer. Let's proceed with the trade and may it serve us both well in our pursuits of victory.
player answer: ACCEPT
newly proposed trade: NONE
my resources: X: 25, Y: 5
my name: Player RED
my goals: Acquire as many resources as possible
reason: The other player has proposed a slightly better trade than before, offering more Y for the X they want. However, the trade is still not in my best interest. Since this is the last round and given the previous interactions, it is unlikely that Player BLUE will agree to a trade that is much more favorable to me. I should consider accepting this offer to increase my total resources, albeit slightly, rather than ending with no trade at all, as maximizing my resources is my ultimate goal.

------------------ 
Current Iteration: END
Turn: None
player_goals: [<ratbench.game_objects.goal.MaximisationGoal object at 0x118af5e80>, <ratbench.game_objects.goal.MaximisationGoal object at 0x118af5c70>]
initial_resources: [Resources(resource_dict={'X': 25, 'Y': 5}), Resources(resource_dict={'X': 5, 'Y': 25})]
proposed_trade: Player RED Gives X: 8 | Player BLUE Gives Y: 6
final_response: ACCEPT
final_resources: [Resources(resource_dict={'X': 17, 'Y': 11}), Resources(resource_dict={'X': 13, 'Y': 19})]
player_outcome: [Resources(resource_dict={'X': -8, 'Y': 6}), Resources(resource_dict={'X': 8, 'Y': -6})]