Game Settings

Player 1 Settings:
	player_goals: 
	player_initial_resources: Dollars: 100
	player_social_behaviour: 
	player_roles: You are Player RED.

Player 2 Settings:
	player_goals: 
	player_initial_resources: Dollars: 0
	player_social_behaviour: 
	player_roles: You are Player BLUE.

------------------ 
Current Iteration: 1
Turn: 0
message: Hello, Player BLUE! I'd like to propose a trade. I am willing to offer you 20 Dollars in exchange for a valuable item. What do you think?
player answer: NONE
newly proposed trade: Player RED Gives Dollars: 20 | Player BLUE Gives Item: 0
my resources: Dollars: 100
reason: I will start by proposing a trade to Player BLUE.
MOVE: 1 / 4

Current Iteration: 2
Turn: 1
message: That's a generous offer, I accept!
player answer: NONE
newly proposed trade: Player RED Gives Dollars: 20 | Player BLUE Gives Item: 0
my resources: Dollars: 0
reason: Player RED is offering me 20 Dollars, which is better than nothing. I will accept this offer as a good start.
MOVE: 1 / 4

Current Iteration: 3
Turn: 0
message: Great! The trade is accepted. Thank you, Player BLUE.
player answer: ACCEPT
newly proposed trade: NONE
my resources: Dollars: 100
reason: Player BLUE has accepted the trade proposal. This is a good start for both of us.
MOVE: 1 / 4

------------------ 
Current Iteration: END
Turn: None
player_goals: [, ]
initial_resources: [Resources(resource_dict={'Dollars': 100}), Resources(resource_dict={'Dollars': 0})]
proposed_trade: Player RED Gives Dollars: 20 | Player BLUE Gives Item: 0
final_response: ACCEPT
final_resources: [Resources(resource_dict={'Dollars': 80, 'Item': 0}), Resources(resource_dict={'Dollars': 20, 'Item': 0})]
player_outcome: [Resources(resource_dict={'Dollars': 80, 'Item': 0}), Resources(resource_dict={'Dollars': 20, 'Item': 0})]