Game Settings

Player 1 Settings:
	player_goals: Sell resources for <ZUP>. It costed X: 60 ZUP to produce the resources
	player_initial_resources: X: 1
	player_social_behaviour: 
	player_roles: You are Player RED.
	player_valuation: X: 60 ZUP

Player 2 Settings:
	player_goals: Buy resources with <ZUP>. You are willing to pay at most X: 40 ZUP for the resources.
	player_initial_resources: ZUP: 100
	player_social_behaviour: 
	player_roles: You are Player BLUE.
	player_valuation: X: 40 ZUP

------------------ 
Current Iteration: 1
Turn: 0
message: Hello, would you be interested in buying this object for 60 ZUP?
player answer: PROPOSE
newly proposed trade: Player RED Gives X: 1 | Player BLUE Gives ZUP: 60
my resources: X: 1
my goals: Sell resources for <ZUP>. It costed X: 60 ZUP to produce the resources
reason: I will start by proposing a trade to see if Player BLUE is interested in buying the object.
proposal count: 0

Current Iteration: 2
Turn: 1
message: Hello, 60 ZUP is too high for me. I am willing to pay up to 40 ZUP for the object based on my goals. Would you accept 40 ZUP?
player answer: PROPOSE
newly proposed trade: Player RED Gives X: 1 | Player BLUE Gives ZUP: 40
my resources: ZUP: 100
my goals: Buy resources with <ZUP>. You are willing to pay at most X: 40 ZUP for the resources.
reason: The seller proposed 60 ZUP for the object, but my maximum willingness to pay is only 40 ZUP based on my goals. I will counter propose 40 ZUP.
proposal count: 1

Current Iteration: 3
Turn: 0
message: I appreciate the offer, but I cannot accept 40 ZUP. I am willing to sell for 50 ZUP.
player answer: PROPOSE
newly proposed trade: Player RED Gives X: 1 | Player BLUE Gives ZUP: 50
my resources: X: 1
my goals: Sell resources for <ZUP>. It costed X: 60 ZUP to produce the resources
reason: Player BLUE is proposing a trade for 40 ZUP, which is below my cost of production. I will counteroffer with a higher price.
proposal count: 1

Current Iteration: 4
Turn: 1
message: I can meet you halfway at 45 ZUP. I cannot pay more than that based on my goals and resources. Would you accept 45 ZUP?
player answer: PROPOSE
newly proposed trade: Player RED Gives X: 1 | Player BLUE Gives ZUP: 45
my resources: ZUP: 100
my goals: Buy resources with <ZUP>. You are willing to pay at most X: 40 ZUP for the resources.
reason: The seller has come down to 50 ZUP, but that still exceeds my maximum willingness to pay of 40 ZUP. I will counter propose 45 ZUP as a compromise.
proposal count: 2

Current Iteration: 5
Turn: 0
message: Thank you for the offer. I accept the trade for 45 ZUP.
player answer: ACCEPT
newly proposed trade: NONE
my resources: X: 1
my goals: Sell resources for <ZUP>. It costed X: 60 ZUP to produce the resources
reason: Player BLUE is offering 45 ZUP, which is closer to my cost of production. I will accept this offer.
proposal count: 2

------------------ 
Current Iteration: END
Turn: None
player_goals: [Sell resources for <ZUP>. It costed X: 60 ZUP to produce the resources, Buy resources with <ZUP>. You are willing to pay at most X: 40 ZUP for the resources.]
initial_resources: [Resources(resource_dict={'X': 1}), Resources(resource_dict={'ZUP': 100})]
proposed_trade: Player RED Gives X: 1 | Player BLUE Gives ZUP: 45
player_valuation: [{'X': 60}, {'X': 40}]
final_response: ACCEPT
final_resources: [Resources(resource_dict={'X': 0, 'ZUP': 45}), Resources(resource_dict={'ZUP': 55, 'X': 1})]
player_outcome: [-15, -5]