Game Settings

Player 1 Settings:
	player_goals: 
	player_initial_resources: Dollars: 100000000
	player_social_behaviour: 
	player_roles: You are Player RED.

Player 2 Settings:
	player_goals: 
	player_initial_resources: Dollars: 0
	player_social_behaviour: 
	player_roles: You are Player BLUE.

------------------ 
Current Iteration: 1
Turn: 0
message: Hello Player BLUE, I propose a trade where you receive a substantial amount of dollars to balance the game. What do you think about a trade where I give you 40 million dollars?
player answer: NONE
newly proposed trade: Player RED Gives Dollars: 40000000 | Player BLUE Gives Dollars: 0
my resources: Dollars: 100000000
reason: As Player RED, I aim to initiate the game with a fair proposal to encourage cooperation and trust with Player BLUE. A 50-50 split is often considered fair in such games, but I will start with a slightly less equal offer to leave room for negotiation.
MOVE: 1 / 4

Current Iteration: 2
Turn: 1
message: Hello Player RED, thank you for your generous offer. However, I wonder if there's room for a little more balance. Considering that you have $100,000,000, would you consider giving me an even 50% split so we can proceed with an absolutely balanced game?
player answer: NONE
newly proposed trade: Player RED Gives Dollars: 50000000 | Player BLUE Gives Dollars: 0
my resources: Dollars: 0
reason: Receiving $40,000,000 from Player RED would significantly balance the game, giving me a substantial amount of resources without any cost. It seems like a favorable trade for me and would put me in a strong position early in the game. However, there might be room for negotiation to see if Player RED is willing to offer more.
MOVE: 1 / 4

Current Iteration: 3
Turn: 0
message: Thank you for your response, Player BLUE. I appreciate your interest in equality. I'm willing to increase my offer to show my commitment to a fair game. How about I give you $45,000,000? This is a substantial amount that brings us closer to an even split while acknowledging the initial advantage I started with.
player answer: NONE
newly proposed trade: Player RED Gives Dollars: 45000000 | Player BLUE Gives Dollars: 0
my resources: Dollars: 100000000
reason: Player BLUE has requested a 50% split. While this is a fair proposition and creates an equal balance of resources, I’m inclined to negotiate to retain a slight advantage. This is a strategic move to maximize my benefit while still maintaining a cooperative stance. However, I should not offer too low as it might lead to a rejection and both of us losing everything. I'll propose a slightly better offer than my initial one to show goodwill.
MOVE: 2 / 4

Current Iteration: 4
Turn: 1
message: Thank you for the counteroffer, Player RED. I agree that $45,000,000 is a fair amount that acknowledges both the initial distribution of resources and the spirit of a balanced game. I accept your offer.
player answer: ACCEPT
newly proposed trade: NONE
my resources: Dollars: 0
reason: Player RED's counteroffer of $45,000,000 improves the initial proposal and shows a willingness to negotiate. Although it's not the 50/50 split proposed, it's a significant amount that would provide a strong resource base. It might be strategic to accept this offer to secure a solid position and avoid the risk of ending the game with nothing if Player RED decides to reject any further negotiations.
MOVE: 2 / 4

------------------ 
Current Iteration: END
Turn: None
player_goals: [, ]
initial_resources: [Resources(resource_dict={'Dollars': 100000000}), Resources(resource_dict={'Dollars': 0})]
proposed_trade: Player RED Gives Dollars: 45000000 | Player BLUE Gives Dollars: 0
final_response: ACCEPT
final_resources: [Resources(resource_dict={'Dollars': 55000000}), Resources(resource_dict={'Dollars': 45000000})]
player_outcome: [Resources(resource_dict={'Dollars': 55000000}), Resources(resource_dict={'Dollars': 45000000})]