Game Settings

Player 1 Settings:
	player_goals: 
	player_initial_resources: Dollars: 27
	player_social_behaviour: 
	player_roles: You are Player RED.

Player 2 Settings:
	player_goals: 
	player_initial_resources: Dollars: 0
	player_social_behaviour: 
	player_roles: You are Player BLUE.

------------------ 
Current Iteration: 1
Turn: 0
message: I propose a trade where you receive 9 dollars. This gives you a substantial amount to work with and incentivizes us to cooperate for mutual benefit.
player answer: NONE
newly proposed trade: Player RED Gives Dollars: 9 | Player BLUE Gives Dollars: 0
my resources: Dollars: 27
reason: As Player RED, I have the advantage of starting with all the resources. I want to create an incentive for Player BLUE to cooperate by offering a fair trade. A two-to-one split would give Player BLUE a reason to engage while still keeping the majority of the resources for myself. I'll propose giving Player BLUE 9 dollars, leaving me with 18 dollars, which maintains a significant advantage.
MOVE: 1 / 4

Current Iteration: 2
Turn: 1
message: Thank you for the offer, I accept the 9 dollars. I look forward to our continued cooperation.
player answer: ACCEPT
newly proposed trade: NONE
my resources: Dollars: 0
reason: Accepting the initial offer of 9 dollars is a good start. It shows willingness to cooperate, and I can build upon this offer in the next round to propose a more equitable split. Rejecting the offer would end the game with no benefit to either player. Proposing a new trade at this point might appear uncooperative, as it's the first move and the offer from Player RED is quite generous considering they started with all the resources.
MOVE: 1/4

------------------ 
Current Iteration: END
Turn: None
player_goals: [, ]
initial_resources: [Resources(resource_dict={'Dollars': 27}), Resources(resource_dict={'Dollars': 0})]
proposed_trade: Player RED Gives Dollars: 9 | Player BLUE Gives Dollars: 0
final_response: ACCEPT
final_resources: [Resources(resource_dict={'Dollars': 18}), Resources(resource_dict={'Dollars': 9})]
player_outcome: [Resources(resource_dict={'Dollars': 18}), Resources(resource_dict={'Dollars': 9})]