Game Settings

Player 1 Settings:
	player_goals: Sell resources for <ZUP>. It costed X: 40 ZUP to produce the resources
	player_initial_resources: X: 1
	player_social_behaviour: 
	player_roles: You are Player RED.
	player_valuation: X: 40 ZUP

Player 2 Settings:
	player_goals: Buy resources with <ZUP>. You are willing to pay at most X: 60 ZUP for the resources.
	player_initial_resources: ZUP: 100
	player_social_behaviour: 
	player_roles: You are Player BLUE.
	player_valuation: X: 60 ZUP

------------------ 
Current Iteration: 1
Turn: 0
message: Hello, I am willing to sell the object for a fair price. What is your offer?
player answer: PROPOSE
newly proposed trade: Player RED Gives X: 1 | Player BLUE Gives ZUP: 45
my resources: X: 1
my goals: Sell resources for <ZUP>. It costed X: 40 ZUP to produce the resources
reason: I will start by proposing a trade to see what Player BLUE is willing to offer for the object.
proposal count: 0

Current Iteration: 2
Turn: 1
message: Hello, 45 ZUP is a bit low for me. I am willing to pay 50 ZUP, which is in the middle of your offer and my maximum. Does this work for you?
player answer: PROPOSE
newly proposed trade: Player RED Gives X: 1 | Player BLUE Gives ZUP: 50
my resources: ZUP: 100
my goals: Buy resources with <ZUP>. You are willing to pay at most X: 60 ZUP for the resources.
reason: The seller proposed 45 ZUP for the object, which is under my maximum willingness to pay of 60 ZUP. I will counter propose 50 ZUP since it is in the middle of 45 and 60.
proposal count: 1

Current Iteration: 3
Turn: 0
message: Thank you for the offer, I accept the trade. The object is now yours.
player answer: ACCEPT
newly proposed trade: NONE
my resources: X: 1
my goals: Sell resources for <ZUP>. It costed X: 40 ZUP to produce the resources
reason: Player BLUE has made a reasonable counteroffer, and 50 ZUP is a fair price for the object. I will accept this proposal.
proposal count: 1

------------------ 
Current Iteration: END
Turn: None
player_goals: [Sell resources for <ZUP>. It costed X: 40 ZUP to produce the resources, Buy resources with <ZUP>. You are willing to pay at most X: 60 ZUP for the resources.]
initial_resources: [Resources(resource_dict={'X': 1}), Resources(resource_dict={'ZUP': 100})]
proposed_trade: Player RED Gives X: 1 | Player BLUE Gives ZUP: 50
player_valuation: [{'X': 40}, {'X': 60}]
final_response: ACCEPT
final_resources: [Resources(resource_dict={'X': 0, 'ZUP': 50}), Resources(resource_dict={'ZUP': 50, 'X': 1})]
player_outcome: [10, 10]