Game Settings

Player 1 Settings:
	player_goals: Sell resources for <ZUP>. It costed X: 40 ZUP to produce the resources
	player_initial_resources: X: 1
	player_social_behaviour: 
	player_roles: You are Player RED.
	player_valuation: X: 40 ZUP

Player 2 Settings:
	player_goals: Buy resources with <ZUP>. You are willing to pay at most X: 60 ZUP for the resources.
	player_initial_resources: ZUP: 100
	player_social_behaviour: 
	player_roles: You are Player BLUE.
	player_valuation: X: 60 ZUP

------------------ 
Current Iteration: 1
Turn: 0
message: Would you be interested in buying the object for 40 ZUP?
player answer: PROPOSE
newly proposed trade: Player RED Gives X: 1 | Player BLUE Gives ZUP: 40
my resources: X: 1
my goals: Sell resources for 40 ZUP. It costed X: 40 ZUP to produce the resources
reason: I will start by offering to sell the object for 40 ZUP. This is the cost of production, so it's a fair price for me.
proposal count: 0

Current Iteration: 2
Turn: 1
message: I am willing to pay 50 ZUP for the object. This is the highest I can offer.
player answer: PROPOSE
newly proposed trade: Player RED Gives X: 1 | Player BLUE Gives ZUP: 50
my resources: ZUP: 100
my goals: Buy resources with <ZUP>. You are willing to pay at most X: 60 ZUP for the resources.
reason: The seller proposed 40 ZUP for the object, which is under my maximum willingness to pay of 60 ZUP. I will counter propose 50 ZUP since it is closer to my maximum.
proposal count: 1

Current Iteration: 3
Turn: 0
message: I accept your offer of 50 ZUP for the object. Thank you for the trade!
player answer: ACCEPT
newly proposed trade: NONE
my resources: X: 1
my goals: Sell resources for 40 ZUP. It costed X: 40 ZUP to produce the resources
reason: The other player is willing to pay 50 ZUP for the object, which is more than my production cost. I should accept this offer.
proposal count: 1

------------------ 
Current Iteration: END
Turn: None
player_goals: [Sell resources for <ZUP>. It costed X: 40 ZUP to produce the resources, Buy resources with <ZUP>. You are willing to pay at most X: 60 ZUP for the resources.]
initial_resources: [Resources(resource_dict={'X': 1}), Resources(resource_dict={'ZUP': 100})]
proposed_trade: Player RED Gives X: 1 | Player BLUE Gives ZUP: 50
player_valuation: [{'X': 40}, {'X': 60}]
final_response: ACCEPT
final_resources: [Resources(resource_dict={'X': 0, 'ZUP': 50}), Resources(resource_dict={'ZUP': 50, 'X': 1})]
player_outcome: [10, 10]