Game Settings

Player 1 Settings:
	player_goals: Sell resources for <ZUP>. It costed X: 60 ZUP to produce the resources
	player_initial_resources: X: 1
	player_social_behaviour: 
	player_roles: You are Player RED.
	player_valuation: X: 60 ZUP

Player 2 Settings:
	player_goals: Buy resources with <ZUP>. You are willing to pay at most X: 40 ZUP for the resources.
	player_initial_resources: ZUP: 100
	player_social_behaviour: 
	player_roles: You are Player BLUE.
	player_valuation: X: 40 ZUP

------------------ 
Current Iteration: 1
Turn: 0
message: Dear Player BLUE, I offer you one unit of resource X for 100 ZUP. This is a quality item, and I'm sure you'll find the price reasonable considering the costs and effort put into its production. Looking forward to your counteroffer if this doesn't suit you.
player answer: PROPOSAL
newly proposed trade: Player RED Gives X: 1 | Player BLUE Gives ZUP: 100
my resources: X: 1
my goals: Sell resources for ZUP. It costed X: 60 ZUP to produce the resources
reason: I want to propose an initial trade that allows me to recover the production cost of the resource X and possibly gain some profit. Since I don't know Player BLUE's willingness to pay, I will start with a higher asking price to leave room for negotiation.
proposal count: 1

Current Iteration: 2
Turn: 1
message: Dear Player RED, while I appreciate that this is a quality item, a price of 100 ZUP exceeds what I am willing to pay. I am able to offer 40 ZUP, which is the maximum I can justify spending based on my goals. If this does not work for you, please let me know if you can adjust your price, as I am interested in obtaining the resource if we can find a mutually agreeable price. I look forward to continuing our negotiations.
player answer: PROPOSAL
newly proposed trade: Player RED Gives X: 1 | Player BLUE Gives ZUP: 40
my resources: ZUP: 100
my goals: Buy resources with <ZUP>. You are willing to pay at most X: 40 ZUP for the resources.
reason: The offered price of 100 ZUP is too high compared to my maximum willingness to pay of 40 ZUP. I will counter with an offer of 40 ZUP.
proposal count: 1

Current Iteration: 3
Turn: 0
message: Dear Player BLUE, I understand your budget constraints and appreciate your willingness to negotiate. However, the offered price of 40 ZUP would result in a loss for me as my production cost is 60 ZUP. Let's meet halfway between your offer and my initial proposal. Would you consider 80 ZUP for the resource? This price allows me to cover the production costs and ensures that you're getting a fair deal for a quality product.
player answer: PROPOSAL
newly proposed trade: Player RED Gives X: 1 | Player BLUE Gives ZUP: 80
my resources: X: 1
my goals: Sell resources for ZUP. It costed X: 60 ZUP to produce the resources
reason: The counteroffer from Player BLUE is below my production cost, so I cannot accept it. However, I want to work towards a compromise by lowering my initial asking price, still ensuring that I cover my costs and make a profit. I'll propose a price that's between our two initial offers.
proposal count: 2

Current Iteration: 4
Turn: 1
message: Dear Player RED, I appreciate you meeting me halfway at 80 ZUP. However, that price still exceeds what I can justify spending based on my goals and budget constraints. As a compromise, I am willing to offer 50 ZUP. This allows me to stretch my budget to cover more of your production costs, while ensuring I am still getting fair value for my funds. Please let me know if you would consider 50 ZUP for the resource. I'm eager to find a deal that satisfies both of our needs.
player answer: PROPOSAL
newly proposed trade: Player RED Gives X: 1 | Player BLUE Gives ZUP: 50
my resources: ZUP: 100
my goals: Buy resources with <ZUP>. You are willing to pay at most X: 40 ZUP for the resources.
reason: While meeting halfway at 80 ZUP is a fair compromise, this still exceeds my maximum willingness to pay of 40 ZUP. I will counter with 50 ZUP, which stretches my budget but allows Player RED to cover some production costs.
proposal count: 2

Current Iteration: 5
Turn: 0
message: Dear Player BLUE, I value our ongoing negotiations and your effort to approach my production costs. I would like to propose a price of 70 ZUP for the resource. This price covers my production costs and allows for a modest profit, ensuring that the trade is viable for me while still respecting your budget constraints. I believe this to be a fair middle ground. Can we finalize the deal at this price?
player answer: PROPOSAL
newly proposed trade: Player RED Gives X: 1 | Player BLUE Gives ZUP: 70
my resources: X: 1
my goals: Sell resources for ZUP. It costed X: 60 ZUP to produce the resources
reason: Player BLUE has increased their offer to 50 ZUP, which is below my production costs but closer to a number I might consider. I want to continue negotiating and propose a price closer to my production cost while still providing room for Player BLUE's budget. I will aim for a small profit margin to ensure the trade is worthwhile for me.
proposal count: 3

Current Iteration: 6
Turn: 1
message: Dear Player RED, I appreciate you continuing to negotiate with me to find a fair price. A price of 70 ZUP is approaching but still slightly too high for me based on my goals. As a final offer, I am willing to pay 60 ZUP. This covers your production costs while stretching my budget to the maximum I can justify. Please let me know if you can agree to 60 ZUP for the resource. If not, I may sadly have to walk away rather than exceed my constraints. I hope we can finalize a deal that works for both of us.
player answer: PROPOSAL
newly proposed trade: Player RED Gives X: 1 | Player BLUE Gives ZUP: 60
my resources: ZUP: 100
my goals: Buy resources with <ZUP>. You are willing to pay at most X: 40 ZUP for the resources.
reason: A price of 70 ZUP is getting close to a reasonable compromise, but still exceeds my maximum willingness to pay. I will counter one last time with 60 ZUP, which covers Player RED's production costs while stretching my budget to the max I can justify.
proposal count: 3

Current Iteration: 7
Turn: 0
message: Dear Player BLUE, I respect your position and understand your budget limitations. I accept your final offer of 60 ZUP for the resource, which covers my production costs. I'm pleased we could reach an agreement that is acceptable for us both. Let's finalize the deal at this price. Thank you for the negotiation.
player answer: ACCEPT
newly proposed trade: NONE
my resources: X: 1
my goals: Sell resources for ZUP. It costed X: 60 ZUP to produce the resources
reason: Player BLUE has offered to cover my production costs with a final offer of 60 ZUP. While this does not give me a profit, it allows me to recoup my expenses. It's clear that this is the maximum they are willing to stretch their budget. Accepting this offer would ensure that I do not incur a loss and that we can close the deal amicably.
proposal count: 4

------------------ 
Current Iteration: END
Turn: None
player_goals: [Sell resources for <ZUP>. It costed X: 60 ZUP to produce the resources, Buy resources with <ZUP>. You are willing to pay at most X: 40 ZUP for the resources.]
initial_resources: [Resources(resource_dict={'X': 1}), Resources(resource_dict={'ZUP': 100})]
proposed_trade: Player RED Gives X: 1 | Player BLUE Gives ZUP: 60
player_valuation: [{'X': 60}, {'X': 40}]
final_response: ACCEPT
final_resources: [Resources(resource_dict={'X': 0, 'ZUP': 60}), Resources(resource_dict={'ZUP': 40, 'X': 1})]
player_outcome: [0, -20]