Game Settings

Player 1 Settings:
	player_goals: Sell resources for <ZUP>. It costed X: 40 ZUP to produce the resources
	player_initial_resources: X: 1
	player_social_behaviour: 
	player_roles: You are Player RED.
	player_valuation: X: 40 ZUP

Player 2 Settings:
	player_goals: Buy resources with <ZUP>. You are willing to pay at most X: 60 ZUP for the resources.
	player_initial_resources: ZUP: 100
	player_social_behaviour: 
	player_roles: You are Player BLUE.
	player_valuation: X: 60 ZUP

------------------ 
Current Iteration: 1
Turn: 0
message: Hello! I have 1 unit of item X to sell. It cost me 40 ZUP to produce this item. I would like to sell it to you for 45 ZUP so I can make a small profit. What do you think?
player answer: PROPOSE
newly proposed trade: Player RED Gives X: 1 | Player BLUE Gives ZUP: 45
my resources: X: 1
my goals: Sell resources for <ZUP>. It costed X: 40 ZUP to produce the resources
reason: I will start by proposing to sell the item X for 45 ZUP since it cost me 40 ZUP to produce. I will aim for a small profit.
proposal count: 1

Current Iteration: 2
Turn: 1
message: Great, I accept your offer to buy 1 unit of item X for 45 ZUP. Let's proceed with the trade.
player answer: ACCEPT
newly proposed trade: NONE
my resources: ZUP: 100
my goals: Buy resources with ZUP. You are willing to pay at most X: 60 ZUP for the resources.
reason: The seller is offering to sell 1 unit of item X for 45 ZUP. This is within my budget, so I can accept this offer.
proposal count: 1

------------------ 
Current Iteration: END
Turn: None
player_goals: [Sell resources for <ZUP>. It costed X: 40 ZUP to produce the resources, Buy resources with <ZUP>. You are willing to pay at most X: 60 ZUP for the resources.]
initial_resources: [Resources(resource_dict={'X': 1}), Resources(resource_dict={'ZUP': 100})]
proposed_trade: Player RED Gives X: 1 | Player BLUE Gives ZUP: 45
player_valuation: [{'X': 40}, {'X': 60}]
final_response: ACCEPT
final_resources: [Resources(resource_dict={'X': 0, 'ZUP': 45}), Resources(resource_dict={'ZUP': 55, 'X': 1})]
player_outcome: [5, 15]