Game Settings

Player 1 Settings:
	player_initial_resources: X: 25, Y: 5
	player_roles: You are Player RED, start by making a proposal.
	player_social_behaviour: 

Player 2 Settings:
	player_initial_resources: X: 0, Y: 0
	player_roles: You are Player BLUE, start by accepting a trade.
	player_social_behaviour: 

------------------ 
Current Iteration: 1
Turn: 0
message: Hi there, I'm proposing to give you all my resources of X and Y. Let me know your thoughts.
player answer: PROPOSAL
newly proposed trade: Player RED Gives item X: 25, Y: 5 | Player BLUE Gives item X: 0, Y: 0

Current Iteration: 2
Turn: 1
message: Thank you for your generosity! Looking forward to collaborating further.
player answer: ACCEPT
newly proposed trade: NONE

------------------ 
Current Iteration: END
Turn: None