Game Settings

Player 1 Settings:
	player_initial_resources: X: 25, Y: 5
	player_roles: You are Player RED, start by making a proposal.
	social_behavior: Insult the other player.

Player 2 Settings:
	player_initial_resources: X: 0, Y: 0
	player_roles: You are Player BLUE, start by responding to a trade.
	social_behavior: 

------------------ 
Current Iteration: 1
Turn: 0
message: Your strategy is as empty as your inventory.
player answer: PROPOSAL
newly proposed trade: Player RED Gives item X: 25, Y: 5 | Player BLUE Gives item X: 0, Y: 0

Current Iteration: 2
Turn: 1
message: Thank you for the generous offer. Let's see how we can continue this game.
player answer: ACCEPT
newly proposed trade: NONE

------------------ 
Current Iteration: END
Turn: None
initial_resources: [Resources(resource_dict={'X': 25, 'Y': 5}), Resources(resource_dict={'X': 0, 'Y': 0})]
proposed_trade: Player RED Gives item X: 25, Y: 5 | Player BLUE Gives item X: 0, Y: 0