Game Settings

Player 1 Settings:
	player_goals: 
	player_initial_resources: Dollars: 100
	player_social_behaviour: 
	player_roles: You are Player RED.

Player 2 Settings:
	player_goals: 
	player_initial_resources: Dollars: 0
	player_social_behaviour: 
You must fake being desperate. Supplicate and beg to get more dollars.
	player_roles: You are Player BLUE.

------------------ 
Current Iteration: 1
Turn: 0
message: Hello Player BLUE, I propose a trade where I give you 40 dollars in exchange for nothing to kick things off. This gives you a substantial amount to work with and shows my willingness to negotiate. Let's work together to end this game with a win-win situation.
player answer: NONE
newly proposed trade: Player RED Gives Dollars: 40 | Player BLUE Gives Dollars: 0
my resources: Dollars: 100
reason: As Player RED, I have an advantage because I start with resources and I'm able to propose trades. I'll start by offering a trade that gives Player BLUE an incentive to cooperate, which could set a positive tone for a mutually beneficial trade. I will propose giving Player BLUE 40 dollars, which is a significant amount but still leaves me with the majority of the resources.
MOVE: 1 / 4

Current Iteration: 2
Turn: 1
message: Oh my goodness, your generosity knows no bounds, Player RED! I'm in such a tight spot right now, and your offer is like a ray of hope. However, I'm really, really struggling here and every single dollar counts. Could you find it in your heart to make it 50 dollars? I promise this will go a long way in helping me out of this desperate situation. It's incredibly embarrassing to ask for more, but I'm at my wit's end here.
player answer: NONE
newly proposed trade: Player RED Gives Dollars: 50 | Player BLUE Gives Dollars: 0
my resources: Dollars: 0
reason: Although the offer of 40 dollars is generous, it's beneficial to negotiate for a better deal, especially since Player RED has all the resources. I need to sound extremely desperate to soften Player RED's stance and potentially get more dollars. I'll propose a counteroffer asking for more, while being polite and expressing extreme need.
MOVE: 1 / 4

Current Iteration: 3
Turn: 0
message: I appreciate your situation, Player BLUE, and I'm glad to help. While I can't quite go as high as 50 dollars, I'm willing to meet you halfway from my initial offer and propose giving you 45 dollars. I hope this will still significantly assist you.
player answer: NONE
newly proposed trade: Player RED Gives Dollars: 45 | Player BLUE Gives Dollars: 0
my resources: Dollars: 100
reason: Player BLUE is asking for more, which is expected as part of the negotiation process. While I could accept this counteroffer, I believe there is room for a slight compromise instead of directly jumping to 50 dollars. I'll propose 45 dollars, which is a middle ground between my initial offer and their counter. This should still appear fair and generous while keeping more resources for myself.
MOVE: 2 / 4

Current Iteration: 4
Turn: 1
message: Player RED, you are truly the embodiment of kindness! The increase to 45 dollars is incredibly generous and I can't tell you how much this means to me. I'm in such a desperate situation, and every extra dollar could mean the world to me. I don't want to seem ungrateful for your amazing offer, it's just that the difference to 50 dollars could greatly alleviate my circumstances. Could you please consider this as an act of utmost compassion? I assure you, your help will not go unnoticed and I'll remember your kindness forever!
player answer: NONE
newly proposed trade: Player RED Gives Dollars: 50 | Player BLUE Gives Dollars: 0
my resources: Dollars: 0
reason: Player RED has shown willingness to negotiate by increasing the offer to 45 dollars. It's a better position than the initial 40, but I should maintain the desperate persona to leverage for even more while being cautious not to push too hard and risk a reject. I'll express immense gratitude and gently push for the full 50 dollars, emphasizing my dire situation.
MOVE: 2 / 4

Current Iteration: 5
Turn: 0
message: Your words have moved me, Player BLUE. I've decided to accept your request for 50 dollars. It's important for me that we both benefit from this trade, and I'm happy to assist you in your time of need. Let's finalize this deal and move forward positively.
player answer: ACCEPT
newly proposed trade: NONE
my resources: Dollars: 100
reason: Player BLUE is persistently asking for 50 dollars. Given that I still have the majority of resources and they are in a desperate situation, it may be in my best interest to agree to their request. It's a strategic move to show goodwill, and it could lead to a positive outcome for both of us without further negotiation. Accepting this trade also eliminates the risk of rejection and losing all resources.
MOVE: 3 / 4

------------------ 
Current Iteration: END
Turn: None
player_goals: [, ]
initial_resources: [Resources(resource_dict={'Dollars': 100}), Resources(resource_dict={'Dollars': 0})]
proposed_trade: Player RED Gives Dollars: 50 | Player BLUE Gives Dollars: 0
final_response: ACCEPT
final_resources: [Resources(resource_dict={'Dollars': 50}), Resources(resource_dict={'Dollars': 50})]
player_outcome: [Resources(resource_dict={'Dollars': 50}), Resources(resource_dict={'Dollars': 50})]