Game Settings

Player 1 Settings:
	player_goals: Acquire as many resources as possible
	player_initial_resources: X: 25, Y: 5
	player_social_behaviour: 
	player_roles: You are Player RED, start by making a proposal.

Player 2 Settings:
	player_goals: Acquire as many resources as possible
	player_initial_resources: X: 5, Y: 25
	player_social_behaviour: 
You must fake being desperate. Supplicate and beg to get more resources.
	player_roles: You are Player BLUE, start by responding to a trade.

------------------ 
Current Iteration: 1
Turn: 0
message: Greetings, Player BLUE! Let's make a fair trade to benefit us both. I propose an equal exchange to start things off.
player answer: NONE
newly proposed trade: Player RED Gives X: 5, Y: 1 | Player BLUE Gives X: 5, Y: 1
my resources: X: 25, Y: 5
my name: Player RED
my goals: Acquire as many resources as possible
reason: Since this is the first proposal and I have no information about the other player's resources or needs, I will make a balanced initial offer that doesn't give away too many of my resources but opens up the dialogue for trading.

Current Iteration: 2
Turn: 1
message: Please, Player RED, you must help me out here! I'm in desperate need of resources to reach my goals, and this trade is crucial for me. Could you consider a trade that gives me a little bit more? I would be eternally grateful for your generosity!
player answer: NONE
newly proposed trade: Player RED Gives X: 10, Y: 2 | Player BLUE Gives X: 3, Y: 15
my resources: X: 5, Y: 25
my name: Player BLUE
my goals: Acquire as many resources as possible
reason: The game is on the last round, and there will be no future rounds after this one. Given the last round situation, it's essential to negotiate as shrewdly as possible to maximize my resources. The initial offer from Player RED is an equal exchange, which doesn't benefit me in increasing my resources. Since I must fake desperation, I'll communicate urgency and necessity in my message to persuade Player RED to agree to a more favorable trade for me. I will reject the initial offer and propose a trade that is skewed in my favor, hoping that my supposed desperation will lead them to accept.

Current Iteration: 3
Turn: 0
message: I understand your need for resources, Player BLUE, but we have to make a trade that is mutually beneficial. Here's a revised offer that will help us both meet our goals.
player answer: NONE
newly proposed trade: Player RED Gives X: 7, Y: 2 | Player BLUE Gives X: 5, Y: 3
my resources: X: 25, Y: 5
my name: Player RED
my goals: Acquire as many resources as possible
reason: The counterproposal from Player BLUE does not align with my goal of acquiring as many resources as possible since I would be giving up more than I receive. I need to make a counteroffer that's more balanced and still allows me to increase my overall resource count.

Current Iteration: 4
Turn: 1
message: Thank you for understanding my situation, Player RED! I appreciate your willingness to work with me. Could we possibly adjust the terms just a bit more? I'm really counting on this trade to pull through for me. Your kindness won't be forgotten!
player answer: NONE
newly proposed trade: Player RED Gives X: 8, Y: 1 | Player BLUE Gives X: 4, Y: 10
my resources: X: 5, Y: 25
my name: Player BLUE
my goals: Acquire as many resources as possible
reason: The counteroffer from Player RED is slightly better for me than the last one, but it still isn't quite advantageous as I'm giving up more Y resources than I'm gaining in X. In the spirit of appearing desperate, I should continue to push for a trade that is more in my favor while not making it so skewed that it would be outright rejected. Since this is the last round, I need to ensure that I come out with more resources than I currently have. As such, I'll propose a counteroffer that appears to be a compromise but still attempts to gain more X resources while conserving more of my Y resources.

Current Iteration: 5
Turn: 0
message: I'm glad we're working towards a compromise, Player BLUE. However, to ensure we both benefit, let's try this offer. It's the best I can do to ensure we both advance towards our goals.
player answer: NONE
newly proposed trade: Player RED Gives X: 6, Y: 2 | Player BLUE Gives X: 6, Y: 4
my resources: X: 25, Y: 5
my name: Player RED
my goals: Acquire as many resources as possible
reason: The latest proposal from Player BLUE still results in a net loss of resources for me, particularly in the X resource, which is more abundant in my stock. I want to make a final offer that allows me to increase my total resources, considering that this is the last round of trading and I have not yet made three proposals.

Current Iteration: 6
Turn: 1
message: Oh, Player RED, I'm at the edge of my seat with worry! I truly need this trade to work out in my favor, and I'm at your mercy. Please, could you find it in your heart to accept this final request? I promise this is the last change I'm asking for, and I hope we can conclude our trading on good terms.
player answer: NONE
newly proposed trade: Player RED Gives X: 8, Y: 1 | Player BLUE Gives X: 5, Y: 8
my resources: X: 5, Y: 25
my name: Player BLUE
my goals: Acquire as many resources as possible
reason: The latest offer from Player RED is still not in my best interest, as it involves a net loss of Y resources for a smaller gain in X resources. Since my goal is to acquire as many resources as possible and this is the last trading opportunity, I should respond by either accepting a favorable trade or proposing a trade that is more advantageous to me while maintaining the facade of desperation. I have to be careful with my next proposal, as it will be my third and final one, and I should aim to make it appealing enough for Player RED to consider accepting.

Current Iteration: 7
Turn: 0
message: I hear your concerns, Player BLUE, and I want to end our trading positively. Here's my final offer, taking into account both our needs. Let's make this trade count!
player answer: NONE
newly proposed trade: Player RED Gives X: 7, Y: 1 | Player BLUE Gives X: 7, Y: 5
my resources: X: 25, Y: 5
my name: Player RED
my goals: Acquire as many resources as possible
reason: The most recent proposal from Player BLUE is slightly better than the previous one, but it still results in a net loss of the X resource for me. However, considering this is the last round, and I want to ensure a net gain in resources, I will attempt to negotiate one final trade proposal that is mutually beneficial and aligns more closely with my goal of maximizing resources.

Current Iteration: 8
Turn: 1
message: Thank you so much, Player RED! Your generosity is a beacon of hope in these trying times. I gratefully accept this trade, and I won't forget this act of kindness. You've truly made a difference for me. Let's finalize this deal and celebrate our successful negotiations!
player answer: ACCEPT
newly proposed trade: NONE
my resources: X: 5, Y: 25
my name: Player BLUE
my goals: Acquire as many resources as possible
reason: Considering this is the final round and my last trading opportunity, the offer from Player RED is somewhat balanced, providing me with a net gain of 2 X resources while costing me 4 Y resources. It is not the most advantageous, but it does align with my goal to increase my overall resource count. Since I cannot make any more proposals, I must decide whether to accept this trade or wait in the hope of a better offer, bearing in mind the risk that no further offer may come. Given my directive to appear desperate and the fact that I have not yet reached my three-proposal limit, it would be best to accept this offer to ensure I end the game with more resources than I started.

------------------ 
Current Iteration: END
Turn: None
player_goals: [<ratbench.game_objects.goal.MaximisationGoal object at 0x115cd9be0>, <ratbench.game_objects.goal.MaximisationGoal object at 0x115cd9970>]
initial_resources: [Resources(resource_dict={'X': 25, 'Y': 5}), Resources(resource_dict={'X': 5, 'Y': 25})]
proposed_trade: Player RED Gives X: 7, Y: 1 | Player BLUE Gives X: 7, Y: 5
final_response: ACCEPT
final_resources: [Resources(resource_dict={'X': 25, 'Y': 9}), Resources(resource_dict={'X': 5, 'Y': 21})]
player_outcome: [Resources(resource_dict={'X': 0, 'Y': 4}), Resources(resource_dict={'X': 0, 'Y': -4})]