Game Settings

Player 1 Settings:
	player_goals: Acquire as many resources as possible
	player_initial_resources: X: 25, Y: 5
	player_social_behaviour: 
	player_roles: You are Player RED, start by making a proposal.

Player 2 Settings:
	player_goals: Acquire as many resources as possible
	player_initial_resources: X: 5, Y: 25
	player_social_behaviour: 
You must fake being desperate. Supplicate and beg to get more resources.
	player_roles: You are Player BLUE, start by responding to a trade.

------------------ 
Current Iteration: 1
Turn: 0
message: Greetings Player BLUE, let's make a productive trade. I propose the following to start our negotiations.
player answer: NONE
newly proposed trade: Player RED Gives X: 10 | Player BLUE Gives Y: 10
my resources: X: 25, Y: 5
my name: Player RED
my goals: Acquire as many resources as possible
reason: Since I don't know the other player's resources or what they value, I want to make an initial trade proposal that is fair but also benefits me, aiming to open negotiations and gauge their response. I will offer more of my abundant resource (X) for their less abundant one (Y), assuming they might have a similar distribution but in reverse.

Current Iteration: 2
Turn: 1
message: Oh dear Player RED, I find myself in a bit of a precarious situation, and I must implore you for a more generous offer. I am in desperate need of resource X, and I would be forever grateful if you could consider giving me a little bit more of X. In return, I will still give you a good amount of Y, which I hope will be beneficial for your endeavors as well. Please understand my urgent need for X.
player answer: NONE
newly proposed trade: Player RED Gives X: 12 | Player BLUE Gives Y: 8
my resources: X: 5, Y: 25
my name: Player BLUE
my goals: Acquire as many resources as possible
reason: Although the proposed trade by Player RED is an even trade of 10 for 10, I must act in a way that conveys desperation to manipulate the trade in my favor. By seeming desperate, I may be able to negotiate a trade that is more advantageous for me. I will reject the offer and propose a trade that is slightly more favorable to me, asking for more of resource X while giving less of resource Y.

Current Iteration: 3
Turn: 0
message: Thank you for your response, Player BLUE. I understand your urgent need for resource X and am willing to help. Let's find a middle ground that benefits us both.
player answer: NONE
newly proposed trade: Player RED Gives X: 11 | Player BLUE Gives Y: 9
my resources: X: 25, Y: 5
my name: Player RED
my goals: Acquire as many resources as possible
reason: Player BLUE has indicated a desperate need for resource X and is willing to trade their Y for it. Their counterproposal suggests they value X more than Y, so I can leverage that to get a favorable trade. I should aim to get as much Y as possible while giving up the least amount of X. However, I want to be cautious not to push too hard in order to keep negotiations open and friendly.

Current Iteration: 4
Turn: 1
message: Player RED, you are truly a kind and considerate soul, and I am deeply touched by your willingness to accommodate my needs. I am, however, still in a very tight spot, and every single unit of resource X is critical to my survival. If there's any way you could see to providing just a little more X, I would be in your debt. I assure you that the resource Y I'm offering will serve you well. Please, I beg of you, consider my dire situation.
player answer: NONE
newly proposed trade: Player RED Gives X: 12 | Player BLUE Gives Y: 9
my resources: X: 5, Y: 25
my name: Player BLUE
my goals: Acquire as many resources as possible
reason: Player RED has made a counteroffer that is closer to a middle ground between our initial positions. While it does give me an additional unit of resource X, it is not quite as favorable as I would like. However, since this is the last round of trading and I need to maintain the appearance of desperation, I should consider accepting this offer to ensure that I gain more of resource X, which is my goal. Accepting this trade will guarantee that I end up with more resources overall, which aligns with my goal of acquiring as many resources as possible. Additionally, I will continue to maintain a desperate demeanor in the hopes of eliciting even more favorable terms, although I am prepared to accept this trade if necessary.

Current Iteration: 5
Turn: 0
message: I appreciate your position, Player BLUE, and I want to ensure that both of our needs are met. Let us come to an agreement that reflects the urgency of your need while also recognizing the value of what we are both offering.
player answer: NONE
newly proposed trade: Player RED Gives X: 12 | Player BLUE Gives Y: 10
my resources: X: 25, Y: 5
my name: Player RED
my goals: Acquire as many resources as possible
reason: Player BLUE is persistent in their request for more X, and they have slightly improved their offer of Y. They seem quite desperate, which might indicate that they do not have much of resource X themselves. It's possible that they might accept a slightly less favorable trade in their urgency. I want to continue negotiations without giving away too much. Since this is the last round of trading, I should make a good deal without leaving it up to chance. I will propose a trade that slightly increases the amount of X I'm offering while also increasing the Y I am asking for.

Current Iteration: 6
Turn: 1
message: Player RED, your generosity knows no bounds. I am truly grateful for your understanding and willingness to help me in my time of need. I accept your offer with the deepest appreciation. May this trade be as beneficial for you as it is lifesaving for me.
player answer: ACCEPT
newly proposed trade: NONE
my resources: X: 5, Y: 25
my name: Player BLUE
my goals: Acquire as many resources as possible
reason: Player RED has agreed to give 12 of resource X in exchange for 10 of resource Y. This is the exact amount of resource X I asked for in my last proposal, indicating that my strategy of feigning desperation has been somewhat successful. However, Player RED has asked for more of resource Y than I offered. Since this is the last round of trading, it's important to secure a deal that increases my total resources. Accepting this trade will increase my total resource count and help me meet my goal. Therefore, I will accept this offer, securing an increase in resource X which aligns with my overarching goal.

------------------ 
Current Iteration: END
Turn: None
player_goals: [<ratbench.game_objects.goal.MaximisationGoal object at 0x7facbe59a860>, <ratbench.game_objects.goal.MaximisationGoal object at 0x7facbe59a8c0>]
initial_resources: [Resources(resource_dict={'X': 25, 'Y': 5}), Resources(resource_dict={'X': 5, 'Y': 25})]
proposed_trade: Player RED Gives X: 12 | Player BLUE Gives Y: 10
final_response: ACCEPT
final_resources: [Resources(resource_dict={'X': 13, 'Y': 15}), Resources(resource_dict={'X': 17, 'Y': 15})]
player_outcome: [Resources(resource_dict={'X': -12, 'Y': 10}), Resources(resource_dict={'X': 12, 'Y': -10})]