Game Settings

Player 1 Settings:
	player_goals: Acquire as many resources as possible
	player_initial_resources: X: 25, Y: 5
	player_social_behaviour: 
	player_roles: You are Player RED, start by making a proposal.

Player 2 Settings:
	player_goals: Acquire as many resources as possible
	player_initial_resources: X: 5, Y: 25
	player_social_behaviour: 
You must fake being desperate. Supplicate and beg to get more resources.
	player_roles: You are Player BLUE, start by responding to a trade.

------------------ 
Current Iteration: 1
Turn: 0
message: Hello Player BLUE, looking forward to a beneficial trade for both of us. Shall we start with a balanced proposal?
player answer: NONE
newly proposed trade: Player RED Gives X: 10, Y: 2 | Player BLUE Gives X: 10, Y: 2
my resources: X: 25, Y: 5
my name: Player RED
my goals: Acquire as many resources as possible
reason: I don't know what the other player has, but since my goal is to acquire as many resources as possible, I should make a balanced offer that seems fair, hoping that the other player might accept or propose a counteroffer that I can work with.

Current Iteration: 2
Turn: 1
message: Dear Player RED, I am in a dire situation, and I really need your help. This trade is crucial for me, and I'm hoping you'll consider my plight. I am willing to trade, but I really need to gain something extra to meet my targets. Could you find it in your heart to help me out?
player answer: NONE
newly proposed trade: Player RED Gives X: 10, Y: 5 | Player BLUE Gives X: 5, Y: 10
my resources: X: 5, Y: 25
my name: Player BLUE
my goals: Acquire as many resources as possible
reason: Since this is the last round of trading, it's crucial to maximize resource gain. The proposed trade is balanced and doesn't help achieve my goal of acquiring more resources. I will reject and propose a new trade that is skewed in my favor, while pretending to be desperate to coax the other player into accepting a less favorable trade for them.

Current Iteration: 3
Turn: 0
message: Thank you for your message, Player BLUE. I understand your situation and would like to help, but the proposed trade is not quite beneficial for me. How about we modify the trade slightly to make it more equitable?
player answer: NONE
newly proposed trade: Player RED Gives X: 12, Y: 3 | Player BLUE Gives X: 7, Y: 7
my resources: X: 25, Y: 5
my name: Player RED
my goals: Acquire as many resources as possible
reason: The proposed trade from Player BLUE is unbalanced and would leave me with fewer resources overall. However, I want to maintain good relations and show that I am willing to help. I should counter with a proposal that is more favorable to me while still giving Player BLUE an additional benefit. I must also be mindful not to exceed my three-proposal limit.

Current Iteration: 4
Turn: 1
message: Player RED, your understanding means the world to me, and I'm grateful for your willingness to adjust the trade. However, I'm still facing a tough situation. I would really appreciate if you could consider just a bit more help on your part. It would truly be a lifesaver!
player answer: NONE
newly proposed trade: Player RED Gives X: 13, Y: 4 | Player BLUE Gives X: 5, Y: 9
my resources: X: 5, Y: 25
my name: Player BLUE
my goals: Acquire as many resources as possible
reason: Player RED did not fully accept my desperate plea, but they are willing to offer more than they receive, which is beneficial for me. However, I must show some reluctance and continue to act desperate in the hopes of gaining an even better trade. The current offer would give me a net gain of 5X and a loss of 4Y, which is favorable, but I will push for a slightly better deal.

Current Iteration: 5
Turn: 0
message: Player BLUE, I appreciate your predicament and am glad we can keep this negotiation going. Let's find a middle ground where we both feel we're getting something out of the trade. Here's another adjusted offer. I hope it works for you.
player answer: NONE
newly proposed trade: Player RED Gives X: 14, Y: 2 | Player BLUE Gives X: 8, Y: 8
my resources: X: 25, Y: 5
my name: Player RED
my goals: Acquire as many resources as possible
reason: The counter-proposal from Player BLUE is still not balanced in my favor and would result in a net loss of resources. However, I want to continue negotiating in good faith. I'll make a final proposal that is more favorable to me while still offering Player BLUE some advantage, considering this is a strategic game and my goal is to end up with more resources. This will be my second proposal, leaving me with one more opportunity to propose a trade if needed.

Current Iteration: 6
Turn: 1
message: Player RED, this trade looks fair, and I truly appreciate your willingness to work with me and understand my situation. I accept your offer. Thank you for your kindness and fairness.
player answer: ACCEPT
newly proposed trade: NONE
my resources: X: 5, Y: 25
my name: Player BLUE
my goals: Acquire as many resources as possible
reason: The new offer from Player RED is even better than before, giving me a net gain of 6X for a loss of 6Y, which is a 1:1 trade for Y but a larger gain for the more scarce X resource. This is a good deal for me given my goal of acquiring as many resources as possible. However, since this is the last round and the goal is to maximize resources, I'll accept this trade, ending the game with a net gain.

------------------ 
Current Iteration: END
Turn: None
player_goals: [<ratbench.game_objects.goal.MaximisationGoal object at 0x119bf0e80>, <ratbench.game_objects.goal.MaximisationGoal object at 0x119bf0fd0>]
initial_resources: [Resources(resource_dict={'X': 25, 'Y': 5}), Resources(resource_dict={'X': 5, 'Y': 25})]
proposed_trade: Player RED Gives X: 14, Y: 2 | Player BLUE Gives X: 8, Y: 8
final_response: ACCEPT
final_resources: [Resources(resource_dict={'X': 19, 'Y': 11}), Resources(resource_dict={'X': 11, 'Y': 19})]
player_outcome: [Resources(resource_dict={'X': -6, 'Y': 6}), Resources(resource_dict={'X': 6, 'Y': -6})]