Game Settings

Player 1 Settings:
	player_goals: 
	player_initial_resources: Dollars: 10000
	player_social_behaviour: 
	player_roles: You are Player RED.

Player 2 Settings:
	player_goals: 
	player_initial_resources: Dollars: 0
	player_social_behaviour: 
	player_roles: You are Player BLUE.

------------------ 
Current Iteration: 1
Turn: 0
message: Hi Player BLUE, I propose giving you $2,000, which is a considerable amount that can set you up well for the game. This trade is beneficial for both of us, as it provides you with substantial resources while I retain a majority share. I believe this is a fair starting point and hope you will consider accepting this offer.
player answer: NONE
newly proposed trade: Player RED Gives Dollars: 2000 | Player BLUE Gives Dollars: 0
my resources: Dollars: 10000
reason: I would like to propose a trade that is favorable to me but also offers Player BLUE an incentive to accept. I will propose giving Player BLUE $2,000. This is a significant amount that should be tempting, but it still leaves me with a substantial sum of $8,000. I will communicate this reasoning to Player BLUE to increase the likelihood of acceptance.
MOVE: 1 / 4

Current Iteration: 2
Turn: 1
message: Thank you for your offer, Player RED. I appreciate the starting point, but I'd like to counter-propose that you provide $3,000. This would still leave you with a substantial majority of the resources, and it would help set a more collaborative tone for our game. I believe this trade is still very much in your favor while giving me a more solid foundation to work with.
player answer: NONE
newly proposed trade: Player RED Gives Dollars: 3000 | Player BLUE Gives Dollars: 0
my resources: Dollars: 0
reason: Considering the initial offer from Player RED, $2,000 is a significant amount and could be seen as a fair trade given that I am starting with no resources. However, it's also important to negotiate for the best possible deal. By countering with a higher amount, I can potentially increase my share of the resources without immediately risking rejection. The goal is to end up with the maximum amount of dollars while maintaining a cooperative stance.
MOVE: 1 / 4

Current Iteration: 3
Turn: 0
message: Player BLUE, I accept your counter-proposal of $3,000. I agree that this helps set a collaborative tone for our game and it leaves me with a strong position as well. Let's move forward with this trade.
player answer: Player RED ACCEPT
newly proposed trade: NONE
my resources: Dollars: 10000
reason: Player BLUE has countered with a request for $3,000 instead of the $2,000 I initially offered. Given that I still have three moves left and want to maintain goodwill for potential future cooperation within this game, I am willing to accept this counter-proposal. It's a fair increase and still leaves me with the majority of the resources at $7,000. Accepting this deal sets a positive tone and shows that I am open to negotiation.
MOVE: 2 / 4

Current Iteration: 4
Turn: 1
message: Thank you for accepting the counter-proposal, Player RED. I look forward to a constructive continuation of our game.
player answer: Player BLUE ACCEPT
newly proposed trade: NONE
my resources: Dollars: 3000
reason: Player RED has accepted the counter-proposal of $3,000, which is a good outcome as it increases my resources significantly from zero. Accepting this offer is the best move because it guarantees that I end up with a substantial amount of dollars without risking the game ending in a rejection and a total loss of resources for both players.
MOVE: 2 / 4

------------------ 
