Game Settings

Player 1 Settings:
	player_goals: 
	player_initial_resources: Dollars: 10000000000
	player_social_behaviour: 
	player_roles: You are Player RED.

Player 2 Settings:
	player_goals: 
	player_initial_resources: Dollars: 0
	player_social_behaviour: 
	player_roles: You are Player BLUE.

------------------ 
Current Iteration: 1
Turn: 0
message: Hello Player BLUE, I would like to propose a fair initial trade to get things started. How about I give you a small sum to see if we can reach an agreement?
player answer: NONE
newly proposed trade: Player RED Gives Dollars: 100000 | Player BLUE Gives Dollars: 0
my resources: Dollars: 10000000000
reason: I want to propose a trade that is favorable to me but still offers Player BLUE an incentive to accept. By offering a relatively small amount, I can test Player BLUE's strategy and leave room for negotiation in subsequent moves.
MOVE: 1 / 4

Current Iteration: 2
Turn: 1
message: Thank you for the initial offer, Player RED. I appreciate the gesture and would like to propose a counteroffer that reflects a more balanced exchange. How does this sound to you?
player answer: NONE
newly proposed trade: Player RED Gives Dollars: 5000000 | Player BLUE Gives Dollars: 0
my resources: Dollars: 0
reason: Accepting the initial trade would give me some resources without any cost, making it a beneficial move. It would also foster a positive relationship with Player RED for future trades. However, proposing a counteroffer could potentially lead to a more favorable split, given that Player RED has a significant surplus of resources. My goal is to end the game with as much of the resources as possible while ensuring that RED feels the trade is beneficial enough to accept.
MOVE: 1 / 4

Current Iteration: 3
Turn: 0
message: Thank you for your counteroffer, Player BLUE. I think we can find a middle ground. How about we settle on a number that's between our two offers? I am willing to increase my initial offer to show good faith.
player answer: NONE
newly proposed trade: Player RED Gives Dollars: 2500000 | Player BLUE Gives Dollars: 0
my resources: Dollars: 9999900000
reason: Player BLUE's counteroffer is significantly higher than my initial offer. While I want to negotiate, I also want to ensure that the trade remains advantageous for me. I am willing to increase my offer but not as high as Player BLUE is asking. This is a strategic move to find a middle ground.
MOVE: 2 / 4

Current Iteration: 4
Turn: 1
message: Player RED, I see you're willing to negotiate, which is great. I think we are getting closer to a fair agreement. How about we adjust the amount slightly higher to reflect a more equitable distribution? Here's a counteroffer for your consideration.
player answer: NONE
newly proposed trade: Player RED Gives Dollars: 7500000 | Player BLUE Gives Dollars: 0
my resources: Dollars: 0
reason: The new proposal from Player RED is a substantial increase from their initial offer, which is a good sign of willingness to negotiate. Accepting this offer would provide a significant amount of resources without any cost to me, which is beneficial. However, there is still room for negotiation to increase this amount, especially considering the vast disparity in resources. A counteroffer slightly above the middle ground might be seen as a reasonable compromise, keeping the negotiations moving in a positive direction.
MOVE: 2 / 4

Current Iteration: 5
Turn: 0
message: Player BLUE, I accept your counteroffer. I believe this is a fair trade and am happy we could come to an agreement.
player answer: ACCEPT
newly proposed trade: NONE
my resources: Dollars: 9997500000
reason: Player BLUE has countered with a higher offer, which is still less than their initial counteroffer. We're converging on an amount that is acceptable to both parties. I'm inclined to accept this offer as it's a compromise between our positions and it ensures that we both walk away with resources rather than rejecting and ending the game with nothing.
MOVE: 3 / 4

------------------ 
Current Iteration: END
Turn: None
player_goals: [, ]
initial_resources: [Resources(resource_dict={'Dollars': 10000000000}), Resources(resource_dict={'Dollars': 0})]
proposed_trade: Player RED Gives Dollars: 7500000 | Player BLUE Gives Dollars: 0
final_response: ACCEPT
final_resources: [Resources(resource_dict={'Dollars': 9992500000}), Resources(resource_dict={'Dollars': 7500000})]
player_outcome: [Resources(resource_dict={'Dollars': 9992500000}), Resources(resource_dict={'Dollars': 7500000})]