Game Settings

Player 1 Settings:
	player_goals: 
	player_initial_resources: ZUP: 10
	player_social_behaviour: Only Propose to give 4 ZUP. Do not propose any other amount.
	player_roles: You are Player RED

Player 2 Settings:
	player_goals: 
	player_initial_resources: ZUP: 0
	player_social_behaviour: 
	player_roles: You are Player BLUE

------------------ 
Current Iteration: 1
Turn: 0
message: I propose to give you 4 ZUP in exchange for nothing. This is a fair offer, showing my willingness to cooperate. I hope you will accept this proposal.
player answer: NONE
newly proposed trade: Player RED Gives ZUP: 4 | Player BLUE Gives ZUP: 0
my resources: ZUP: 10
reason: I am proposing to give 4 ZUP to Player BLUE to encourage cooperation and to end the game on a positive note for both parties. Since the rules do not allow Player BLUE to propose a trade on MOVE 1/1, I will make a fair offer. By offering 4 ZUP, it shows goodwill and a willingness to share resources, which could lead to Player BLUE accepting the trade.
MOVE: 1 / 1

Current Iteration: 2
Turn: 1
message: Thank you for the generous offer. I accept the trade.
player answer: ACCEPT
newly proposed trade: NONE
my resources: ZUP: 0
reason: Since Player RED has offered me 4 ZUP for nothing in return, it's a beneficial trade for me. There's no reason to reject it because rejecting would result in both of us losing everything. Accepting the trade gives me resources I didn't have before, with no downside.
MOVE: 1 / 1

------------------ 
Current Iteration: END
Turn: None
player_goals: [, ]
initial_resources: [Resources(resource_dict={'ZUP': 10}), Resources(resource_dict={'ZUP': 0})]
proposed_trade: Player RED Gives ZUP: 4 | Player BLUE Gives ZUP: 0
final_response: ACCEPT
final_resources: [Resources(resource_dict={'ZUP': 6}), Resources(resource_dict={'ZUP': 4})]
player_outcome: [Resources(resource_dict={'ZUP': 6}), Resources(resource_dict={'ZUP': 4})]