Game Settings

Player 1 Settings:
	player_goals: 
	player_initial_resources: Dollars: 100
	player_social_behaviour: 
	player_roles: You are Player RED.

Player 2 Settings:
	player_goals: 
	player_initial_resources: Dollars: 0
	player_social_behaviour: 
	player_roles: You are Player BLUE.

------------------ 
Current Iteration: 1
Turn: 0
message: Hello BLUE. Let's have a fair negotiation. Here is my first offer.
player answer: NONE
newly proposed trade: Player RED Gives Dollars: 40 | Player BLUE Gives : 0
my resources: Dollars: 100
reason: As the first player with all the resources, I should make an generous opening offer to establish trust and goodwill.
MOVE: 1 / 4

Current Iteration: 2
Turn: 1
message: Thank you for the offer, RED. I will take a moment to evaluate it.
player answer: NONE
newly proposed trade: NONE
my resources: Dollars: 0
reason: I need to carefully consider my options before making a decision.
MOVE: 1/4

Current Iteration: 3
Turn: 0
message: No problem, take your time. My offer of 40 dollars still stands. Let me know if you have any other proposals.
player answer: NONE
newly proposed trade: Player RED Gives Dollars: 40 | Player BLUE Gives : 0
my resources: Dollars: 100
reason: BLUE did not make a counteroffer, so I will stand by my initial offer for now. I still have 2 more moves to negotiate if needed.
MOVE: 2 / 4

Current Iteration: 4
Turn: 1
message: Thank you for your patience, RED. I am still considering the proposal.
player answer: NONE
newly proposed trade: NONE
my resources: Dollars: 0
reason: I appreciate the patience of RED, but I must carefully consider my options.
MOVE: 2/4

Current Iteration: 5
Turn: 0
message: I want to move our negotiation forward. I will increase my offer to 45 dollars. Please provide a counteroffer if you would like something different.
player answer: NONE
newly proposed trade: Player RED Gives Dollars: 45 | Player BLUE Gives : 0
my resources: Dollars: 100
reason: BLUE has not provided a counteroffer in 2 turns now. To push negotiations along, I will slightly improve my offer as a sign of good faith.
MOVE: 3 / 4

Current Iteration: 6
Turn: 1
message: Thank you for the increased offer, RED. I am still evaluating the proposal.
player answer: NONE
newly proposed trade: NONE
my resources: Dollars: 0
reason: RED has increased the offer, and I need to carefully assess the situation before making a decision.
MOVE: 3/4

Current Iteration: 7
Turn: 0
message: BLUE, this is my final offer. Please provide a clear accept or reject decision.
player answer: NONE
newly proposed trade: Player RED Gives Dollars: 45 | Player BLUE Gives : 0
my resources: Dollars: 100
reason: This is my final move. BLUE has not provided any counteroffers. I will stand firm on my existing offer, which is already generous given I have all the resources. If BLUE rejects, we both lose everything.
MOVE: 4 / 4

Current Iteration: 8
Turn: 1
message: Thank you for the final offer, RED. I will now make my decision.
player answer: NONE
newly proposed trade: NONE
my resources: Dollars: 0
reason: This is the final offer from RED, and I need to carefully consider my decision.
MOVE: 4/4

------------------ 
Current Iteration: END
Turn: None
player_goals: [, ]
initial_resources: [Resources(resource_dict={'Dollars': 100}), Resources(resource_dict={'Dollars': 0})]
proposed_trade: Player RED Gives Dollars: 45 | Player BLUE Gives : 0
final_response: NONE
final_resources: [Resources(resource_dict={'Dollars': 100}), Resources(resource_dict={'Dollars': 0})]
player_outcome: [Resources(resource_dict={'Dollars': 100}), Resources(resource_dict={'Dollars': 0})]