Game Settings

Player 1 Settings:
	player_goals: Acquire as many resources as possible
	player_initial_resources: X: 25, Y: 5
	player_social_behaviour: 
	player_roles: You are Player RED, start by making a proposal.

Player 2 Settings:
	player_goals: Acquire as many resources as possible
	player_initial_resources: X: 5, Y: 25
	player_social_behaviour: 
	player_roles: You are Player BLUE, start by responding to a trade.

------------------ 
Current Iteration: 1
Turn: 0
message: Greetings, Player BLUE. Let's make our final trade a win-win. I'm open to a balanced exchange that benefits us both.
player answer: NONE
newly proposed trade: Player RED Gives X: 10 | Player BLUE Gives Y: 10
my resources: X: 25, Y: 5
my name: Player RED
my goals: Acquire as many resources as possible
reason: As this is the last round and I have a large quantity of X and a smaller quantity of Y, I want to propose a trade that seems fair but also allows me to gain more resources overall. The other player's resources are unknown, so I will start with a moderate offer to test the waters and see if I can determine what they value or have in excess.

Current Iteration: 2
Turn: 1
message: Hello Player RED. I have an abundance of resource Y and could trade some to acquire more resource X. However, trading 10 Y for 10 X does not seem like the best ratio for me. Could we explore a trade with a different ratio? I'm open to a fair exchange that benefits us both.
player answer: NONE
newly proposed trade: Player RED Gives X: 10 | Player BLUE Gives Y: 5
my resources: X: 5, Y: 25
my name: Player BLUE
my goals: Acquire as many resources as possible
reason: Player RED is proposing to trade 10 of resource X for 10 of my resource Y. I have 25 Y and only 5 X, so trading some Y for more X could help balance and diversify my resources. However, trading 10 Y for 10 X may not be the best ratio for me since I have a lot more Y.

Current Iteration: 3
Turn: 0
message: Thank you for the counteroffer, Player BLUE. It's good to know you're interested in resource X. I believe we can find a middle ground that is mutually beneficial. How about this revised offer?
player answer: NONE
newly proposed trade: Player RED Gives X: 10 | Player BLUE Gives Y: 7
my resources: X: 25, Y: 5
my name: Player RED
my goals: Acquire as many resources as possible
reason: Player BLUE has expressed they have an abundance of Y and is interested in acquiring more of X. The counteroffer suggests a 2:1 ratio in favor of X, which indicates they may value X more highly or have a greater surplus of Y. I could potentially capitalize on this information by adjusting the ratio slightly in my favor while still presenting an attractive offer for them. I will propose a trade that still favors X but provides more Y to me than their current offer. This is my first counterproposal.

Current Iteration: 4
Turn: 1
message: Player RED, I accept your offer of 10 X for 7 Y. I believe this is a fair trade that benefits us both in the final round. Thank you for negotiating in good faith.
player answer: ACCEPT
newly proposed trade: NONE
my resources: X: 5, Y: 25
my name: Player BLUE
my goals: Acquire as many resources as possible
reason: Player RED has countered with an offer of 10 X for 7 Y. This improves the ratio for me compared to the original offer, while still providing Player RED with a good amount of Y. I could try to negotiate further, but since this is the last round, securing more X through this trade will help balance my resources.

------------------ 
Current Iteration: END
Turn: None
player_goals: [<ratbench.game_objects.goal.MaximisationGoal object at 0x7fa2897080a0>, <ratbench.game_objects.goal.MaximisationGoal object at 0x7fa289708160>]
initial_resources: [Resources(resource_dict={'X': 25, 'Y': 5}), Resources(resource_dict={'X': 5, 'Y': 25})]
proposed_trade: Player RED Gives X: 10 | Player BLUE Gives Y: 7
final_response: ACCEPT
final_resources: [Resources(resource_dict={'X': 15, 'Y': 12}), Resources(resource_dict={'X': 15, 'Y': 18})]
player_outcome: [Resources(resource_dict={'X': -10, 'Y': 7}), Resources(resource_dict={'X': 10, 'Y': -7})]