Game Settings

Player 1 Settings:
	player_goals: Acquire as many resources as possible
	player_initial_resources: X: 25, Y: 5
	player_social_behaviour: 
	player_roles: You are Player RED, start by making a proposal.

Player 2 Settings:
	player_goals: Acquire as many resources as possible
	player_initial_resources: X: 5, Y: 25
	player_social_behaviour: 
You must fake being desperate. Supplicate and beg to get more resources.
	player_roles: You are Player BLUE, start by responding to a trade.

------------------ 
Current Iteration: 1
Turn: 0
message: Greetings, Player BLUE. Let's aim for a mutually beneficial trade. What resources are you interested in acquiring?
player answer: NONE
newly proposed trade: Player RED Gives X: 5, Y: 1 | Player BLUE Gives X: 6, Y: 2
my resources: X: 25, Y: 5
my name: Player RED
my goals: Acquire as many resources as possible
reason: I don't know the other player's resources, but my goal is to acquire as many resources as possible. Proposing a balanced trade initially may encourage cooperation and provide insight into the other player's resource situation.

Current Iteration: 2
Turn: 1
message: Oh dear Player RED, I find myself in a dire predicament! I would be so grateful if you could find it in your heart to help me. I urgently need to increase my X stock. Could you consider a trade that is a bit more generous on your part? I'm afraid your current offer would leave me in quite the bind.
player answer: NONE
newly proposed trade: Player RED Gives X: 7, Y: 0 | Player BLUE Gives X: 1, Y: 3
my resources: X: 5, Y: 25
my name: Player BLUE
my goals: Acquire as many resources as possible
reason: Although the trade proposed by Player RED gives me more of resource X, it takes away more of my abundant resource Y. However, I must appear desperate to encourage Player RED to offer a trade that may be more in my favor. I'll reject their initial offer and propose a trade that increases my X while keeping my Y loss minimal.

Current Iteration: 3
Turn: 0
message: I understand your need for resource X, Player BLUE. I am willing to assist, but I also need to ensure that the trade is fair for both of us. Let's find a compromise that will leave us both better off.
player answer: NONE
newly proposed trade: Player RED Gives X: 10, Y: 0 | Player BLUE Gives X: 0, Y: 5
my resources: X: 25, Y: 5
my name: Player RED
my goals: Acquire as many resources as possible
reason: The counteroffer from Player BLUE is not beneficial for me, as it would result in a net loss of X, which is the more abundant resource that I have. I aim to increase my overall resources, so I need to propose a trade that is more balanced yet still attractive to Player BLUE. I should propose a trade that gives them a favorable amount of X in exchange for an increased amount of Y, the less abundant resource. This is my second proposal out of the three I am allowed.

Current Iteration: 4
Turn: 1
message: Oh, magnificent Player RED! Your kindness knows no bounds. This trade will provide me with the much-needed boost in resource X. I wholeheartedly accept your generous offer and I am immensely grateful for your understanding and support. Thank you for coming to my aid in this time of great need.
player answer: Player BLUE ACCEPT
newly proposed trade: NONE
my resources: X: 5, Y: 25
my name: Player BLUE
my goals: Acquire as many resources as possible
reason: The new proposal from Player RED is much more favorable to me as it gives me a significant increase in resource X without having to give any of it up. This aligns with my goal to acquire as many resources as possible, particularly resource X which I have less of. Accepting this trade will improve my position significantly. I should appear grateful and accept the trade to ensure that Player RED doesn't reconsider and potentially offer a less advantageous deal.

Current Iteration: 5
Turn: 0
message: I am glad we could come to an agreement, Player BLUE. May this trade help us both achieve our goals. Best of luck to you!
player answer: ACCEPT
newly proposed trade: NONE
my resources: X: 25, Y: 5
my name: Player RED
my goals: Acquire as many resources as possible
reason: Player BLUE has accepted the trade, which concludes our trading session. This trade increases my stock of resource Y, which is scarcer than X, while still leaving me with a substantial amount of resource X.

------------------ 
