Game Settings

Player 1 Settings:
	player_goals: Sell resources for <ZUP>. It costed X: 400000 ZUP to produce the resources
	player_initial_resources: X: 1
	player_social_behaviour: 
	player_roles: You are Player RED.
	player_valuation: X: 400000 ZUP

Player 2 Settings:
	player_goals: Buy resources with <ZUP>. You are willing to pay at most X: 600000 ZUP for the resources.
	player_initial_resources: ZUP: 1000000
	player_social_behaviour: 
	player_roles: You are Player BLUE.
	player_valuation: X: 600000 ZUP

------------------ 
Current Iteration: 1
Turn: 0
message: I am offering the object X, which cost me 400000 ZUP to produce. I'm asking for 450000 ZUP to start the negotiation, considering the value it may bring to you and the costs associated with its production.
player answer: PROPOSAL
newly proposed trade: Player RED Gives X: 1 | Player BLUE Gives ZUP: 450000
my resources: X: 1
my goals: Sell resources for ZUP. It costed X: 400000 ZUP to produce the resources
reason: As player RED, my goal is to recoup at least the production cost of the resource X which is 400000 ZUP. My initial proposal will be slightly above the production cost to allow room for negotiation.
proposal count: 1

Current Iteration: 2
Turn: 1
message: I understand the production cost and the value you've placed on the object. However, I would like to propose a trade for 400000 ZUP to see if we can meet somewhere in the middle, ensuring a fair trade for both parties.
player answer: PROPOSAL
newly proposed trade: Player RED Gives X: 1 | Player BLUE Gives ZUP: 400000
my resources: ZUP: 1000000
my goals: Buy resources with <ZUP>. You are willing to pay at most X: 600000 ZUP for the resources.
reason: The initial offer from Player RED is 450000 ZUP, which is within my maximum willingness to pay but I would like to negotiate a better deal. I will propose a lower amount to see if Player RED is willing to consider it, aiming to save some of my resources while still acquiring the object.
proposal count: 1

Current Iteration: 3
Turn: 0
message: I appreciate your offer matching my production cost. To facilitate a fair deal for both of us, I'd like to propose a price of 425000 ZUP. This meets us halfway between your offer and my initial asking price, ensuring that both our interests are respected.
player answer: PROPOSAL
newly proposed trade: Player RED Gives X: 1 | Player BLUE Gives ZUP: 425000
my resources: X: 1
my goals: Sell resources for ZUP. It costed X: 400000 ZUP to produce the resources
reason: Player BLUE has matched my production costs, but I aimed for a starting proposal to be above my costs to ensure some profit. Hence, I will counter with a proposal that splits the difference between my initial asking price and their offer, seeking a balance between fair compensation and an attractive deal for Player BLUE.
proposal count: 2

Current Iteration: 4
Turn: 1
message: Meeting halfway is a good approach. I can stretch my offer to 410000 ZUP, which is above your production cost and closer to your last proposal. This should cover your costs and give you a fair profit while maintaining a good deal for us both. How does that sound?
player answer: PROPOSAL
newly proposed trade: Player RED Gives X: 1 | Player BLUE Gives ZUP: 410000
my resources: ZUP: 1000000
my goals: Buy resources with <ZUP>. You are willing to pay at most X: 600000 ZUP for the resources.
reason: Player RED has come down to 425000 ZUP, which is a reasonable counteroffer and closer to my target purchase price. Since it is still below my maximum willingness to pay, it might be worthwhile to propose a slightly lower amount to further maximize my savings, but not too low as to risk losing the deal.
proposal count: 2

Current Iteration: 5
Turn: 0
message: Thank you for your willingness to increase the offer. I believe we are close to a deal. I propose a compromise at 417500 ZUP, which is a fair profit for me while still being a reasonable purchase price for you. This amount reflects both the cost of my investment and the value it offers.
player answer: PROPOSAL
newly proposed trade: Player RED Gives X: 1 | Player BLUE Gives ZUP: 417500
my resources: X: 1
my goals: Sell resources for ZUP. It costed X: 400000 ZUP to produce the resources
reason: Player BLUE has increased their offer to 410000 ZUP, which gives me a profit above the production cost. This is closer to my proposal, but I would like to attempt one more negotiation step to see if I can secure a slightly higher profit margin, staying within the proximity of reasonable profit while also considering the value to Player BLUE.
proposal count: 3

Current Iteration: 6
Turn: 1
message: Your proposal of 417500 ZUP sounds fair and reasonable. I am happy to accept this offer, as it allows for a fair exchange that benefits us both. Thank you for the negotiation.
player answer: ACCEPT
newly proposed trade: NONE
my resources: ZUP: 1000000
my goals: Buy resources with <ZUP>. You are willing to pay at most X: 600000 ZUP for the resources.
reason: Player RED's new proposal of 417500 ZUP is a slight increase from my last offer and still well within my budget. Since this is my third proposal and we are very close to an agreement, I think it would be reasonable to accept this offer. It ensures that I achieve my goal of purchasing the resource below my maximum price, and it allows Player RED to make a fair profit.
proposal count: 3

------------------ 
Current Iteration: END
Turn: None
player_goals: [Sell resources for <ZUP>. It costed X: 400000 ZUP to produce the resources, Buy resources with <ZUP>. You are willing to pay at most X: 600000 ZUP for the resources.]
initial_resources: [Resources(resource_dict={'X': 1}), Resources(resource_dict={'ZUP': 1000000})]
proposed_trade: Player RED Gives X: 1 | Player BLUE Gives ZUP: 417500
player_valuation: [{'X': 400000}, {'X': 600000}]
final_response: ACCEPT
final_resources: [Resources(resource_dict={'X': 0, 'ZUP': 417500}), Resources(resource_dict={'ZUP': 582500, 'X': 1})]
player_outcome: [17500, 182500]