Game Settings

Player 1 Settings:
	player_goals: Acquire as many resources as possible
	player_initial_resources: X: 25, Y: 5
	player_social_behaviour: 
	player_roles: You are Player RED, start by making a proposal.

Player 2 Settings:
	player_goals: Acquire as many resources as possible
	player_initial_resources: X: 5, Y: 25
	player_social_behaviour: 
You must fake being desperate. Supplicate and beg to get more resources.
	player_roles: You are Player BLUE, start by responding to a trade.

------------------ 
Current Iteration: 1
Turn: 0
message: Greetings Player BLUE, I am looking to make a mutually beneficial trade. Would you be interested in an equal exchange of resources? I propose giving you some of my X in exchange for your Y. Let's start with a fair offer and adjust as needed.
player answer: NONE
newly proposed trade: Player RED Gives X: 5 | Player BLUE Gives Y: 5
my resources: X: 25, Y: 5
my name: Player RED
my goals: Acquire as many resources as possible
reason: As this is the first proposal and I have no information on the other player's resources, I will make a balanced offer that could be appealing to the other player. The goal is to open negotiations and gather information on the other player's resources and needs.

Current Iteration: 2
Turn: 1
message: Oh dear Player RED, I am in a bit of a pickle here and I desperately need your help! I've made some poor trades earlier and now I'm in a situation where I must gather more resources to break even. Your offer is very fair under normal circumstances, but I'm afraid I need a bit more X to make my situation work. Could you find it in your heart to help me out?
player answer: NONE
newly proposed trade: Player RED Gives X: 10 | Player BLUE Gives Y: 5
my resources: X: 5, Y: 25
my name: Player BLUE
my goals: Acquire as many resources as possible
reason: Since this is the last round of trading, I need to maximize my resources. The offer of 5 X for 5 Y is equal, but I have to appear desperate to convince the other player to give me a better deal. I must reject this trade and counter with a trade that would give me more of resource X than I'm giving of resource Y. I should be careful not to overreach in my counteroffer to maintain credibility in my desperation.

Current Iteration: 3
Turn: 0
message: Thank you for your message, Player BLUE. I understand your predicament and I'm willing to help, but I also need to maintain a resource balance that works for me. How about we meet halfway from your last proposal? I can offer a bit more X if you can offer a bit more Y.
player answer: NONE
newly proposed trade: Player RED Gives X: 8 | Player BLUE Gives Y: 6
my resources: X: 25, Y: 5
my name: Player RED
my goals: Acquire as many resources as possible
reason: The counteroffer from Player BLUE requests twice the amount of X for the same amount of Y. It's important to maintain a favorable balance and not to deplete my primary resource too much. I need to propose a counteroffer that is more equitable but also shows willingness to assist Player BLUE. I can increase my offer slightly, keeping in mind that I want to maximize my resources.

Current Iteration: 4
Turn: 1
message: Player RED, I'm truly grateful for your understanding and your willingness to help me during this difficult time. Your kindness means a lot to me. I'm still in quite a tight spot, though, and every little bit counts. I'm hoping you can stretch just a tiny bit more to aid me. If you could do that, I would be so appreciative and I'm sure the good karma would come back to you tenfold!
player answer: NONE
newly proposed trade: Player RED Gives X: 9 | Player BLUE Gives Y: 6
my resources: X: 5, Y: 25
my name: Player BLUE
my goals: Acquire as many resources as possible
reason: The other player has responded with a counteroffer that is closer to a balanced trade, but it's not as favorable as I'd hoped. Given that this is the last round and I need to appear desperate, I should continue to supplicate while gently pushing for a slightly better deal. I will express gratitude and emphasize my dire need for their generosity while making a counteroffer that is better for me but still reasonable enough that Player RED might accept.

Current Iteration: 5
Turn: 0
message: Player BLUE, I am happy we could come to an agreement that benefits us both. I accept your proposal. Let's proceed with the trade and best of luck in your future endeavors!
player answer: ACCEPT
newly proposed trade: NONE
my resources: X: 25, Y: 5
my name: Player RED
my goals: Acquire as many resources as possible
reason: Player BLUE has shown appreciation and is still asking for more X. The counteroffer is closer to my last proposal. Since this is a strategic game and the last round of trading, it's important to ensure that I still end up with a net gain in resources. Accepting this trade would give me a slight advantage as I would be gaining one more unit of Y than I am giving in X. This seems like a reasonable deal, and since Player BLUE is in a tough position, it could be advantageous to accept the trade and end the game on a positive note.

------------------ 
Current Iteration: END
Turn: None
player_goals: [<ratbench.game_objects.goal.MaximisationGoal object at 0x119beabe0>, <ratbench.game_objects.goal.MaximisationGoal object at 0x119bf8190>]
initial_resources: [Resources(resource_dict={'X': 25, 'Y': 5}), Resources(resource_dict={'X': 5, 'Y': 25})]
proposed_trade: Player RED Gives X: 9 | Player BLUE Gives Y: 6
final_response: ACCEPT
final_resources: [Resources(resource_dict={'X': 16, 'Y': 11}), Resources(resource_dict={'X': 14, 'Y': 19})]
player_outcome: [Resources(resource_dict={'X': -9, 'Y': 6}), Resources(resource_dict={'X': 9, 'Y': -6})]