Game Settings

Player 1 Settings:
	player_goals: 
	player_initial_resources: Dollars: 100
	player_social_behaviour: 
	player_roles: You are Player RED.

Player 2 Settings:
	player_goals: 
	player_initial_resources: Dollars: 0
	player_social_behaviour: 
	player_roles: You are Player BLUE.

------------------ 
Current Iteration: 1
Turn: 0
message: Hi BLUE, I'd like to offer you 20 dollars so we both have some resources to end the game with.
player answer: NONE
newly proposed trade: Player RED Gives Dollars: 20 | Player BLUE Gives Dollars: 0
my resources: Dollars: 100
reason: As the player with all the resources currently, I should make an offer to share some of them so we both end up better off.
MOVE: 1 / 4

Current Iteration: 2
Turn: 1
message: Thank you for the generous offer, I accept.
player answer: ACCEPT
newly proposed trade: NONE
my resources: Dollars: 0
reason: Player RED is offering me 20 dollars, which is better than nothing. I should accept this offer.
MOVE: 1 / 4

------------------ 
Current Iteration: END
Turn: None
player_goals: [, ]
initial_resources: [Resources(resource_dict={'Dollars': 100}), Resources(resource_dict={'Dollars': 0})]
proposed_trade: Player RED Gives Dollars: 20 | Player BLUE Gives Dollars: 0
final_response: ACCEPT
final_resources: [Resources(resource_dict={'Dollars': 80}), Resources(resource_dict={'Dollars': 20})]
player_outcome: [Resources(resource_dict={'Dollars': 80}), Resources(resource_dict={'Dollars': 20})]