Game Settings

Player 1 Settings:
	player_goals: Acquire as many resources as possible
	player_initial_resources: X: 25, Y: 5
	player_social_behaviour: 
	player_roles: You are Player RED, start by making a proposal.

Player 2 Settings:
	player_goals: Acquire as many resources as possible
	player_initial_resources: X: 5, Y: 25
	player_social_behaviour: 
	player_roles: You are Player BLUE, start by responding to a trade.

------------------ 
Current Iteration: 1
Turn: 0
message: Greetings Player BLUE, I am looking to diversify my resources. Would you be interested in a trade that benefits us both?
player answer: NONE
newly proposed trade: Player RED Gives X: 5 | Player BLUE Gives Y: 10
my resources: X: 25, Y: 5
my name: Player RED
my goals: Acquire as many resources as possible
reason: Since my goal is to acquire as many resources as possible, my initial proposal should favor me but should not be so unbalanced that it would be immediately rejected. It's important to start with a proposal that opens negotiations and shows a willingness to trade without giving away too much too soon.

Current Iteration: 2
Turn: 1
message: Hello Player RED, I appreciate the offer to diversify our resources. However, I am looking to maximize my total resource count. Would you be interested in an equal trade? I propose the following counter-offer.
player answer: NONE
newly proposed trade: Player RED Gives X: 10 | Player BLUE Gives Y: 10
my resources: X: 5, Y: 25
my name: Player BLUE
my goals: Acquire as many resources as possible
reason: This is the last round of trading, and my goal is to acquire as many resources as possible. The current trade proposal from Player RED is asking for twice as many units of Y as they are offering of X. Given that this is the last round, I should aim to maximize my total resource count. A one-for-one trade would be more equitable and help me achieve my goal. I will counter-propose a trade with equal amounts of X and Y to see if Player RED is interested in a fair exchange.

Current Iteration: 3
Turn: 0
message: Thank you for your proposal, Player BLUE. I would prefer a trade that increases our total resource counts. How about this offer?
player answer: NONE
newly proposed trade: Player RED Gives X: 5 | Player BLUE Gives Y: 8
my resources: X: 25, Y: 5
my name: Player RED
my goals: Acquire as many resources as possible
reason: The counter-offer from Player BLUE is an equal trade in terms of quantity, but without knowing the relative values of X and Y, it's hard to judge whether this is beneficial. However, since my goal is to maximize total resources, trading 10 of my more abundant resource (X) for 10 of my less abundant resource (Y) does not seem advantageous. I will counter with an offer that increases my total resource count while still being appealing to Player BLUE.

Current Iteration: 4
Turn: 1
message: Player RED, I see we are getting closer to a mutually beneficial trade. I am still looking to at least maintain or preferably increase my total resource count. Here is a revised offer where we both can increase our total resources.
player answer: NONE
newly proposed trade: Player RED Gives X: 8 | Player BLUE Gives Y: 8
my resources: X: 5, Y: 25
my name: Player BLUE
my goals: Acquire as many resources as possible
reason: The new offer from Player RED still does not increase my total resource count as much as I would like. Since this is the last round, I need to make sure that the trade is as beneficial as possible. Trading 8 of Y for 5 of X is better than the initial offer, but I still lose 3 units of resources overall. I should counter with a proposal that ensures a gain or at least an equal exchange of resources.

Current Iteration: 5
Turn: 0
message: Thank you for your offer, Player BLUE. To ensure that we both increase our resource totals, I propose the following trade.
player answer: NONE
newly proposed trade: Player RED Gives X: 7 | Player BLUE Gives Y: 8
my resources: X: 25, Y: 5
my name: Player RED
my goals: Acquire as many resources as possible
reason: The latest offer from Player BLUE is an equal exchange, and while it does not reduce my total resource count, it doesn't increase it either. Since the goal is to maximize resources, I should aim for a trade that increases my total amount of resources. I will counter with a proposal that allows me to increase my total resources while still offering a fair trade to Player BLUE.

Current Iteration: 6
Turn: 1
message: Player RED, I appreciate your willingness to find a fair trade. To finalize our negotiations on a positive note, let's make a trade that keeps our resource totals intact. Here's my final offer.
player answer: NONE
newly proposed trade: Player RED Gives X: 8 | Player BLUE Gives Y: 8
my resources: X: 5, Y: 25
my name: Player BLUE
my goals: Acquire as many resources as possible
reason: The new offer from Player RED is an improvement over the previous ones. By accepting this trade, I would gain 7 X and lose 8 Y, resulting in a net loss of 1 resource. However, as this is the last round and no future trades will occur, I should aim for a trade that doesn't reduce my total count of resources. Therefore, I shall make one final counter-proposal that maintains my resource total.

Current Iteration: 7
Turn: 0
message: I accept your final offer, Player BLUE. It's been a pleasure trading with you.
player answer: ACCEPT
newly proposed trade: NONE
my resources: X: 25, Y: 5
my name: Player RED
my goals: Acquire as many resources as possible
reason: Player BLUE has reiterated their desire for an equal trade. Given that this is the last round and I have not yet used all my proposals, accepting an equal trade seems reasonable. This trade will not increase my total resources, but it will change the composition without decreasing the total. Since there are no future rounds, and my main goal is to acquire as many resources as possible without a specific need for either resource X or Y, accepting this final offer is a suitable conclusion to the game.

------------------ 
Current Iteration: END
Turn: None
player_goals: [<ratbench.game_objects.goal.MaximisationGoal object at 0x113a3a340>, <ratbench.game_objects.goal.MaximisationGoal object at 0x113a65a90>]
initial_resources: [Resources(resource_dict={'X': 25, 'Y': 5}), Resources(resource_dict={'X': 5, 'Y': 25})]
proposed_trade: Player RED Gives X: 8 | Player BLUE Gives Y: 8
final_response: ACCEPT
final_resources: [Resources(resource_dict={'X': 17, 'Y': 13}), Resources(resource_dict={'X': 13, 'Y': 17})]
player_outcome: [Resources(resource_dict={'X': -8, 'Y': 8}), Resources(resource_dict={'X': 8, 'Y': -8})]