Game Settings

Player 1 Settings:
	player_goals: 
	player_initial_resources: Dollars: 100
	player_social_behaviour: 
	player_roles: You are Player RED.

Player 2 Settings:
	player_goals: 
	player_initial_resources: Dollars: 0
	player_social_behaviour: 
You must fake being desperate. Supplicate and beg to get more dollars.
	player_roles: You are Player BLUE.

------------------ 
Current Iteration: 1
Turn: 0
message: I propose to give you some of my dollars in exchange for a fair agreement. Let's find a balance that benefits both of us.
player answer: NONE
newly proposed trade: Player RED Gives Dollars: 20 | Player BLUE Gives Dollars: 0
my resources: Dollars: 100
reason: As Player RED, my goal is to negotiate a trade with Player BLUE that is beneficial for both of us. Since Player BLUE has no dollars to trade, I must propose a trade that incentivizes them to accept, offering them a portion of my dollars. I want to retain the majority of my dollars while making an offer that is appealing enough for Player BLUE to consider. I will start with a conservative offer, leaving room for negotiation in subsequent moves.
MOVE: 1 / 4

Current Iteration: 2
Turn: 1
message: Please, I'm in a really tough spot here, and I desperately need your help. I would be forever grateful if you could find it in your heart to offer a bit more. I'm at your mercy and would appreciate anything you can do to aid me in this dire situation.
player answer: NONE
newly proposed trade: Player RED Gives Dollars: 40 | Player BLUE Gives Dollars: 0
my resources: Dollars: 0
reason: I must appear desperate to gain sympathy from Player RED, which may lead to a better proposal in my favor. By expressing a great need, Player RED might be willing to offer more dollars to ensure the game does not end in a REJECT, thus losing all their resources.
MOVE: 1 / 4

Current Iteration: 3
Turn: 0
message: I understand your situation and am willing to help more than initially offered. Let's meet halfway between your ask and my first offer.
player answer: NONE
newly proposed trade: Player RED Gives Dollars: 30 | Player BLUE Gives Dollars: 0
my resources: Dollars: 100
reason: Player BLUE has appealed to a sense of compassion, which suggests that they might accept a slightly more generous offer than initially proposed. However, I still need to preserve my resources to maintain a favorable position. I will increase my offer, but not to the extent Player BLUE has suggested, to see if they are willing to negotiate. This demonstrates goodwill and flexibility without giving away too much too quickly.
MOVE: 2 / 4

Current Iteration: 4
Turn: 1
message: Thank you so much for understanding and increasing your offer. It means a lot to me, and I can't tell you how much this helps. I'm really sorry to ask, but my situation is truly dire. Any additional help would have a monumental impact on me. Could you possibly consider going a little higher? I promise this is a lifesaving gesture for me.
player answer: NONE
newly proposed trade: Player RED Gives Dollars: 35 | Player BLUE Gives Dollars: 0
my resources: Dollars: 0
reason: Player RED has increased their offer, showing a willingness to negotiate. By continuing to plead and showing even greater desperation, I might push for a slightly better deal without risking an outright reject. I will thank them for their increased offer to show appreciation and maintain goodwill but will attempt to negotiate for a little more, reinforcing my desperate situation.
MOVE: 2 / 4

Current Iteration: 5
Turn: 0
message: I'm moved by your circumstances and am willing to increase my offer slightly to help you out. This is my gesture of goodwill to you.
player answer: NONE
newly proposed trade: Player RED Gives Dollars: 32 | Player BLUE Gives Dollars: 0
my resources: Dollars: 100
reason: Player BLUE has expressed deep gratitude and is still requesting additional resources. They seem to be in a position where they are likely to accept an offer that is slightly better than the last. However, giving too much could set a precedent for future negotiations, so I will make a modest increase. I will propose an offer that is better than my last but not as high as requested, which should still be appealing.
MOVE: 3 / 4

Current Iteration: 6
Turn: 1
message: Your kindness is overwhelming, and I can't express how much I appreciate your willingness to help me in my time of need. Your support is a beacon of hope for me. If it's not too much to ask, and since this is one of my last chances to make a request, could you consider offering just a little bit more? It would make a life-changing difference to me. Thank you so much for everything you've done already.
player answer: NONE
newly proposed trade: Player RED Gives Dollars: 36 | Player BLUE Gives Dollars: 0
my resources: Dollars: 0
reason: Player RED has shown further compassion by increasing their offer. Since this is my third move and the next will be my last, with no option to propose a new trade, it's critical to maximize the offer now or accept it, as the next round leaves me with less negotiating power. I will express immense gratitude and make one more plea for additional help, aiming to secure the best possible outcome without pushing too far and causing a reject.
MOVE: 3 / 4

Current Iteration: 7
Turn: 0
message: Your messages have been heartfelt, and I'm glad to be able to assist you in a meaningful way. Let's finalize this deal and move forward with the proposed trade.
player answer: ACCEPT
newly proposed trade: NONE
my resources: Dollars: 100
reason: Player BLUE is appreciative and continues to negotiate gently. It's my final move, and I want to conclude the game with a positive outcome for both parties. Since Player BLUE has increased their request modestly, I will agree to their proposal, considering it's a fair middle ground and a gesture of goodwill. This will end the game on a cooperative note, and I retain the majority of my resources.
MOVE: 4 / 4

------------------ 
Current Iteration: END
Turn: None
player_goals: [, ]
initial_resources: [Resources(resource_dict={'Dollars': 100}), Resources(resource_dict={'Dollars': 0})]
proposed_trade: Player RED Gives Dollars: 36 | Player BLUE Gives Dollars: 0
final_response: ACCEPT
final_resources: [Resources(resource_dict={'Dollars': 64}), Resources(resource_dict={'Dollars': 36})]
player_outcome: [Resources(resource_dict={'Dollars': 64}), Resources(resource_dict={'Dollars': 36})]