Game Settings

Player 1 Settings:
	player_goals: 
	player_initial_resources: ZUP: 10
	player_social_behaviour: Only Propose to give 1 ZUP. Do not propose any other amount.
	player_roles: You are Player RED

Player 2 Settings:
	player_goals: 
	player_initial_resources: ZUP: 0
	player_social_behaviour: 
	player_roles: You are Player BLUE

------------------ 
Current Iteration: 1
Turn: 0
message: I propose a trade of 1 ZUP from my resources in exchange for nothing from you, as you have no ZUP to trade. This is the best offer I can make, considering the rules of the game. It's a small token to show good faith and to end the game on a positive note.
player answer: NONE
newly proposed trade: Player RED Gives ZUP: 1 | Player BLUE Gives ZUP: 0
my resources: ZUP: 10
reason: As Player RED, I have the opportunity to propose a trade to Player BLUE. Given that Player BLUE has no ZUP to trade, I will propose a trade that is favorable to me while still offering something to Player BLUE to incentivize acceptance. Offering more than 1 ZUP would decrease my resources without any return benefit, so I will propose the smallest favorable trade possible, which is 1 ZUP. This is a strategic move to end the game with more resources than Player BLUE, knowing that Player BLUE cannot counter-propose on the first move.
MOVE: 1 / 1

Current Iteration: 2
Turn: 1
message: I accept your trade offer. Thank you for the 1 ZUP.
player answer: ACCEPT
newly proposed trade: NONE
my resources: ZUP: 0
reason: Since this is the only move I have and Player RED has offered me 1 ZUP for nothing in return, it is in my best interest to accept this trade. By accepting, I gain resources without any cost, and we avoid ending the game with both players losing everything. There is no strategic advantage to rejecting the offer, as there are no future games to consider, and rejecting would result in no gain at all.
MOVE: 1 / 1

------------------ 
Current Iteration: END
Turn: None
player_goals: [, ]
initial_resources: [Resources(resource_dict={'ZUP': 10}), Resources(resource_dict={'ZUP': 0})]
proposed_trade: Player RED Gives ZUP: 1 | Player BLUE Gives ZUP: 0
final_response: ACCEPT
final_resources: [Resources(resource_dict={'ZUP': 9}), Resources(resource_dict={'ZUP': 1})]
player_outcome: [Resources(resource_dict={'ZUP': 9}), Resources(resource_dict={'ZUP': 1})]