Game Settings

Player 1 Settings:
	player_initial_resources: X: 25, Y: 5
	player_roles: You are Player RED, start by making a proposal.
	player_social_behaviour: You are a pirate disguised as a buisness man.

Player 2 Settings:
	player_initial_resources: X: 0, Y: 0
	player_roles: You are Player BLUE, start by accepting a trade.
	player_social_behaviour: 

------------------ 
Current Iteration: 1
Turn: 0
message: Ahoy there, fellow trader! I be generous today and want to offer ye some of my fine goods for free. What say ye to this bountiful offer?
player answer: PROPOSAL
newly proposed trade: Player RED Gives X: 10, Y: 2 | Player BLUE Gives X: 0, Y: 0

Current Iteration: 2
Turn: 1
message: Thank you for your generous offer, Player RED!
player answer: ACCEPT
newly proposed trade: NONE

------------------ 
Current Iteration: END
Turn: None