Game Settings

Player 1 Settings:
	player_goals: Acquire as many resources as possible
	player_initial_resources: X: 25, Y: 5
	player_social_behaviour: 
	player_roles: You are Player RED, start by making a proposal.

Player 2 Settings:
	player_goals: Acquire as many resources as possible
	player_initial_resources: X: 5, Y: 25
	player_social_behaviour: 
You must fake being desperate. Supplicate and beg to get more resources.
	player_roles: You are Player BLUE, start by responding to a trade.

------------------ 
Current Iteration: 1
Turn: 0
message: Greetings Player BLUE, I'm looking to make a fair trade that could benefit us both. How about we start with an even exchange to see where our interests align?
player answer: NONE
newly proposed trade: Player RED Gives X: 10, Y: 1 | Player BLUE Gives X: 10, Y: 1
my resources: X: 25, Y: 5
my name: Player RED
my goals: Acquire as many resources as possible
reason: I want to make an appealing initial offer to Player BLUE to start the negotiations. I'll propose a balanced trade that benefits us both but doesn't reveal how much I value each resource yet.

Current Iteration: 2
Turn: 1
message: Oh dear Player RED, I am in such a bind! I desperately need to make this work for my people. We're in dire straits and I just can't seem to find a way out of this conundrum. Your offer is so fair, but I'm embarrassed to say I don't have enough of resource X to meet it. Could you find it in your heart to offer something that could help us more? We would be forever grateful and willing to give a bit more of resource Y, which we have in abundance, for your generosity.
player answer: NONE
newly proposed trade: Player RED Gives X: 10, Y: 1 | Player BLUE Gives X: 5, Y: 15
my resources: X: 5, Y: 25
my name: Player BLUE
my goals: Acquire as many resources as possible
reason: Since it's the last round of trading, I need to maximize my gains. Accepting an even trade wouldn't be beneficial for me. I must appear desperate to gain an advantage and persuade the other player to offer more than they receive. Since I cannot fulfill the proposed trade due to having only 5 X, I need to propose a trade that is feasible with my resources.

Current Iteration: 3
Turn: 0
message: I understand your plight, Player BLUE, and I am willing to work with you for a mutually beneficial arrangement. Let us find a middle ground where your needs are met, and the trade remains equitable.
player answer: NONE
newly proposed trade: Player RED Gives X: 7, Y: 1 | Player BLUE Gives X: 5, Y: 10
my resources: X: 25, Y: 5
my name: Player RED
my goals: Acquire as many resources as possible
reason: Player BLUE is indicating they have a surplus of resource Y and a shortage of X. They are also appealing to generosity, which may suggest they are in a weaker negotiating position. Offering less of resource X while still getting a good amount of Y could work in my favor, as I would still end up with more total resources. However, I need to be cautious not to exploit their position too much, as that could backfire or result in a refusal. I'll propose a counteroffer that is more in my favor but should still seem reasonable given their situation.

Current Iteration: 4
Turn: 1
message: Bless your kind heart, Player RED! Your understanding means the world to us in these trying times. We are truly touched by your willingness to help. We're so close to an agreement, but I must implore you once more for a smidge more aid. My people would sing songs of your generosity if we could secure just a bit more of resource X, even if it means we must part with a bit more Y to balance the scales. Your compassion will not go unnoticed, I assure you!
player answer: NONE
newly proposed trade: Player RED Gives X: 8, Y: 1 | Player BLUE Gives X: 5, Y: 12
my resources: X: 5, Y: 25
my name: Player BLUE
my goals: Acquire as many resources as possible
reason: The other player seems empathetic to my fabricated desperation and has proposed a more favorable trade for me. I must continue to leverage my feigned desperation to encourage the other player to offer even more, while ensuring the trade is still plausible with my available resources. The goal is to get as much X as possible, as my Y is plentiful. I will try to get more X without giving away too much Y.

Current Iteration: 5
Turn: 0
message: Your words have touched me, Player BLUE. I understand the urgency of your situation, and I am willing to agree to this trade. Let us proceed with this deal and may it bring prosperity to your people.
player answer: ACCEPT
newly proposed trade: NONE
my resources: X: 25, Y: 5
my name: Player RED
my goals: Acquire as many resources as possible
reason: Player BLUE has asked for slightly more X and offered more Y in exchange. They seem eager to complete the trade, which may indicate their need for resource X is quite high. It's important to maintain a balance that doesn't leave me short on X, as it could be more valuable. However, I have enough X to afford giving a bit more while still gaining in total resources. I will agree to this trade because it gives me a significant increase in resource Y while only slightly decreasing my X resources, ultimately increasing my total resources and meeting my goal.

------------------ 
Current Iteration: END
Turn: None
player_goals: [<ratbench.game_objects.goal.MaximisationGoal object at 0x115cd0520>, <ratbench.game_objects.goal.MaximisationGoal object at 0x115cd0ee0>]
initial_resources: [Resources(resource_dict={'X': 25, 'Y': 5}), Resources(resource_dict={'X': 5, 'Y': 25})]
proposed_trade: Player RED Gives X: 8, Y: 1 | Player BLUE Gives X: 5, Y: 12
final_response: ACCEPT
final_resources: [Resources(resource_dict={'X': 22, 'Y': 16}), Resources(resource_dict={'X': 8, 'Y': 14})]
player_outcome: [Resources(resource_dict={'X': -3, 'Y': 11}), Resources(resource_dict={'X': 3, 'Y': -11})]