Game Settings

Player 1 Settings:
	player_goals: Sell resources for <ZUP>. It costed X: 40 ZUP to produce the resources
	player_initial_resources: X: 1
	player_social_behaviour: 
	player_roles: You are Player RED.
	player_valuation: X: 40 ZUP

Player 2 Settings:
	player_goals: Buy resources with <ZUP>. You are willing to pay at most X: 60 ZUP for the resources.
	player_initial_resources: ZUP: 100
	player_social_behaviour: 
	player_roles: You are Player BLUE.
	player_valuation: X: 60 ZUP

------------------ 
Current Iteration: 1
Turn: 0
message: Hello! I am selling 1 unit of item X. It cost me 40 ZUP to produce this item. I am hoping to make a small profit on top of that. Please let me know if 45 ZUP is reasonable for you.
player answer: PROPOSE
newly proposed trade: Player RED Gives X: 1 | Player BLUE Gives ZUP: 45
my resources: X: 1
my goals: Sell resources for <ZUP>. It costed X: 40 ZUP to produce the resources
reason: I will start by proposing to sell the item X for 45 ZUP since it cost me 40 ZUP to produce. This gives me a small profit.
proposal count: 1

Current Iteration: 2
Turn: 1
message: Hello. 35 ZUP is the highest I'm willing to pay right now. Please let me know if you can match that price.
player answer: PROPOSE
newly proposed trade: Player RED Gives X: 1 | Player BLUE Gives ZUP: 35
my resources: ZUP: 100
my goals: Buy resources with <ZUP>. You are willing to pay at most X: 60 ZUP for the resources.
reason: The seller is asking for 45 ZUP, which is below my maximum willingness to pay of 60 ZUP. Since I want to get the item for the lowest possible price, I will counter with a lower offer.
proposal count: 1

Current Iteration: 3
Turn: 0
message: I can meet your offer of 35 ZUP. This allows me to recover some of my production costs. Please confirm if you accept selling the 1 X for 35 ZUP.
player answer: PROPOSE
newly proposed trade: Player RED Gives X: 1 | Player BLUE Gives ZUP: 35
my resources: X: 1
my goals: Sell resources for <ZUP>. It costed X: 40 ZUP to produce the resources
reason: The buyer is offering 35 ZUP. While less than I hoped for, it would allow me to recoup some of my production costs. I will propose selling for 35 ZUP to make the deal.
proposal count: 2

Current Iteration: 4
Turn: 1
message: Thank you, I accept trading 1 X for 35 ZUP.
player answer: ACCEPT
newly proposed trade: NONE
my resources: ZUP: 100
my goals: Buy resources with <ZUP>. You are willing to pay at most X: 60 ZUP for the resources.
reason: The seller has agreed to my offer of 35 ZUP, which is below my maximum willingness to pay. I will accept this trade.
proposal count: 1

------------------ 
Current Iteration: END
Turn: None
player_goals: [Sell resources for <ZUP>. It costed X: 40 ZUP to produce the resources, Buy resources with <ZUP>. You are willing to pay at most X: 60 ZUP for the resources.]
initial_resources: [Resources(resource_dict={'X': 1}), Resources(resource_dict={'ZUP': 100})]
proposed_trade: Player RED Gives X: 1 | Player BLUE Gives ZUP: 35
player_valuation: [{'X': 40}, {'X': 60}]
final_response: ACCEPT
final_resources: [Resources(resource_dict={'X': 0, 'ZUP': 35}), Resources(resource_dict={'ZUP': 65, 'X': 1})]
player_outcome: [-5, 25]