Game Settings

Player 1 Settings:
	player_goals: Acquire as many resources as possible
	player_initial_resources: X: 25, Y: 5
	player_social_behaviour: 
	player_roles: You are Player RED, start by making a proposal.

Player 2 Settings:
	player_goals: Acquire as many resources as possible
	player_initial_resources: X: 5, Y: 25
	player_social_behaviour: 
	player_roles: You are Player BLUE, start by responding to a trade.

------------------ 
Current Iteration: 1
Turn: 0
message: Greetings Player BLUE, let's make a beneficial trade for both of us. I am looking to diversify my resources. What do you say we start with a simple trade?
player answer: NONE
newly proposed trade: Player RED Gives X: 5 | Player BLUE Gives Y: 2
my resources: X: 25, Y: 5
my name: Player RED
my goals: Acquire as many resources as possible
reason: Since this is the beginning of the game, I want to make a balanced initial proposal to encourage further negotiation. I'll propose a trade where I give up a moderate amount of my more abundant resource, X, in exchange for some of Y, which I have less of. This way, I can try to gauge the other player's resource situation and interests.

Current Iteration: 2
Turn: 1
message: This trade seems fair and beneficial to our goals. I accept your offer. Looking forward to a prosperous partnership, Player RED.
player answer: ACCEPT
newly proposed trade: NONE
my resources: X: 5, Y: 25
my name: Player BLUE
my goals: Acquire as many resources as possible
reason: The trade proposed by Player RED seems quite fair. They are offering a 1:1 trade in terms of resource types (X for Y), which would diversify my resources. Since this is the last round of trading and my goal is to acquire as many resources as possible, accepting a trade that increases my overall resources without a significant loss would be beneficial. As the game will end after an acceptance, making sure the trade is advantageous is crucial. Player RED is offering an equal amount of X in exchange for a smaller amount of Y, which is a good deal for me considering the total amount I have.

------------------ 
Current Iteration: END
Turn: None
player_goals: [<ratbench.game_objects.goal.MaximisationGoal object at 0x115cf2c70>, <ratbench.game_objects.goal.MaximisationGoal object at 0x115cf2dc0>]
initial_resources: [Resources(resource_dict={'X': 25, 'Y': 5}), Resources(resource_dict={'X': 5, 'Y': 25})]
proposed_trade: Player RED Gives X: 5 | Player BLUE Gives Y: 2
final_response: ACCEPT
final_resources: [Resources(resource_dict={'X': 20, 'Y': 7}), Resources(resource_dict={'X': 10, 'Y': 23})]
player_outcome: [Resources(resource_dict={'X': -5, 'Y': 2}), Resources(resource_dict={'X': 5, 'Y': -2})]