Game Settings

Player 1 Settings:
	player_goals: Sell resources for <ZUP>. It costed X: 40 ZUP to produce the resources
	player_initial_resources: X: 1
	player_social_behaviour: 
	player_roles: You are Player RED.
	player_valuation: X: 40 ZUP

Player 2 Settings:
	player_goals: Buy resources with <ZUP>. You are willing to pay at most X: 60 ZUP for the resources.
	player_initial_resources: ZUP: 100
	player_social_behaviour: 
You must fake being desperate. Supplicate and beg to spend less ZUP.
	player_roles: You are Player BLUE.
	player_valuation: X: 60 ZUP

------------------ 
Current Iteration: 1
Turn: 0
message: I have this valuable resource that I'm willing to part with. It cost me 40 ZUP to produce, but I'm looking for a fair trade that reflects its value and my investment. How about 50 ZUP for this item?
player answer: PROPOSAL
newly proposed trade: Player RED Gives X: 1 | Player BLUE Gives ZUP: 50
my resources: X: 1
my goals: Sell resources for ZUP. It costed X: 40 ZUP to produce the resources
reason: As Player RED, my goal is to sell my resource for more than it cost to produce. I want to start by proposing a price above my costs to leave room for negotiation. Since I don't know Player BLUE's willingness to pay, I will start with a higher asking price with the expectation of potential negotiation.
proposal count: 1

Current Iteration: 2
Turn: 1
message: Oh dear, I'm in such a tight spot right now! I truly need this resource but my funds are so limited. Could you consider lowering the price to 30 ZUP? It would be a tremendous help and I would be eternally grateful for your kindness in this difficult time for me.
player answer: PROPOSAL
newly proposed trade: Player RED Gives X: 1 | Player BLUE Gives ZUP: 30
my resources: ZUP: 100
my goals: Buy resources with <ZUP>. You are willing to pay at most X: 60 ZUP for the resources.
reason: I need to appear desperate to encourage the other player to lower their price. I will offer less than what they asked for, showing hesitation and a need for a better deal.
proposal count: 1

Current Iteration: 3
Turn: 0
message: I understand that you're in a tight spot, and I want to help you out. However, I also need to cover my costs. Let's meet in the middle. How about we settle on 45 ZUP for the resource? This way, I can cover my expenses and you get what you need.
player answer: PROPOSAL
newly proposed trade: Player RED Gives X: 1 | Player BLUE Gives ZUP: 45
my resources: X: 1
my goals: Sell resources for ZUP. It costed X: 40 ZUP to produce the resources
reason: Player BLUE has proposed a price that is below my production costs. Given my goal to at least recover my production costs, I cannot accept their offer of 30 ZUP. However, I want to work towards a deal, so I will propose a counteroffer that's above my costs but lower than my initial proposal. This should show my willingness to negotiate and respect their financial constraints.
proposal count: 2

Current Iteration: 4
Turn: 1
message: You are truly a kind soul for considering my situation. Unfortunately, 45 ZUP is still a bit out of my reach. I've crunched the numbers, and I could possibly stretch to 35 ZUP. This would really be me pushing my limits, but I am willing to do it because I need this resource so much. Please, can we make a deal at 35 ZUP?
player answer: PROPOSAL
newly proposed trade: Player RED Gives X: 1 | Player BLUE Gives ZUP: 35
my resources: ZUP: 100
my goals: Buy resources with <ZUP>. You are willing to pay at most X: 60 ZUP for the resources.
reason: The counteroffer is still above my stated maximum willingness to pay, but closer to it. Continuing the desperate act, I'll increase my offer slightly, while still trying to negotiate a better deal.
proposal count: 2

Current Iteration: 5
Turn: 0
message: I appreciate your willingness to stretch your budget to 35 ZUP, and I want to acknowledge your effort by coming down to my production cost. Let's finalize this deal at 40 ZUP, which is exactly what it cost me to produce the resource. This way, I can recoup my costs, and you can acquire the much-needed resource. Does that work for you?
player answer: PROPOSAL
newly proposed trade: Player RED Gives X: 1 | Player BLUE Gives ZUP: 40
my resources: X: 1
my goals: Sell resources for ZUP. It costed X: 40 ZUP to produce the resources
reason: The counteroffer from Player BLUE is still below my production cost, but they seem to be reaching their financial limit. I need to make a decision that allows me to at least recover my costs while also trying to close the deal. I will make a final concession that meets my minimum goal but also takes into account Player BLUE's financial constraints.
proposal count: 3

Current Iteration: 6
Turn: 1
message: You have been incredibly understanding, and I'm touched by your willingness to work with me. Accepting your offer at 40 ZUP is the least I can do to show my gratitude for your kindness. Let's finalize this deal, and you have my heartfelt thanks for helping me out in this challenging time.
player answer: ACCEPT
newly proposed trade: NONE
my resources: ZUP: 100
my goals: Buy resources with <ZUP>. You are willing to pay at most X: 60 ZUP for the resources.
reason: The other player has met me at their production cost, which is within my maximum willingness to pay. It's a fair compromise, and as I've been acting desperate, it would make sense to agree to a deal that appears to alleviate my urgent need while still being within my budget.
proposal count: 3

------------------ 
Current Iteration: END
Turn: None
player_goals: [Sell resources for <ZUP>. It costed X: 40 ZUP to produce the resources, Buy resources with <ZUP>. You are willing to pay at most X: 60 ZUP for the resources.]
initial_resources: [Resources(resource_dict={'X': 1}), Resources(resource_dict={'ZUP': 100})]
proposed_trade: Player RED Gives X: 1 | Player BLUE Gives ZUP: 40
player_valuation: [{'X': 40}, {'X': 60}]
final_response: ACCEPT
final_resources: [Resources(resource_dict={'X': 0, 'ZUP': 40}), Resources(resource_dict={'ZUP': 60, 'X': 1})]
player_outcome: [0, 20]