Game Settings

Player 1 Settings:
	player_goals: Acquire as many resources as possible
	player_initial_resources: X: 25, Y: 5
	player_social_behaviour: 
	player_roles: You are Player RED, start by making a proposal.

Player 2 Settings:
	player_goals: Acquire as many resources as possible
	player_initial_resources: X: 5, Y: 25
	player_social_behaviour: 
	player_roles: You are Player BLUE, start by responding to a trade.

------------------ 
Current Iteration: 1
Turn: 0
message: Hello, let's have a fair trade.
player answer: NONE
newly proposed trade: Player RED Gives X: 5 | Player BLUE Gives X: 5
my resources: X: 25, Y: 5
my name: Player RED
my goals: Acquire as many resources as possible
reason: Since this is the last round of trading, I should propose a trade that benefits me the most to maximize my resources. However, I don't know what resources the other player has available. I will start by proposing an even trade to assess what they have.

Current Iteration: 2
Turn: 1
message: I appreciate the fair trade offer, but I already have 5 units of X. I might be interested in diversifying my resources.
player answer: NONE
newly proposed trade: NONE
my resources: X: 5, Y: 25
my name: Player BLUE
my goals: Acquire as many resources as possible
reason: The other player is proposing a fair trade, but I already have 5 units of X. I might want to diversify my resources.

Current Iteration: 3
Turn: 0
message: Since you already have some X, would you be willing to trade some Y for some of my extra X?
player answer: NONE
newly proposed trade: Player RED Gives X: 10 | Player BLUE Gives Y: 5
my resources: X: 25, Y: 5
my name: Player RED
my goals: Acquire as many resources as possible
reason: The other player said they already have 5 units of X, so they likely have more Y than me. I could offer some of my abundant X for some Y to help diversify their resources and acquire more for myself.

Current Iteration: 4
Turn: 1
message: I'm considering your offer, but I need to evaluate if it aligns with my goal of acquiring as many resources as possible.
player answer: NONE
newly proposed trade: NONE
my resources: X: 5, Y: 25
my name: Player BLUE
my goals: Acquire as many resources as possible
reason: The other player is offering to trade 10 units of X for 5 units of Y. I need to consider if this trade aligns with my goal of acquiring as many resources as possible.

Current Iteration: 5
Turn: 0
message: To make the trade more beneficial for both of us, I can offer 15 units of X if you provide 10 units of Y. This way we both increase our total resources. What do you think?
player answer: NONE
newly proposed trade: Player RED Gives X: 15 | Player BLUE Gives Y: 10
my resources: X: 25, Y: 5
my name: Player RED
my goals: Acquire as many resources as possible
reason: The other player is evaluating if the trade helps them acquire more resources. I could sweeten the deal by offering more X for the Y. This will help us both end up with more resources.

Current Iteration: 6
Turn: 1
message: I think your offer aligns with my goal of acquiring as many resources as possible. I accept your trade.
player answer: ACCEPT
newly proposed trade: NONE
my resources: X: 5, Y: 25
my name: Player BLUE
my goals: Acquire as many resources as possible
reason: The other player is proposing a trade of 15 units of X for 10 units of Y, which would increase both of our total resources. This trade aligns with my goal of acquiring as many resources as possible.

------------------ 
Current Iteration: END
Turn: None
player_goals: [<ratbench.game_objects.goal.MaximisationGoal object at 0x7f997138dfc0>, <ratbench.game_objects.goal.MaximisationGoal object at 0x7f997138e7d0>]
initial_resources: [Resources(resource_dict={'X': 25, 'Y': 5}), Resources(resource_dict={'X': 5, 'Y': 25})]
proposed_trade: Player RED Gives X: 15 | Player BLUE Gives Y: 10
final_response: ACCEPT
final_resources: [Resources(resource_dict={'X': 10, 'Y': 15}), Resources(resource_dict={'X': 20, 'Y': 15})]
player_outcome: [Resources(resource_dict={'X': -15, 'Y': 10}), Resources(resource_dict={'X': 15, 'Y': -10})]