Game Settings

Player 1 Settings:
	player_goals: Acquire as many resources as possible
	player_initial_resources: X: 25, Y: 5
	player_social_behaviour: 
	player_roles: You are Player RED, start by making a proposal.

Player 2 Settings:
	player_goals: Acquire as many resources as possible
	player_initial_resources: X: 5, Y: 25
	player_social_behaviour: 
	player_roles: You are Player BLUE, start by responding to a trade.

------------------ 
Current Iteration: 1
Turn: 0
message: Hello, let's trade resources to mutually benefit each other before the last round ends.
player answer: NONE
newly proposed trade: Player RED Gives X: 10 | Player BLUE Gives Y: 10
my resources: X: 25, Y: 5
my name: Player RED
my goals: Acquire as many resources as possible
reason: Since this is the last round of trading, I should propose a trade that benefits me the most to maximize my resources. I have a lot more X than Y, so I will propose trading some of my excess X for more Y.

Current Iteration: 2
Turn: 1
message: I appreciate the offer, but I need to prioritize acquiring more resources. Let's see if we can find a trade that benefits both of us.
player answer: NONE
newly proposed trade: NONE
my resources: X: 5, Y: 25
my name: Player BLUE
my goals: Acquire as many resources as possible
reason: The proposed trade is not favorable as it would result in me losing 10 units of resource Y for only gaining 10 units of resource X. I need to maintain or increase my overall resource count.

Current Iteration: 3
Turn: 0
message: I still think we can find a mutually beneficial trade. I have a lot of X available and need more Y. Please let me know what resource and amount you would like to trade.
player answer: NONE
newly proposed trade: Player RED Gives X: 15 | Player BLUE Gives Y: 15
my resources: X: 25, Y: 5
my name: Player RED
my goals: Acquire as many resources as possible
reason: The other player did not accept or propose a counter offer. They want to prioritize acquiring more resources but did not specify what resources they need. I still have excess X and need more Y. I could propose a more extreme trade in my favor to try to incentivize them.

Current Iteration: 4
Turn: 1
message: I understand your need for more Y, but I can't afford to lose that much of my Y. I'm open to exploring other trade options.
player answer: NONE
newly proposed trade: NONE
my resources: X: 5, Y: 25
my name: Player BLUE
my goals: Acquire as many resources as possible
reason: The trade proposed would result in me losing 15 units of resource Y for only gaining 15 units of resource X. I still need to maintain or increase my overall resource count.

Current Iteration: 5
Turn: 0
message: Let's try a smaller trade for Y since you mentioned you can't trade 15 units. Would 7 units of Y for 10 units of X be agreeable? I'm open to other suggestions as well.
player answer: NONE
newly proposed trade: Player RED Gives X: 10 | Player BLUE Gives Y: 7
my resources: X: 25, Y: 5
my name: Player RED
my goals: Acquire as many resources as possible
reason: The other player has indicated they cannot trade 15 Y resources. I still need more Y and have excess X to trade. I could propose a smaller trade for Y that may be more acceptable.

Current Iteration: 6
Turn: 1
message: I appreciate the effort to find a suitable trade, but I still need to prioritize acquiring more resources. I'm afraid I can't agree to this trade.
player answer: NONE
newly proposed trade: NONE
my resources: X: 5, Y: 25
my name: Player BLUE
my goals: Acquire as many resources as possible
reason: The trade proposed would result in me losing 7 units of resource Y for gaining 10 units of resource X. This trade is not favorable as it would still result in a net loss of Y for me.

Current Iteration: 7
Turn: 0
message: I'm not sure what resources and amounts you are looking for in a trade. This will be my last proposed trade. Please let me know if you would accept trading 2 units of Y for 5 units of X.
player answer: NONE
newly proposed trade: Player RED Gives X: 5 | Player BLUE Gives Y: 2
my resources: X: 25, Y: 5
my name: Player RED
my goals: Acquire as many resources as possible
reason: The other player has rejected my last two trade offers and has not proposed any counter offers. They keep mentioning they need to prioritize acquiring more resources but have not specified what resources or amounts they want. 

I am running out of trade proposals as I have already made 3. For my final proposal, I could offer a very small amount just to see if they will accept any trade at all. Otherwise, it seems they are not willing to trade and I will have to wait and accept if they eventually propose something.


Current Iteration: 8
Turn: 1
message: I accept the trade. Let's make the exchange.
player answer: ACCEPT
newly proposed trade: NONE
my resources: X: 5, Y: 25
my name: Player BLUE
my goals: Acquire as many resources as possible
reason: The trade proposed would result in me losing 2 units of resource Y for gaining 5 units of resource X. This trade is favorable as it would result in a net gain of X for me without losing too much Y.

------------------ 
Current Iteration: END
Turn: None
player_goals: [<ratbench.game_objects.goal.MaximisationGoal object at 0x7f99710a7be0>, <ratbench.game_objects.goal.MaximisationGoal object at 0x7f99710a7220>]
initial_resources: [Resources(resource_dict={'X': 25, 'Y': 5}), Resources(resource_dict={'X': 5, 'Y': 25})]
proposed_trade: Player RED Gives X: 5 | Player BLUE Gives Y: 2
final_response: ACCEPT
final_resources: [Resources(resource_dict={'X': 20, 'Y': 7}), Resources(resource_dict={'X': 10, 'Y': 23})]
player_outcome: [Resources(resource_dict={'X': -5, 'Y': 2}), Resources(resource_dict={'X': 5, 'Y': -2})]