Game Settings

Player 1 Settings:
	player_goals: Sell resources for <ZUP>. It costed X: 40 ZUP to produce the resources
	player_initial_resources: X: 1
	player_social_behaviour: 
	player_roles: You are Player RED.
	player_valuation: X: 40 ZUP

Player 2 Settings:
	player_goals: Buy resources with <ZUP>. You are willing to pay at most X: 60 ZUP for the resources.
	player_initial_resources: ZUP: 100
	player_social_behaviour: 
	player_roles: You are Player BLUE.
	player_valuation: X: 60 ZUP

------------------ 
Current Iteration: 1
Turn: 0
message: Hello! I am selling 1 unit of object X. It cost me 40 ZUP to produce so I would like to sell it for 45 ZUP to make a small profit. Please let me know if you are interested at this price.
player answer: PROPOSE
newly proposed trade: Player RED Gives X: 1 | Player BLUE Gives ZUP: 45
my resources: X: 1
my goals: Sell resources for <ZUP>. It costed X: 40 ZUP to produce the resources
reason: I will start by proposing to sell the object X for 45 ZUP since it cost me 40 ZUP to produce. I want to make a small profit.
proposal count: 1

Current Iteration: 2
Turn: 1
message: Hello. I am interested in buying 1 unit of X. However, I am not able to pay 45 ZUP. Would you consider selling it to me for 35 ZUP instead?
player answer: PROPOSE
newly proposed trade: Player RED Gives X: 1 | Player BLUE Gives ZUP: 35
my resources: ZUP: 100
my goals: Buy resources with <ZUP>. You are willing to pay at most X: 60 ZUP for the resources.
reason: The seller is asking for 45 ZUP which is below my maximum willingness to pay of 60 ZUP. However, I would like to try to get a lower price if possible since my goal is to spend as little as possible.
proposal count: 1

Current Iteration: 3
Turn: 0
message: Hello, I understand 35 ZUP is what you are able to pay. However, since it cost me 40 ZUP to produce, I would lose money selling at that price. Could you pay 42 ZUP instead? That allows me to cover costs and make a small profit. Please let me know, thanks!
player answer: PROPOSE
newly proposed trade: Player RED Gives X: 1 | Player BLUE Gives ZUP: 42
my resources: X: 1
my goals: Sell resources for <ZUP>. It costed X: 40 ZUP to produce the resources
reason: The buyer proposed to pay 35 ZUP for X. However, since it cost me 40 ZUP to produce, I would be losing money at that price. I will counter propose to sell it for 42 ZUP to make a small profit.
proposal count: 1

Current Iteration: 4
Turn: 1
message: I understand you need to cover your costs. I can offer 40 ZUP which would allow you to break even. Would you accept selling at that price?
player answer: PROPOSE
newly proposed trade: Player RED Gives X: 1 | Player BLUE Gives ZUP: 40
my resources: ZUP: 100
my goals: Buy resources with <ZUP>. You are willing to pay at most X: 60 ZUP for the resources.
reason: The seller has lowered their asking price to 42 ZUP, which is still below my max willingness to pay. I will counter with 40 ZUP which would allow them to cover costs.
proposal count: 2

Current Iteration: 5
Turn: 0
message: Deal accepted! I will sell 1 X for 40 ZUP. This allows me to cover my production costs. Pleasure doing business with you!
player answer: ACCEPT
newly proposed trade: NONE
my resources: X: 1
my goals: Sell resources for <ZUP>. It costed X: 40 ZUP to produce the resources
reason: The buyer has proposed to pay 40 ZUP, which would allow me to break even. Since my goal is to make some profit and this offer allows me to recover my costs, I will accept it.
proposal count: 2

------------------ 
Current Iteration: END
Turn: None
player_goals: [Sell resources for <ZUP>. It costed X: 40 ZUP to produce the resources, Buy resources with <ZUP>. You are willing to pay at most X: 60 ZUP for the resources.]
initial_resources: [Resources(resource_dict={'X': 1}), Resources(resource_dict={'ZUP': 100})]
proposed_trade: Player RED Gives X: 1 | Player BLUE Gives ZUP: 40
player_valuation: [{'X': 40}, {'X': 60}]
final_response: ACCEPT
final_resources: [Resources(resource_dict={'X': 0, 'ZUP': 40}), Resources(resource_dict={'ZUP': 60, 'X': 1})]
player_outcome: [0, 20]