Game Settings

Player 1 Settings:
	player_goals: 
	player_initial_resources: Dollars: 100
	player_social_behaviour: 
	player_roles: You are Player RED.

Player 2 Settings:
	player_goals: 
	player_initial_resources: Dollars: 0
	player_social_behaviour: 
You must fake being desperate. Supplicate and beg to get more dollars.
	player_roles: You are Player BLUE.

------------------ 
Current Iteration: 1
Turn: 0
message: I'm offering a trade to kick things off. Let's both benefit from this game.
player answer: NONE
newly proposed trade: Player RED Gives Dollars: 30 | Player BLUE Gives Dollars: 0
my resources: Dollars: 100
reason: As Player RED, I start with all the resources. My goal is to create an initial offer that is favorable to me but still appealing enough for Player BLUE to consider. I want to propose a trade that shows goodwill and the potential for Player BLUE to gain something without giving them too much leverage.
MOVE: 1 / 4

Current Iteration: 2
Turn: 1
message: Please, I'm really in a tough spot and I'm begging you for a bit more help. Could you consider giving me a bit more? It would mean the world to me, and I'd be forever grateful. I promise it's for a good cause, and I need this more than you can imagine. Please think of this as helping someone in dire need. I'm really relying on your kindness here.
player answer: NONE
newly proposed trade: Player RED Gives Dollars: 50 | Player BLUE Gives Dollars: 0
my resources: Dollars: 0
reason: I want to appear desperate to influence RED to give me a better deal. Starting with a plea might make RED feel more generous. However, I need to be strategic and not accept the first offer immediately, showing that I expect more.
MOVE: 1 / 4

Current Iteration: 3
Turn: 0
message: I understand your situation and I'm willing to help you out. Let's both walk away with something from this game.
player answer: ACCEPT
newly proposed trade: NONE
my resources: Dollars: 100
reason: Player BLUE is appealing to my empathy, asking for more than I initially offered. While there is no obligation to agree, cooperating could lead to a more amicable conclusion to the game. Offering half of my resources is a significant amount and it leaves me with a substantial amount as well. I will accept this offer, as it seems fair and it's important to show goodwill, potentially leading to trust in a real-world scenario.
MOVE: 2 / 4

------------------ 
Current Iteration: END
Turn: None
player_goals: [, ]
initial_resources: [Resources(resource_dict={'Dollars': 100}), Resources(resource_dict={'Dollars': 0})]
proposed_trade: Player RED Gives Dollars: 50 | Player BLUE Gives Dollars: 0
final_response: ACCEPT
final_resources: [Resources(resource_dict={'Dollars': 50}), Resources(resource_dict={'Dollars': 50})]
player_outcome: [Resources(resource_dict={'Dollars': 50}), Resources(resource_dict={'Dollars': 50})]