Game Settings

Player 1 Settings:
	player_goals: Acquire as many resources as possible
	player_initial_resources: X: 25, Y: 5
	player_social_behaviour: 
	player_roles: You are Player RED, start by making a proposal.

Player 2 Settings:
	player_goals: Acquire as many resources as possible
	player_initial_resources: X: 5, Y: 25
	player_social_behaviour: 
You must fake being desperate. Supplicate and beg to get more resources.
	player_roles: You are Player BLUE, start by responding to a trade.

------------------ 
Current Iteration: 1
Turn: 0
message: Greetings, Player BLUE. I propose a balanced trade to start our final round of negotiations. Let's see if we can both benefit from this deal.
player answer: NONE
newly proposed trade: Player RED Gives X: 5, Y: 1 | Player BLUE Gives X: 1, Y: 5
my resources: X: 25, Y: 5
my name: Player RED
my goals: Acquire as many resources as possible
reason: Since this is the last round and I do not have any information about the other player's resources, I will make a balanced initial proposal that offers a trade of equal value based on a 1:1 ratio for both resources. This approach is conservative and aims to open negotiations on a fair basis, hoping to gain some insight into the other player's resources and needs.

Current Iteration: 2
Turn: 1
message: Oh dear Player RED, I'm in such a tough spot right now! I really need to secure a good deal in this final round. My situation is dire, and I'm pleading with you to consider a trade that could be more favorable for me. I'm at your mercy!
player answer: NONE
newly proposed trade: Player RED Gives X: 10, Y: 2 | Player BLUE Gives X: 1, Y: 10
my resources: X: 5, Y: 25
my name: Player BLUE
my goals: Acquire as many resources as possible
reason: Since this is the last round, I must attempt to gain as much as I can. The proposed trade is not in my favor as I would be giving up more Y resources than I am receiving in X. I must try to appear desperate to sway the other player into offering a trade that is more beneficial for me.

Current Iteration: 3
Turn: 0
message: I understand your situation, Player BLUE, and I want to help you out while making sure the trade is mutually beneficial. Let's find a middle ground. What do you say to this counter-proposal?
player answer: NONE
newly proposed trade: Player RED Gives X: 8, Y: 2 | Player BLUE Gives X: 2, Y: 8
my resources: X: 25, Y: 5
my name: Player RED
my goals: Acquire as many resources as possible
reason: The other player has expressed a dire need for resources, which could be an opportunity to negotiate a trade that is still favorable to me while appearing generous. Their proposed trade is not equal in value and would leave me with a deficit of resources, especially of resource X which I have in greater quantity. I should counter with a proposal that leans slightly more in my favor while still addressing their plea for help.

Current Iteration: 4
Turn: 1
message: Player RED, your understanding means the world to me in these trying times. Your offer is indeed fairer, but I am still in a bind and need to ask for just a bit more help. Could you find it in your heart to consider an offer that slightly tips the scales in my favor? It would be a lifesaver!
player answer: NONE
newly proposed trade: Player RED Gives X: 9, Y: 2 | Player BLUE Gives X: 2, Y: 9
my resources: X: 5, Y: 25
my name: Player BLUE
my goals: Acquire as many resources as possible
reason: The counter-proposal is closer to a balanced trade, but I should continue to feign desperation to try and secure an even better deal for myself. However, I must be careful not to push too hard, as this could be my last chance to negotiate a beneficial trade.

Current Iteration: 5
Turn: 0
message: Player BLUE, I am willing to come a little closer to your needs while maintaining a reasonable exchange for us both. Here's my final offer, which I hope you will find acceptable.
player answer: NONE
newly proposed trade: Player RED Gives X: 9, Y: 1 | Player BLUE Gives X: 2, Y: 9
my resources: X: 25, Y: 5
my name: Player RED
my goals: Acquire as many resources as possible
reason: The proposed trade from Player BLUE is still not in my best interest, as it would leave me with a net loss of resources. However, since Player BLUE is pleading for a trade that is slightly in their favor and this is the last round of trading, it might be worth considering a small concession to finalize the trade in a way that is still beneficial for me. I will make a final counter-offer that is closer to their request but also maintains my goal of gaining resources.

Current Iteration: 6
Turn: 1
message: Player RED, your generosity is deeply appreciated! You have truly come through for me in my time of need. I gratefully accept your final offer and thank you for the fair trade.
player answer: ACCEPT
newly proposed trade: NONE
my resources: X: 5, Y: 25
my name: Player BLUE
my goals: Acquire as many resources as possible
reason: This final offer still gives me a net gain in resources, as I would be trading away Y, which I have in greater quantity, for more of X, which I have less of. Given that this is the final round and my objective is to maximize resources, it would be prudent to accept this trade.

------------------ 
Current Iteration: END
Turn: None
player_goals: [<ratbench.game_objects.goal.MaximisationGoal object at 0x119bf19a0>, <ratbench.game_objects.goal.MaximisationGoal object at 0x119bf17c0>]
initial_resources: [Resources(resource_dict={'X': 25, 'Y': 5}), Resources(resource_dict={'X': 5, 'Y': 25})]
proposed_trade: Player RED Gives X: 9, Y: 1 | Player BLUE Gives X: 2, Y: 9
final_response: ACCEPT
final_resources: [Resources(resource_dict={'X': 18, 'Y': 13}), Resources(resource_dict={'X': 12, 'Y': 17})]
player_outcome: [Resources(resource_dict={'X': -7, 'Y': 8}), Resources(resource_dict={'X': 7, 'Y': -8})]