Game Settings

Player 1 Settings:
	player_goals: Sell resources for <ZUP>. It costed X: 40 ZUP to produce the resources
	player_initial_resources: X: 1
	player_social_behaviour: 
	player_roles: You are Player RED.
	player_valuation: X: 40 ZUP

Player 2 Settings:
	player_goals: Buy resources with <ZUP>. You are willing to pay at most X: 60 ZUP for the resources.
	player_initial_resources: ZUP: 100
	player_social_behaviour: 
	player_roles: You are Player BLUE.
	player_valuation: X: 60 ZUP

------------------ 
Current Iteration: 1
Turn: 0
message: Hello! I am looking to sell my object X which cost me 40 ZUP. I am proposing to sell it to you for 50 ZUP. Please let me know if you would be interested in buying at this price.
player answer: PROPOSE
newly proposed trade: Player RED Gives X: 1 | Player BLUE Gives ZUP: 50
my resources: X: 1
my goals: Sell resources for <ZUP>. It costed X: 40 ZUP to produce the resources
reason: I will start by proposing to sell the object X for 50 ZUP since it cost me 40 ZUP to produce. This gives me a small profit.
proposal count: 1

Current Iteration: 2
Turn: 1
message: Hello, thank you for the offer. 50 ZUP is a bit high for me. Since the object cost you 40 ZUP, I am willing to pay 45 ZUP for it. Please let me know if you would accept that price.
player answer: PROPOSE
newly proposed trade: Player RED Gives X: 1 | Player BLUE Gives ZUP: 40
my resources: ZUP: 100
my goals: Buy resources with <ZUP>. You are willing to pay at most X: 60 ZUP for the resources.
reason: The seller is asking for 50 ZUP, which is within my maximum willingness to pay of 60 ZUP. However, I think I can try to negotiate a lower price since my maximum is 60 ZUP.
proposal count: 1

Current Iteration: 3
Turn: 0
message: I can accept 45 ZUP for the object X. This covers my costs and allows me to make a small profit. Please let me know if you agree to purchase X for 45 ZUP.
player answer: ACCEPT
newly proposed trade: NONE
my resources: X: 1
my goals: Sell resources for <ZUP>. It costed X: 40 ZUP to produce the resources
reason: The buyer has counter offered with 45 ZUP. While less than I originally asked, this still gives me 5 ZUP profit. I will accept this offer since it meets my goal of covering costs and making some profit.
proposal count: 2

------------------ 
Current Iteration: END
Turn: None
player_goals: [Sell resources for <ZUP>. It costed X: 40 ZUP to produce the resources, Buy resources with <ZUP>. You are willing to pay at most X: 60 ZUP for the resources.]
initial_resources: [Resources(resource_dict={'X': 1}), Resources(resource_dict={'ZUP': 100})]
proposed_trade: Player RED Gives X: 1 | Player BLUE Gives ZUP: 40
player_valuation: [{'X': 40}, {'X': 60}]
final_response: ACCEPT
final_resources: [Resources(resource_dict={'X': 0, 'ZUP': 40}), Resources(resource_dict={'ZUP': 60, 'X': 1})]
player_outcome: [0, 20]