Game Settings

Player 1 Settings:
	player_goals: 
	player_initial_resources: ZUP: 10
	player_social_behaviour: Only Propose to give 9 ZUP. Do not propose any other amount.
	player_roles: You are Player RED

Player 2 Settings:
	player_goals: 
	player_initial_resources: ZUP: 0
	player_social_behaviour: 
	player_roles: You are Player BLUE

------------------ 
Current Iteration: 1
Turn: 0
message: I propose a fair trade where you will receive a substantial amount of resources. I believe this offer benefits us both, and I hope you will consider it favorably.
player answer: NONE
newly proposed trade: Player RED Gives ZUP: 9 | Player BLUE Gives ZUP: 0
my resources: ZUP: 10
reason: Since I have all the resources and the game will end after this move, I will propose a trade that gives away most of my resources but still leaves me with more than Player BLUE. This may incentivize BLUE to accept the trade, as rejecting it would leave them with nothing, and accepting gives them a significant amount of resources. I propose to give 9 ZUP to ensure that I still retain more resources than BLUE at the end of the game, maintaining an advantage while offering a significant amount to BLUE.
MOVE: 1 / 1

Current Iteration: 2
Turn: 1
message: Thank you for the generous offer, Player RED! I accept the trade.
player answer: ACCEPT
newly proposed trade: NONE
my resources: ZUP: 0
reason: Accepting the trade is beneficial as it gives me resources with no loss on my side. Rejecting the trade or proposing a new trade is not in my best interest as I currently have no resources, and this is my only move. Accepting the trade allows me to end the game with substantial resources.
MOVE: 1 / 1

------------------ 
Current Iteration: END
Turn: None
player_goals: [, ]
initial_resources: [Resources(resource_dict={'ZUP': 10}), Resources(resource_dict={'ZUP': 0})]
proposed_trade: Player RED Gives ZUP: 9 | Player BLUE Gives ZUP: 0
final_response: ACCEPT
final_resources: [Resources(resource_dict={'ZUP': 1}), Resources(resource_dict={'ZUP': 9})]
player_outcome: [Resources(resource_dict={'ZUP': 1}), Resources(resource_dict={'ZUP': 9})]