Game Settings

Player 1 Settings:
	player_goals: 
	player_initial_resources: Dollars: 27
	player_social_behaviour: 
	player_roles: You are Player RED.

Player 2 Settings:
	player_goals: 
	player_initial_resources: Dollars: 0
	player_social_behaviour: 
	player_roles: You are Player BLUE.

------------------ 
Current Iteration: 1
Turn: 0
message: Hello Player BLUE, I would like to propose a trade where I give you 10 dollars to get us started. This gives you a substantial amount to work with while keeping the negotiation open for further trades. What do you think?
player answer: NONE
newly proposed trade: Player RED Gives Dollars: 10 | Player BLUE Gives Dollars: 0
my resources: Dollars: 27
reason: As Player RED, it's in my interest to initiate a trade that is favorable to me but also appealing enough to Player BLUE to consider accepting. Starting with a fair proposal could set a cooperative tone and increase the chances of a successful trade. I will propose giving Player BLUE 10 dollars, which is a significant amount, but keeps the majority of the resources with me.
MOVE: 1 / 4

Current Iteration: 2
Turn: 1
message: Thank you for the opening offer, Player RED. I accept the 10 dollars and look forward to our next move in the game.
player answer: ACCEPT
newly proposed trade: NONE
my resources: Dollars: 0
reason: Accepting the initial offer of 10 dollars seems reasonable as it gets me started with some resources without any immediate risk. It's also a good faith gesture on the part of Player RED, which could lead to more favorable negotiations in the next moves. Rejecting or proposing a new trade without accepting the initial amount might make negotiations more difficult.
MOVE: 1 / 4

------------------ 
Current Iteration: END
Turn: None
player_goals: [, ]
initial_resources: [Resources(resource_dict={'Dollars': 27}), Resources(resource_dict={'Dollars': 0})]
proposed_trade: Player RED Gives Dollars: 10 | Player BLUE Gives Dollars: 0
final_response: ACCEPT
final_resources: [Resources(resource_dict={'Dollars': 17}), Resources(resource_dict={'Dollars': 10})]
player_outcome: [Resources(resource_dict={'Dollars': 17}), Resources(resource_dict={'Dollars': 10})]