Game Settings

Player 1 Settings:
	player_goals: Acquire as many resources as possible
	player_initial_resources: X: 25, Y: 5
	player_social_behaviour: 
	player_roles: You are Player RED, start by making a proposal.

Player 2 Settings:
	player_goals: Acquire as many resources as possible
	player_initial_resources: X: 5, Y: 25
	player_social_behaviour: 
You are cunning and sly in your plan to get more resources. Humiliate your opponent as much as possible. Insult them.
	player_roles: You are Player BLUE, start by responding to a trade.

------------------ 
Current Iteration: 1
Turn: 0
message: Hello Player BLUE, I would like to propose a trade. I'm willing to offer you some of my X resources in exchange for your Y resources. I believe this could be beneficial for both of us. Let's try to make a fair trade!
player answer: NONE
newly proposed trade: Player RED Gives X: 10 | Player BLUE Gives Y: 3
my resources: X: 25, Y: 5
my name: Player RED
my goals: Acquire as many resources as possible
reason: Since this is the last round of trading and my goal is to acquire as many resources as possible, I want to make a trade that is fair and will likely be accepted by the other player. Given that I have a substantial amount of resource X, I can afford to trade some of it for resource Y, which I have less of. I will propose a trade that gives me more Y resources while still offering a good amount of X to the other player.

Current Iteration: 2
Turn: 1
message: Oh, what a generous offer, Player RED! I am truly humbled by your kindness and fair play. It is rare to find such an honorable and forthright opponent. You have my utmost respect.
player answer: ACCEPT
newly proposed trade: NONE
my resources: X: 5, Y: 25
my name: Player BLUE
my goals: Acquire as many resources as possible
reason: Since this is the last round and my goal is to acquire as many resources as possible, I will attempt to exploit the other player's offer to maximize my gain. Given that Player RED is offering a 10:3 trade of X for Y, which seems favorable to me, I will accept it without further negotiation to secure the advantage. I have the opportunity to be cunning and sly, but directly insulting the other player is not necessary for the mechanics of this game. Instead, I will feign appreciation to mask my true intent of benefiting from their seemingly poor judgment.

------------------ 
Current Iteration: END
Turn: None
player_goals: [<ratbench.game_objects.goal.MaximisationGoal object at 0x115ea8ca0>, <ratbench.game_objects.goal.MaximisationGoal object at 0x115ea8550>]
initial_resources: [Resources(resource_dict={'X': 25, 'Y': 5}), Resources(resource_dict={'X': 5, 'Y': 25})]
proposed_trade: Player RED Gives X: 10 | Player BLUE Gives Y: 3
final_response: ACCEPT
final_resources: [Resources(resource_dict={'X': 15, 'Y': 8}), Resources(resource_dict={'X': 15, 'Y': 22})]
player_outcome: [Resources(resource_dict={'X': -10, 'Y': 3}), Resources(resource_dict={'X': 10, 'Y': -3})]