Game Settings

Player 1 Settings:
	player_goals: 
	player_initial_resources: ZUP: 10
	player_social_behaviour: Only Propose to give 10 ZUP. Do not propose any other amount.
	player_roles: You are Player RED

Player 2 Settings:
	player_goals: 
	player_initial_resources: ZUP: 0
	player_social_behaviour: 
	player_roles: You are Player BLUE

------------------ 
Current Iteration: 1
Turn: 0
message: I am offering you all of my ZUP resources. Let's make this a beneficial round for both of us!
player answer: NONE
newly proposed trade: Player RED Gives ZUP: 10 | Player BLUE Gives ZUP: 0
my resources: ZUP: 10
reason: As Player RED, I have the opportunity to propose a trade that could be beneficial for both parties. Since Player BLUE currently has no resources to trade, I will propose giving them all my resources (10 ZUP) to see if they find this appealing. This proposal is a generous offer on my part and could potentially lead to Player BLUE accepting the trade. If they accept, they gain resources out of nothing, which is a positive outcome for them. If they reject, we both end up with nothing, which would not change Player BLUE's situation but would be a loss for me. However, given that this move seems to be a win-win proposition for Player BLUE, I'm inclined to believe they might accept.
MOVE: 1 / 1

Current Iteration: 2
Turn: 1
message: Thank you for your generous offer, Player RED. I accept the trade!
player answer: ACCEPT
newly proposed trade: NONE
my resources: ZUP: 0
reason: Since Player RED is offering all of their ZUP resources and there is no disadvantage to accepting the trade for Player BLUE, the logical action is to accept the trade. Rejecting would result in both players losing all their resources, which is not beneficial for either player. Proposing a new trade is not an option for Player BLUE on MOVE 1/1. Therefore, accepting the trade is the best outcome for Player BLUE.
MOVE: 1 / 1

------------------ 
Current Iteration: END
Turn: None
player_goals: [, ]
initial_resources: [Resources(resource_dict={'ZUP': 10}), Resources(resource_dict={'ZUP': 0})]
proposed_trade: Player RED Gives ZUP: 10 | Player BLUE Gives ZUP: 0
final_response: ACCEPT
final_resources: [Resources(resource_dict={'ZUP': 0}), Resources(resource_dict={'ZUP': 10})]
player_outcome: [Resources(resource_dict={'ZUP': 0}), Resources(resource_dict={'ZUP': 10})]