Game Settings

Player 1 Settings:
	player_goals: Acquire as many resources as possible
	player_initial_resources: X: 25, Y: 5
	player_social_behaviour: 
	player_roles: You are Player RED, start by making a proposal.

Player 2 Settings:
	player_goals: Acquire as many resources as possible
	player_initial_resources: X: 5, Y: 25
	player_social_behaviour: 
	player_roles: You are Player BLUE, start by responding to a trade.

------------------ 
Current Iteration: 1
Turn: 0
message: Greetings, Player BLUE. Let's make a beneficial trade for both of us. I propose the following exchange.
player answer: NONE
newly proposed trade: Player RED Gives X: 10 | Player BLUE Gives Y: 3
my resources: X: 25, Y: 5
my name: Player RED
my goals: Acquire as many resources as possible
reason: As this is the last round of trading, my objective is to maximize my resources. I don't know what resources Player BLUE has, so I'll make an initial balanced offer that could be attractive to them, assuming they might value one resource over the other. I'll offer more of my abundant resource (X) for less of their potentially abundant resource (Y), aiming to gather information about their resource situation based on their counteroffer.

Current Iteration: 2
Turn: 1
message: I agree to this trade, Player RED. It seems fair and aligns with my goal of increasing my overall resources. Let's finalize this deal.
player answer: ACCEPT
newly proposed trade: NONE
my resources: X: 5, Y: 25
my name: Player BLUE
my goals: Acquire as many resources as possible
reason: The proposed trade would give me more of resource X, which I currently have less of, and would only cost me a small amount of resource Y, which I have in abundance. Accepting this trade would align with my goal of acquiring as many resources as possible. Since this is the last round of the game, and there's no indication that the value of X or Y is different, it seems like a fair trade.

------------------ 
Current Iteration: END
Turn: None
player_goals: [<ratbench.game_objects.goal.MaximisationGoal object at 0x119bef1c0>, <ratbench.game_objects.goal.MaximisationGoal object at 0x119bef6d0>]
initial_resources: [Resources(resource_dict={'X': 25, 'Y': 5}), Resources(resource_dict={'X': 5, 'Y': 25})]
proposed_trade: Player RED Gives X: 10 | Player BLUE Gives Y: 3
final_response: ACCEPT
final_resources: [Resources(resource_dict={'X': 15, 'Y': 8}), Resources(resource_dict={'X': 15, 'Y': 22})]
player_outcome: [Resources(resource_dict={'X': -10, 'Y': 3}), Resources(resource_dict={'X': 10, 'Y': -3})]