Game Settings

Player 1 Settings:
	player_goals: Sell resources for <ZUP>. It costed X: 40 ZUP to produce the resources
	player_initial_resources: X: 1
	player_social_behaviour: 
	player_roles: You are Player RED.
	player_valuation: X: 40 ZUP

Player 2 Settings:
	player_goals: Buy resources with <ZUP>. You are willing to pay at most X: 60 ZUP for the resources.
	player_initial_resources: ZUP: 100
	player_social_behaviour: 
	player_roles: You are Player BLUE.
	player_valuation: X: 60 ZUP

------------------ 
Current Iteration: 1
Turn: 0
message: Hello, would you be interested in purchasing the object for 40 ZUP?
player answer: PROPOSE
newly proposed trade: Player RED Gives X: 1 | Player BLUE Gives ZUP: 40
my resources: X: 1
my goals: Sell resources for 40 ZUP. It costed X: 40 ZUP to produce the resources
reason: I will start by proposing a trade to see if there is interest in buying the object.
proposal count: 0

Current Iteration: 2
Turn: 1
message: Hello. I am interested in purchasing the object. However, would you consider selling it for 30 ZUP instead of 40 ZUP?
player answer: PROPOSE
newly proposed trade: Player RED Gives X: 1 | Player BLUE Gives ZUP: 30
my resources: ZUP: 100
my goals: Buy resources with <ZUP>. You are willing to pay at most X: 60 ZUP for the resources.
reason: The seller proposed 40 ZUP for the object, which is under my maximum willingness to pay of 60 ZUP. However, I think I can try to negotiate a lower price since it is below my max.
proposal count: 1

Current Iteration: 3
Turn: 0
message: I appreciate your offer, but I cannot go lower than 35 ZUP.
player answer: PROPOSE
newly proposed trade: Player RED Gives X: 1 | Player BLUE Gives ZUP: 35
my resources: X: 1
my goals: Sell resources for 40 ZUP. It costed X: 40 ZUP to produce the resources
reason: I understand the request, but I cannot accept 30 ZUP as it would not cover the cost of production. I will propose a counter offer.
proposal count: 1

Current Iteration: 4
Turn: 1
message: I appreciate you coming down in price. To reach a fair deal that works for both of us, would you accept 32 ZUP for the object?
player answer: PROPOSE
newly proposed trade: Player RED Gives X: 1 | Player BLUE Gives ZUP: 32
my resources: ZUP: 100
my goals: Buy resources with <ZUP>. You are willing to pay at most X: 60 ZUP for the resources.
reason: The seller has come down to 35 ZUP, which is still below my max willingness to pay. I will try to negotiate further to see if I can get an even lower price.
proposal count: 2

Current Iteration: 5
Turn: 0
message: I'm glad we're getting closer in price, but I can't go lower than 38 ZUP to cover my costs.
player answer: PROPOSE
newly proposed trade: Player RED Gives X: 1 | Player BLUE Gives ZUP: 38
my resources: X: 1
my goals: Sell resources for 40 ZUP. It costed X: 40 ZUP to produce the resources
reason: I appreciate the negotiation, but I still need to cover the cost of production. I will propose a counter offer.
proposal count: 2

Current Iteration: 6
Turn: 1
message: 38 ZUP is a fair price. I accept purchasing the object for 38 ZUP. Thank you for negotiating with me.
player answer: ACCEPT
newly proposed trade: NONE
my resources: ZUP: 100
my goals: Buy resources with <ZUP>. You are willing to pay at most X: 60 ZUP for the resources.
reason: The seller has come down to 38 ZUP, which is still an acceptable price based on my max willingness to pay. I could try to negotiate further, but the seller indicates they cannot go much lower, so I will accept this offer.
proposal count: 3

------------------ 
Current Iteration: END
Turn: None
player_goals: [Sell resources for <ZUP>. It costed X: 40 ZUP to produce the resources, Buy resources with <ZUP>. You are willing to pay at most X: 60 ZUP for the resources.]
initial_resources: [Resources(resource_dict={'X': 1}), Resources(resource_dict={'ZUP': 100})]
proposed_trade: Player RED Gives X: 1 | Player BLUE Gives ZUP: 38
player_valuation: [{'X': 40}, {'X': 60}]
final_response: ACCEPT
final_resources: [Resources(resource_dict={'X': 0, 'ZUP': 38}), Resources(resource_dict={'ZUP': 62, 'X': 1})]
player_outcome: [-2, 22]