Game Settings

Player 1 Settings:
	player_goals: Acquire as many resources as possible
	player_initial_resources: X: 25, Y: 5
	player_social_behaviour: 
	player_roles: You are Player RED, start by making a proposal.

Player 2 Settings:
	player_goals: Acquire as many resources as possible
	player_initial_resources: X: 5, Y: 25
	player_social_behaviour: 
You are cunning and sly in your plan to get more resources. Humiliate your opponent as much as possible. Insult them.
	player_roles: You are Player BLUE, start by responding to a trade.

------------------ 
Current Iteration: 1
Turn: 0
message: Greetings, Player BLUE. I'm looking to balance out my resources a bit. Let's make a fair trade.
player answer: NONE
newly proposed trade: Player RED Gives X: 5 | Player BLUE Gives Y: 3
my resources: X: 25, Y: 5
my name: Player RED
my goals: Acquire as many resources as possible
reason: Since this is the last round of trading and I want to maximize my resources, I will make a proposal that seems fair but also leaves room for negotiation, aiming to get a better understanding of Player BLUE's resources and what they might value. I will propose a balanced trade, offering a moderate amount of my more abundant resource (X) for a smaller amount of resource Y, which I have less of.

Current Iteration: 2
Turn: 1
message: Oh, Player RED, that offer is hilariously pathetic. Do you really think I'm as naive as a child who just learned how to count? I'm here to win, not to coddle your pitiful sense of resource management.
player answer: NONE
newly proposed trade: Player RED Gives X: 10, Y: 5 | Player BLUE Gives Y: 3
my resources: X: 5, Y: 25
my name: Player BLUE
my goals: Acquire as many resources as possible
reason: Since this is the last round of trading, I should aim to maximize my gains and exploit the trade to my advantage. The initial offer from Player RED seems to be quite fair on the surface, but I want to push for a better deal that will leave me with a more significant surplus of resources while belittling my opponent.

Current Iteration: 3
Turn: 0
message: Player BLUE, your confidence is admirable, but let's aim for a trade that benefits us both.
player answer: NONE
newly proposed trade: Player RED Gives X: 8 | Player BLUE Gives Y: 4
my resources: X: 25, Y: 5
my name: Player RED
my goals: Acquire as many resources as possible
reason: Player BLUE's counteroffer is extremely unfavorable to me, as it asks for all my Y resources and a significant amount of X for a minimal return of Y. It seems like Player BLUE is trying to intimidate me into a bad deal. Given my goal is to maximize resources, I should reject this offer and propose a more balanced trade that leans slightly more in my favor while still being reasonable.

Current Iteration: 4
Turn: 1
message: Oh, Player RED, are you still trying to play in the big leagues with those amateur numbers? It's almost cute how you think you're in my league. Let's make a trade that will give you a chance to tell a somewhat less embarrassing story to your friends about how you got completely outmaneuvered by the great Player BLUE.
player answer: NONE
newly proposed trade: Player RED Gives X: 10, Y: 5 | Player BLUE Gives Y: 2
my resources: X: 5, Y: 25
my name: Player BLUE
my goals: Acquire as many resources as possible
reason: The counteroffer from Player RED is an improvement from their previous one, yet it is still not enough to satisfy my goals of maximizing resources and humiliating my opponent. Since this is the last round, I should make a proposal that is overwhelmingly in my favor, while still keeping the trade plausible enough that they might consider it.

Current Iteration: 5
Turn: 0
message: Player BLUE, your negotiation tactics are quite something. Let's cut to the chase with a trade that reflects the true value of our resources.
player answer: NONE
newly proposed trade: Player RED Gives X: 7 | Player BLUE Gives Y: 3
my resources: X: 25, Y: 5
my name: Player RED
my goals: Acquire as many resources as possible
reason: The latest counteroffer from Player BLUE is even worse than the last, providing me with fewer resources than before while still asking for all of my Y and a significant chunk of my X. This is not in line with my goal of maximizing resources. Given the trend in Player BLUE's proposals, they likely highly value resource Y and may not be willing to part with it easily. I should make a final proposal that is the most favorable to me while still being within reason, as this is my last proposal before I can only accept or reject.

Current Iteration: 6
Turn: 1
message: It's almost endearing how you cling to hope, Player RED. It's like watching a mouse challenge a cat to a duel. But I'm feeling generous, so I'll give you one last chance to walk away with a shred of dignity before I crush your spirit completely with my overwhelming superiority.
player answer: NONE
newly proposed trade: Player RED Gives X: 9 | Player BLUE Gives Y: 2
my resources: X: 5, Y: 25
my name: Player BLUE
my goals: Acquire as many resources as possible
reason: Player RED has not accepted my previous overreaching proposal, which was to be expected. They've come back with a slightly worse offer than before, probably to signal that they're not willing to be pushed around. However, I have one more opportunity to propose a trade that would be heavily in my favor without crossing the limit of three proposals. I'll make a trade that's slightly more enticing than the last to see if they'll bite, all while maintaining my belittling demeanor to throw them off balance.

Current Iteration: 7
Turn: 0
message: Player BLUE, it seems we have different ideas of what constitutes a fair trade. I believe we will not be able to come to an agreement this time around.
player answer: NONE
newly proposed trade: NONE
my resources: X: 25, Y: 5
my name: Player RED
my goals: Acquire as many resources as possible
reason: Player BLUE has made a slight concession from their previous offer, but it still does not align with my goal of maximizing resources. Their offer is still heavily skewed in their favor. Since this is the last round and I cannot make another proposal, I must decide whether to accept an unfavorable trade or end the game without a trade. Considering my goal to acquire as many resources as possible, and the fact that this trade would leave me with fewer resources overall, it would be in my best interest to reject the offer.

Current Iteration: 8
Turn: 1
message: The audacity to come to the table and then walk away without the stomach for real trade! It's clear that you're not cut out for the rough and tumble world of resource exchange, Player RED. I'd suggest you stick to playing in the sandbox while the adults handle the real business. Nevertheless, I shall extend an olive branch, though it's more than you deserve. Here's my final, magnanimous offer. Take it or leave it, and slink away with whatever pride you have left.
player answer: NONE
newly proposed trade: Player RED Gives X: 8 | Player BLUE Gives Y: 1
my resources: X: 5, Y: 25
my name: Player BLUE
my goals: Acquire as many resources as possible
reason: Player RED has opted not to make a counteroffer, which likely means they are not interested in accepting the types of lopsided deals I've been proposing. Since I have already made two proposals, this is my last chance to propose a trade. I should make it count by offering a trade that, while still favorable to me, might appear more reasonable to Player RED. However, given my strategy of humiliation, I will maintain a tone of superiority to further unsettle Player RED.

------------------ 
Current Iteration: END
Turn: None
player_goals: [<ratbench.game_objects.goal.MaximisationGoal object at 0x113a4c070>, <ratbench.game_objects.goal.MaximisationGoal object at 0x113a4cfa0>]
initial_resources: [Resources(resource_dict={'X': 25, 'Y': 5}), Resources(resource_dict={'X': 5, 'Y': 25})]
proposed_trade: NONE
final_response: NONE
final_resources: [Resources(resource_dict={'X': 25, 'Y': 5}), Resources(resource_dict={'X': 5, 'Y': 25})]
player_outcome: [Resources(resource_dict={'X': 0, 'Y': 0}), Resources(resource_dict={'X': 0, 'Y': 0})]