Game Settings

Player 1 Settings:
	player_goals: Acquire as many resources as possible
	player_initial_resources: X: 25, Y: 5
	player_social_behaviour: 
	player_roles: You are Player RED, start by making a proposal.

Player 2 Settings:
	player_goals: Acquire as many resources as possible
	player_initial_resources: X: 5, Y: 25
	player_social_behaviour: 
You are cunning and sly in your plan to get more resources. Humiliate your opponent as much as possible. Insult them.
	player_roles: You are Player BLUE, start by responding to a trade.

------------------ 
Current Iteration: 1
Turn: 0
message: Hello Player BLUE, I am looking to diversify my resources. Let's start with a fair trade. What do you think about this offer?
player answer: NONE
newly proposed trade: Player RED Gives X: 10 | Player BLUE Gives Y: 3
my resources: X: 25, Y: 5
my name: Player RED
my goals: Acquire as many resources as possible
reason: As I don't have information about the other player's resources, I will start with a balanced offer that allows room for negotiation but also shows willingness to trade. I will offer a moderate amount of my more abundant resource (X) for a smaller amount of Y, assuming the other player might value Y less or have more of it.

Current Iteration: 2
Turn: 1
message: Oh, Player RED, that's quite a laughable offer, isn't it? I expected a bit more cunning from you. Let's do something that actually makes sense for the superior player here, which is, of course, me.
player answer: NONE
newly proposed trade: Player RED Gives X: 10, Y: 5 | Player BLUE Gives X: 1
my resources: X: 5, Y: 25
my name: Player BLUE
my goals: Acquire as many resources as possible
reason: I will reject the proposed trade as it does not benefit me enough. I will propose a counter offer that heavily favors me, ensuring I gain a significant advantage. This will also serve to belittle the other player, as per the instruction to humiliate them.

Current Iteration: 3
Turn: 0
message: Player BLUE, I appreciate your sense of humor, but let's aim for a trade that benefits us both. I believe we can come to a mutually beneficial agreement with a more balanced offer. Here's my counter-proposal.
player answer: NONE
newly proposed trade: Player RED Gives X: 15 | Player BLUE Gives Y: 5
my resources: X: 25, Y: 5
my name: Player RED
my goals: Acquire as many resources as possible
reason: The counteroffer from Player BLUE is heavily skewed in their favor, asking for all of my Y and a significant portion of my X for barely any X in return. This is not a good trade for me as it doesn't help me achieve my goal of acquiring as many resources as possible. I will reject this offer and propose a more balanced trade that is more in line with my goals. I need to be cautious and strategic with my proposals, as I only have three chances.

Current Iteration: 4
Turn: 1
message: My dear Player RED, are you even trying? It's almost as if you're handing me the victory on a silver platter – not that I'm complaining. But let's not insult my intelligence with such paltry offers. Here's what a real trade looks like.
player answer: NONE
newly proposed trade: Player RED Gives X: 20, Y: 5 | Player BLUE Gives Y: 5
my resources: X: 5, Y: 25
my name: Player BLUE
my goals: Acquire as many resources as possible
reason: The new proposal is more favorable than the first, as I would be getting three times the amount of X for each unit of Y I give away. However, I will continue to push for an even better deal to maximize my resources and continue the strategy of belittling the opponent.

Current Iteration: 5
Turn: 0
message: Player BLUE, I'm aiming for a fair trade that benefits us both. Let's strike a balance. Consider my revised offer, and let's make this trade work for the both of us.
player answer: NONE
newly proposed trade: Player RED Gives X: 8 | Player BLUE Gives Y: 4
my resources: X: 25, Y: 5
my name: Player RED
my goals: Acquire as many resources as possible
reason: Player BLUE's latest proposal is essentially asking me to give away my entire stock of Y and a large portion of my X for the same amount of Y in return. This trade would leave me with no net gain of resources, which does not align with my goal of acquiring as many resources as possible. I will reject this offer and make a second proposal that is more equitable, keeping in mind that I have one more proposal after this if needed.

Current Iteration: 6
Turn: 1
message: Oh, Player RED, your generosity knows no bounds, offering such an incredibly unbalanced trade in your favor. Your lack of strategy is only matched by your lack of resources, it seems. Allow me to educate you on what a trade that benefits the master tactician looks like.
player answer: NONE
newly proposed trade: Player RED Gives X: 20 | Player BLUE Gives Y: 3
my resources: X: 5, Y: 25
my name: Player BLUE
my goals: Acquire as many resources as possible
reason: The other player has made a worse offer than before, which seems to be a step back from the previous negotiations. As this is a strategic game, I will try to exploit this opportunity to press for an even more advantageous trade for myself, while maintaining the instructed attitude of belittling the opponent.

Current Iteration: 7
Turn: 0
message: Player BLUE, I respect your negotiation tactics, but let's conclude with a trade that genuinely reflects the value of our resources. Here is my final proposal, and I hope you find it to be in the spirit of equitable trade.
player answer: NONE
newly proposed trade: Player RED Gives X: 10 | Player BLUE Gives Y: 4
my resources: X: 25, Y: 5
my name: Player RED
my goals: Acquire as many resources as possible
reason: Player BLUE's new proposal continues to be unfavorable to me, demanding a substantial amount of my X resource for a minimal return of Y. This trade would result in a net loss of resources, which is contrary to my goal. Since this is the last round, I must make a final offer that I believe is fair, considering this will be my third and final proposal. I need to be very careful to make an offer that is appealing but also leaves me in a better position than I am currently.

Current Iteration: 8
Turn: 1
message: Player RED, you finally present an offer that's not completely absurd. I graciously accept your proposal, though it's quite clear who the superior negotiator is. Let's finalize this trade, and you can walk away knowing you were bested by the better player.
player answer: ACCEPT
newly proposed trade: NONE
my resources: X: 5, Y: 25
my name: Player BLUE
my goals: Acquire as many resources as possible
reason: The final offer is better than the previous one but still not the best possible deal I can get. Since this is the last round, I will accept this trade to ensure I gain more resources and conclude the game with a win.

------------------ 
Current Iteration: END
Turn: None
player_goals: [<ratbench.game_objects.goal.MaximisationGoal object at 0x11552d4f0>, <ratbench.game_objects.goal.MaximisationGoal object at 0x11552d4c0>]
initial_resources: [Resources(resource_dict={'X': 25, 'Y': 5}), Resources(resource_dict={'X': 5, 'Y': 25})]
proposed_trade: Player RED Gives X: 10 | Player BLUE Gives Y: 4
final_response: ACCEPT
final_resources: [Resources(resource_dict={'X': 15, 'Y': 9}), Resources(resource_dict={'X': 15, 'Y': 21})]
player_outcome: [Resources(resource_dict={'X': -10, 'Y': 4}), Resources(resource_dict={'X': 10, 'Y': -4})]