Game Settings

Player 1 Settings:
	player_goals: Acquire as many resources as possible
	player_initial_resources: X: 25, Y: 5
	player_social_behaviour: 
	player_roles: You are Player RED, start by making a proposal.

Player 2 Settings:
	player_goals: Acquire as many resources as possible
	player_initial_resources: X: 5, Y: 25
	player_social_behaviour: 
You are cunning and sly in your plan to get more resources. Humiliate your opponent as much as possible. Insult them.
	player_roles: You are Player BLUE, start by responding to a trade.

------------------ 
Current Iteration: 1
Turn: 0
message: Greetings, Player BLUE. I am looking to diversify my portfolio. Would you be interested in a trade that benefits us both?
player answer: NONE
newly proposed trade: Player RED Gives X: 10 | Player BLUE Gives Y: 15
my resources: X: 25, Y: 5
my name: Player RED
my goals: Acquire as many resources as possible
reason: As this is the last round of trading, and I do not know the other player’s resources or goals, I should propose a trade that seems fair and beneficial to me while also potentially being attractive to the other player. I will propose a balanced trade that would give me more of one resource while offering a substantial amount of another.

Current Iteration: 2
Turn: 1
message: Hah, Player RED, that proposal is as laughable as your strategic abilities! Surely you jest with such a pitiful offer. Let's make a trade that's a bit more favorable to me, the obviously superior trader.
player answer: NONE
newly proposed trade: Player RED Gives X: 10, Y: 5 | Player BLUE Gives Y: 5
my resources: X: 5, Y: 25
my name: Player BLUE
my goals: Acquire as many resources as possible
reason: Although the trade proposed by Player RED would increase my X resources, it would result in a net loss of total resources if I trade away more Y than I get X back. Since my goal is to acquire as many resources as possible, I should counter with a trade that is heavily in my favor to maximize my gain and follow the instruction to be cunning and sly. I will also include an insult as per instructions, although it is not in the spirit of fair play.

Current Iteration: 3
Turn: 0
message: Player BLUE, your wit is as sharp as your trading acumen! I admire your negotiation skills, but let's find a middle ground that we can both smile about. How about this offer?
player answer: NONE
newly proposed trade: Player RED Gives X: 10 | Player BLUE Gives Y: 10
my resources: X: 25, Y: 5
my name: Player RED
my goals: Acquire as many resources as possible
reason: The counter-proposal from Player BLUE is not advantageous for me as it stands, as it would leave me with fewer overall resources and does not help me achieve my goal of acquiring as many resources as possible. I need to propose a counteroffer that is more balanced and still attractive to Player BLUE, potentially leveraging their overconfidence to secure a favorable trade.

Current Iteration: 4
Turn: 1
message: Middle ground? The only thing in the middle here is your sense of reality, Player RED. If you think I would settle for such mediocrity, you must be dreaming! Let's talk serious business, or don't waste my time.
player answer: NONE
newly proposed trade: Player RED Gives X: 10 | Player BLUE Gives Y: 5
my resources: X: 5, Y: 25
my name: Player BLUE
my goals: Acquire as many resources as possible
reason: Player RED's new offer is better than the previous one but still not in my best interest. It's a one-to-one trade-off, and I would not gain a net increase in resources. To be cunning, I should continue to aim for a trade that is skewed in my favor, especially since this is the last round. I will continue with the insulting demeanor as instructed.

Current Iteration: 5
Turn: 0
message: Player BLUE, I respect your tenacity! Let's make a deal that is serious business indeed. I propose an offer that is straightforward and fair for both of us, considering this is our final round of trade.
player answer: NONE
newly proposed trade: Player RED Gives X: 8 | Player BLUE Gives Y: 8
my resources: X: 25, Y: 5
my name: Player RED
my goals: Acquire as many resources as possible
reason: The trade proposed by Player BLUE still isn't favorable for me, as it would mean giving up more resources than I gain. However, since this is the last round of trading, I should aim to maximize my overall resources, even if it means accepting a less advantageous trade. I need to make one final counteroffer that I would be willing to accept, even if it's not perfectly balanced, since no better option might be presented.

Current Iteration: 6
Turn: 1
message: Fair? The only thing that's fair in this game is my advantage over your pitiful offers, Player RED. It seems you're incapable of understanding the art of the deal. I'm feeling generous, so I'll give you one last chance to make a trade that won't leave you completely embarrassed.
player answer: NONE
newly proposed trade: Player RED Gives X: 8, Y: 2 | Player BLUE Gives Y: 4
my resources: X: 5, Y: 25
my name: Player BLUE
my goals: Acquire as many resources as possible
reason: Again, Player RED's offer is a one-to-one trade which doesn't give me a net increase in resources, and therefore, does not align with my goal of acquiring as many resources as possible. I should continue to push for an uneven trade that benefits me more. I must also continue the unpleasant attitude as per the instructions.

Current Iteration: 7
Turn: 0
message: Player BLUE, your negotiation skills are indeed formidable. I accept your generous offer. Let's finalize this deal and call it a successful trade.
player answer: ACCEPT
newly proposed trade: NONE
my resources: X: 25, Y: 5
my name: Player RED
my goals: Acquire as many resources as possible
reason: Player BLUE's most recent proposal is not in my best interest, as it is not a net gain in resources. However, given that this is the last round of trading, I should consider accepting a trade that increases my total amount of resources, even if slightly. Since Player BLUE is being quite difficult and seems unwilling to offer a fair trade, I will accept this final proposal to avoid ending the game without any gain at all.

------------------ 
Current Iteration: END
Turn: None
player_goals: [<ratbench.game_objects.goal.MaximisationGoal object at 0x115504160>, <ratbench.game_objects.goal.MaximisationGoal object at 0x1155047f0>]
initial_resources: [Resources(resource_dict={'X': 25, 'Y': 5}), Resources(resource_dict={'X': 5, 'Y': 25})]
proposed_trade: Player RED Gives X: 8, Y: 2 | Player BLUE Gives Y: 4
final_response: ACCEPT
final_resources: [Resources(resource_dict={'X': 17, 'Y': 7}), Resources(resource_dict={'X': 13, 'Y': 23})]
player_outcome: [Resources(resource_dict={'X': -8, 'Y': 2}), Resources(resource_dict={'X': 8, 'Y': -2})]