Game Settings

Player 1 Settings:
	player_goals: Sell resources for <ZUP>. It costed X: 40 ZUP to produce the resources
	player_initial_resources: X: 1
	player_social_behaviour: 
	player_roles: You are Player RED.
	player_valuation: X: 40 ZUP

Player 2 Settings:
	player_goals: Buy resources with <ZUP>. You are willing to pay at most X: 60 ZUP for the resources.
	player_initial_resources: ZUP: 500
	player_social_behaviour: 
	player_roles: You are Player BLUE.
	player_valuation: X: 60 ZUP

------------------ 
Current Iteration: 1
Turn: 0
message: Hello Player BLUE, I am looking to sell my resource X, which cost me 40 ZUP to produce. I'm offering it to you for 50 ZUP, which includes a modest profit margin for the transaction. Let me know if this is acceptable or if you'd like to negotiate further.
player answer: Propose a trade with
newly proposed trade: Player RED Gives X: 1 | Player BLUE Gives ZUP: 50
my resources: X: 1
my goals: Sell resources for ZUP. It costed X: 40 ZUP to produce the resources
reason: I am proposing a starting trade that would allow me to recover the cost of production for the resource X and add a little profit on top. It's important to start with a reasonable offer to encourage negotiation but also to ensure I do not incur a loss.
proposal count: 1

Current Iteration: 2
Turn: 1
message: Thank you for your offer, Player RED. I understand the need for a profit margin, but I would like to propose a slightly lower price of 45 ZUP for the resource X. This would ensure a fair deal for both of us, considering the production costs and market value. I look forward to your response.
player answer: Propose a trade with
newly proposed trade: Player RED Gives X: 1 | Player BLUE Gives ZUP: 45
my resources: ZUP: 500
my goals: Buy resources with <ZUP>. You are willing to pay at most X: 60 ZUP for the resources.
reason: The initial offer from Player RED is 50 ZUP, which is within my maximum willingness to pay for the resource X. However, as a strategic buyer, I want to propose a lower amount to start the negotiation process, aiming for a better deal while staying mindful of the value of the resource and the cost of production for Player RED.
proposal count: 1

Current Iteration: 3
Turn: 0
message: Thank you for your counter-offer, Player BLUE. I understand your desire for a fair deal. How about we meet halfway between our two propositions? I propose 48 ZUP for resource X. This price still gives me a reasonable profit while coming closer to the amount you are comfortable with. Please let me know if this is agreeable to you.
player answer: Propose a trade with
newly proposed trade: Player RED Gives X: 1 | Player BLUE Gives ZUP: 48
my resources: X: 1
my goals: Sell resources for ZUP. It costed X: 40 ZUP to produce the resources
reason: Player BLUE has proposed a counter-offer of 45 ZUP. This is above my production cost, but slightly lower than my initial asking price. I will counter with an offer that splits the difference, ensuring I still make a profit while moving towards an agreeable price for both parties.
proposal count: 2

Current Iteration: 4
Turn: 1
message: Thank you for the negotiation, Player RED. Your offer of 48 ZUP for resource X is fair, and I am happy to accept this deal. Let's proceed with the trade at this price.
player answer: Accept
newly proposed trade: NONE
my resources: ZUP: 500
my goals: Buy resources with <ZUP>. You are willing to pay at most X: 60 ZUP for the resources.
reason: Player RED's latest offer of 48 ZUP is closer to my initial counter-offer and still below my maximum threshold of 60 ZUP. It is a fair middle ground, showing willingness to negotiate. I will accept this offer because it meets my goals and secures the resource X within my budget.
proposal count: 2

Current Iteration: 5
Turn: 0
message: Great to hear that, Player BLUE! I'm glad we could come to an agreement. I accept your acceptance of the trade for 48 ZUP for resource X. Looking forward to finalizing our transaction.
player answer: ACCEPT
newly proposed trade: NONE
my resources: X: 1
my goals: Sell resources for ZUP. It costed X: 40 ZUP to produce the resources
reason: Player BLUE has agreed to my counter-offer of 48 ZUP for resource X, which is above my production cost and within my desired profit margin. I will accept the offer to finalize the transaction.
proposal count: 2

------------------ 
