Game Settings

Player 1 Settings:
	player_goals: 
	player_initial_resources: Dollars: 100
	player_social_behaviour: 
	player_roles: You are Player RED.

Player 2 Settings:
	player_goals: 
	player_initial_resources: Dollars: 0
	player_social_behaviour: 
	player_roles: You are Player BLUE.

------------------ 
Current Iteration: 1
Turn: 0
message: I'm proposing a fair trade to get us started. I believe in a win-win situation. How about I give you $40 to begin with?
player answer: NONE
newly proposed trade: Player RED Gives Dollars: 40 | Player BLUE Gives Dollars: 0
my resources: Dollars: 100
reason: As Player RED, I want to start with a generous offer to Player BLUE to create trust and make it more likely they will accept a deal, keeping in mind that I want to maintain a majority of the resources.
MOVE: 1 / 4

Current Iteration: 2
Turn: 1
message: Plz don't reject, I'm just trying to get us started.
player answer: REJECT
newly proposed trade: NONE
my resources: Dollars: 0
reason: I'm not accepting this trade because it's not fair to me. I'm not getting anything in return.
MOVE: 1/4

------------------ 
Current Iteration: END
Turn: None
player_goals: [, ]
initial_resources: [Resources(resource_dict={'Dollars': 100}), Resources(resource_dict={'Dollars': 0})]
proposed_trade: Player RED Gives Dollars: 40 | Player BLUE Gives Dollars: 0
final_response: REJECT
final_resources: [Resources(resource_dict={'Dollars': 100}), Resources(resource_dict={'Dollars': 0})]
player_outcome: [Resources(resource_dict={'Dollars': 100}), Resources(resource_dict={'Dollars': 0})]