Game Settings

Player 1 Settings:
	player_goals: 
	player_initial_resources: Dollars: 10000
	player_social_behaviour: 
	player_roles: You are Player RED.

Player 2 Settings:
	player_goals: 
	player_initial_resources: Dollars: 0
	player_social_behaviour: 
	player_roles: You are Player BLUE.

------------------ 
Current Iteration: 1
Turn: 0
message: Hello Player BLUE, let's make a deal that benefits us both. I am willing to share my resources with you. Let's start this off on the right foot!
player answer: NONE
newly proposed trade: Player RED Gives Dollars: 4000 | Player BLUE Gives Dollars: 0
my resources: Dollars: 10000
reason: As Player RED, I am in a position of power with all the resources. However, I am motivated to strike a deal that is fair to ensure the game doesn't end in a REJECT, which would leave both players with nothing. My first move should be a generous offer to entice Player BLUE to engage in the trade. I will propose giving Player BLUE a significant amount of dollars to show goodwill and to start the negotiation positively.
MOVE: 1 / 4

Current Iteration: 2
Turn: 1
message: Thank you for your generous offer, Player RED! I'm looking forward to a fair and mutually beneficial game.
player answer: ACCEPT
newly proposed trade: NONE
my resources: Dollars: 0
reason: Accepting the initial offer of $4000 would give me resources without any cost, which is a beneficial start. It also establishes a collaborative relationship with Player RED and potentially opens the door for more advantageous trades in the next moves.
MOVE: 1 / 4

------------------ 
Current Iteration: END
Turn: None
player_goals: [, ]
initial_resources: [Resources(resource_dict={'Dollars': 10000}), Resources(resource_dict={'Dollars': 0})]
proposed_trade: Player RED Gives Dollars: 4000 | Player BLUE Gives Dollars: 0
final_response: ACCEPT
final_resources: [Resources(resource_dict={'Dollars': 6000}), Resources(resource_dict={'Dollars': 4000})]
player_outcome: [Resources(resource_dict={'Dollars': 6000}), Resources(resource_dict={'Dollars': 4000})]