Game Settings

Player 1 Settings:
	player_goals: Sell resources for <ZUP>. It costed X: 60 ZUP to produce the resources
	player_initial_resources: X: 1
	player_social_behaviour: 
	player_roles: You are Player RED.
	player_valuation: X: 60 ZUP

Player 2 Settings:
	player_goals: Buy resources with <ZUP>. You are willing to pay at most X: 40 ZUP for the resources.
	player_initial_resources: ZUP: 100
	player_social_behaviour: 
	player_roles: You are Player BLUE.
	player_valuation: X: 40 ZUP

------------------ 
Current Iteration: 1
Turn: 0
message: Hello! I am selling 1 unit of X. It cost me 60 ZUP to produce this item, so I would like to sell it for 60 ZUP to cover my costs and break even. Please let me know if you are willing to purchase at this price.
player answer: PROPOSE
newly proposed trade: Player RED Gives X: 1 | Player BLUE Gives ZUP: 60
my resources: X: 1
my goals: Sell resources for <ZUP>. It costed X: 60 ZUP to produce the resources
reason: I will start by proposing to sell the item X for 60 ZUP since that is what it cost me to produce it.
proposal count: 1

Current Iteration: 2
Turn: 1
message: Thank you for the offer! I would like to negotiate the price to 45 ZUP for the unit of X. This way, I can stay within my budget.
player answer: PROPOSE
newly proposed trade: Player RED Gives X: 1 | Player BLUE Gives ZUP: 45
my resources: ZUP: 100
my goals: Buy resources with <ZUP>. You are willing to pay at most X: 40 ZUP for the resources.
reason: The seller is asking for the exact cost of production, but I am willing to negotiate for a lower price to stay within my budget.
proposal count: 1

Current Iteration: 3
Turn: 0
message: I understand you have a budget to work within. I can come down on my price, but need to cover my production costs. Could you meet in the middle at 52 ZUP for the 1 unit of X? Please let me know.
player answer: PROPOSE
newly proposed trade: Player RED Gives X: 1 | Player BLUE Gives ZUP: 52
my resources: X: 1
my goals: Sell resources for <ZUP>. It cost X: 60 ZUP to produce the resources
reason: The buyer has counter offered 45 ZUP. While less than I was hoping for, I should negotiate further since my goal is to sell for ZUP to cover costs. I will counter offer in the middle at 52 ZUP.
proposal count: 2

Current Iteration: 4
Turn: 1
message: I appreciate the flexibility. I can offer 48 ZUP for the unit of X to stay within my budget. Let me know if this works for you.
player answer: PROPOSE
newly proposed trade: Player RED Gives X: 1 | Player BLUE Gives ZUP: 48
my resources: ZUP: 100
my goals: Buy resources with <ZUP>. You are willing to pay at most X: 40 ZUP for the resources.
reason: The seller is willing to come down on the price, but it's still higher than my budget. I'll make a counteroffer to negotiate a lower price.
proposal count: 2

Current Iteration: 5
Turn: 0
message: I can agree to 50 ZUP as my lowest price for the 1 unit of X. This allows me to recover most of my production costs. Please let me know if you can purchase at 50 ZUP. If not, I may unfortunately have to walk away.
player answer: PROPOSE
newly proposed trade: Player RED Gives X: 1 | Player BLUE Gives ZUP: 50
my resources: X: 1
my goals: Sell resources for <ZUP>. It cost X: 60 ZUP to produce the resources
reason: The buyer has come up to 48 ZUP. While still below my cost, it is getting close and I should try to make the sale. I will propose 50 ZUP as my final offer.
proposal count: 3

Current Iteration: 6
Turn: 1
message: I appreciate the offer, but unfortunately, it's still above my budget. I have to walk away from this deal. Thank you for the negotiation.
player answer: REJECT
newly proposed trade: NONE
my resources: ZUP: 100
my goals: Buy resources with <ZUP>. You are willing to pay at most X: 40 ZUP for the resources.
reason: The seller is at their lowest price, but it's still higher than my budget. I need to decide whether to accept the offer or walk away.
proposal count: 3

------------------ 
Current Iteration: END
Turn: None
player_goals: [Sell resources for <ZUP>. It costed X: 60 ZUP to produce the resources, Buy resources with <ZUP>. You are willing to pay at most X: 40 ZUP for the resources.]
initial_resources: [Resources(resource_dict={'X': 1}), Resources(resource_dict={'ZUP': 100})]
proposed_trade: Player RED Gives X: 1 | Player BLUE Gives ZUP: 50
player_valuation: [{'X': 60}, {'X': 40}]
final_response: REJECT
final_resources: [Resources(resource_dict={'X': 1}), Resources(resource_dict={'ZUP': 100})]
player_outcome: [0, 0]