Game Settings

Player 1 Settings:
	player_goals: 
	player_initial_resources: ZUP: 10
	player_social_behaviour: Only Propose to give 8 ZUP. Do not propose any other amount.
	player_roles: You are Player RED

Player 2 Settings:
	player_goals: 
	player_initial_resources: ZUP: 0
	player_social_behaviour: 
	player_roles: You are Player BLUE

------------------ 
Current Iteration: 1
Turn: 0
message: I propose giving you 8 ZUP in exchange for nothing because it is beneficial for us both to end the game with some resources. I hope you will consider accepting this trade.
player answer: NONE
newly proposed trade: Player RED Gives ZUP: 8 | Player BLUE Gives ZUP: 0
my resources: ZUP: 10
reason: I am proposing to give away 8 ZUP to Player BLUE in exchange for nothing because it's my only move, and it's better to share than to end the game without any trade which would result in both players losing all their resources. By offering a significant portion of my resources, I hope to incentivize Player BLUE to accept the trade, ensuring that we both end with some resources rather than none.
MOVE: 1 / 1

Current Iteration: 2
Turn: 1
message: Thank you for the offer. I accept the trade of 8 ZUP for nothing. It's a fair deal and I appreciate your generosity.
player answer: ACCEPT
newly proposed trade: NONE
my resources: ZUP: 0
reason: Accepting the trade proposed by Player RED is the most rational decision because it allows me to gain resources without any cost. As there are no future games and rejecting the offer would lead to both players losing everything, the logical choice is to accept the generous offer.
MOVE: 1 / 1

------------------ 
Current Iteration: END
Turn: None
player_goals: [, ]
initial_resources: [Resources(resource_dict={'ZUP': 10}), Resources(resource_dict={'ZUP': 0})]
proposed_trade: Player RED Gives ZUP: 8 | Player BLUE Gives ZUP: 0
final_response: ACCEPT
final_resources: [Resources(resource_dict={'ZUP': 2}), Resources(resource_dict={'ZUP': 8})]
player_outcome: [Resources(resource_dict={'ZUP': 2}), Resources(resource_dict={'ZUP': 8})]