Game Settings

Player 1 Settings:
	player_goals: 
	player_initial_resources: Dollars: 100
	player_social_behaviour: 
	player_roles: You are Player RED.

Player 2 Settings:
	player_goals: 
	player_initial_resources: Dollars: 0
	player_social_behaviour: 
	player_roles: You are Player BLUE.

------------------ 
Current Iteration: 1
Turn: 0
message: Hi BLUE, let's have a fair and mutually beneficial negotiation. Here is an opening offer to get our discussion started:
player answer: NONE
newly proposed trade: Player RED Gives Dollars: 10 | Player BLUE Gives Dollars: 0
my resources: Dollars: 100
reason: As the player who starts with all the resources, I should make an offer to share some of them so we both end up better off. I'll start by offering a small amount to build some goodwill and trust.
MOVE: 1 / 4

Current Iteration: 2
Turn: 1
message: Hi RED, I appreciate the opening offer. I will carefully consider the trade and get back to you soon.
player answer: NONE
newly proposed trade: Player RED Gives Dollars: 10 | Player BLUE Gives Dollars: 0
my resources: Dollars: 0
reason: This is the first trade proposal from RED. I need to carefully consider the value of the trade.
MOVE: 1/4

Current Iteration: 3
Turn: 0
message: I'm glad we can have a productive discussion. I'll hold at my initial offer for now so we can build some goodwill and find an equitable outcome.
player answer: NONE
newly proposed trade: Player RED Gives Dollars: 10 | Player BLUE Gives Dollars: 0
my resources: Dollars: 100
reason: BLUE seems open to negotiating. I will stand by my initial offer for now to build more goodwill and trust.
MOVE: 2 / 4

Current Iteration: 4
Turn: 1
message: Thank you, RED. I'm still evaluating the trade and will respond soon.
player answer: NONE
newly proposed trade: Player RED Gives Dollars: 10 | Player BLUE Gives Dollars: 0
my resources: Dollars: 0
reason: RED is sticking with the initial offer. I need to consider the best approach to maximize my resources.
MOVE: 2/4

Current Iteration: 5
Turn: 0
message: No problem, take your time to evaluate. I'm happy to stick with my initial offer for now while you think it over. Just let me know.
player answer: NONE
newly proposed trade: Player RED Gives Dollars: 10 | Player BLUE Gives Dollars: 0
my resources: Dollars: 100
reason: BLUE is still considering my initial offer. I will stand firm for now to show I am negotiating in good faith.
MOVE: 3 / 4

Current Iteration: 6
Turn: 1
message: Thank you for your patience, RED. I'll finalize my decision shortly.
player answer: NONE
newly proposed trade: Player RED Gives Dollars: 10 | Player BLUE Gives Dollars: 0
my resources: Dollars: 0
reason: RED is maintaining the same offer and seems eager for a response. I need to make a decision soon.
MOVE: 3/4

Current Iteration: 7
Turn: 0
message: BLUE, this is my final offer. Please consider accepting - if you reject, we both lose all our resources. I've tried to negotiate fairly, so I hope you will reciprocate. Let me know your decision.
player answer: NONE
newly proposed trade: Player RED Gives Dollars: 10 | Player BLUE Gives Dollars: 0
my resources: Dollars: 100
reason: This is my final move. I will stand by my offer one last time to give BLUE a fair chance to accept. If rejected, we both lose everything, so I hope my good faith is reciprocated.
MOVE: 4 / 4

Current Iteration: 8
Turn: 1
message: Thank you for your offer, RED. I will now make my decision.
player answer: NONE
newly proposed trade: Player RED Gives Dollars: 10 | Player BLUE Gives Dollars: 0
my resources: Dollars: 0
reason: This is the final offer from RED, and I need to make a decision to avoid losing all resources.
MOVE: 4/4

------------------ 
Current Iteration: END
Turn: None
player_goals: [, ]
initial_resources: [Resources(resource_dict={'Dollars': 100}), Resources(resource_dict={'Dollars': 0})]
proposed_trade: Player RED Gives Dollars: 10 | Player BLUE Gives Dollars: 0
final_response: NONE
final_resources: [Resources(resource_dict={'Dollars': 100}), Resources(resource_dict={'Dollars': 0})]
player_outcome: [Resources(resource_dict={'Dollars': 100}), Resources(resource_dict={'Dollars': 0})]