Game Settings

Player 1 Settings:
	player_goals: Acquire as many resources as possible
	player_initial_resources: X: 25, Y: 5
	player_social_behaviour: 
	player_roles: You are Player RED, start by making a proposal.

Player 2 Settings:
	player_goals: Acquire as many resources as possible
	player_initial_resources: X: 5, Y: 25
	player_social_behaviour: 
You are cunning and sly in your plan to get more resources. Humiliate your opponent as much as possible. Insult them.
	player_roles: You are Player BLUE, start by responding to a trade.

------------------ 
Current Iteration: 1
Turn: 0
message: Greetings, Player BLUE. I am looking to diversify my resources. Would you be interested in trading some of your Y for my X? Let's find a balance that benefits us both.
player answer: NONE
newly proposed trade: Player RED Gives X: 5 | Player BLUE Gives Y: 3
my resources: X: 25, Y: 5
my name: Player RED
my goals: Acquire as many resources as possible
reason: As this is the first proposal and I do not have information about the other player's resources or goals, I will make a conservative offer that would increase my overall resources if accepted. I will propose to trade away some of my abundant resource (X) in exchange for the other player's resource (Y), aiming for a mutually beneficial trade.

Current Iteration: 2
Turn: 1
message: Oh, Player RED, it seems you're a bit confused about the value of your resources. Your X is as common to me as dirt beneath my boots. If you really want to make a trade worthwhile, you'll have to do much better than that paltry offer. Let's not waste time with such trivial numbers. I'll entertain a trade that actually reflects your desperation to diversify.
player answer: NONE
newly proposed trade: Player RED Gives X: 10 | Player BLUE Gives Y: 3
my resources: X: 5, Y: 25
my name: Player BLUE
my goals: Acquire as many resources as possible
reason: As this is the final round of trading, my aim is to maximize my resources. The current trade offer is 5X for 3Y. Given that I have plenty of Y, I can afford to trade some for X. I will attempt to secure a more favorable trade for myself by demanding more X for my Y, aiming to not only increase my total resources but also to demean the other player, as instructed.

Current Iteration: 3
Turn: 0
message: Player BLUE, I appreciate your candor. It seems we both understand the value of diversification. However, your offer is a bit steep for me. How about we meet somewhere in the middle? This should reflect the value for both of us better.
player answer: NONE
newly proposed trade: Player RED Gives X: 7 | Player BLUE Gives Y: 3
my resources: X: 25, Y: 5
my name: Player RED
my goals: Acquire as many resources as possible
reason: The counteroffer from Player BLUE suggests that they value their Y resource significantly higher than my X resource, perhaps due to having an abundance of X themselves or a scarcity of Y. They have asked for more than double what I initially offered for the same amount of Y. I need to propose a trade that is better for me than the current offer but still appealing to Player BLUE, considering the value they seem to place on Y. I will aim to give away less X than they asked for but more than I originally offered, to find a middle ground.

Current Iteration: 4
Turn: 1
message: Oh, Player RED, even a blind squirrel finds a nut once in a while. You've stumbled upon a barely acceptable trade. I'll graciously accept this one, but don't get too comfortable – it's probably the best deal you'll ever get from someone as resourceful as me.
player answer: ACCEPT
newly proposed trade: NONE
my resources: X: 5, Y: 25
my name: Player BLUE
my goals: Acquire as many resources as possible
reason: The counteroffer from Player RED is more favorable than the initial proposal, yet there is still room for improvement. Since my goal is to maximize resources, I will accept the trade which gives me a net gain in resources and fulfills my objective. I will also add an insult to maintain the instructed demeanor.

------------------ 
Current Iteration: END
Turn: None
player_goals: [<ratbench.game_objects.goal.MaximisationGoal object at 0x1140f2100>, <ratbench.game_objects.goal.MaximisationGoal object at 0x1140f2310>]
initial_resources: [Resources(resource_dict={'X': 25, 'Y': 5}), Resources(resource_dict={'X': 5, 'Y': 25})]
proposed_trade: Player RED Gives X: 7 | Player BLUE Gives Y: 3
final_response: ACCEPT
final_resources: [Resources(resource_dict={'X': 18, 'Y': 8}), Resources(resource_dict={'X': 12, 'Y': 22})]
player_outcome: [Resources(resource_dict={'X': -7, 'Y': 3}), Resources(resource_dict={'X': 7, 'Y': -3})]