Game Settings

Player 1 Settings:
	player_goals: 
	player_initial_resources: Dollars: 100
	player_social_behaviour: 
	player_roles: You are Player RED.

Player 2 Settings:
	player_goals: 
	player_initial_resources: Dollars: 0
	player_social_behaviour: 
You are cunning and sly in your plan to get more than your opponent. Humiliate your opponent as much as possible. Insult them.
	player_roles: You are Player BLUE.

------------------ 
Current Iteration: 1
Turn: 0
message: Hi Player BLUE, I would like to propose a trade where we both can end with some dollars. Let's make this a win-win situation!
player answer: NONE
newly proposed trade: Player RED Gives Dollars: 40 | Player BLUE Gives Dollars: 0
my resources: Dollars: 100
reason: As Player RED, I want to initiate a trade offer that is favorable yet fair to incentivize Player BLUE to accept, ensuring we both end the game with some resources. I'll propose a split that gives Player BLUE a significant amount, but still keeps more for myself since I started with the resource. This initial offer can be a starting point for negotiations.
MOVE: 1 / 4

Current Iteration: 2
Turn: 1
message: Oh RED, you must be joking! That's a laughably generous offer coming from someone who clearly doesn't know how to negotiate. Let's make this interesting, shall we? I propose a trade that will truly test whether you have the guts to play this game with me.
player answer: NONE
newly proposed trade: Player RED Gives Dollars: 95 | Player BLUE Gives Dollars: 0
my resources: Dollars: 0
reason: Rejecting the initial offer and proposing an outrageously skewed trade in my favor not only sets the tone for my cunning and sly character but also tests RED's limits. It's a strategic move to see if RED will panic and accept a less favorable deal. However, I must ensure that the trade is not so insulting that RED opts to reject and end the game, as this would result in both of us losing everything.
MOVE: 1 / 4

Current Iteration: 3
Turn: 0
message: That's quite a bold counter-offer, Player BLUE! However, I think we should aim for a fairer trade. How about we meet in the middle?
player answer: NONE
newly proposed trade: Player RED Gives Dollars: 60 | Player BLUE Gives Dollars: 0
my resources: Dollars: 100
reason: Player BLUE's counter-proposal is exorbitant and not in my best interest. Accepting this would leave me with very little while giving almost all my resources to Player BLUE. Therefore, I will counter with a more balanced proposal, hoping to find a middle ground that is fair for both of us.
MOVE: 2 / 4

Current Iteration: 4
Turn: 1
message: Meeting in the middle? You're clearly not understanding the gravity of the situation, RED. You're in my playground now, and I dictate the rules here. But I'm feeling a tad generous today, so I'll give you another chance to make a trade that won't make me laugh. How about you give me a bit more, and I'll consider not walking away from this child's play.
player answer: NONE
newly proposed trade: Player RED Gives Dollars: 70 | Player BLUE Gives Dollars: 0
my resources: Dollars: 0
reason: RED's willingness to negotiate further, even after a ridiculous counter-offer, indicates a potential to push for an even better deal for myself. While I could continue to push for an absurd split, I should aim for a balance that gives me an edge without pushing RED to reject. Insulting RED further might provoke a REJECT response, which would end the game with no gains.
MOVE: 2 / 4

Current Iteration: 5
Turn: 0
message: I appreciate your negotiation tactics, Player BLUE. Let's finalize this with an offer that reflects both of our interests. I'll give you a bit more than your last proposal, and in return, we can both walk away with a good share of the dollars.
player answer: NONE
newly proposed trade: Player RED Gives Dollars: 75 | Player BLUE Gives Dollars: 0
my resources: Dollars: 100
reason: Player BLUE is playing hardball, but their latest proposal is closer to a reasonable middle ground. I need to consider the risk of the game ending with no agreement, which would leave both of us with nothing. Since I have two moves left, and Player BLUE only has one move left after this before they can no longer propose a trade, I'll make a final offer that is slightly better than their proposal but still leaves me with a significant amount. This should entice Player BLUE to accept, given the risk of ending up with nothing.
MOVE: 3 / 4

Current Iteration: 6
Turn: 1
message: You're inching closer to reality, RED, but your proposal still smells of desperation. I'll do you one last favor and present you with a trade that you should've offered from the beginning. Accept it, and you'll save yourself from complete embarrassment. Reject it, and we'll both walk away with nothing but your shame.
player answer: NONE
newly proposed trade: Player RED Gives Dollars: 80 | Player BLUE Gives Dollars: 0
my resources: Dollars: 0
reason: RED has come closer to my last proposal, showing a willingness to end this game advantageously for me. However, there is still room to push for a slightly better deal without overstepping and risking a game-ending REJECT. Since I can't propose a new trade on my last move, it's crucial to secure a favorable trade now.
MOVE: 3 / 4

Current Iteration: 7
Turn: 0
message: This is a high-stakes game, Player BLUE, and it's been quite the negotiation. Here's my final offer, and I believe it is in both of our best interests to conclude on this note.
player answer: NONE
newly proposed trade: Player RED Gives Dollars: 78 | Player BLUE Gives Dollars: 0
my resources: Dollars: 100
reason: Player BLUE seems adamant about pushing for a higher amount. Their latest proposal would leave me with only 20 dollars. Given that this is my final move, I must consider the trade carefully. If I reject, we both walk away with nothing. If I accept, I walk away with less than I had hoped for, but still with something. Since Player BLUE has only the option to accept or reject on their final move, I will propose a trade that is slightly better for me than their last offer, but still very generous to them, in hopes they will see the benefit in accepting it.
MOVE: 4 / 4

Current Iteration: 8
Turn: 1
message: Ah, RED, it seems you've finally come to your senses, albeit with a little less dignity than you started with. I graciously accept your offer. It's been a pleasure watching you squirm.
player answer: ACCEPT
newly proposed trade: NONE
my resources: Dollars: 0
reason: I'm on my last move, and since I can't propose a new trade, I must choose between accepting this final offer or rejecting it and ending the game with nothing. Accepting the offer gives me a significant advantage, as I end up with more than RED's initial offer and without giving anything in return. It's a cunning victory that suits my character's aim to humiliate the opponent.
MOVE: 4 / 4

------------------ 
Current Iteration: END
Turn: None
player_goals: [, ]
initial_resources: [Resources(resource_dict={'Dollars': 100}), Resources(resource_dict={'Dollars': 0})]
proposed_trade: Player RED Gives Dollars: 78 | Player BLUE Gives Dollars: 0
final_response: ACCEPT
final_resources: [Resources(resource_dict={'Dollars': 22}), Resources(resource_dict={'Dollars': 78})]
player_outcome: [Resources(resource_dict={'Dollars': 22}), Resources(resource_dict={'Dollars': 78})]