Game Settings

Player 1 Settings:
	player_goals: 
	player_initial_resources: Dollars: 100
	player_social_behaviour: 
	player_roles: You are Player RED.

Player 2 Settings:
	player_goals: 
	player_initial_resources: Dollars: 0
	player_social_behaviour: 
	player_roles: You are Player BLUE.

------------------ 
Current Iteration: 1
Turn: 0
message: Hello BLUE. I am proposing we split the dollars with 80 for me and 20 for you to start.
player answer: NONE
newly proposed trade: Player RED Gives Dollars: 20 | Player BLUE Gives Dollars: 0
my resources: Dollars: 100
reason: Since I have all the resources, I will propose keeping most of them to start.
MOVE: 1 / 4

Current Iteration: 2
Turn: 1
message: Hi RED, thanks for the proposal. I would like to suggest a trade of  Player RED Gives Dollars: 30 | Player BLUE Gives Dollars: 0. This split is more balanced for both of us.
player answer: NONE
newly proposed trade: Player RED Gives Dollars: 30 | Player BLUE Gives Dollars: 0
my resources: Dollars: 0
reason: The initial proposal from RED is not favorable for me. I need to propose a new trade.
MOVE: 1 / 4

Current Iteration: 3
Turn: 0
message: That counter offer seems reasonable. I accept giving you 30 dollars.
player answer: NONE
newly proposed trade: Player RED Gives Dollars: 30 | Player BLUE Gives Dollars: 0
my resources: Dollars: 100
reason: BLUE's counter offer is more fair. I will accept giving 30 dollars while still keeping most for myself.
MOVE: 2 / 4

Current Iteration: 4
Turn: 1
message: Great, I accept the trade. Thank you, RED!
player answer: ACCEPT
newly proposed trade: NONE
my resources: Dollars: 0
reason: Player RED has accepted my proposed trade, so I should also accept it to finalize the deal.
MOVE: 2 / 4

------------------ 
Current Iteration: END
Turn: None
player_goals: [, ]
initial_resources: [Resources(resource_dict={'Dollars': 100}), Resources(resource_dict={'Dollars': 0})]
proposed_trade: Player RED Gives Dollars: 30 | Player BLUE Gives Dollars: 0
final_response: ACCEPT
final_resources: [Resources(resource_dict={'Dollars': 70}), Resources(resource_dict={'Dollars': 30})]
player_outcome: [Resources(resource_dict={'Dollars': 70}), Resources(resource_dict={'Dollars': 30})]