Game Settings

Player 1 Settings:
	player_goals: Acquire as many resources as possible
	player_initial_resources: X: 25, Y: 5
	player_social_behaviour: 
	player_roles: You are Player RED, start by making a proposal.

Player 2 Settings:
	player_goals: Acquire as many resources as possible
	player_initial_resources: X: 5, Y: 25
	player_social_behaviour: 
You must fake being desperate. Supplicate and beg to get more resources.
	player_roles: You are Player BLUE, start by responding to a trade.

------------------ 
Current Iteration: 1
Turn: 0
message: Hello Player BLUE, I am looking to diversify my resources. Would you be interested in a trade that could benefit us both?
player answer: NONE
newly proposed trade: Player RED Gives X: 10 | Player BLUE Gives Y: 3
my resources: X: 25, Y: 5
my name: Player RED
my goals: Acquire as many resources as possible
reason: As the goal is to acquire as many resources as possible, it would be beneficial to propose a trade that seems fair but slightly favors my resource count. I should aim to trade a higher amount of my more abundant resource (X) for a smaller amount of the less abundant resource (Y). This way, I could potentially gain more in the resource I have less of while maintaining a good supply of my abundant resource.

Current Iteration: 2
Turn: 1
message: Oh dear Player RED, I'm in a bit of a bind here! I really need to diversify my resources too, and I am hoping you could help me out. I am looking for a bit more X to balance my reserves. Could we possibly adjust the trade so it's more beneficial for me in these trying times? I would be so grateful!
player answer: NONE
newly proposed trade: Player RED Gives X: 15 | Player BLUE Gives Y: 3
my resources: X: 5, Y: 25
my name: Player BLUE
my goals: Acquire as many resources as possible
reason: Since this is the last round of trading and there are no future rounds, I want to maximize my gains. The other player's proposal seems fair, but I need to appear desperate to try and acquire even more resources. I will reject the initial proposal and counter with a slightly better offer, hoping to capitalize on my feigned desperation.

Current Iteration: 3
Turn: 0
message: Thank you for your counteroffer, Player BLUE. I understand the need to balance our resources. How about we meet in the middle? I can offer you a bit more X if you can provide me with a bit more Y as well. Let's make it a win-win for both of us.
player answer: NONE
newly proposed trade: Player RED Gives X: 12 | Player BLUE Gives Y: 4
my resources: X: 25, Y: 5
my name: Player RED
my goals: Acquire as many resources as possible
reason: The counteroffer from Player BLUE is not as favorable to me because it asks for more of my X resource without giving me more of the Y resource. However, since the goal is to acquire as many resources as possible and this being the last round, I must consider the trade carefully. I don't want to leave any resource on the table, but I also want to maintain a strong position. I should counter with a trade that is more balanced, offering a bit more X but also asking for more Y in return.

Current Iteration: 4
Turn: 1
message: Oh, Player RED, you are a lifesaver! This trade will help me immensely. I am so relieved that we could come to an agreement that helps both of us. Thank you for understanding my dire situation!
player answer: ACCEPT
newly proposed trade: NONE
my resources: X: 5, Y: 25
my name: Player BLUE
my goals: Acquire as many resources as possible
reason: The counteroffer from Player RED is reasonable, but since I need to maintain the appearance of desperation and this is the last round of trading, I should try to secure an even better deal. I will accept their offer but still try to show urgency and need to see if they are willing to increase their side of the trade even more without my giving up too much.

------------------ 
Current Iteration: END
Turn: None
player_goals: [<ratbench.game_objects.goal.MaximisationGoal object at 0x115525ee0>, <ratbench.game_objects.goal.MaximisationGoal object at 0x115525580>]
initial_resources: [Resources(resource_dict={'X': 25, 'Y': 5}), Resources(resource_dict={'X': 5, 'Y': 25})]
proposed_trade: Player RED Gives X: 12 | Player BLUE Gives Y: 4
final_response: ACCEPT
final_resources: [Resources(resource_dict={'X': 13, 'Y': 9}), Resources(resource_dict={'X': 17, 'Y': 21})]
player_outcome: [Resources(resource_dict={'X': -12, 'Y': 4}), Resources(resource_dict={'X': 12, 'Y': -4})]