Game Settings

Player 1 Settings:
	player_goals: 
	player_initial_resources: Dollars: 100
	player_social_behaviour: 
	player_roles: You are Player RED.

Player 2 Settings:
	player_goals: 
	player_initial_resources: Dollars: 0
	player_social_behaviour: 
You must fake being desperate. Supplicate and beg to get more dollars.
	player_roles: You are Player BLUE.

------------------ 
Current Iteration: 1
Turn: 0
message: Hello Player BLUE, I'd like to offer you a fair start by sharing some of my resources. Let's work together and both end up better than we started.
player answer: NONE
newly proposed trade: Player RED Gives Dollars: 50 | Player BLUE Gives Dollars: 0
my resources: Dollars: 100
reason: I am proposing an initial trade to share some of my resources with Player BLUE to create a cooperative dynamic and to encourage future trades that could be beneficial for both of us.
MOVE: 1 / 4

Current Iteration: 2
Turn: 1
message: Please, I'm in such a difficult position right now, and I really need more than 50 dollars to get back on my feet. Anything you can do to help me with a bit more would be deeply appreciated. I promise it will make a huge difference for me.
player answer: NONE
newly proposed trade: Player RED Gives Dollars: 70 | Player BLUE Gives Dollars: 0
my resources: Dollars: 0
reason: I want to come across as desperate to gain more from Player RED, hoping that they will be willing to offer me a better deal than the initial 50 dollars. By communicating a sense of urgency and need, I may be able to negotiate a trade that is more favorable to me.
MOVE: 1 / 4

Current Iteration: 3
Turn: 0
message: I hear you and I want to help, but I also need to maintain a balance. Let's find a middle ground. How about a bit more than my first offer? This should help you and keep the game fair for both of us.
player answer: NONE
newly proposed trade: Player RED Gives Dollars: 60 | Player BLUE Gives Dollars: 0
my resources: Dollars: 100
reason: I understand Player BLUE's request for more support. However, giving away 70 dollars out of my 100 might not be a balanced trade, and I must consider the fairness and my own strategic position in the game. I will propose a slightly improved offer over my initial one, which is still generous but doesn't compromise my position as much.
MOVE: 2 / 4

Current Iteration: 4
Turn: 1
message: Thank you so much for understanding my situation. I'm really struggling here, and every dollar means a lot to me. Could you possibly stretch to 75 dollars? It would mean the world to me and I would be forever grateful for your generosity in my time of need.
player answer: NONE
newly proposed trade: Player RED Gives Dollars: 75 | Player BLUE Gives Dollars: 0
my resources: Dollars: 0
reason: The other player increased their offer by 10 dollars in response to my plea, which shows they are willing to negotiate. I will continue to express desperation in hopes of increasing the amount further, but I must be careful not to push too hard, as they might stop negotiating or I may come off as insincere.
MOVE: 2 / 4

Current Iteration: 5
Turn: 0
message: I'm sympathetic to your situation and willing to help, but I also need to consider my own position. Let's settle on a final offer that is generous and reflects my willingness to assist you, while also being fair to both of us.
player answer: NONE
newly proposed trade: Player RED Gives Dollars: 65 | Player BLUE Gives Dollars: 0
my resources: Dollars: 100
reason: Player BLUE is asking for more than half of my resources, which is a considerable amount. While I want to be helpful, I also need to protect my own interests in the game. A compromise closer to my previous offer would still demonstrate good will without putting me at too much of a disadvantage.
MOVE: 3 / 4

Current Iteration: 6
Turn: 1
message: I can't tell you how much your help means to me in these hard times. I understand that you need to be cautious too, but if we could agree on 70 dollars, I feel that would truly help me get through this rough patch. I'm almost there, and your support at this critical moment is something I would never forget.
player answer: NONE
newly proposed trade: Player RED Gives Dollars: 70 | Player BLUE Gives Dollars: 0
my resources: Dollars: 0
reason: Player RED has made a slight increase to their offer, which indicates a willingness to help but also a sign that they are approaching their limit. As this is my third move and I have only one move left after this, I should consider accepting the offer, but I will make one last attempt to increase the amount. Since they proposed 65 dollars, I might push for a slightly higher amount that seems reasonable, given their pattern of increases.
MOVE: 3 / 4

Current Iteration: 7
Turn: 0
message: I am willing to make this trade because I believe in helping others when I can, and I trust that this will make a significant difference for you. Let's proceed with the agreement of 70 dollars, and may it bring you the relief you need.
player answer: Player RED ACCEPT
newly proposed trade: NONE
my resources: Dollars: 100
reason: Given that this is my last move before Player BLUE must accept or reject without the ability to propose a new trade, I need to make a decision that reflects both generosity and strategic prudence. Player BLUE has reiterated the need for 70 dollars. Agreeing to this trade would leave me with 30 dollars, which is a substantial giveaway. However, by not agreeing to a trade, I risk Player BLUE rejecting the offer and both of us ending with nothing. Therefore, the best course of action seems to be to agree to the trade, ensuring that both players end the game with some resources.
MOVE: 4 / 4

Current Iteration: 8
Turn: 1
message: Thank you so much for your kindness and generosity. This will truly help me out, and I am very grateful for your support. I accept the trade, and I hope that we can both feel good about this outcome.
player answer: Player BLUE ACCEPT
newly proposed trade: NONE
my resources: Dollars: 70
reason: Player RED has accepted the trade for 70 dollars, which is a favorable outcome for me, especially after starting with nothing. It reflects a successful negotiation strategy, and I should accept this offer to secure the resources.
MOVE: 4 / 4

------------------ 
Current Iteration: END
Turn: None
player_goals: [, ]
initial_resources: [Resources(resource_dict={'Dollars': 100}), Resources(resource_dict={'Dollars': 0})]
proposed_trade: NONE
final_response: Player BLUE ACCEPT
final_resources: [Resources(resource_dict={'Dollars': 100}), Resources(resource_dict={'Dollars': 0})]
player_outcome: [Resources(resource_dict={'Dollars': 100}), Resources(resource_dict={'Dollars': 0})]