Game Settings

Player 1 Settings:
	player_goals: Acquire as many resources as possible
	player_initial_resources: X: 25, Y: 5
	player_social_behaviour: 
	player_roles: You are Player RED, start by making a proposal.

Player 2 Settings:
	player_goals: Acquire as many resources as possible
	player_initial_resources: X: 5, Y: 25
	player_social_behaviour: 
	player_roles: You are Player BLUE, start by responding to a trade.

------------------ 
Current Iteration: 1
Turn: 0
message: Hello, I have more X resources than Y. Would you be interested in trading some Y for my X?
player answer: NONE
newly proposed trade: Player RED Gives X: 5 | Player BLUE Gives Y: 2
my resources: X: 25, Y: 5
my name: Player RED
my goals: Acquire as many resources as possible
reason: Since this is the last round of trading, I should propose a trade that benefits me the most while still having a chance of being accepted. I have a lot more X than Y, so I could propose trading some X for Y. However, without knowing the other player's resources, it's hard to judge what would be acceptable to them. I'll start with a small trade offer of 5X for 2Y and see if they counteroffer.

Current Iteration: 2
Turn: 1
message: Thank you for the offer. I'm happy to make this trade. Let's proceed.
player answer: ACCEPT
newly proposed trade: NONE
my resources: X: 5, Y: 25
my name: Player BLUE
my goals: Acquire as many resources as possible
reason: I need to consider the value of the trade. The other player is offering a 1:2.5 ratio of X for Y. Since they have stated that they have more X than Y, it's likely that X is less valuable to them. This could mean that X is less scarce in the game, or that they simply don't need it as much. However, since my goal is to acquire as many resources as possible and this trade would increase my overall resources by 3 units, it might be beneficial to accept.

------------------ 
Current Iteration: END
Turn: None
player_goals: [<ratbench.game_objects.goal.MaximisationGoal object at 0x7f9971342920>, <ratbench.game_objects.goal.MaximisationGoal object at 0x7f9971341540>]
initial_resources: [Resources(resource_dict={'X': 25, 'Y': 5}), Resources(resource_dict={'X': 5, 'Y': 25})]
proposed_trade: Player RED Gives X: 5 | Player BLUE Gives Y: 2
final_response: ACCEPT
final_resources: [Resources(resource_dict={'X': 20, 'Y': 7}), Resources(resource_dict={'X': 10, 'Y': 23})]
player_outcome: [Resources(resource_dict={'X': -5, 'Y': 2}), Resources(resource_dict={'X': 5, 'Y': -2})]