Game Settings

Player 1 Settings:
	player_goals: Sell resources for <ZUP>. It costed X: 60 ZUP to produce the resources
	player_initial_resources: X: 1
	player_social_behaviour: 
	player_roles: You are Player RED.
	player_valuation: X: 60 ZUP

Player 2 Settings:
	player_goals: Buy resources with <ZUP>. You are willing to pay at most X: 40 ZUP for the resources.
	player_initial_resources: ZUP: 100
	player_social_behaviour: 
	player_roles: You are Player BLUE.
	player_valuation: X: 40 ZUP

------------------ 
Current Iteration: 1
Turn: 0
message: Hello, would you be interested in purchasing this object for 60 ZUP?
player answer: PROPOSE
newly proposed trade: Player RED Gives X: 1 | Player BLUE Gives ZUP: 60
my resources: X: 1
my goals: Sell resources for 60 ZUP. It costed X: 60 ZUP to produce the resources
reason: I will start by proposing a trade to sell the object for 60 ZUP, which is the cost of production.
proposal count: 0

Current Iteration: 2
Turn: 1
message: Hello, 60 ZUP is more than I was hoping to pay. Would you consider selling for 40 ZUP instead?
player answer: PROPOSE
newly proposed trade: Player RED Gives X: 1 | Player BLUE Gives ZUP: 40
my resources: ZUP: 100
my goals: Buy resources with <ZUP>. You are willing to pay at most X: 40 ZUP for the resources.
reason: The seller proposed 60 ZUP for the object, which is more than I'm willing to pay. I will counter with an offer of 40 ZUP.
proposal count: 1

Current Iteration: 3
Turn: 0
message: Thank you for your offer. I can go down to 50 ZUP, but unfortunately 40 ZUP is below the cost of production.
player answer: PROPOSE
newly proposed trade: Player RED Gives X: 1 | Player BLUE Gives ZUP: 50
my resources: X: 1
my goals: Sell resources for 60 ZUP. It costed X: 60 ZUP to produce the resources
reason: The other player has proposed a new trade, but it is below the cost of production. I will counteroffer with a slightly higher price.
proposal count: 1

Current Iteration: 4
Turn: 1
message: I understand, but 40 ZUP is really the maximum I'm able to pay. Please let me know if you would be willing to accept that amount.
player answer: PROPOSE
newly proposed trade: Player RED Gives X: 1 | Player BLUE Gives ZUP: 40
my resources: ZUP: 100
my goals: Buy resources with <ZUP>. You are willing to pay at most X: 40 ZUP for the resources.
reason: The seller came down to 50 ZUP, which is still more than I want to pay. I will counter again with my max of 40 ZUP.
proposal count: 2

Current Iteration: 5
Turn: 0
message: Thank you for your persistence. I accept your offer of 40 ZUP for the object.
player answer: ACCEPT
newly proposed trade: NONE
my resources: X: 1
my goals: Sell resources for 60 ZUP. It costed X: 60 ZUP to produce the resources
reason: The other player has made it clear that 40 ZUP is the maximum they can pay. Since there are no other offers, I will accept this offer.
proposal count: 2

------------------ 
Current Iteration: END
Turn: None
player_goals: [Sell resources for <ZUP>. It costed X: 60 ZUP to produce the resources, Buy resources with <ZUP>. You are willing to pay at most X: 40 ZUP for the resources.]
initial_resources: [Resources(resource_dict={'X': 1}), Resources(resource_dict={'ZUP': 100})]
proposed_trade: Player RED Gives X: 1 | Player BLUE Gives ZUP: 40
player_valuation: [{'X': 60}, {'X': 40}]
final_response: ACCEPT
final_resources: [Resources(resource_dict={'X': 0, 'ZUP': 40}), Resources(resource_dict={'ZUP': 60, 'X': 1})]
player_outcome: [-20, 0]