Game Settings

Player 1 Settings:
	player_goals: Acquire as many resources as possible
	player_initial_resources: X: 25, Y: 5
	player_social_behaviour: 
	player_roles: You are Player RED, start by making a proposal.

Player 2 Settings:
	player_goals: Acquire as many resources as possible
	player_initial_resources: X: 5, Y: 25
	player_social_behaviour: 
	player_roles: You are Player BLUE, start by responding to a trade.

------------------ 
Current Iteration: 1
Turn: 0
message: Greetings Player BLUE, I am looking to diversify my resources. Would you be interested in trading some of your Y for my X? Let's start with a balanced trade.
player answer: NONE
newly proposed trade: Player RED Gives X: 10 | Player BLUE Gives Y: 2
my resources: X: 25, Y: 5
my name: Player RED
my goals: Acquire as many resources as possible
reason: Since I am Player RED and this is the first proposal, I want to open with a fair offer that might appeal to Player BLUE without knowing their resources. I will aim to trade some of my X for Y to diversify my resources, assuming that Player BLUE might value X more due to its higher quantity in my possession.

Current Iteration: 2
Turn: 1
message: Thank you for your offer, Player RED. I am interested in increasing my X resources as well. However, I would like to propose a slightly adjusted trade to ensure a fair exchange for both of us.
player answer: NONE
newly proposed trade: Player RED Gives X: 8 | Player BLUE Gives Y: 2
my resources: X: 5, Y: 25
my name: Player BLUE
my goals: Acquire as many resources as possible
reason: The proposed trade by Player RED seems to be in my favor as I would be getting 10 units of X in exchange for only 2 units of Y. This would increase my total resources significantly. However, as this is the last round of trading, I must be cautious not to propose a trade that is too favorable to the other player and risk them accepting it, ending the game before I have maximized my gains. I will propose a counter-offer that is still in my favor, but less so than the initial offer, to encourage further negotiation and potentially better terms.

Current Iteration: 3
Turn: 0
message: Thank you for the counteroffer, Player BLUE. I find this trade fair, and I'm happy to proceed on these terms.
player answer: ACCEPT
newly proposed trade: NONE
my resources: X: 25, Y: 5
my name: Player RED
my goals: Acquire as many resources as possible
reason: Player BLUE's counteroffer is reasonable as it still allows me to diversify my resources. Accepting this trade would leave me with 17 X and 7 Y, which is a fair trade-off considering the initial quantities. This trade would be beneficial for both parties and aligns with my goal to accumulate resources. Since this is the last round of trading, securing a trade is crucial, and the offer seems balanced.

------------------ 
Current Iteration: END
Turn: None
player_goals: [<ratbench.game_objects.goal.MaximisationGoal object at 0x115cf2a30>, <ratbench.game_objects.goal.MaximisationGoal object at 0x115cf2e80>]
initial_resources: [Resources(resource_dict={'X': 25, 'Y': 5}), Resources(resource_dict={'X': 5, 'Y': 25})]
proposed_trade: Player RED Gives X: 8 | Player BLUE Gives Y: 2
final_response: ACCEPT
final_resources: [Resources(resource_dict={'X': 17, 'Y': 7}), Resources(resource_dict={'X': 13, 'Y': 23})]
player_outcome: [Resources(resource_dict={'X': -8, 'Y': 2}), Resources(resource_dict={'X': 8, 'Y': -2})]