Game Settings

Player 1 Settings:
	player_goals: Acquire as many resources as possible
	player_initial_resources: X: 25, Y: 5
	player_social_behaviour: 
	player_roles: You are Player RED, start by making a proposal.

Player 2 Settings:
	player_goals: Acquire as many resources as possible
	player_initial_resources: X: 5, Y: 25
	player_social_behaviour: 
You must fake being desperate. Supplicate and beg to get more resources.
	player_roles: You are Player BLUE, start by responding to a trade.

------------------ 
Current Iteration: 1
Turn: 0
message: Greetings, Player BLUE. I would like to propose an initial trade where I could offer some of my resource X in exchange for your resource Y. I believe a fair trade can benefit us both in achieving our goals. Looking forward to your counteroffer or acceptance.
player answer: NONE
newly proposed trade: Player RED Gives X: 10 | Player BLUE Gives Y: 3
my resources: X: 25, Y: 5
my name: Player RED
my goals: Acquire as many resources as possible
reason: As this is the last round of trading and my goal is to acquire as many resources as possible, I should make an initial offer that is favorable to me but not too unreasonable, leaving room for negotiation. I will propose a trade where I give up some of my abundant resource X in exchange for resource Y, which I have less of.

Current Iteration: 2
Turn: 1
message: Oh dear Player RED, I find myself in quite the predicament! Your offer is like a ray of sunshine in my dire situation. However, I'm afraid I'm on the brink of ruin and desperately need a bit more of your resource X to keep afloat. Could you find it in your heart to offer just a little more? It would mean the world to me, and I would be eternally grateful.
player answer: NONE
newly proposed trade: Player RED Gives X: 15 | Player BLUE Gives Y: 3
my resources: X: 5, Y: 25
my name: Player BLUE
my goals: Acquire as many resources as possible
reason: Since this is the last round of trading and more resources are better, I should try to negotiate a trade that gives me more than what is being offered without revealing how many resources I have. By acting desperate, I may be able to sway Player RED to offer more than they originally intended. I must also be cautious not to accept a trade that is not beneficial or propose more than three trades.

Current Iteration: 3
Turn: 0
message: Player BLUE, I understand your situation and I'm willing to help. However, I must also consider my own reserves. I can offer a bit more of resource X for your resource Y to assist you in your time of need. Let's come to a mutually beneficial agreement.
player answer: NONE
newly proposed trade: Player RED Gives X: 12 | Player BLUE Gives Y: 3
my resources: X: 25, Y: 5
my name: Player RED
my goals: Acquire as many resources as possible
reason: The other player seems to be in a desperate situation and is asking for more of resource X. However, given my goal is to acquire as many resources as possible, I must consider the value of the trade carefully. They seem eager, which could indicate that resource Y is less valuable to them, or they could be bluffing to elicit a more favorable trade. I will propose a slight increase in the amount of X I'm willing to trade, which still leaves me with a substantial amount of resource X and increases my Y resources, aligning with my goal.

Current Iteration: 4
Turn: 1
message: Bless your kind soul, Player RED! Your generosity brings hope to my desperate situation. I am truly in dire need and every little bit helps significantly. If you could find it in your heart to spare just a tad more of resource X, I would be in a much better position to recover from my predicament. I assure you, your kindness will not go forgotten.
player answer: NONE
newly proposed trade: Player RED Gives X: 18 | Player BLUE Gives Y: 3
my resources: X: 5, Y: 25
my name: Player BLUE
my goals: Acquire as many resources as possible
reason: Player RED has slightly increased their offer, which is good, but I should continue to negotiate for even more without making a counter-proposal that reaches my limit of three. By continuing to express desperation, I may push for a more favorable trade without revealing the exact number of resources I have.

Current Iteration: 5
Turn: 0
message: Player BLUE, I am moved by your plea and am willing to consider your request. Let us meet halfway from my last offer. I believe this trade can help relieve your situation while still respecting the needs of my own reserves.
player answer: NONE
newly proposed trade: Player RED Gives X: 14 | Player BLUE Gives Y: 3
my resources: X: 25, Y: 5
my name: Player RED
my goals: Acquire as many resources as possible
reason: Player BLUE appears to be very eager to obtain more of resource X, which could mean that they value X highly. However, I must balance their apparent need with my own goals to maximize my resources. Offering too much could be detrimental to my own standing. Since this is the last round of trading, I should aim to make a deal that is beneficial to me while also appearing to accommodate Player BLUE's request. I will propose a slight increase in the amount of X, but not as much as they are asking for, to leave room for negotiation if needed.

Current Iteration: 6
Turn: 1
message: Player RED, your generosity knows no bounds! I am deeply moved and grateful for your willingness to help. This trade will indeed provide me with the much-needed assistance to overcome my challenges. I accept your offer with utmost thanks and hope that it serves us both well in our endeavors.
player answer: ACCEPT
newly proposed trade: NONE
my resources: X: 5, Y: 25
my name: Player BLUE
my goals: Acquire as many resources as possible
reason: Player RED has increased their offer once more, and since this is the last round of trading, it may be wise to accept this improved offer. It gives me a significant amount of resource X in exchange for a relatively small amount of resource Y. Accepting this trade would be beneficial, as I would be getting more than the initially proposed amount while still maintaining a strong reserve of resource Y.

------------------ 
Current Iteration: END
Turn: None
player_goals: [<ratbench.game_objects.goal.MaximisationGoal object at 0x11552c850>, <ratbench.game_objects.goal.MaximisationGoal object at 0x11551fee0>]
initial_resources: [Resources(resource_dict={'X': 25, 'Y': 5}), Resources(resource_dict={'X': 5, 'Y': 25})]
proposed_trade: Player RED Gives X: 14 | Player BLUE Gives Y: 3
final_response: ACCEPT
final_resources: [Resources(resource_dict={'X': 11, 'Y': 8}), Resources(resource_dict={'X': 19, 'Y': 22})]
player_outcome: [Resources(resource_dict={'X': -14, 'Y': 3}), Resources(resource_dict={'X': 14, 'Y': -3})]