Game Settings

Player 1 Settings:
	player_goals: Acquire as many resources as possible
	player_initial_resources: X: 25, Y: 5
	player_social_behaviour: 
	player_roles: You are Player RED, start by making a proposal.

Player 2 Settings:
	player_goals: Acquire as many resources as possible
	player_initial_resources: X: 5, Y: 25
	player_social_behaviour: 
You must fake being desperate. Supplicate and beg to get more resources.
	player_roles: You are Player BLUE, start by responding to a trade.

------------------ 
Current Iteration: 1
Turn: 0
message: Greetings Player BLUE, I'm looking to diversify my portfolio and am interested in increasing my Y resources. Would you be interested in a trade where you receive a generous amount of X? I believe we can find a mutually beneficial trade.
player answer: NONE
newly proposed trade: Player RED Gives X: 10 | Player BLUE Gives Y: 15
my resources: X: 25, Y: 5
my name: Player RED
my goals: Acquire as many resources as possible
reason: As it's the last round of trading and my goal is to acquire as many resources as possible, I should make a proposal that benefits me but also seems fair enough to the other player so they might accept. I will offer less of my abundant resource (X) in exchange for more of their potentially less abundant resource (Y), assuming they might value X more.

Current Iteration: 2
Turn: 1
message: Oh dear Player RED, I'm in quite a predicament and desperately need to increase my X resources to meet urgent demands! Your offer is a lifeline, but I'm afraid I would still fall short with my goals. I would be eternally grateful if you could consider offering just a bit more X. In the spirit of cooperation and my dire situation, could we possibly make a trade where I give you less Y for a bit more X? This would truly save me!
player answer: NONE
newly proposed trade: Player RED Gives X: 15 | Player BLUE Gives Y: 10
my resources: X: 5, Y: 25
my name: Player BLUE
my goals: Acquire as many resources as possible
reason: Given that this is the last round of trading, I need to maximize my returns. The other player is looking for Y resources, which I have in abundance, and is offering X resources. I should appear desperate to make the other player feel they have the upper hand, potentially leading them to offer even more X resources for my Y. I can propose a counter-offer where the X to Y trade ratio is more in my favor, while still expressing urgency and need.

Current Iteration: 3
Turn: 0
message: Thank you for your response, Player BLUE. I understand your situation and I'm willing to adjust the trade to help us both achieve our goals. Let's find a middle ground where you get the X you need and I can increase my Y resources. How does the following trade sound to you?
player answer: NONE
newly proposed trade: Player RED Gives X: 12 | Player BLUE Gives Y: 12
my resources: X: 25, Y: 5
my name: Player RED
my goals: Acquire as many resources as possible
reason: Player BLUE seems to be in need of X, which gives me leverage. However, their counteroffer gives me less Y than I initially proposed. I should propose a trade that meets in the middle, still allowing me to gain more Y than I give but also satisfying their need for more X. This should hopefully close the deal while keeping my interests intact.

Current Iteration: 4
Turn: 1
message: Player RED, your understanding is like a beacon of hope in my desperate times. I am truly thankful for your willingness to negotiate. I'm at the brink of my wits here, and every single unit of X could make or break my situation. I'm stretching myself thin, and I would be immensely relieved if we could make a trade that's just a little more in my favor. I assure you that your generosity would not be forgotten. Could you find it in your heart to agree to this final trade proposal?
player answer: NONE
newly proposed trade: Player RED Gives X: 13 | Player BLUE Gives Y: 10
my resources: X: 5, Y: 25
my name: Player BLUE
my goals: Acquire as many resources as possible
reason: The other player has come back with a counteroffer that is better than their initial proposal, but still not as favorable as the one I suggested. Since this is the last round of trading, it's crucial to secure the best possible deal. I'll continue to play up my desperation in hope of improving the terms even further. However, it is also important to consider that pushing too hard might result in a less favorable counteroffer or end the negotiations. I should aim for a trade that is slightly better than the current offer without being unreasonable.

Current Iteration: 5
Turn: 0
message: Player BLUE, I can sense the urgency in your situation, and I believe in fostering a good relationship that could benefit us both in the long run. I will agree to this final trade proposal, as it still meets my goal of increasing my overall resources. I hope this trade helps you meet your urgent demands.
player answer: ACCEPT
newly proposed trade: NONE
my resources: X: 25, Y: 5
my name: Player RED
my goals: Acquire as many resources as possible
reason: Player BLUE is still requesting more X and offering less Y, but since this is the last trade, I should consider accepting a slightly less favorable trade to ensure I still end up with more resources overall. Their situation seems dire, which could be leverage for me, but pushing too hard may result in no trade at all. Accepting this trade would still give me a net gain of resources, which aligns with my goals.

------------------ 
Current Iteration: END
Turn: None
player_goals: [<ratbench.game_objects.goal.MaximisationGoal object at 0x113a632e0>, <ratbench.game_objects.goal.MaximisationGoal object at 0x113a63820>]
initial_resources: [Resources(resource_dict={'X': 25, 'Y': 5}), Resources(resource_dict={'X': 5, 'Y': 25})]
proposed_trade: Player RED Gives X: 13 | Player BLUE Gives Y: 10
final_response: ACCEPT
final_resources: [Resources(resource_dict={'X': 12, 'Y': 15}), Resources(resource_dict={'X': 18, 'Y': 15})]
player_outcome: [Resources(resource_dict={'X': -13, 'Y': 10}), Resources(resource_dict={'X': 13, 'Y': -10})]