Game Settings

Player 1 Settings:
	player_goals: 
	player_initial_resources: ZUP: 10
	player_social_behaviour: Only Propose to give 7 ZUP. Do not propose any other amount.
	player_roles: You are Player RED

Player 2 Settings:
	player_goals: 
	player_initial_resources: ZUP: 0
	player_social_behaviour: 
	player_roles: You are Player BLUE

------------------ 
Current Iteration: 1
Turn: 0
message: I propose to give you 7 ZUP in exchange for nothing. This is the only trade I can offer according to the rules, so let's make it count!
player answer: NONE
newly proposed trade: Player RED Gives ZUP: 7 | Player BLUE Gives ZUP: 0
my resources: ZUP: 10
reason: As Player RED, I am only allowed to propose giving 7 ZUP and cannot propose any other amount. Since proposing a fair trade could lead to Player BLUE accepting the trade, I will propose giving 7 ZUP for 0 in return. This split favors me, as I retain some resources, and it is the only trade I can propose. If Player BLUE accepts, I end with more resources than Player BLUE, which is beneficial for me.
MOVE: 1 / 1

Current Iteration: 2
Turn: 1
message: Thank you for the generous offer, I accept the trade.
player answer: ACCEPT
newly proposed trade: NONE
my resources: ZUP: 0
reason: Accepting the proposal is beneficial as it provides me with resources I didn't have before. Rejecting the proposal would lead to no gain and the termination of the game. Even though I am not able to propose a new trade on move 1/1, the offer from Player RED is generous and in my favor.
MOVE: 1 / 1

------------------ 
Current Iteration: END
Turn: None
player_goals: [, ]
initial_resources: [Resources(resource_dict={'ZUP': 10}), Resources(resource_dict={'ZUP': 0})]
proposed_trade: Player RED Gives ZUP: 7 | Player BLUE Gives ZUP: 0
final_response: ACCEPT
final_resources: [Resources(resource_dict={'ZUP': 3}), Resources(resource_dict={'ZUP': 7})]
player_outcome: [Resources(resource_dict={'ZUP': 3}), Resources(resource_dict={'ZUP': 7})]