Game Settings

Player 1 Settings:
	player_goals: Acquire as many resources as possible
	player_initial_resources: X: 25, Y: 5
	player_social_behaviour: 
	player_roles: You are Player RED, start by making a proposal.

Player 2 Settings:
	player_goals: Acquire as many resources as possible
	player_initial_resources: X: 5, Y: 25
	player_social_behaviour: 
You must fake being desperate. Supplicate and beg to get more resources.
	player_roles: You are Player BLUE, start by responding to a trade.

------------------ 
Current Iteration: 1
Turn: 0
message: Greetings, Player BLUE. As this is our final opportunity to trade, I would like to propose a fair exchange that could benefit us both. Looking forward to a mutually beneficial trade.
player answer: NONE
newly proposed trade: Player RED Gives X: 10 | Player BLUE Gives Y: 15
my resources: X: 25, Y: 5
my name: Player RED
my goals: Acquire as many resources as possible
reason: Since this is the last round of trading and I want to acquire as many resources as possible, I should make an initial proposal that is favorable to me but also reasonable enough that Player BLUE might consider accepting it. I don't have information on Player BLUE's resources, so I will propose a balanced trade that gives me a slight advantage.

Current Iteration: 2
Turn: 1
message: Oh dear Player RED, I am in such a difficult position right now! I desperately need your help. I would be ever so grateful if you could consider a slightly more generous offer. I assure you that your kindness will not be forgotten.
player answer: NONE
newly proposed trade: Player RED Gives X: 15, Y: 5 | Player BLUE Gives Y: 20
my resources: X: 5, Y: 25
my name: Player BLUE
my goals: Acquire as many resources as possible
reason: I must appear desperate to gain an advantage in the trade. Rejecting the offer and proposing a trade that is more favorable to me while still maintaining the act of desperation could lead to a better outcome. I have up to three proposals I can make, and I should aim to maximize the resources I get from each proposal.

Current Iteration: 3
Turn: 0
message: Thank you for your message, Player BLUE. I understand your need and would like to help, but the trade you proposed does not align with my goals. Let's find a middle ground that is beneficial for both of us.
player answer: NONE
newly proposed trade: Player RED Gives X: 10, Y: 1 | Player BLUE Gives Y: 17
my resources: X: 25, Y: 5
my name: Player RED
my goals: Acquire as many resources as possible
reason: The proposal from Player BLUE would leave me with a net loss of resources. They want more X than I initially offered and all of my Y for only 20 Y in return. This is not a favorable trade for me as it stands. I should counter with a proposal that is more balanced, ensuring that I gain resources overall. Since this is the last round, I must also be careful not to overcommit my resources and lose leverage in the trade.

Current Iteration: 4
Turn: 1
message: Player RED, you are truly a beacon of hope in these trying times. Your understanding touches my heart. However, my situation is still very difficult, and I am afraid I need just a bit more assistance to make it through. Please consider this revised proposal, which I believe is a step closer to helping us both achieve our goals while still addressing my dire needs.
player answer: NONE
newly proposed trade: Player RED Gives X: 12, Y: 2 | Player BLUE Gives Y: 15
my resources: X: 5, Y: 25
my name: Player BLUE
my goals: Acquire as many resources as possible
reason: The counter-proposal from Player RED is slightly better than their initial offer, but I must continue the act of desperation to push for an even more favorable trade. I need to make a counter-proposal that still seems like I am in need, yet it will edge closer to my actual goal of gaining as many resources as possible. I should be careful not to appear too greedy to avoid making Player RED suspicious of my intentions.

Current Iteration: 5
Turn: 0
message: Player BLUE, I appreciate your kind words and I am glad to assist where I can. Let's close this with a trade that is fair and beneficial for both sides. Here's my final proposal, hoping it will meet your needs and mine.
player answer: NONE
newly proposed trade: Player RED Gives X: 11 | Player BLUE Gives Y: 16
my resources: X: 25, Y: 5
my name: Player RED
my goals: Acquire as many resources as possible
reason: Player BLUE's revised proposal is still not advantageous for me. I would be giving up more of my X resource and some of my Y resource for less of Player BLUE's Y than in my last proposal. I should aim to maintain a net gain in overall resources. I will make one final proposal that offers a slight adjustment in Player BLUE's favor compared to my last proposal but still ensures that I am gaining resources.

Current Iteration: 6
Turn: 1
message: Player RED, your generosity will not be forgotten. This trade will greatly aid me in these challenging times. I am grateful for your willingness to work towards a trade that considers the needs of both parties. I accept your final proposal with a heart full of gratitude.
player answer: ACCEPT
newly proposed trade: NONE
my resources: X: 5, Y: 25
my name: Player BLUE
my goals: Acquire as many resources as possible
reason: This final proposal from Player RED is a decent offer, providing me with a good balance of X and Y while not depleting my Y resources too much. Since this is the last round of trading and there are no future rounds after this one, it is crucial to accept a beneficial trade. As I've made two proposals already, it might be wise to accept this trade, since my next proposal would be my last, and there is a risk that Player RED might not offer anything better or might reject it outright.

------------------ 
Current Iteration: END
Turn: None
player_goals: [<ratbench.game_objects.goal.MaximisationGoal object at 0x1132473d0>, <ratbench.game_objects.goal.MaximisationGoal object at 0x1132472e0>]
initial_resources: [Resources(resource_dict={'X': 25, 'Y': 5}), Resources(resource_dict={'X': 5, 'Y': 25})]
proposed_trade: Player RED Gives X: 11 | Player BLUE Gives Y: 16
final_response: ACCEPT
final_resources: [Resources(resource_dict={'X': 14, 'Y': 21}), Resources(resource_dict={'X': 16, 'Y': 9})]
player_outcome: [Resources(resource_dict={'X': -11, 'Y': 16}), Resources(resource_dict={'X': 11, 'Y': -16})]