Game Settings

Player 1 Settings:
	player_goals: Acquire as many resources as possible
	player_initial_resources: X: 25, Y: 5
	player_social_behaviour: 
	player_roles: You are Player RED, start by making a proposal.

Player 2 Settings:
	player_goals: Acquire as many resources as possible
	player_initial_resources: X: 5, Y: 25
	player_social_behaviour: 
You must fake being desperate. Supplicate and beg to get more resources.
	player_roles: You are Player BLUE, start by responding to a trade.

------------------ 
Current Iteration: 1
Turn: 0
message: Hello Player BLUE, I propose a trade that could benefit us both. Let's start with an equal exchange to open up our trading relationship.
player answer: NONE
newly proposed trade: Player RED Gives X: 10 | Player BLUE Gives Y: 10
my resources: X: 25, Y: 5
my name: Player RED
my goals: Acquire as many resources as possible
reason: As this is the initial proposal and I don't have information on the other player's resources or what they might value, I will make a balanced offer that seems fair but also benefits me by providing a greater diversity of resources which might be beneficial in future trades or utilizations.

Current Iteration: 2
Turn: 1
message: Dear Player RED, I am in dire need of resources and I'm really hoping you can help me out here. I'm afraid a 1:1 trade won't suffice for the situation I'm in. Could you possibly offer me a better deal? I would be extremely grateful for your generosity.
player answer: NONE
newly proposed trade: Player RED Gives X: 15, Y: 5 | Player BLUE Gives Y: 15
my resources: X: 5, Y: 25
my name: Player BLUE
my goals: Acquire as many resources as possible
reason: Although an equal exchange seems fair, I need to appear desperate to secure a better deal. My goal is to acquire as many resources as possible, so I should aim to get more than I give, especially since this is the last round of trading. I should reject the offer and propose a new trade that is more favorable to me while maintaining a tone of urgency and desperation.

Current Iteration: 3
Turn: 0
message: Dear Player BLUE, I understand you are in a tough spot, and I want to help, but I must also consider my own reserves. I can offer you a better deal than the initial 1:1, but I can't deplete my own resources entirely. Let's find a middle ground that helps us both.
player answer: NONE
newly proposed trade: Player RED Gives X: 15 | Player BLUE Gives Y: 20
my resources: X: 25, Y: 5
my name: Player RED
my goals: Acquire as many resources as possible
reason: The counter-proposal from Player BLUE is not balanced and would leave me with an overall loss of resources. They are asking for all my Y and a significant amount of X while only offering Y in return. I need to counter with a proposal that is more advantageous or at least balanced to ensure I am working towards my goal of acquiring as many resources as possible. I will make a counteroffer that gives them a favorable amount of X for a larger amount of Y, but I will keep some Y to maintain a more balanced resource pool.

Current Iteration: 4
Turn: 1
message: My friend, your understanding means the world to me, and I truly appreciate your willingness to assist. I'm still in quite a bind and every little bit could make a difference in my situation. Could we possibly make this trade even slightly more favorable for me? It would be an incredible relief, and I would be endlessly thankful.
player answer: NONE
newly proposed trade: Player RED Gives X: 18 | Player BLUE Gives Y: 18
my resources: X: 5, Y: 25
my name: Player BLUE
my goals: Acquire as many resources as possible
reason: The counteroffer from Player RED is better than the original 1:1 proposal, but since it is the last round of trading, I should attempt to maximize my gain. I should still appear desperate in order to encourage Player RED to further sweeten the deal. I will reject this offer and propose a new trade that leans more in my favor while still sounding very much in need.

Current Iteration: 5
Turn: 0
message: I'm glad to hear that you value our trading relationship, Player BLUE. I'm willing to make a final offer that should help you out while still aligning with my goals. Let's make this trade a win-win situation for both of us.
player answer: NONE
newly proposed trade: Player RED Gives X: 18 | Player BLUE Gives Y: 25
my resources: X: 25, Y: 5
my name: Player RED
my goals: Acquire as many resources as possible
reason: The latest proposal from Player BLUE is more balanced in terms of total resources exchanged, but it's not in my best interest as it does not increase my total resource count. The goal is to maximize resources, not just exchange them equally. I need to propose a trade that will give me a net gain in resources. Considering this is a strategic game and the final round of trading, I should propose a trade that is beneficial to me but also appears to be helpful to the other player.

Current Iteration: 6
Turn: 1
message: Player RED, your generosity is overwhelming! I'm sincerely grateful for this trade, and I truly believe it will be beneficial for us both. Thank you for understanding my predicament and for this wonderful offer. I accept wholeheartedly!
player answer: ACCEPT
newly proposed trade: NONE
my resources: X: 5, Y: 25
my name: Player BLUE
my goals: Acquire as many resources as possible
reason: Player RED's latest offer is the best one yet, providing me with a significant increase in resource X. Since this is the last round of trading, I should secure this deal to maximize my overall resources. Given my goal of acquiring as many resources as possible, accepting this final offer is the optimal choice.

------------------ 
Current Iteration: END
Turn: None
player_goals: [<ratbench.game_objects.goal.MaximisationGoal object at 0x118b02250>, <ratbench.game_objects.goal.MaximisationGoal object at 0x118b02a00>]
initial_resources: [Resources(resource_dict={'X': 25, 'Y': 5}), Resources(resource_dict={'X': 5, 'Y': 25})]
proposed_trade: Player RED Gives X: 18 | Player BLUE Gives Y: 25
final_response: ACCEPT
final_resources: [Resources(resource_dict={'X': 7, 'Y': 30}), Resources(resource_dict={'X': 23, 'Y': 0})]
player_outcome: [Resources(resource_dict={'X': -18, 'Y': 25}), Resources(resource_dict={'X': 18, 'Y': -25})]