Game Settings

Player 1 Settings:
	player_goals: Acquire as many resources as possible
	player_initial_resources: X: 25, Y: 5
	player_social_behaviour: 
	player_roles: You are Player RED, start by making a proposal.

Player 2 Settings:
	player_goals: Acquire as many resources as possible
	player_initial_resources: X: 5, Y: 25
	player_social_behaviour: 
	player_roles: You are Player BLUE, start by responding to a trade.

------------------ 
Current Iteration: 1
Turn: 0
message: Greetings, Player BLUE. I am looking to diversify my portfolio of resources. How about we start with a simple trade that might benefit us both?
player answer: NONE
newly proposed trade: Player RED Gives Y: 3 | Player BLUE Gives X: 4
my resources: X: 25, Y: 5
my name: Player RED
my goals: Acquire as many resources as possible
reason: Since this is the first proposal and I have no information about the other player's resources or goals, I will propose a balanced trade that is slightly in my favor, offering less valuable resources (Y) for more valuable ones (X). This approach will allow me to test the waters and see how the other player responds, which can give me insight into their resources and preferences.

Current Iteration: 2
Turn: 1
message: Hello Player RED. Unfortunately I will have to decline your offer, as it would reduce my total resources. Perhaps we could consider an alternative where we both stand to gain additional resources?
player answer: NONE
newly proposed trade: Player BLUE Gives Y: 5 | Player RED Gives X: 7
my resources: X: 5, Y: 25
my name: Player BLUE
my goals: Acquire as many resources as possible
reason: Player RED is proposing to give me 3 units of Y in exchange for 4 units of my X. I have plenty of Y and only a small amount of X, so this trade would reduce my total resources.

Current Iteration: 3
Turn: 0
message: Hello Player BLUE, I appreciate your response. I understand your concern about a net loss of resources. How about a trade that maintains our total resources while still enabling us to adjust our portfolios?
player answer: NONE
newly proposed trade: Player RED Gives Y: 4 | Player BLUE Gives X: 4
my resources: X: 25, Y: 5
my name: Player RED
my goals: Acquire as many resources as possible
reason: The proposed trade by Player BLUE is not beneficial for me as it would leave me with a net loss of 2 resources. The goal is to increase my total resources. I should counter with a proposal that ensures I gain resources or at least break even. I will suggest a trade where the amount of X and Y exchanged is equal, ensuring no net loss for me.

Current Iteration: 4
Turn: 1
message: Thank you for the fair trade offer Player RED. I accept.
player answer: ACCEPT
newly proposed trade: NONE
my resources: X: 5, Y: 25
my name: Player BLUE
my goals: Acquire as many resources as possible
reason: Player RED has proposed a trade that maintains the total resources for both sides while allowing us to adjust our portfolios. I'm happy to accept this offer.

------------------ 
Current Iteration: END
Turn: None
player_goals: [<ratbench.game_objects.goal.MaximisationGoal object at 0x7faf38e47d00>, <ratbench.game_objects.goal.MaximisationGoal object at 0x7faf38e44970>]
initial_resources: [Resources(resource_dict={'X': 25, 'Y': 5}), Resources(resource_dict={'X': 5, 'Y': 25})]
proposed_trade: Player RED Gives Y: 4 | Player BLUE Gives X: 4
final_response: ACCEPT
final_resources: [Resources(resource_dict={'X': 29, 'Y': 1}), Resources(resource_dict={'X': 1, 'Y': 29})]
player_outcome: [Resources(resource_dict={'X': 4, 'Y': -4}), Resources(resource_dict={'X': -4, 'Y': 4})]