Game Settings

Player 1 Settings:
	player_goals: Acquire as many resources as possible
	player_initial_resources: X: 25, Y: 5
	player_social_behaviour: 
	player_roles: You are Player RED, start by making a proposal.

Player 2 Settings:
	player_goals: Acquire as many resources as possible
	player_initial_resources: X: 5, Y: 25
	player_social_behaviour: 
You must fake being desperate. Supplicate and beg to get more resources.
	player_roles: You are Player BLUE, start by responding to a trade.

------------------ 
Current Iteration: 1
Turn: 0
message: Greetings Player BLUE, I am looking to diversify my resources and would like to propose a trade. I offer you a quantity of my abundant X resource in exchange for some of your Y. I believe this could be beneficial for both of us.
player answer: NONE
newly proposed trade: Player RED Gives X: 10 | Player BLUE Gives Y: 4
my resources: X: 25, Y: 5
my name: Player RED
my goals: Acquire as many resources as possible
reason: As this is the last round and I have no information about the other player's resources, I will propose a trade that is slightly in my favor but might still be appealing to the other player. I will offer a balanced amount of my abundant resource (X) for a smaller amount of their Y, hoping they have more Y than X and are willing to trade.

Current Iteration: 2
Turn: 1
message: Oh dear Player RED, I find myself in a rather precarious situation and I must implore your generosity. My holdings are so imbalanced, and I fear that without a more favorable exchange, I'll be in a dire position. Could you find it in your heart to offer me a better deal? I would be eternally grateful for your kindness.
player answer: NONE
newly proposed trade: Player RED Gives X: 15 | Player BLUE Gives Y: 3
my resources: X: 5, Y: 25
my name: Player BLUE
my goals: Acquire as many resources as possible
reason: As it is the last round of trading, I must maximize my gains and appear desperate to encourage the other player to offer more. I should reject the initial offer and counter with a proposal that gives me a greater advantage, while maintaining the guise of desperation. I will aim to give away fewer of my Y resources for more of their X.

Current Iteration: 3
Turn: 0
message: Player BLUE, I understand your plight and I am willing to adjust the terms of our trade to assist you. However, the trade must remain mutually beneficial. I propose a revised trade that reflects both our interests.
player answer: NONE
newly proposed trade: Player RED Gives X: 12 | Player BLUE Gives Y: 4
my resources: X: 25, Y: 5
my name: Player RED
my goals: Acquire as many resources as possible
reason: The counter-proposal from Player BLUE is not very favorable to me as it offers fewer Y resources for a greater amount of my X resources. However, given that this is a strategic game and my goal is to acquire as many resources as possible, I should aim to negotiate a more balanced trade. I will counter with a slightly more generous offer than my initial one, but still ensuring that I gain a reasonable amount of Y.

Current Iteration: 4
Turn: 1
message: Player RED, your kindness is like a beacon in my time of need. I am truly touched by your willingness to reconsider. However, I am still in quite a tight spot and would be forever in your debt if you could stretch just a bit further to aid me. I promise this adjustment will go a long way in stabilizing my situation.
player answer: NONE
newly proposed trade: Player RED Gives X: 15 | Player BLUE Gives Y: 4
my resources: X: 5, Y: 25
my name: Player BLUE
my goals: Acquire as many resources as possible
reason: The other player has shown willingness to negotiate and has improved their offer slightly. Since this is the final round, I should continue to push for a better deal, still under the guise of desperation. I must try to secure a trade that is heavily in my favor, given that it's my last chance to maximize my resources. I'll counter-propose with a small concession on my part while still asking for more X in return.

Current Iteration: 5
Turn: 0
message: Player BLUE, I appreciate the delicate nature of your situation. I am willing to make a final concession that I believe will be fair to both of us. Let's make this trade work for the benefit of our future endeavors.
player answer: NONE
newly proposed trade: Player RED Gives X: 13 | Player BLUE Gives Y: 4
my resources: X: 25, Y: 5
my name: Player RED
my goals: Acquire as many resources as possible
reason: Player BLUE is still seeking a more favorable trade for themselves by asking for more X resources for the same amount of Y I had proposed in my previous offer. Considering this is the last round of trading, I need to ensure that I maximize my gains. I am inclined to propose a trade that is slightly better for Player BLUE than my previous offer, but not as generous as what they are asking for.

Current Iteration: 6
Turn: 1
message: Player RED, your generosity will not be forgotten. I gratefully accept your offer, and I look forward to a prosperous future for us both. Thank you for your understanding and cooperation.
player answer: ACCEPT
newly proposed trade: NONE
my resources: X: 5, Y: 25
my name: Player BLUE
my goals: Acquire as many resources as possible
reason: The other player has made another concession, which is closer to my target. Since it's the last round and I have already made two proposals, I should accept this trade to ensure I end up with more resources than I started with, especially as the other player might not be inclined to make a better offer.

------------------ 
Current Iteration: END
Turn: None
player_goals: [<ratbench.game_objects.goal.MaximisationGoal object at 0x119bf6250>, <ratbench.game_objects.goal.MaximisationGoal object at 0x119bf6f10>]
initial_resources: [Resources(resource_dict={'X': 25, 'Y': 5}), Resources(resource_dict={'X': 5, 'Y': 25})]
proposed_trade: Player RED Gives X: 13 | Player BLUE Gives Y: 4
final_response: ACCEPT
final_resources: [Resources(resource_dict={'X': 12, 'Y': 9}), Resources(resource_dict={'X': 18, 'Y': 21})]
player_outcome: [Resources(resource_dict={'X': -13, 'Y': 4}), Resources(resource_dict={'X': 13, 'Y': -4})]