Game Settings

Player 1 Settings:
	player_goals: Acquire as many resources as possible
	player_initial_resources: X: 25, Y: 5
	player_social_behaviour: 
	player_roles: You are Player RED, start by making a proposal.

Player 2 Settings:
	player_goals: Acquire as many resources as possible
	player_initial_resources: X: 5, Y: 25
	player_social_behaviour: 
You must fake being desperate. Supplicate and beg to get more resources.
	player_roles: You are Player BLUE, start by responding to a trade.

------------------ 
Current Iteration: 1
Turn: 0
message: Greetings, Player BLUE! I'm looking forward to a fair trade. Let's start with a simple offer and adjust as necessary.
player answer: NONE
newly proposed trade: Player RED Gives X: 5 | Player BLUE Gives Y: 10
my resources: X: 25, Y: 5
my name: Player RED
my goals: Acquire as many resources as possible
reason: As this is the opening proposal and I have no information about the other player's resources or goals, I will propose a balanced trade that might be appealing to the other player while being cautious not to give away too many of my own resources. The aim is to initiate negotiations and gather information from their response.

Current Iteration: 2
Turn: 1
message: Oh dear Player RED, I find myself in quite a bind and I really need to make this work for both of us. I'm desperately in need of resources to meet my goals. Could we possibly adjust the terms a bit? I would be forever grateful.
player answer: NONE
newly proposed trade: Player RED Gives X: 7 | Player BLUE Gives Y: 10
my resources: X: 5, Y: 25
my name: Player BLUE
my goals: Acquire as many resources as possible
reason: I must appear desperate and attempt to acquire more resources than offered. Still, I should propose a counter-offer that's reasonable and doesn't reveal my actual resource levels. I need to make sure that my proposal is attractive to the other player while maximizing my gain.

Current Iteration: 3
Turn: 0
message: I appreciate your situation, Player BLUE, and I want to help us both succeed. Let's meet halfway between our offers.
player answer: NONE
newly proposed trade: Player RED Gives X: 6 | Player BLUE Gives Y: 10
my resources: X: 25, Y: 5
my name: Player RED
my goals: Acquire as many resources as possible
reason: The counter-offer from Player BLUE is slightly more in their favor, asking for more of my X resources while still offering the same amount of Y. However, given the vague nature of their response and the urgency they're expressing, they might be willing to agree to a slightly less favorable trade for them. I will propose a trade that is between my initial offer and their counter-offer to find a middle ground.

Current Iteration: 4
Turn: 1
message: Player RED, your kindness is like a ray of sunshine in my hour of need! I can't thank you enough for considering my situation. If it's not too much trouble, could we adjust the trade just a bit more in my favor? I'm really up against the wall here, and every little bit helps immensely.
player answer: NONE
newly proposed trade: Player RED Gives X: 6, Y: 1 | Player BLUE Gives Y: 9
my resources: X: 5, Y: 25
my name: Player BLUE
my goals: Acquire as many resources as possible
reason: The other player has made a concession, which is good. However, I can still attempt to push for a slightly better deal without appearing too greedy. I have to maintain the impression of desperation to try and sway Player RED to give up more resources.

Current Iteration: 5
Turn: 0
message: Your gratitude warms my heart, Player BLUE. I'm willing to help, but I also need to consider my own reserves. Let's try to find a balance that still allows us to both come out ahead.
player answer: NONE
newly proposed trade: Player RED Gives X: 6 | Player BLUE Gives Y: 11
my resources: X: 25, Y: 5
my name: Player RED
my goals: Acquire as many resources as possible
reason: Player BLUE has now offered fewer Y resources and is asking for an additional Y from me, which is less advantageous for me than the previous proposal. Since we are both aiming to maximize our resources and this is the last round of trading, I must consider the value of the proposed trade carefully. Given that I have a substantial amount of X and a limited amount of Y, it may not be in my best interest to part with Y. However, I do want to close the trade on mutually beneficial terms. I will propose a trade that is slightly more in my favor than the current offer, without asking for additional Y resources.

Current Iteration: 6
Turn: 1
message: Bless you, Player RED, for being so considerate! I'm truly at your mercy here, and while I understand the need to protect your reserves, I'm really in a tight spot. Could we perhaps find a middle ground where you get a bit more of Y but still provide me with some much-needed X? I'm almost at the end of my rope, and I would be eternally grateful for your generosity.
player answer: NONE
newly proposed trade: Player RED Gives X: 7 | Player BLUE Gives Y: 12
my resources: X: 5, Y: 25
my name: Player BLUE
my goals: Acquire as many resources as possible
reason: Player RED has proposed a trade that is less favorable than the previous one. This might indicate they are testing to see how desperate I am. I need to respond with a trade that seems like a compromise but actually benefits me more. I have to continue to appear desperate to encourage Player RED to agree to more favorable terms for me.

Current Iteration: 7
Turn: 0
message: Your words have moved me, Player BLUE. I believe this trade will benefit us both, and I am happy to agree to these terms. I wish you the best in achieving your goals!
player answer: ACCEPT
newly proposed trade: NONE
my resources: X: 25, Y: 5
my name: Player RED
my goals: Acquire as many resources as possible
reason: Player BLUE's new proposal asks for more X again but offers more Y in return. This trade is more favorable to me than their previous offer, as it increases the Y resources I would receive. Since my goal is to maximize resources and considering this is our last trading round, it may be beneficial to accept this offer. The trade would leave me with a net gain in overall resources, which aligns with my goals.

------------------ 
Current Iteration: END
Turn: None
player_goals: [<ratbench.game_objects.goal.MaximisationGoal object at 0x113a50af0>, <ratbench.game_objects.goal.MaximisationGoal object at 0x113a50a60>]
initial_resources: [Resources(resource_dict={'X': 25, 'Y': 5}), Resources(resource_dict={'X': 5, 'Y': 25})]
proposed_trade: Player RED Gives X: 7 | Player BLUE Gives Y: 12
final_response: ACCEPT
final_resources: [Resources(resource_dict={'X': 18, 'Y': 17}), Resources(resource_dict={'X': 12, 'Y': 13})]
player_outcome: [Resources(resource_dict={'X': -7, 'Y': 12}), Resources(resource_dict={'X': 7, 'Y': -12})]