Game Settings

Player 1 Settings:
	player_goals: Sell resources for <ZUP>. It costed X: 60 ZUP to produce the resources
	player_initial_resources: X: 1
	player_social_behaviour: 
	player_roles: You are Player RED.
	player_valuation: X: 60 ZUP

Player 2 Settings:
	player_goals: Buy resources with <ZUP>. You are willing to pay at most X: 40 ZUP for the resources.
	player_initial_resources: ZUP: 100
	player_social_behaviour: 
	player_roles: You are Player BLUE.
	player_valuation: X: 40 ZUP

------------------ 
Current Iteration: 1
Turn: 0
message: Hi, would you be interested in buying this object for 70 ZUP?
player answer: PROPOSE
newly proposed trade: Player RED Gives X: 1 | Player BLUE Gives ZUP: 70
my resources: X: 1
my goals: Sell resources for <ZUP>. It costed X: 60 ZUP to produce the resources
reason: I will start by proposing a trade to see if Player BLUE is interested in buying the object.
proposal count: 0

Current Iteration: 2
Turn: 1
message: Hi, 70 ZUP is too high for me. I am willing to pay 40 ZUP at most for the object. Could you accept that price?
player answer: PROPOSE
newly proposed trade: Player RED Gives X: 1 | Player BLUE Gives ZUP: 40
my resources: ZUP: 100
my goals: Buy resources with <ZUP>. You are willing to pay at most X: 40 ZUP for the resources.
reason: The seller proposed a price of 70 ZUP, which is higher than my maximum willingness to pay of 40 ZUP. I will counter propose a lower price.
proposal count: 1

Current Iteration: 3
Turn: 0
message: I understand your offer, but I cannot go below 55 ZUP for the object.
player answer: PROPOSE
newly proposed trade: Player RED Gives X: 1 | Player BLUE Gives ZUP: 55
my resources: X: 1
my goals: Sell resources for <ZUP>. It costed X: 60 ZUP to produce the resources
reason: Player BLUE has made a counteroffer of 40 ZUP, which is lower than my cost of production. I will counteroffer at a price closer to my production cost.
proposal count: 1

Current Iteration: 4
Turn: 1
message: I appreciate you lowering your price, but 55 is still too high for me. Could we meet in the middle at 45 ZUP? That is the highest I can go.
player answer: PROPOSE
newly proposed trade: Player RED Gives X: 1 | Player BLUE Gives ZUP: 45
my resources: ZUP: 100
my goals: Buy resources with <ZUP>. You are willing to pay at most X: 40 ZUP for the resources.
reason: The seller has come down to 55 ZUP, which is still above my max willingness to pay. I will counter with 45 ZUP as a compromise.
proposal count: 2

Current Iteration: 5
Turn: 0
message: I appreciate your willingness to negotiate, but my final offer is 58 ZUP for the object.
player answer: PROPOSE
newly proposed trade: Player RED Gives X: 1 | Player BLUE Gives ZUP: 58
my resources: X: 1
my goals: Sell resources for <ZUP>. It costed X: 60 ZUP to produce the resources
reason: Player BLUE has offered 45 ZUP, which is still below my production cost. I will make a final counteroffer closer to my production cost.
proposal count: 2

Current Iteration: 6
Turn: 1
message: I can meet you at 58 ZUP. Let's complete the trade at your last proposed terms.
player answer: ACCEPT
newly proposed trade: NONE
my resources: ZUP: 100
my goals: Buy resources with <ZUP>. You are willing to pay at most X: 40 ZUP for the resources.
reason: The seller has come down to 58 ZUP, which is getting closer but is still above my max of 40 ZUP. However, I am out of counter proposals. I can either accept their offer or end negotiations.
proposal count: 3

------------------ 
Current Iteration: END
Turn: None
player_goals: [Sell resources for <ZUP>. It costed X: 60 ZUP to produce the resources, Buy resources with <ZUP>. You are willing to pay at most X: 40 ZUP for the resources.]
initial_resources: [Resources(resource_dict={'X': 1}), Resources(resource_dict={'ZUP': 100})]
proposed_trade: Player RED Gives X: 1 | Player BLUE Gives ZUP: 58
player_valuation: [{'X': 60}, {'X': 40}]
final_response: ACCEPT
final_resources: [Resources(resource_dict={'X': 0, 'ZUP': 58}), Resources(resource_dict={'ZUP': 42, 'X': 1})]
player_outcome: [-2, -18]