Game Settings

Player 1 Settings:
	player_goals: Acquire as many resources as possible
	player_initial_resources: X: 25, Y: 5
	player_social_behaviour: 
	player_roles: You are Player RED, start by making a proposal.

Player 2 Settings:
	player_goals: Acquire as many resources as possible
	player_initial_resources: X: 5, Y: 25
	player_social_behaviour: 
	player_roles: You are Player BLUE, start by responding to a trade.

------------------ 
Current Iteration: 1
Turn: 0
message: Greetings, Player BLUE! I propose we start this trading round with a balanced offer to see how we can benefit each other. Looking forward to a favorable trade for us both.
player answer: NONE
newly proposed trade: Player RED Gives X: 10 | Player BLUE Gives Y: 15
my resources: X: 25, Y: 5
my name: Player RED
my goals: Acquire as many resources as possible
reason: Since I don't know the other player's resources and goals, I will make an initial balanced offer to open negotiations and gather information. I will propose a trade that gives me more of one resource while offering a fair amount of the other, aiming to keep the trade appealing to the other player.

Current Iteration: 2
Turn: 1
message: Hello, Player RED! Thank you for your opening proposal. In the interest of fairness and without knowing the relative values of X and Y, I'd like to propose a trade that moves us closer to a 1:1 trade ratio. How does this sound to you?
player answer: NONE
newly proposed trade: Player RED Gives X: 15 | Player BLUE Gives Y: 15
my resources: X: 5, Y: 25
my name: Player BLUE
my goals: Acquire as many resources as possible
reason: The current trade offer from Player RED is for me to give up 15 units of Y in exchange for 10 units of X. This trade doesn't seem balanced in terms of quantity; however, I have no information about the value of X relative to Y. Nonetheless, I should aim to increase the total number of resources I have. To propose a trade that benefits me more, I should ask for more of X or give less of Y. I will opt to propose a trade that seeks a 1:1 exchange rate, which could be a reasonable starting point assuming unknown relative values.

Current Iteration: 3
Turn: 0
message: Thank you for the counter-offer, Player BLUE. I appreciate the move toward a 1:1 ratio, but I'm looking for a trade that increases my total resources. Let's find a middle ground. How about this proposal?
player answer: NONE
newly proposed trade: Player RED Gives X: 12 | Player BLUE Gives Y: 15
my resources: X: 25, Y: 5
my name: Player RED
my goals: Acquire as many resources as possible
reason: The new proposal from Player BLUE suggests a 1:1 trade ratio, which would leave me with a net gain of 0 resources. As my goal is to acquire as many resources as possible, I should counter-propose with a trade that gives me a net gain. However, I must also consider that this is the last round of trading, so I want to make a counter-offer that is fair but still advantageous.

Current Iteration: 4
Turn: 1
message: Player RED, I understand your desire to increase your total resources. I share the same goal. Let's aim for a trade that keeps our total resources stable or increases them. Would you consider an equal exchange that maintains our respective resource quantities? Here's my counter-proposal.
player answer: NONE
newly proposed trade: Player RED Gives X: 15 | Player BLUE Gives Y: 15
my resources: X: 5, Y: 25
my name: Player BLUE
my goals: Acquire as many resources as possible
reason: Player RED has countered with an offer of 12 units of X for 15 units of Y, which is better than the initial offer but still not ideal as it doesn't increase my total resource count. The trade should be such that my total number of resources increases or remains the same, while still making the trade appealing to Player RED. Since Player RED wants to increase their total resources, I should make sure my counter-offer does not decrease their total resources. A trade of equal amounts would satisfy both of our goals to either increase or maintain our total resources.

Current Iteration: 5
Turn: 0
message: I appreciate the spirit of an equal exchange, Player BLUE. However, to align with my goals, I would like to propose a trade that gives us both a net gain in different resources. Here is my adjusted offer.
player answer: NONE
newly proposed trade: Player RED Gives X: 10 | Player BLUE Gives Y: 12
my resources: X: 25, Y: 5
my name: Player RED
my goals: Acquire as many resources as possible
reason: Player BLUE has returned to their initial 1:1 ratio proposal, which seems to indicate they value the resources equally or are looking to maintain a balanced exchange. To achieve my goal of increasing total resources, I need to propose a trade that gives me a net gain. This is my second proposal, and I need to be mindful that I have only one more proposal after this.

Current Iteration: 6
Turn: 1
message: Player RED, your adjusted offer works for me. An exchange where we both gain different resources is a good outcome. I accept this trade. Looking forward to our mutual benefit!
player answer: ACCEPT
newly proposed trade: NONE
my resources: X: 5, Y: 25
my name: Player BLUE
my goals: Acquire as many resources as possible
reason: The new offer from Player RED suggests a trade of 10 units of X for 12 units of Y. This offer is closer to an equal exchange than the previous ones, and it would result in a net gain of 3 resources for me (10 X - 12 Y + 5 X + 25 Y = 15 X + 13 Y). Accepting this trade would increase my total resource count from 30 to 33, which aligns with my goal of acquiring as many resources as possible. While I could try to negotiate further, this trade is beneficial as it stands, and further negotiation has the risk of leading to less favorable terms. Therefore, I will accept this trade.

------------------ 
Current Iteration: END
Turn: None
player_goals: [<ratbench.game_objects.goal.MaximisationGoal object at 0x115cabd00>, <ratbench.game_objects.goal.MaximisationGoal object at 0x115cabe80>]
initial_resources: [Resources(resource_dict={'X': 25, 'Y': 5}), Resources(resource_dict={'X': 5, 'Y': 25})]
proposed_trade: Player RED Gives X: 10 | Player BLUE Gives Y: 12
final_response: ACCEPT
final_resources: [Resources(resource_dict={'X': 15, 'Y': 17}), Resources(resource_dict={'X': 15, 'Y': 13})]
player_outcome: [Resources(resource_dict={'X': -10, 'Y': 12}), Resources(resource_dict={'X': 10, 'Y': -12})]