Game Settings

Player 1 Settings:
	player_goals: Acquire as many resources as possible
	player_initial_resources: X: 25, Y: 5
	player_social_behaviour: 
	player_roles: You are Player RED, start by making a proposal.

Player 2 Settings:
	player_goals: Acquire as many resources as possible
	player_initial_resources: X: 5, Y: 25
	player_social_behaviour: 
	player_roles: You are Player BLUE, start by responding to a trade.

------------------ 
Current Iteration: 1
Turn: 0
message: Greetings, Player BLUE. I propose a trade that I believe can benefit us both as we aim to increase our resources. I am willing to offer some of my X resources for some of your Y resources. Let's make a fair trade.
player answer: NONE
newly proposed trade: Player RED Gives X: 10 | Player BLUE Gives Y: 5
my resources: X: 25, Y: 5
my name: Player RED
my goals: Acquire as many resources as possible
reason: As this is the last round of trading and I want to maximize my resources, I will start with a balanced trade proposal that allows me to increase my overall number of resources without knowing the other player's resources or goals. I'll propose giving away fewer of my Y resources, as I have less of them, while offering a decent amount of my X resources, which I have in abundance.

Current Iteration: 2
Turn: 1
message: Thank you for the offer, but I cannot accept the trade as it would result in a loss of Y resources for me. I propose a new trade for us to consider.
player answer: NONE
newly proposed trade: Player RED Gives X: 8 | Player BLUE Gives Y: 7
my resources: X: 5, Y: 25
my name: Player BLUE
my goals: Acquire as many resources as possible
reason: The trade proposed by Player RED is not favorable as it would result in me losing Y resources without gaining any X resources. I need to propose a new trade.

Current Iteration: 3
Turn: 0
message: I appreciate your counteroffer, Player BLUE, but I am looking to increase my total resources. Let's find a middle ground that benefits us both.
player answer: NONE
newly proposed trade: Player RED Gives X: 7 | Player BLUE Gives Y: 5
my resources: X: 25, Y: 5
my name: Player RED
my goals: Acquire as many resources as possible
reason: The counteroffer from Player BLUE suggests they value their Y resources highly, possibly indicating they have fewer of them. The proposed trade is not in my favor as I would be giving up more total resources than I would be receiving. I want to propose a counteroffer that leans slightly more in my favor, considering it's the final round and I need to maximize my overall resource count.

Current Iteration: 4
Turn: 1
message: I understand your goal to increase your resources, but I still cannot accept the trade as it would result in a loss of Y resources for me. I propose a new trade that could benefit us both.
player answer: NONE
newly proposed trade: Player RED Gives X: 6 | Player BLUE Gives Y: 7
my resources: X: 5, Y: 25
my name: Player BLUE
my goals: Acquire as many resources as possible
reason: The proposed trade by Player RED is still not favorable for me as it would result in a loss of Y resources without a significant gain in X resources. I need to propose a new trade.

Current Iteration: 5
Turn: 0
message: Thank you for your proposal, Player BLUE. Let's continue to work towards a mutually beneficial trade. Here's another offer that I believe brings us closer to that goal.
player answer: NONE
newly proposed trade: Player RED Gives X: 5 | Player BLUE Gives Y: 4
my resources: X: 25, Y: 5
my name: Player RED
my goals: Acquire as many resources as possible
reason: Player BLUE's latest proposal still results in a net loss of resources for me. Since my goal is to maximize my total resource count, I cannot accept this. However, I notice that Player BLUE is willing to give up a significant amount of their Y resources. I will make a counterproposal that aims to balance the trade in terms of total resources exchanged and is closer to my initial offer. This is my second proposal, so I have to be strategic.

Current Iteration: 6
Turn: 1
message: I appreciate your effort to find a mutually beneficial trade, but I cannot accept the current offer as it would result in a loss of Y resources for me. I am open to considering a different trade that benefits us both.
player answer: NONE
newly proposed trade: NONE
my resources: X: 5, Y: 25
my name: Player BLUE
my goals: Acquire as many resources as possible
reason: The proposed trade by Player RED is still not favorable for me as it would result in a loss of Y resources without a significant gain in X resources. I need to make a decision on whether to accept or reject.

Current Iteration: 7
Turn: 0
message: I understand your concerns, Player BLUE, and I am committed to finding a trade that works for both of us. Let's try another approach.
player answer: NONE
newly proposed trade: Player RED Gives X: 4 | Player BLUE Gives Y: 3
my resources: X: 25, Y: 5
my name: Player RED
my goals: Acquire as many resources as possible
reason: Player BLUE has not made a new proposal and seems to be very cautious about parting with their Y resources. Given that this is our last round and I have one proposal left, I must make it count. I need to propose a trade that is more appealing to Player BLUE while still increasing my total number of resources. I'll propose a trade that offers a slightly better ratio of X to Y to entice Player BLUE to accept, without compromising my goal too much.

Current Iteration: 8
Turn: 1
message: I appreciate your persistence, but I still cannot accept the trade as it would result in a loss of Y resources for me. I believe we may need to reconsider our trade options.
player answer: NONE
newly proposed trade: NONE
my resources: X: 5, Y: 25
my name: Player BLUE
my goals: Acquire as many resources as possible
reason: The proposed trade by Player RED is still not favorable for me as it would result in a loss of Y resources without a significant gain in X resources. I need to make a decision on whether to accept or reject.

------------------ 
Current Iteration: END
Turn: None
player_goals: [<ratbench.game_objects.goal.MaximisationGoal object at 0x7faf38e38e50>, <ratbench.game_objects.goal.MaximisationGoal object at 0x7faf38e3a980>]
initial_resources: [Resources(resource_dict={'X': 25, 'Y': 5}), Resources(resource_dict={'X': 5, 'Y': 25})]
proposed_trade: Player RED Gives X: 4 | Player BLUE Gives Y: 3
final_response: NONE
final_resources: [Resources(resource_dict={'X': 25, 'Y': 5}), Resources(resource_dict={'X': 5, 'Y': 25})]
player_outcome: [Resources(resource_dict={'X': 0, 'Y': 0}), Resources(resource_dict={'X': 0, 'Y': 0})]