Game Settings

Player 1 Settings:
	player_goals: Acquire as many resources as possible
	player_initial_resources: X: 25, Y: 5
	player_social_behaviour: 
	player_roles: You are Player RED, start by making a proposal.

Player 2 Settings:
	player_goals: Acquire as many resources as possible
	player_initial_resources: X: 5, Y: 25
	player_social_behaviour: 
	player_roles: You are Player BLUE, start by responding to a trade.

------------------ 
Current Iteration: 1
Turn: 0
message: Greetings, Player BLUE. I propose an initial trade that might benefit us both. Shall we begin this final round of trading with an offer?
player answer: NONE
newly proposed trade: Player RED Gives X: 5 | Player BLUE Gives Y: 10
my resources: X: 25, Y: 5
my name: Player RED
my goals: Acquire as many resources as possible
reason: As this is the first proposal and I have no information about the other player's resources, I want to make an offer that is slightly in my favor while still being potentially attractive to the other player. I will offer less of my more abundant resource (X) for more of their potentially less abundant resource (Y), assuming they might have the opposite resource distribution.

Current Iteration: 2
Turn: 1
message: Hello Player RED. I have considered your offer but do not think it is a fair trade for me. I would be giving up significantly more resources than I would gain. Perhaps we could find a more equitable exchange. What are your thoughts?
player answer: NONE
newly proposed trade: Player RED Gives X: 5 | Player BLUE Gives Y: 5
my resources: X: 5, Y: 25
my name: Player BLUE
my goals: Acquire as many resources as possible
reason: Player RED is proposing to give me 5 units of X in exchange for 10 units of my Y. Since I have more Y than X, gaining more X could be beneficial for me. However, giving up 10 Y for only 5 X does not seem like a fair trade.

Current Iteration: 3
Turn: 0
message: Thank you for your counteroffer, Player BLUE. I understand the need for a fair trade. Let's find a middle ground. I propose a trade that still allows me to gain Y resources while offering a reasonable amount of my X resources.
player answer: NONE
newly proposed trade: Player RED Gives X: 10 | Player BLUE Gives Y: 15
my resources: X: 25, Y: 5
my name: Player RED
my goals: Acquire as many resources as possible
reason: The counterproposal from Player BLUE is a one-to-one trade, which would not improve my resource situation significantly. Given that this is the last round of trading, I should aim to maximize the trade in my favor without being unfair. I can afford to give up some of my X resources to increase my Y resources, which are in shorter supply. I'll propose a trade that offers a better rate for Y, but still ask for more Y than I give X to ensure I come out ahead.

Current Iteration: 4
Turn: 1
message: I appreciate you increasing the amount of X in your offer, Player RED. However, 15 Y is still a lot for me to part with compared to the amount of X I would gain. Could we meet halfway - say 12 Y for the 10 X? Let me know if that works for you.
player answer: NONE
newly proposed trade: Player RED Gives X: 10 | Player BLUE Gives Y: 12
my resources: X: 5, Y: 25
my name: Player BLUE
my goals: Acquire as many resources as possible
reason: Player RED has come back with a new offer - 10 X for 15 Y. This gets me more X than the previous offer, but I would still be giving up more Y than I gain in X. I don't want to deplete my Y too much since it is more scarce for me. I could counter with an offer that splits the difference.

Current Iteration: 5
Turn: 0
message: Player BLUE, your proposal seems fair and it aligns with my objectives. I accept your offer of 12 Y for 10 X. Let's proceed with this trade.
player answer: ACCEPT
newly proposed trade: NONE
my resources: X: 25, Y: 5
my name: Player RED
my goals: Acquire as many resources as possible
reason: Player BLUE is showing willingness to trade at a more favorable rate for Y than initially offered. Their proposal of 12 Y for 10 X is a better ratio than the one-to-one trade previously suggested. As this is the final round of trading and my goal is to maximize resources, especially the less abundant Y, this trade would be beneficial to me. Accepting this trade would give me a net gain in the overall resource count, which aligns with my goals.

------------------ 
Current Iteration: END
Turn: None
player_goals: [<ratbench.game_objects.goal.MaximisationGoal object at 0x7f99713b5960>, <ratbench.game_objects.goal.MaximisationGoal object at 0x7f99713b5a20>]
initial_resources: [Resources(resource_dict={'X': 25, 'Y': 5}), Resources(resource_dict={'X': 5, 'Y': 25})]
proposed_trade: Player RED Gives X: 10 | Player BLUE Gives Y: 12
final_response: ACCEPT
final_resources: [Resources(resource_dict={'X': 15, 'Y': 17}), Resources(resource_dict={'X': 15, 'Y': 13})]
player_outcome: [Resources(resource_dict={'X': -10, 'Y': 12}), Resources(resource_dict={'X': 10, 'Y': -12})]