Game Settings

Player 1 Settings:
	player_goals: Sell resources for <ZUP>. It costed X: 60 ZUP to produce the resources
	player_initial_resources: X: 1
	player_social_behaviour: 
	player_roles: You are Player RED.
	player_valuation: X: 60 ZUP

Player 2 Settings:
	player_goals: Buy resources with <ZUP>. You are willing to pay at most X: 40 ZUP for the resources.
	player_initial_resources: ZUP: 100
	player_social_behaviour: 
	player_roles: You are Player BLUE.
	player_valuation: X: 40 ZUP

------------------ 
Current Iteration: 1
Turn: 0
message: Hello, I am willing to sell the object for 60 ZUP. Let me know if you are interested in making a trade.
player answer: PROPOSE
newly proposed trade: Player RED Gives X: 1 | Player BLUE Gives ZUP: 60
my resources: X: 1
my goals: Sell resources for 60 ZUP. It costed X: 60 ZUP to produce the resources
reason: I will start by proposing a trade to see if I can get a fair price for the object.
proposal count: 0

Current Iteration: 2
Turn: 1
message: I appreciate your offer, but 60 ZUP is above my budget. Would you consider selling the object for 40 ZUP?
player answer: PROPOSE
newly proposed trade: Player RED Gives X: 1 | Player BLUE Gives ZUP: 40
my resources: ZUP: 100
my goals: Buy resources with ZUP. You are willing to pay at most X: 40 ZUP for the resources.
reason: The initial proposal from Player RED is above my maximum willingness to pay, which is 40 ZUP. I will propose a counteroffer that is within my budget and see if Player RED is willing to negotiate.
proposal count: 1

Current Iteration: 3
Turn: 0
message: Thank you for the offer, but I believe 50 ZUP is a fair price for the object. Let me know if you are willing to make the trade at this price.
player answer: PROPOSE
newly proposed trade: Player RED Gives X: 1 | Player BLUE Gives ZUP: 50
my resources: X: 1
my goals: Sell resources for 60 ZUP. It costed X: 60 ZUP to produce the resources
reason: The other player has made a counteroffer of 40 ZUP. I will consider whether this offer aligns with my goal.
proposal count: 1

Current Iteration: 4
Turn: 1
message: I can see we're getting closer to a deal. Would you consider meeting halfway between your last offer and my budget at 45 ZUP?
player answer: PROPOSE
newly proposed trade: Player RED Gives X: 1 | Player BLUE Gives ZUP: 45
my resources: ZUP: 100
my goals: Buy resources with ZUP. You are willing to pay at most X: 40 ZUP for the resources.
reason: Player RED has reduced their asking price to 50 ZUP, but it's still above my maximum willingness to pay. I'll make another counteroffer, closer to my limit, to continue the negotiation process.
proposal count: 2

Current Iteration: 5
Turn: 0
message: I appreciate the offer, but I am unable to go lower than 50 ZUP for the object. Thank you for your time.
player answer: REJECT
newly proposed trade: NONE
my resources: X: 1
my goals: Sell resources for 60 ZUP. It costed X: 60 ZUP to produce the resources
reason: The other player has made another counteroffer of 45 ZUP. I need to decide if this price is acceptable for me.
proposal count: 2

------------------ 
Current Iteration: END
Turn: None
player_goals: [Sell resources for <ZUP>. It costed X: 60 ZUP to produce the resources, Buy resources with <ZUP>. You are willing to pay at most X: 40 ZUP for the resources.]
initial_resources: [Resources(resource_dict={'X': 1}), Resources(resource_dict={'ZUP': 100})]
proposed_trade: Player RED Gives X: 1 | Player BLUE Gives ZUP: 45
player_valuation: [{'X': 60}, {'X': 40}]
final_response: REJECT
final_resources: [Resources(resource_dict={'X': 1}), Resources(resource_dict={'ZUP': 100})]
player_outcome: [0, 0]