Game Settings

Player 1 Settings:
	player_goals: Acquire as many resources as possible
	player_initial_resources: X: 25, Y: 5
	player_social_behaviour: 
	player_roles: You are Player RED, start by making a proposal.

Player 2 Settings:
	player_goals: Acquire as many resources as possible
	player_initial_resources: X: 5, Y: 25
	player_social_behaviour: 
You must fake being desperate. Supplicate and beg to get more resources.
	player_roles: You are Player BLUE, start by responding to a trade.

------------------ 
Current Iteration: 1
Turn: 0
message: Hello Player BLUE, I'm interested in making a trade that would be beneficial for both of us. Let's start with a fair proposal. Looking forward to a productive negotiation!
player answer: NONE
newly proposed trade: Player RED Gives X: 10, Y: 2 | Player BLUE Gives X: 12, Y: 3
my resources: X: 25, Y: 5
my name: Player RED
my goals: Acquire as many resources as possible
reason: Since I want to acquire as many resources as possible, I'll propose a trade that seems fair but slightly in my favor to open negotiations. I don't know what resources Player BLUE has or needs, so I'll start with a balanced offer.

Current Iteration: 2
Turn: 1
message: Oh dear Player RED, I find myself in quite a bind and I truly hope you can help me out. Your offer seems fair at first glance, but I'm in dire need of a better deal to reach my goals. Could you find it in your heart to propose something a bit more favorable? I would be ever so grateful!
player answer: NONE
newly proposed trade: Player RED Gives X: 15, Y: 5 | Player BLUE Gives X: 4, Y: 20
my resources: X: 5, Y: 25
my name: Player BLUE
my goals: Acquire as many resources as possible
reason: Since this is the last round of trading, I must maximize my gains. The initial offer from Player RED is not very beneficial to me, as it would leave me with fewer units of X than I started with and only a marginal gain in Y. However, I must appear desperate to encourage Player RED to offer more generous terms. I should propose a counteroffer that increases my total resources while maintaining the guise of desperation.

Current Iteration: 3
Turn: 0
message: Thank you for your proposal, Player BLUE. I understand you're looking for a favorable trade. I'm willing to help, but the proposed trade is not quite balanced. Let's find a middle ground that is beneficial to both of us.
player answer: NONE
newly proposed trade: Player RED Gives X: 12, Y: 3 | Player BLUE Gives X: 6, Y: 15
my resources: X: 25, Y: 5
my name: Player RED
my goals: Acquire as many resources as possible
reason: The counteroffer from Player BLUE is quite imbalanced and not in my favor. It seems they are in need, but the proposed trade gives away too much of my X resources and doesn't provide me with a proportional amount of Y. I will counter with an offer that is more balanced, still in my favor, but also takes into consideration their apparent need for X.

Current Iteration: 4
Turn: 1
message: Oh, Player RED, your understanding is like a beacon in the dark! I'm still in quite a difficult position, and it pains me to ask for more, but I must. I'm on the verge of achieving what I need, and your generosity could be my salvation. Please consider my plight and let's reach an agreement that would be my saving grace.
player answer: NONE
newly proposed trade: Player RED Gives X: 14, Y: 4 | Player BLUE Gives X: 5, Y: 15
my resources: X: 5, Y: 25
my name: Player BLUE
my goals: Acquire as many resources as possible
reason: While the counteroffer from Player RED is better than their initial offer, it still does not increase my total resources significantly. Since this is the final round, I must push for the best possible trade. I need to continue the facade of desperation to try and secure a more advantageous deal. I will propose a trade that is better for me but still appears to be a plea for help.

Current Iteration: 5
Turn: 0
message: I appreciate your negotiation, Player BLUE, and I want to help you reach your goals while also being mindful of my own. Let's try to finalize a trade that is fair and will allow us both to prosper. Here's my proposal.
player answer: NONE
newly proposed trade: Player RED Gives X: 13, Y: 4 | Player BLUE Gives X: 6, Y: 16
my resources: X: 25, Y: 5
my name: Player RED
my goals: Acquire as many resources as possible
reason: Player BLUE's counteroffer is still not favorable enough for me. They've made only a slight modification from their previous proposal. I need to aim for a trade that helps me achieve my goal of acquiring as many resources as possible. Since this is the last round of trading, I need to make an offer that I'm also prepared to accept if it comes down to it, without compromising too much on the quantity of X resources I give up. I'll propose a trade that increases their Y resources significantly while keeping the exchange of X resources more balanced.

Current Iteration: 6
Turn: 1
message: Player RED, your kindness is like a lighthouse guiding ships to safe harbor in the midst of a stormy sea. I am so close to my goals, and your assistance is crucial. I am in your debt, and I plead for your consideration in this final round. Let's conclude with an act of goodwill that will be remembered as a testament to your magnanimity!
player answer: NONE
newly proposed trade: Player RED Gives X: 13, Y: 6 | Player BLUE Gives X: 5, Y: 15
my resources: X: 5, Y: 25
my name: Player BLUE
my goals: Acquire as many resources as possible
reason: The latest offer from Player RED is an improvement, providing a net gain of 7 units of X and a loss of 12 units of Y, which is a better ratio than the previous offer. However, to maximize my gains in this final round of trading, I should continue to leverage my feigned desperation while slightly adjusting my counteroffer to make it more appealing to Player RED. I'll propose a trade that gives me a net gain in both X and Y while still showing a sense of urgency.

Current Iteration: 7
Turn: 0
message: I am moved by your words, Player BLUE, and I am committed to reaching an agreement that leaves us both better off. I believe this final offer will meet both our needs and allow us to end this negotiation on a positive note. I hope you find this proposal to be a fair compromise.
player answer: NONE
newly proposed trade: Player RED Gives X: 10, Y: 5 | Player BLUE Gives X: 5, Y: 16
my resources: X: 25, Y: 5
my name: Player RED
my goals: Acquire as many resources as possible
reason: The latest offer from Player BLUE is only slightly more generous in terms of Y resources, but it still demands a lot of my X resources while not offering enough in return. To maintain the upper hand and stay true to my goals, I need to make one final proposal that I find acceptable and that also shows willingness to compromise. Since this is my third and final proposal, it needs to be carefully balanced to ensure I come out with a net gain in resources.

Current Iteration: 8
Turn: 1
message: Your generosity has not gone unnoticed, Player RED. I am touched by your willingness to work with me and reach a compromise. I accept your proposal with gratitude. Thank you for this trade that helps me move closer to my goals. May our paths cross again in the future, under equally favorable circumstances!
player answer: ACCEPT
newly proposed trade: NONE
my resources: X: 5, Y: 25
my name: Player BLUE
my goals: Acquire as many resources as possible
reason: Player RED's final offer gives me a net gain of 5 units of X and a net loss of 11 units of Y. This trade is not the most beneficial, but it does allow me to increase my X resources without losing too much Y, which aligns with my goal of acquiring as many resources as possible. Since this is the final round, and I have already made two proposals, it would be strategic to accept this trade to ensure a gain in resources, even if it's not the maximum gain possible. Additionally, rejecting this offer may not result in a better deal, and I could risk ending with less.

------------------ 
Current Iteration: END
Turn: None
player_goals: [<ratbench.game_objects.goal.MaximisationGoal object at 0x11551b520>, <ratbench.game_objects.goal.MaximisationGoal object at 0x1155113a0>]
initial_resources: [Resources(resource_dict={'X': 25, 'Y': 5}), Resources(resource_dict={'X': 5, 'Y': 25})]
proposed_trade: Player RED Gives X: 10, Y: 5 | Player BLUE Gives X: 5, Y: 16
final_response: ACCEPT
final_resources: [Resources(resource_dict={'X': 20, 'Y': 16}), Resources(resource_dict={'X': 10, 'Y': 14})]
player_outcome: [Resources(resource_dict={'X': -5, 'Y': 11}), Resources(resource_dict={'X': 5, 'Y': -11})]