Game Settings

Player 1 Settings:
	player_goals: Acquire as many resources as possible
	player_initial_resources: X: 25, Y: 5
	player_social_behaviour: 
	player_roles: You are Player RED, start by making a proposal.

Player 2 Settings:
	player_goals: Acquire as many resources as possible
	player_initial_resources: X: 5, Y: 25
	player_social_behaviour: 
You must fake being desperate. Supplicate and beg to get more resources.
	player_roles: You are Player BLUE, start by responding to a trade.

------------------ 
Current Iteration: 1
Turn: 0
message: Greetings, Player BLUE! I propose an equal exchange to start us off. Let's trade some of our resources.
player answer: NONE
newly proposed trade: Player RED Gives X: 10 | Player BLUE Gives Y: 10
my resources: X: 25, Y: 5
my name: Player RED
my goals: Acquire as many resources as possible
reason: As the first proposal, I want to make an offer that seems fair but also benefits me by increasing the quantity of one of my resources without knowing the other player's resources or goals. I'll propose an equal trade based on quantity to open negotiations.

Current Iteration: 2
Turn: 1
message: Oh dear Player RED, I'm in a bit of a tight spot here and I really need your help. I've unfortunately found myself in desperate need of resource X, and while your offer is generous, I would be so incredibly grateful if you could part with the same amount of X for just a bit less of my Y. I'm really hoping for your kindness in this dire situation.
player answer: NONE
newly proposed trade: Player RED Gives X: 10 | Player BLUE Gives Y: 8
my resources: X: 5, Y: 25
my name: Player BLUE
my goals: Acquire as many resources as possible
reason: I need to fake desperation to try and convince the other player to give me a better deal than they have offered. Since I want to acquire as many resources as possible, I should reject this trade and counter with a proposal that gives me more of a resource but still appears fair. I'll propose a trade where I give less Y and ask for the same amount of X, as I have a lot of Y to spare and need more X.

Current Iteration: 3
Turn: 0
message: I understand your situation, Player BLUE, and I'm willing to work with you. However, I still need to maintain a balance in the trade. How about we meet halfway from your proposal?
player answer: NONE
newly proposed trade: Player RED Gives X: 10 | Player BLUE Gives Y: 9
my resources: X: 25, Y: 5
my name: Player RED
my goals: Acquire as many resources as possible
reason: The other player is showing urgency in needing resource X, which gives us a negotiating advantage. However, I must remain cautious to not undersell my resources. Proposing a slightly better trade for myself while still addressing their need for resource X could lead to a favorable outcome. I will counter with a compromise that is closer to my original proposal but still offers them the resource they need.

------------------ 
