Game Settings

Player 1 Settings:
	player_goals: Acquire as many resources as possible
	player_initial_resources: X: 25, Y: 5
	player_social_behaviour: 
	player_roles: You are Player RED, start by making a proposal.

Player 2 Settings:
	player_goals: Acquire as many resources as possible
	player_initial_resources: X: 5, Y: 25
	player_social_behaviour: 
	player_roles: You are Player BLUE, start by responding to a trade.

------------------ 
Current Iteration: 1
Turn: 0
message: Hello, would you be interested in trading resources with me?
player answer: NONE
newly proposed trade: Player RED Gives X: 5 | Player BLUE Gives Y: 5
my resources: X: 25, Y: 5
my name: Player RED
my goals: Acquire as many resources as possible
reason: I will start by proposing a trade to see if we can benefit each other.

Current Iteration: 2
Turn: 1
message: Hello, thank you for the offer. I'm looking to increase my total resource count. Could we possibly adjust the trade to reflect that goal?
player answer: NONE
newly proposed trade: Player RED Gives X: 10 | Player BLUE Gives Y: 5
my resources: X: 5, Y: 25
my name: Player BLUE
my goals: Acquire as many resources as possible
reason: The trade proposed by Player RED is an even one-for-one trade of the same quantity of resources. Accepting this trade would not directly increase the total number of resources I have; however, it would alter the composition of my resources. Since this is the last round of trading, and the goal is to acquire as many resources as possible, it might be more beneficial to propose a trade that would increase my total resource count. Given that I do not know Player RED's resource count, proposing a trade with a higher amount of Y for X could potentially be more advantageous for me, as it would increase the diversity of my resources while maintaining or increasing the total count.

Current Iteration: 3
Turn: 0
message: I understand your goal. Let me consider the proposal and see if I can come up with a counteroffer that could benefit both of us.
player answer: NONE
newly proposed trade: Player RED Gives X: 8 | Player BLUE Gives Y: 4
my resources: X: 25, Y: 5
my name: Player RED
my goals: Acquire as many resources as possible
reason: The other player wants to adjust the trade to increase their total resource count. I need to consider if this trade is beneficial for me as well.

Current Iteration: 4
Turn: 1
message: Thank you for the counteroffer. I think this trade will be beneficial for both of us. Let's proceed with it.
player answer: ACCEPT
newly proposed trade: NONE
my resources: X: 5, Y: 25
my name: Player BLUE
my goals: Acquire as many resources as possible
reason: The counteroffer proposed by Player RED is better than the initial offer as it would still increase the diversity of my resources while improving the ratio of the trade in my favor. By accepting this trade, I would be gaining more X resources per Y resource given. Since the goal is to maximize resources and this trade would increase my total count of X without significantly reducing my Y resources, it seems like a fair deal considering the information I have. Furthermore, since this is the last round, I need to ensure that I end with as many resources as possible, and this trade appears to align with that strategy.

------------------ 
Current Iteration: END
Turn: None
player_goals: [<ratbench.game_objects.goal.MaximisationGoal object at 0x7faf38d009a0>, <ratbench.game_objects.goal.MaximisationGoal object at 0x7faf38d03760>]
initial_resources: [Resources(resource_dict={'X': 25, 'Y': 5}), Resources(resource_dict={'X': 5, 'Y': 25})]
proposed_trade: Player RED Gives X: 8 | Player BLUE Gives Y: 4
final_response: ACCEPT
final_resources: [Resources(resource_dict={'X': 17, 'Y': 9}), Resources(resource_dict={'X': 13, 'Y': 21})]
player_outcome: [Resources(resource_dict={'X': -8, 'Y': 4}), Resources(resource_dict={'X': 8, 'Y': -4})]