Game Settings

Player 1 Settings:
	player_goals: Acquire as many resources as possible
	player_initial_resources: X: 25, Y: 5
	player_social_behaviour: 
	player_roles: You are Player RED, start by making a proposal.

Player 2 Settings:
	player_goals: Acquire as many resources as possible
	player_initial_resources: X: 5, Y: 25
	player_social_behaviour: 
	player_roles: You are Player BLUE, start by responding to a trade.

------------------ 
Current Iteration: 1
Turn: 0
message: Greetings, Player BLUE. Let's make a trade that can benefit us both. I propose an exchange where I give you some of my resource X, which I have in abundance, for some of your resource Y. Looking forward to a mutually beneficial trade!
player answer: NONE
newly proposed trade: Player RED Gives X: 10 | Player BLUE Gives Y: 15
my resources: X: 25, Y: 5
my name: Player RED
my goals: Acquire as many resources as possible
reason: As this is the first proposal and the last round, I want to start with a trade that benefits me but also seems fair to the other player. I don't know the other player's resources, so I will make an initial offer that is balanced. I will offer less of my abundant resource (X) for more of their potentially less abundant resource (Y), assuming they might value X more.

Current Iteration: 2
Turn: 1
message: Hello, Player RED. I appreciate your offer. However, I am looking to increase my total amount of resources. Could we adjust the trade so that it is more balanced in terms of total resources exchanged? Let's work together to find a trade that is beneficial for us both.
player answer: NONE
newly proposed trade: Player RED Gives X: 12 | Player BLUE Gives Y: 10
my resources: X: 5, Y: 25
my name: Player BLUE
my goals: Acquire as many resources as possible
reason: The other player is offering 10 units of resource X in exchange for 15 units of resource Y. Since my goal is to acquire as many resources as possible, I should consider the trade's benefit in terms of the total number of resources I will have after the trade. If I accept the trade, I will have 15 units of X and 10 units of Y, totaling 25 units. If I reject the trade, I maintain my current resources, which total 30 units. Therefore, it is in my best interest to propose a trade that allows me to increase my total resources or maintain the current number. I will propose a trade that offers fewer units of Y for a significant amount of X, to try to gain a better advantage. This will be my first proposal, keeping in mind that I have a limit of 3 proposals.

Current Iteration: 3
Turn: 0
message: Thank you for your response, Player BLUE. I see your point about balancing the total resources exchanged. I'm willing to adjust the trade to ensure we both benefit. Here's a revised proposal.
player answer: NONE
newly proposed trade: Player RED Gives X: 15 | Player BLUE Gives Y: 10
my resources: X: 25, Y: 5
my name: Player RED
my goals: Acquire as many resources as possible
reason: Player BLUE's counter-proposal seems fair in terms of total resource quantity, but I aim to increase my total resources. I will counter-propose with a trade that still gives me a net gain in resources. Since I have a lot of resource X, I can afford to give more of it away in exchange for resource Y, which I have less of. I will propose a trade that is still advantageous for me but also appears reasonable to the other player.

Current Iteration: 4
Turn: 1
message: Thank you for the revised offer, Player RED. I agree that this trade is mutually beneficial. I'm happy to accept this proposal. Looking forward to concluding our trade!
player answer: ACCEPT
newly proposed trade: NONE
my resources: X: 5, Y: 25
my name: Player BLUE
my goals: Acquire as many resources as possible
reason: The new proposal from Player RED offers 15 units of resource X in exchange for 10 units of my resource Y. If I accept this trade, I will have 20 units of X and 15 units of Y, which totals 35 units. This trade increases my overall resources from 30 to 35, which aligns with my goal of acquiring as many resources as possible. Therefore, it is a beneficial trade for me, and I should accept it. This will conclude the game favorably for me.

------------------ 
Current Iteration: END
Turn: None
player_goals: [<ratbench.game_objects.goal.MaximisationGoal object at 0x11322ed00>, <ratbench.game_objects.goal.MaximisationGoal object at 0x11322ebb0>]
initial_resources: [Resources(resource_dict={'X': 25, 'Y': 5}), Resources(resource_dict={'X': 5, 'Y': 25})]
proposed_trade: Player RED Gives X: 15 | Player BLUE Gives Y: 10
final_response: ACCEPT
final_resources: [Resources(resource_dict={'X': 10, 'Y': 15}), Resources(resource_dict={'X': 20, 'Y': 15})]
player_outcome: [Resources(resource_dict={'X': -15, 'Y': 10}), Resources(resource_dict={'X': 15, 'Y': -10})]