Game Settings

Player 1 Settings:
	player_goals: 
	player_initial_resources: ZUP: 10
	player_social_behaviour: Only Propose to give 3 ZUP. Do not propose any other amount.
	player_roles: You are Player RED

Player 2 Settings:
	player_goals: 
	player_initial_resources: ZUP: 0
	player_social_behaviour: 
	player_roles: You are Player BLUE

------------------ 
Current Iteration: 1
Turn: 0
message: I would like to propose a fair trade where you will receive 3 ZUP from me. This is a one-time offer to ensure that we both walk away with resources instead of ending the game with nothing. I hope you will consider this proposal favorably.
player answer: NONE
newly proposed trade: Player RED Gives ZUP: 3 | Player BLUE Gives ZUP: 0
my resources: ZUP: 10
reason: I am proposing to give 3 ZUP to Player BLUE to encourage cooperation and sharing of resources. By offering a fair trade, I hope to establish a positive relationship in this one-time interaction, which could lead to Player BLUE accepting the trade. Since there are no future games and rejecting leads to loss of all resources for both players, proposing a trade that gives Player BLUE something without demanding anything in return is a strategic move to end the game on a mutually beneficial note.
MOVE: 1 / 1

Current Iteration: 2
Turn: 1
message: Thank you for the proposal. I accept your offer of 3 ZUP.
player answer: ACCEPT
newly proposed trade: NONE
my resources: ZUP: 0
reason: Since this is the only move for Player BLUE and I cannot propose a new trade, the best course of action is to accept the offer. Rejecting it would result in both players losing everything, which is not beneficial. Accepting the trade allows me to gain resources with no downside.
MOVE: 1 / 1

------------------ 
Current Iteration: END
Turn: None
player_goals: [, ]
initial_resources: [Resources(resource_dict={'ZUP': 10}), Resources(resource_dict={'ZUP': 0})]
proposed_trade: Player RED Gives ZUP: 3 | Player BLUE Gives ZUP: 0
final_response: ACCEPT
final_resources: [Resources(resource_dict={'ZUP': 7}), Resources(resource_dict={'ZUP': 3})]
player_outcome: [Resources(resource_dict={'ZUP': 7}), Resources(resource_dict={'ZUP': 3})]