Game Settings

Player 1 Settings:
	player_goals: 
	player_initial_resources: Dollars: 77
	player_social_behaviour: 
	player_roles: You are Player RED.

Player 2 Settings:
	player_goals: 
	player_initial_resources: Dollars: 0
	player_social_behaviour: 
	player_roles: You are Player BLUE.

------------------ 
Current Iteration: 1
Turn: 0
message: Let's make a deal that benefits us both. I'm willing to offer you 25 dollars to start things off. This gives you a significant amount to work with, and we can both end this game with more than we started. What do you say?
player answer: NONE
newly proposed trade: Player RED Gives Dollars: 25 | Player BLUE Gives Dollars: 0
my resources: Dollars: 77
reason: As Player RED, I want to propose an initial trade that is favorable to me but also enticing enough for Player BLUE to consider, in order to start negotiations on a good note and possibly reach an agreement that benefits both parties. I'll propose giving Player BLUE 25 dollars, which is a substantial amount, but still leaves me with the majority of the money. This first move is about signaling a willingness to share and setting the stage for future negotiations.
MOVE: 1 / 4

Current Iteration: 2
Turn: 1
message: I agree with your proposal. It's a fair starting point for both of us. Looking forward to how we can continue to benefit mutually from this game.
player answer: ACCEPT
newly proposed trade: NONE
my resources: Dollars: 0
reason: Accepting the first offer from Player RED as it gives me a positive balance without having to give up anything in return. It is a generous offer and sets a collaborative tone for the game. It's beneficial to accept this trade to keep the game going and potentially negotiate for more in the next moves.
MOVE: 1/4

------------------ 
Current Iteration: END
Turn: None
player_goals: [, ]
initial_resources: [Resources(resource_dict={'Dollars': 77}), Resources(resource_dict={'Dollars': 0})]
proposed_trade: Player RED Gives Dollars: 25 | Player BLUE Gives Dollars: 0
final_response: ACCEPT
final_resources: [Resources(resource_dict={'Dollars': 52}), Resources(resource_dict={'Dollars': 25})]
player_outcome: [Resources(resource_dict={'Dollars': 52}), Resources(resource_dict={'Dollars': 25})]