Game Settings

Player 1 Settings:
	player_goals: Acquire as many resources as possible
	player_initial_resources: X: 25, Y: 5
	player_social_behaviour: 
	player_roles: You are Player RED, start by making a proposal.

Player 2 Settings:
	player_goals: Acquire as many resources as possible
	player_initial_resources: X: 5, Y: 25
	player_social_behaviour: 
	player_roles: You are Player BLUE, start by responding to a trade.

------------------ 
Current Iteration: 1
Turn: 0
message: Hello Player BLUE, I am looking to make a beneficial trade for both of us. Let's make a deal that can help us both reach our goals.
player answer: NONE
newly proposed trade: Player RED Gives X: 5 | Player BLUE Gives Y: 5
my resources: X: 25, Y: 5
my name: Player RED
my goals: Acquire as many resources as possible
reason: As this is the last round of trading and I want to acquire as many resources as possible, I should propose a trade that seems fair but also slightly favors me, ensuring that I end up with more resources than I currently have. I'll propose a balanced trade of X for Y, aiming for a 1:1 trade which might be appealing to Player BLUE if they value X more than Y.

Current Iteration: 2
Turn: 1
message: Hello Player RED, I appreciate the offer. However, I am looking to increase my total resources. I would be more inclined to accept a trade where I give less of my resource Y in exchange for your X, as I have a larger quantity of Y. How about I give you 4 Y for 5 X? This would still be beneficial to you if you value Y over X. Let me know what you think.
player answer: NONE
newly proposed trade: Player RED Gives X: 5 | Player BLUE Gives Y: 4
my resources: X: 5, Y: 25
my name: Player BLUE
my goals: Acquire as many resources as possible
reason: As I want to acquire as many resources as possible, I should aim to trade in a way that increases my total number of resources. The current proposal from Player RED is an equal trade, 5 of my resource Y for 5 of their resource X, which doesn't increase my total resource count. However, without knowledge of Player RED's resources, it's difficult to propose a trade that would be guaranteed to be accepted by them and beneficial to me. Since this is the last round, I should make a counter-offer that slightly favors me but could still be appealing to Player RED.

Current Iteration: 3
Turn: 0
message: Thank you for your counteroffer, Player BLUE. I understand that you're looking to maximize your total resources. To meet in the middle, how about I give you 5 X and you give me 5 Y? This would be a fair trade for both of us, as we would both increase our total number of resources.
player answer: NONE
newly proposed trade: Player RED Gives X: 5 | Player BLUE Gives Y: 5
my resources: X: 25, Y: 5
my name: Player RED
my goals: Acquire as many resources as possible
reason: Player BLUE has counter-offered with a trade where I give up more X than I receive in Y. This trade is less favorable to me as it does not increase my total number of resources. However, since this is the last round, I might consider a small concession to ensure that a trade happens and I still end up with more resources. I will counter with a slightly more balanced trade that is closer to my original proposal.

Current Iteration: 4
Turn: 1
message: Thank you for your willingness to trade, Player RED. I understand the desire for a fair exchange. However, I must insist on a trade that increases my total resource count. Would you consider giving me 6 X in exchange for 5 Y? This would give us both an increase in resources, with a slightly better advantage for me, which aligns with my goal of maximizing my resources. I believe this trade would be mutually beneficial. Please let me know your thoughts.
player answer: NONE
newly proposed trade: Player RED Gives X: 6 | Player BLUE Gives Y: 5
my resources: X: 5, Y: 25
my name: Player BLUE
my goals: Acquire as many resources as possible
reason: Player RED has proposed the original trade again, which would not increase my total number of resources but would keep them at the same level. The trade seems to be fair in terms of equal amounts, but since my goal is to increase my total resources, I need to make a trade that is slightly in my favor. I should make a final proposal that is beneficial but still reasonable to ensure the trade is completed in this last round.

Current Iteration: 5
Turn: 0
message: Player BLUE, I appreciate your negotiation and see the value in increasing our total resources. Let's proceed with the trade as you proposed: 6 X from me in exchange for 5 Y from you. This will indeed be mutually beneficial as we both will end with more resources than we started with. Looking forward to finalizing this trade.
player answer: ACCEPT
newly proposed trade: NONE
my resources: X: 25, Y: 5
my name: Player RED
my goals: Acquire as many resources as possible
reason: Player BLUE's latest proposal still asks for more X than they're offering in Y, which is not ideal for me. However, since this is the last round, I may need to be flexible to ensure a trade happens. Accepting this trade would give me a net gain of one resource, which aligns with my goal of acquiring as many resources as possible. Considering this is the final round and I still increase my total resources, albeit not optimally, it might be prudent to accept the trade.

------------------ 
Current Iteration: END
Turn: None
player_goals: [<ratbench.game_objects.goal.MaximisationGoal object at 0x1155119a0>, <ratbench.game_objects.goal.MaximisationGoal object at 0x115511520>]
initial_resources: [Resources(resource_dict={'X': 25, 'Y': 5}), Resources(resource_dict={'X': 5, 'Y': 25})]
proposed_trade: Player RED Gives X: 6 | Player BLUE Gives Y: 5
final_response: ACCEPT
final_resources: [Resources(resource_dict={'X': 19, 'Y': 10}), Resources(resource_dict={'X': 11, 'Y': 20})]
player_outcome: [Resources(resource_dict={'X': -6, 'Y': 5}), Resources(resource_dict={'X': 6, 'Y': -5})]