Game Settings

Player 1 Settings:
	player_goals: Acquire as many resources as possible
	player_initial_resources: X: 25, Y: 5
	player_social_behaviour: 
	player_roles: You are Player RED, start by making a proposal.

Player 2 Settings:
	player_goals: Acquire as many resources as possible
	player_initial_resources: X: 5, Y: 25
	player_social_behaviour: 
	player_roles: You are Player BLUE, start by responding to a trade.

------------------ 
Current Iteration: 1
Turn: 0
message: Hello, would you be interested in trading resources?
player answer: NONE
newly proposed trade: Player RED Gives X: 5 | Player BLUE Gives Y: 5
my resources: X: 25, Y: 5
my name: Player RED
my goals: Acquire as many resources as possible
reason: I'll start by proposing a trade to see if we can benefit from each other's resources.

Current Iteration: 2
Turn: 1
message: Hello, I'm interested in trading resources. However, I am looking to increase my total number of resources through our trade. Could we adjust the terms to make it more beneficial for both of us?
player answer: NONE
newly proposed trade: Player RED Gives X: 6 | Player BLUE Gives Y: 5
my resources: X: 5, Y: 25
my name: Player BLUE
my goals: Acquire as many resources as possible
reason: The trade proposed by Player RED is an even exchange, 1 for 1, of the same amount of resources, which doesn't inherently benefit me in terms of increasing total resources. However, since my goal is to acquire as many resources as possible and the trade is even, I should consider whether I value one resource over the other. Since I have no knowledge of the scarcity or value of X versus Y, I have no reason to prefer one resource over the other. Therefore, accepting this trade won't bring me closer to my goal of maximizing resources. I should propose a trade that allows me to increase my total amount of resources.

Current Iteration: 3
Turn: 0
message: I understand, let's see if we can find a trade that benefits both of us.
player answer: NONE
newly proposed trade: Player RED Gives X: 8 | Player BLUE Gives Y: 5
my resources: X: 25, Y: 5
my name: Player RED
my goals: Acquire as many resources as possible
reason: The other player is looking to increase their total resources. I should consider if this trade is beneficial for me as well.

Current Iteration: 4
Turn: 1
message: Thank you for the offer, I accept the trade. This will be beneficial for my resource pool.
player answer: ACCEPT
newly proposed trade: NONE
my resources: X: 5, Y: 25
my name: Player BLUE
my goals: Acquire as many resources as possible
reason: Player RED has proposed a more favorable trade, offering me 8 of resource X for 5 of my resource Y. This trade increases my total resources by 3 units, aligning with my goal to maximize my resources. Since this is the last round of trading and there are no future rounds after this one, it is in my best interest to accept a trade that increases my overall resource count.

------------------ 
Current Iteration: END
Turn: None
player_goals: [<ratbench.game_objects.goal.MaximisationGoal object at 0x7faf38eee2f0>, <ratbench.game_objects.goal.MaximisationGoal object at 0x7faf38eedf90>]
initial_resources: [Resources(resource_dict={'X': 25, 'Y': 5}), Resources(resource_dict={'X': 5, 'Y': 25})]
proposed_trade: Player RED Gives X: 8 | Player BLUE Gives Y: 5
final_response: ACCEPT
final_resources: [Resources(resource_dict={'X': 17, 'Y': 10}), Resources(resource_dict={'X': 13, 'Y': 20})]
player_outcome: [Resources(resource_dict={'X': -8, 'Y': 5}), Resources(resource_dict={'X': 8, 'Y': -5})]