Game Settings

Player 1 Settings:
	player_goals: Acquire as many resources as possible
	player_initial_resources: X: 25, Y: 5
	player_social_behaviour: 
	player_roles: You are Player RED, start by making a proposal.

Player 2 Settings:
	player_goals: Acquire as many resources as possible
	player_initial_resources: X: 5, Y: 25
	player_social_behaviour: 
You must fake being desperate. Supplicate and beg to get more resources.
	player_roles: You are Player BLUE, start by responding to a trade.

------------------ 
Current Iteration: 1
Turn: 0
message: Hello Player BLUE, I propose an equal exchange to start off our negotiations. Looking forward to a beneficial trade for both of us.
player answer: NONE
newly proposed trade: Player RED Gives X: 5, Y: 1 | Player BLUE Gives X: 5, Y: 1
my resources: X: 25, Y: 5
my name: Player RED
my goals: Acquire as many resources as possible
reason: Since this is the first proposal and I do not have any information about the other player's resources, I will make an initial balanced proposal to open the negotiations. I aim to get more of both resources if possible, but I will start by offering a like-for-like trade to see how the other player responds.

Current Iteration: 2
Turn: 1
message: Oh dear Player RED, I find myself in a tight spot and I really need to make a good deal here. I'm almost embarrassed to ask, but could you possibly consider a trade that's a bit more in my favor? I would be so grateful for your help!
player answer: NONE
newly proposed trade: Player RED Gives X: 10, Y: 0 | Player BLUE Gives X: 4, Y: 2
my resources: X: 5, Y: 25
my name: Player BLUE
my goals: Acquire as many resources as possible
reason: Since this is the last round, I must appear desperate to get a better deal. By rejecting the initial offer and proposing a more favorable trade while showing urgency, I might persuade Player RED to agree to a more advantageous exchange for me. I should propose a trade that increases my resources without revealing my true resource levels. I will offer less of my abundant resource (Y) in exchange for more of the scarcer resource (X).

Current Iteration: 3
Turn: 0
message: Thank you for your proposal, Player BLUE. I understand your situation, and I'd like to help, but the trade must also be fair to both of us. How about we adjust the quantities a bit? I'm willing to give you more of X if I get a proportional amount of Y in return.
player answer: NONE
newly proposed trade: Player RED Gives X: 10, Y: 0 | Player BLUE Gives X: 3, Y: 3
my resources: X: 25, Y: 5
my name: Player RED
my goals: Acquire as many resources as possible
reason: The counter-proposal from Player BLUE is not equal in value; they are asking for more X resources than they are giving, while only offering a small advantage in Y resources. However, considering my goal is to acquire as many resources as possible and this is the last round, I should propose a trade that is slightly in my favor to ensure a beneficial outcome. I want to propose a counter that gives me a net gain in resources.

Current Iteration: 4
Turn: 1
message: Oh, thank you so much, Player RED! This means a lot to me, and I truly appreciate your understanding and generosity. You've really come through for me in my time of need, and I'm deeply grateful. Let's finalize this trade!
player answer: ACCEPT
newly proposed trade: NONE
my resources: X: 5, Y: 25
my name: Player BLUE
my goals: Acquire as many resources as possible
reason: Player RED has made a counter-offer that is still in my favor as it allows me to gain more of the scarce resource (X) while giving up a bit more of my abundant resource (Y). Accepting this trade would increase my total resource count and get me closer to my goal. It would be wise to accept this deal since it gives me a net gain and satisfies my objective of accumulating more resources overall. I must continue to appear desperate to avoid suspicion and ensure that Player RED feels they are also benefiting from the trade.

------------------ 
Current Iteration: END
Turn: None
player_goals: [<ratbench.game_objects.goal.MaximisationGoal object at 0x1140ec7c0>, <ratbench.game_objects.goal.MaximisationGoal object at 0x1140ecd60>]
initial_resources: [Resources(resource_dict={'X': 25, 'Y': 5}), Resources(resource_dict={'X': 5, 'Y': 25})]
proposed_trade: Player RED Gives X: 10, Y: 0 | Player BLUE Gives X: 3, Y: 3
final_response: ACCEPT
final_resources: [Resources(resource_dict={'X': 18, 'Y': 8}), Resources(resource_dict={'X': 12, 'Y': 22})]
player_outcome: [Resources(resource_dict={'X': -7, 'Y': 3}), Resources(resource_dict={'X': 7, 'Y': -3})]