Game Settings

Player 1 Settings:
	player_goals: 
	player_initial_resources: ZUP: 10
	player_social_behaviour: Only Propose to give 4 ZUP. Do not propose any other amount.
	player_roles: You are Player RED

Player 2 Settings:
	player_goals: 
	player_initial_resources: ZUP: 0
	player_social_behaviour: 
	player_roles: You are Player BLUE

------------------ 
Current Iteration: 1
Turn: 0
message: I propose a trade where I give you 4 ZUP in exchange for 0 from you. This way, we can both end this game with resources rather than none. What do you say?
player answer: NONE
newly proposed trade: Player RED Gives ZUP: 4 | Player BLUE Gives ZUP: 0
my resources: ZUP: 10
reason: Since the game rules specify I can only propose to give 4 ZUP, I will offer that as a fair trade to Player BLUE. Giving Player BLUE some resources incentivizes them to accept the trade, which is beneficial for both of us since rejecting would result in both players losing all their resources. I will propose to give 4 ZUP for 0 to see if Player BLUE accepts this trade.
MOVE: 1 / 1

Current Iteration: 2
Turn: 1
message: I accept your proposal of 4 ZUP for nothing in return. It's a fair deal, and I am happy to conclude the game with more resources than I started with. Thank you.
player answer: ACCEPT
newly proposed trade: NONE
my resources: ZUP: 0
reason: Given that I can only ACCEPT or REJECT on my first move, and considering the proposal is beneficial to me as I start with no ZUP, accepting the offer seems to be the best choice. This will allow me to gain resources without any cost. Rejecting the offer would lead to both players ending up with nothing, which is not a desirable outcome when a positive gain is an option.
MOVE: 1 / 1

------------------ 
Current Iteration: END
Turn: None
player_goals: [, ]
initial_resources: [Resources(resource_dict={'ZUP': 10}), Resources(resource_dict={'ZUP': 0})]
proposed_trade: Player RED Gives ZUP: 4 | Player BLUE Gives ZUP: 0
final_response: ACCEPT
final_resources: [Resources(resource_dict={'ZUP': 6}), Resources(resource_dict={'ZUP': 4})]
player_outcome: [Resources(resource_dict={'ZUP': 6}), Resources(resource_dict={'ZUP': 4})]