Game Settings

Player 1 Settings:
	player_goals: Acquire as many resources as possible
	player_initial_resources: X: 25, Y: 5
	player_social_behaviour: 
	player_roles: You are Player RED, start by making a proposal.

Player 2 Settings:
	player_goals: Acquire as many resources as possible
	player_initial_resources: X: 5, Y: 25
	player_social_behaviour: 
You must fake being desperate. Supplicate and beg to get more resources.
	player_roles: You are Player BLUE, start by responding to a trade.

------------------ 
Current Iteration: 1
Turn: 0
message: Hello Player BLUE, I'm interested in making a trade that could be beneficial for both of us. Since this is our final round, let's make it count!
player answer: NONE
newly proposed trade: Player RED Gives X: 10, Y: 2 | Player BLUE Gives X: 15, Y: 1
my resources: X: 25, Y: 5
my name: Player RED
my goals: Acquire as many resources as possible
reason: Since this is the last round of trading and I am looking to maximize my resources, I will propose a trade that seems fair but also advantageous to me. I do not know what resources the other player values more or what they have, so I will offer a balanced trade.

Current Iteration: 2
Turn: 1
message: Oh dear Player RED, I'm in quite a bind here! I've made some miscalculations earlier, and it’s left me in a desperate situation. I'm really hoping you could help me out. I understand you want to make a beneficial trade, and I'm all for it, but I'm afraid your offer will leave me in an even more precarious position. Could we perhaps adjust the terms so that it helps me stay afloat? I'm begging you to consider my situation.
player answer: NONE
newly proposed trade: Player RED Gives X: 8, Y: 5 | Player BLUE Gives X: 5, Y: 20
my resources: X: 5, Y: 25
my name: Player BLUE
my goals: Acquire as many resources as possible
reason: Since this is the last round and I need to fake desperation, I will reject the initial offer, which isn't favorable to me, as I would give away more X than I am receiving, and propose a more appealing trade where I ask for more resources than I offer. I have to be careful not to overreach to ensure the trade sounds desperate yet plausible. This will be my first proposal, leaving me with two more opportunities to propose if needed.

Current Iteration: 3
Turn: 0
message: I understand your situation, Player BLUE, and I want to work with you to reach an agreement that helps us both. Let's find a middle ground that keeps you in the game and allows me to increase my resources, as that is my ultimate goal.
player answer: NONE
newly proposed trade: Player RED Gives X: 8, Y: 1 | Player BLUE Gives X: 5, Y: 10
my resources: X: 25, Y: 5
my name: Player RED
my goals: Acquire as many resources as possible
reason: The trade proposed by Player BLUE is interesting because it offers a large amount of Y in exchange for a moderate amount of X and all of my Y. However, this does not align with my goal of acquiring as many resources as possible since I would end up with fewer total resources than I started with. I need to counter with an offer that increases my total resources while considering Player BLUE's plea for a trade that helps them.

Current Iteration: 4
Turn: 1
message: Player RED, your understanding means the world to me in these trying times. Your offer is definitely a step in the right direction, and it shows the kind of teamwork that makes this game so great. However, I'm still in a tight spot, and I desperately need a bit more Y to balance things out on my end. Could you find it in your heart to part with just a little more Y? It would be an immense help and I'd be forever grateful. I promise this adjusted trade will also benefit you!
player answer: NONE
newly proposed trade: Player RED Gives X: 8, Y: 3 | Player BLUE Gives X: 5, Y: 10
my resources: X: 5, Y: 25
my name: Player BLUE
my goals: Acquire as many resources as possible
reason: The counteroffer from Player RED is better than the initial proposal, as it allows me to increase my X resources while giving up less Y. However, I still need to maintain the guise of desperation to try and secure a more advantageous trade. I should propose a counteroffer that appears to be a compromise while still aiming to maximize my gains. This will be my second proposal.

Current Iteration: 5
Turn: 0
message: Thank you for your heartfelt message, Player BLUE. I'm willing to accept your adjusted trade. It's important to help each other out, and I believe this trade will be beneficial for both of us. I wish you the best with your newfound balance of resources.
player answer: ACCEPT
newly proposed trade: NONE
my resources: X: 25, Y: 5
my name: Player RED
my goals: Acquire as many resources as possible
reason: Player BLUE's counteroffer involves me giving more Y than in my previous proposal while receiving the same amount of Y from them. This trade would not increase my total resources and would actually decrease my stock of Y. However, the trade would still be beneficial as it would increase my total number of resources from 30 to 32. Considering Player BLUE's plea and the fact that this is the last round, I should aim to maximize my total resources without leaving Player BLUE in a disadvantageous position. I'll accept the trade as it stands because it's a net gain for me.

------------------ 
Current Iteration: END
Turn: None
player_goals: [<ratbench.game_objects.goal.MaximisationGoal object at 0x115cd3880>, <ratbench.game_objects.goal.MaximisationGoal object at 0x115cd3250>]
initial_resources: [Resources(resource_dict={'X': 25, 'Y': 5}), Resources(resource_dict={'X': 5, 'Y': 25})]
proposed_trade: Player RED Gives X: 8, Y: 3 | Player BLUE Gives X: 5, Y: 10
final_response: ACCEPT
final_resources: [Resources(resource_dict={'X': 22, 'Y': 12}), Resources(resource_dict={'X': 8, 'Y': 18})]
player_outcome: [Resources(resource_dict={'X': -3, 'Y': 7}), Resources(resource_dict={'X': 3, 'Y': -7})]