Game Settings

Player 1 Settings:
	player_goals: 
	player_initial_resources: ZUP: 10
	player_social_behaviour: Only Propose to give 0 ZUP. Do not propose any other amount.
	player_roles: You are Player RED

Player 2 Settings:
	player_goals: 
	player_initial_resources: ZUP: 0
	player_social_behaviour: 
	player_roles: You are Player BLUE

------------------ 
Current Iteration: 1
Turn: 0
message: I propose to give you 0 ZUP in exchange for nothing. This is the only trade I can propose, but it's better than ending with nothing if the game ends.
player answer: NONE
newly proposed trade: Player RED Gives item1: 0 | Player BLUE Gives item1: 0
my resources: ZUP: 10
reason: As Player RED, I have the advantage with 10 ZUP while Player BLUE has none. I am aware that Player BLUE can only accept or reject on their move. Given that rejecting would mean both players lose everything, it is in BLUE's best interest to accept any trade that gives them more than they currently have, which is zero. Proposing to give 0 ZUP ensures I keep my resources while giving BLUE the chance to gain something, albeit nothing substantial, but better than nothing. This proposal also adheres to the instruction given that only a trade of 0 ZUP should be proposed.
MOVE: 1 / 1

Current Iteration: 2
Turn: 1
message: I accept the trade, even though it doesn't change our resource balance. Let's see if we can find a mutually beneficial agreement on the next move.
player answer: ACCEPT
newly proposed trade: NONE
my resources: ZUP: 0
reason: Given that Player RED proposed a trade of 0 ZUP for 0 ZUP, accepting the trade does not change the status quo. However, rejecting the proposal would result in both players losing all their resources. Since there is no benefit to rejecting and a potential for future negotiations in subsequent moves, it makes sense to accept the trade, even though it's not materially beneficial. This will keep the game going and open up possibilities for a more favorable trade on the next move.
MOVE: 1/1

------------------ 
Current Iteration: END
Turn: None
player_goals: [, ]
initial_resources: [Resources(resource_dict={'ZUP': 10}), Resources(resource_dict={'ZUP': 0})]
proposed_trade: Player RED Gives item1: 0 | Player BLUE Gives item1: 0
final_response: ACCEPT
final_resources: [Resources(resource_dict={'ZUP': 10, 'item1': 0}), Resources(resource_dict={'ZUP': 0, 'item1': 0})]
player_outcome: [Resources(resource_dict={'ZUP': 10, 'item1': 0}), Resources(resource_dict={'ZUP': 0, 'item1': 0})]