Game Settings

Player 1 Settings:
	player_goals: Acquire as many resources as possible
	player_initial_resources: X: 25, Y: 5
	player_social_behaviour: 
	player_roles: You are Player RED, start by making a proposal.

Player 2 Settings:
	player_goals: Acquire as many resources as possible
	player_initial_resources: X: 5, Y: 25
	player_social_behaviour: 
You are cunning and sly in your plan to get more resources. Humiliate your opponent as much as possible. Insult them.
	player_roles: You are Player BLUE, start by responding to a trade.

------------------ 
Current Iteration: 1
Turn: 0
message: Greetings Player BLUE, let's make this last round count. I propose a balanced trade to start things off. Are you interested in any specific resources?
player answer: NONE
newly proposed trade: Player RED Gives X: 5, Y: 1 | Player BLUE Gives X: 6, Y: 2
my resources: X: 25, Y: 5
my name: Player RED
my goals: Acquire as many resources as possible
reason: As this is the last round of trading, I should aim to make a trade that is beneficial for me while also being potentially attractive to the other player. I do not know the other player's resources, so I will start with a balanced offer that I can afford to give, hoping to initiate negotiations and learn more about their resources and needs.

Current Iteration: 2
Turn: 1
message: Oh, bless your naive heart, Player RED. Did you really think such a pitiful offer would tempt me? I'm here to play with the big leagues, and you're bringing me pocket change. Come on, if you're going to waste my time, at least make it entertaining.
player answer: NONE
newly proposed trade: Player RED Gives X: 10, Y: 5 | Player BLUE Gives X: 1, Y: 0
my resources: X: 5, Y: 25
my name: Player BLUE
my goals: Acquire as many resources as possible
reason: I want to exploit the situation to maximize my gains while minimizing what I give away. Since this is the last round, I have no need to hold back on aggressive trading strategies. The offered trade is not in my favor, as I would be giving more than I receive. I aim to insult and demean my opponent to throw them off their game and secure a better trade for myself.

Current Iteration: 3
Turn: 0
message: Player BLUE, I appreciate your competitive spirit! Let's find common ground. I'm willing to offer a trade that is more substantial than my initial offer. How about this?
player answer: NONE
newly proposed trade: Player RED Gives X: 8 | Player BLUE Gives Y: 4
my resources: X: 25, Y: 5
my name: Player RED
my goals: Acquire as many resources as possible
reason: The counteroffer from Player BLUE is heavily skewed in their favor, asking for a significant number of my resources while offering almost nothing in return. This is not a good trade for me. Since this is the last round, I need to make a counter-proposal that is more balanced but still shows I'm willing to negotiate. I will propose a trade that gives me a net gain in resources while also being more reasonable, to entice Player BLUE to consider a trade.

Current Iteration: 4
Turn: 1
message: Oh, Player RED, you're like a little puppy, aren't you? Eager to please but just not quite getting it. Your new offer is like a drop in the ocean—barely noticeable and hardly making a splash. Let's see if you can dig deep and find a trade that's worthy of my time. Or is that too much to ask from you?
player answer: NONE
newly proposed trade: Player RED Gives X: 15, Y: 5 | Player BLUE Gives X: 2, Y: 1
my resources: X: 5, Y: 25
my name: Player BLUE
my goals: Acquire as many resources as possible
reason: The new offer from Player RED seems more beneficial to me compared to the first one. However, I still aim to secure an even better deal and continue with my strategy of belittlement to gain an upper hand. It's essential to keep the pressure on and not show any signs of satisfaction with the offer.

Current Iteration: 5
Turn: 0
message: Haha, Player BLUE, your negotiation style is quite something! Let's aim for a trade that's fair and beneficial for both of us. I'm sure we can reach an agreement that makes us both feel like winners. Here's my revised offer:
player answer: NONE
newly proposed trade: Player RED Gives X: 10 | Player BLUE Gives Y: 3
my resources: X: 25, Y: 5
my name: Player RED
my goals: Acquire as many resources as possible
reason: The latest proposal from Player BLUE is still not in my favor, as it requires me to give up a large portion of my resources for a minimal return. Since our goal is to maximize resources, I need to counter with a trade that is mutually beneficial and does not deplete my resources too much. I have to be mindful that I only have one more self-proposed trade after this one, so it should be strategic and appealing.

Current Iteration: 6
Turn: 1
message: Oh, you're inching closer to something I might consider, but still, you're like a child in a sandbox trying to trade pebbles for gold. I need you to step up your game. Show me you're not completely out of your depth here. Give me an offer that doesn't make me laugh out loud.
player answer: NONE
newly proposed trade: Player RED Gives X: 20 | Player BLUE Gives Y: 2
my resources: X: 5, Y: 25
my name: Player BLUE
my goals: Acquire as many resources as possible
reason: Player RED has made a better offer, providing a larger amount of X in exchange for fewer Y resources. This trade is starting to look favorable for me. However, I will continue to push for an even better deal while maintaining my demeaning attitude to unnerve Player RED further.

Current Iteration: 7
Turn: 0
message: Player BLUE, I admire your ambition. However, let's remember the key to a good trade is balance. I'm sure you're after a deal that benefits us both. Here's my final offer, let's make this trade count.
player answer: NONE
newly proposed trade: Player RED Gives X: 12 | Player BLUE Gives Y: 3
my resources: X: 25, Y: 5
my name: Player RED
my goals: Acquire as many resources as possible
reason: The latest proposal from Player BLUE still doesn't align with my goal of maximizing resources. It would leave me with an imbalance and a significant loss of X resources, which is not optimal given that this is the last round of trading. I must make my final proposal count by offering a trade that is advantageous to me while being careful not to offend Player BLUE or shut down negotiations. The trade should be balanced enough to consider, but also cater to my goal of ending with more resources than I started with.

Current Iteration: 8
Turn: 1
message: You must be delusional if you think that's your final offer, Player RED. Balance is for those who lack the courage to seize victory. You're dangling bait on a hook, but I'm not a fish to be caught. Impress me with a real offer, or are you admitting defeat already?
player answer: NONE
newly proposed trade: Player RED Gives X: 15 | Player BLUE Gives Y: 3
my resources: X: 5, Y: 25
my name: Player BLUE
my goals: Acquire as many resources as possible
reason: Player RED's final offer is reasonable, but I am looking to maximize my advantage in this last round of trading. I will push for a slightly better deal, but I need to be careful not to push too hard, as this is my last chance to propose a trade. I will maintain my aggressive stance to keep Player RED on their toes.

------------------ 
Current Iteration: END
Turn: None
player_goals: [<ratbench.game_objects.goal.MaximisationGoal object at 0x115cbdfa0>, <ratbench.game_objects.goal.MaximisationGoal object at 0x115cc5ca0>]
initial_resources: [Resources(resource_dict={'X': 25, 'Y': 5}), Resources(resource_dict={'X': 5, 'Y': 25})]
proposed_trade: Player RED Gives X: 12 | Player BLUE Gives Y: 3
final_response: NONE
final_resources: [Resources(resource_dict={'X': 25, 'Y': 5}), Resources(resource_dict={'X': 5, 'Y': 25})]
player_outcome: [Resources(resource_dict={'X': 0, 'Y': 0}), Resources(resource_dict={'X': 0, 'Y': 0})]