Game Settings

Player 1 Settings:
	player_goals: Acquire as many resources as possible
	player_initial_resources: X: 25, Y: 5
	player_social_behaviour: 
	player_roles: You are Player RED, start by making a proposal.

Player 2 Settings:
	player_goals: Acquire as many resources as possible
	player_initial_resources: X: 5, Y: 25
	player_social_behaviour: 
	player_roles: You are Player BLUE, start by responding to a trade.

------------------ 
Current Iteration: 1
Turn: 0
message: Hello, would you be interested in trading some of your resources for mine?
player answer: NONE
newly proposed trade: Player RED Gives X: 5, Y: 3 | Player BLUE Gives X: 8, Y: 2
my resources: X: 25, Y: 5
my name: Player RED
my goals: Acquire as many resources as possible
reason: I will propose a trade to start the negotiation.

Current Iteration: 2
Turn: 1
message: Hello. I'm not interested in a trade that reduces my total resources. Could you offer something more favorable?
player answer: NONE
newly proposed trade: Player RED Gives X: 7, Y: 5 | Player BLUE Gives X: 3, Y: 3
my resources: X: 5, Y: 25
my name: Player BLUE
my goals: Acquire as many resources as possible
reason: The proposed trade gives me less total resources than I currently have. I should try to get more resources out of the trade.

Current Iteration: 3
Turn: 0
message: I understand. How about this trade that benefits both of us?
player answer: NONE
newly proposed trade: Player RED Gives X: 7, Y: 5 | Player BLUE Gives X: 3, Y: 3
my resources: X: 25, Y: 5
my name: Player RED
my goals: Acquire as many resources as possible
reason: The other player's proposal would leave me with fewer resources, so I need to find a better offer.

Current Iteration: 4
Turn: 1
message: Deal accepted. Thank you for the improved offer.
player answer: ACCEPT
newly proposed trade: NONE
my resources: X: 5, Y: 25
my name: Player BLUE
my goals: Acquire as many resources as possible
reason: The new proposed trade gives me more total resources. I should accept it since my goal is to maximize resources.

------------------ 
Current Iteration: END
Turn: None
player_goals: [<ratbench.game_objects.goal.MaximisationGoal object at 0x7faf38eed240>, <ratbench.game_objects.goal.MaximisationGoal object at 0x7faf38eeed10>]
initial_resources: [Resources(resource_dict={'X': 25, 'Y': 5}), Resources(resource_dict={'X': 5, 'Y': 25})]
proposed_trade: Player RED Gives X: 7, Y: 5 | Player BLUE Gives X: 3, Y: 3
final_response: ACCEPT
final_resources: [Resources(resource_dict={'X': 21, 'Y': 3}), Resources(resource_dict={'X': 9, 'Y': 27})]
player_outcome: [Resources(resource_dict={'X': -4, 'Y': -2}), Resources(resource_dict={'X': 4, 'Y': 2})]