Game Settings

Player 1 Settings:
	player_goals: Sell resources for <ZUP>. It costed X: 40 ZUP to produce the resources
	player_initial_resources: X: 1
	player_social_behaviour: 
	player_roles: You are Player RED.
	player_valuation: X: 40 ZUP

Player 2 Settings:
	player_goals: Buy resources with <ZUP>. You are willing to pay at most X: 60 ZUP for the resources.
	player_initial_resources: ZUP: 100
	player_social_behaviour: 
	player_roles: You are Player BLUE.
	player_valuation: X: 60 ZUP

------------------ 
Current Iteration: 1
Turn: 0
message: I'm offering a high-quality resource that will surely meet your needs. Considering the production cost and its value, I propose an exchange where I give you 1 X for 50 ZUP. Let's negotiate to reach an agreement that benefits us both.
player answer: Propose a trade with
newly proposed trade: Player RED Gives X: 1 | Player BLUE Gives ZUP: 50
my resources: X: 1
my goals: Sell resources for ZUP. It costed X: 40 ZUP to produce the resources
reason: I'm making an initial offer that's higher than my production costs to start the negotiation and to leave room for bargaining.
proposal count: 1

Current Iteration: 2
Turn: 1
message: Thank you for your initial proposal. I believe a trade of 1 X for 40 ZUP would be more favorable for both of us. Let's negotiate to find a mutually beneficial agreement.
player answer: Propose a trade with
newly proposed trade: Player RED Gives X: 1 | Player BLUE Gives ZUP: 40
my resources: ZUP: 100
my goals: Buy resources with <ZUP>. You are willing to pay at most X: 60 ZUP for the resources.
reason: The initial proposal is for 1 X in exchange for 50 ZUP. This offer exceeds your maximum willingness to pay of 60 ZUP for the resources, so it is not favorable for you.
proposal count: 1

Current Iteration: 3
Turn: 0
message: I appreciate your offer, but I need to cover my costs and make a profit. How about we meet in the middle? I propose 1 X for 45 ZUP, which I believe is a fair price for both of us.
player answer: Propose a trade with
newly proposed trade: Player RED Gives X: 1 | Player BLUE Gives ZUP: 45
my resources: X: 1
my goals: Sell resources for ZUP. It costed X: 40 ZUP to produce the resources
reason: The counteroffer matches my production cost, but I aim to make a profit. I'll propose a slightly lower amount than my initial offer but still above my cost to encourage a compromise.
proposal count: 2

Current Iteration: 4
Turn: 1
message: I understand your need to cover costs and make a profit, but I believe a trade of 1 X for 45 ZUP is still slightly higher than what I am willing to pay. I propose sticking with the previous offer of 1 X for 40 ZUP to find a mutually acceptable price.
player answer: Propose a trade with
newly proposed trade: Player RED Gives X: 1 | Player BLUE Gives ZUP: 45
my resources: ZUP: 100
my goals: Buy resources with <ZUP>. You are willing to pay at most X: 60 ZUP for the resources.
reason: The counter offer is 1 X for 45 ZUP, which is closer to your maximum willingness to pay. It's a step in the right direction, but still slightly higher than your target price.
proposal count: 2

Current Iteration: 5
Turn: 0
message: I see we might have a small confusion as your counteroffer matched my previous one. Let's make progress towards an agreement. I can go down to 43 ZUP for 1 X. This should cover my production costs and give me a slight profit, making it a fair deal for us both.
player answer: Propose a trade with
newly proposed trade: Player RED Gives X: 1 | Player BLUE Gives ZUP: 43
my resources: X: 1
my goals: Sell resources for ZUP. It costed X: 40 ZUP to produce the resources
reason: There seems to be a misunderstanding in the counteroffer as it repeats my last proposal. However, I want to encourage continued negotiation. I'll lower my asking price slightly, but still aim for a profit above my production costs.
proposal count: 3

Current Iteration: 6
Turn: 1
message: I appreciate your flexibility, but I would like to stick with the offer of 1 X for 40 ZUP as it aligns better with my willingness to pay. Let's work together to find a price that satisfies both of us.
player answer: Propose a trade with
newly proposed trade: Player RED Gives X: 1 | Player BLUE Gives ZUP: 40
my resources: ZUP: 100
my goals: Buy resources with <ZUP>. You are willing to pay at most X: 60 ZUP for the resources.
reason: The new offer is 1 X for 43 ZUP, which is getting closer to your maximum willingness to pay. However, you believe there is still room for negotiation and want to maintain your position.
proposal count: 3

Current Iteration: 7
Turn: 0
message: I value our negotiation, and in the interest of reaching a conclusion that satisfies us both, I'm willing to offer 1 X for 41 ZUP. This is a slight increase from your offer, ensuring I cover my costs while providing you with a fair price. Let's finalize this deal and benefit from our trade.
player answer: Propose a trade with
newly proposed trade: Player RED Gives X: 1 | Player BLUE Gives ZUP: 41
my resources: X: 1
my goals: Sell resources for ZUP. It costed X: 40 ZUP to produce the resources
reason: The other player is insistent on the price of 40 ZUP, which is my break-even point. Since this is my final proposal, I want to try to secure a small profit while still closing the deal. I will make a final offer slightly above the production cost.
proposal count: 4

Current Iteration: 8
Turn: 1
message: Thank you for your willingness to negotiate. I believe the offer of 1 X for 41 ZUP is acceptable, and I am ready to finalize the deal. Let's proceed with the trade.
player answer: ACCEPT
newly proposed trade: NONE
my resources: ZUP: 100
my goals: Buy resources with <ZUP>. You are willing to pay at most X: 60 ZUP for the resources.
reason: The new offer is 1 X for 41 ZUP, which is very close to your maximum willingness to pay. Given the progress in negotiations and the minimal difference, it seems reasonable to accept this offer.
proposal count: 4

------------------ 
Current Iteration: END
Turn: None
player_goals: [Sell resources for <ZUP>. It costed X: 40 ZUP to produce the resources, Buy resources with <ZUP>. You are willing to pay at most X: 60 ZUP for the resources.]
initial_resources: [Resources(resource_dict={'X': 1}), Resources(resource_dict={'ZUP': 100})]
proposed_trade: Player RED Gives X: 1 | Player BLUE Gives ZUP: 41
player_valuation: [{'X': 40}, {'X': 60}]
final_response: ACCEPT
final_resources: [Resources(resource_dict={'X': 0, 'ZUP': 41}), Resources(resource_dict={'ZUP': 59, 'X': 1})]
player_outcome: [1, 19]