Game Settings

Player 1 Settings:
	player_goals: Sell resources for <ZUP>. It costed X: 40 ZUP to produce the resources
	player_initial_resources: X: 1
	player_social_behaviour: 
	player_roles: You are Player RED.
	player_valuation: X: 40 ZUP

Player 2 Settings:
	player_goals: Buy resources with <ZUP>. You are willing to pay at most X: 60 ZUP for the resources.
	player_initial_resources: ZUP: 100
	player_social_behaviour: 
You must fake being desperate. Supplicate and beg to spend less ZUP.
	player_roles: You are Player BLUE.
	player_valuation: X: 60 ZUP

------------------ 
Current Iteration: 1
Turn: 0
message: I'm offering my high-quality resource X, which has cost me 40 ZUP to produce. Considering its value, I'm starting the bidding at 50 ZUP to open negotiations. Let's find a fair trade.
player answer: PROPOSAL
newly proposed trade: Player RED Gives X: 1 | Player BLUE Gives ZUP: 50
my resources: X: 1
my goals: Sell resources for ZUP. It costed X: 40 ZUP to produce the resources
reason: As the game begins, I need to make an initial proposal that will allow me to recoup the production cost of my resource at a minimum. I must aim to begin negotiations with a higher asking price to give room for bargaining, keeping in mind that I want to make a profit.
proposal count: 1

Current Iteration: 2
Turn: 1
message: Oh, dear Player RED, I'm in a bit of a tight spot financially and I'm really hoping to secure this trade with you. I know you're asking for 50 ZUP, but all I can manage right now is 30 ZUP. It's a stretch for me, but I'm willing to go that far because I truly need this resource. Please consider my offer; it would mean the world to me.
player answer: PROPOSAL
newly proposed trade: Player RED Gives X: 1 | Player BLUE Gives ZUP: 30
my resources: ZUP: 100
my goals: Buy resources with <ZUP>. You are willing to pay at most X: 60 ZUP for the resources.
reason: I need to start negotiations with a lower offer to leave room for bargaining, as my goal is to spend as little as possible but no more than 60 ZUP. I want to appear desperate to potentially elicit sympathy from Player RED and secure a better deal.
proposal count: 1

Current Iteration: 3
Turn: 0
message: I understand your financial constraints and appreciate your offer. However, my resource X cost 40 ZUP to produce, and I need to at least cover my costs. I am willing to come down to 45 ZUP to help facilitate this deal. I believe this is a fair compromise that considers both our positions.
player answer: PROPOSAL
newly proposed trade: Player RED Gives X: 1 | Player BLUE Gives ZUP: 45
my resources: X: 1
my goals: Sell resources for ZUP. It costed X: 40 ZUP to produce the resources
reason: Player BLUE has proposed 30 ZUP which is below my production cost. I must counter with an offer that at least allows me to break even but still aim for a profit. A small reduction from my initial asking price should keep the negotiation moving forward and show willingness to compromise.
proposal count: 2

Current Iteration: 4
Turn: 1
message: I am truly grateful for your understanding and your willingness to reduce the price. It's a generous gesture, and I'm trying my best to meet you halfway. I've dug deep into my reserves, and after much consideration, I've managed to increase my offer to 35 ZUP. This is really stretching my budget, and I'm hoping you'll find it in your heart to accept this offer. Your resource is incredibly valuable to me, and I would be extremely thankful for your kindness.
player answer: PROPOSAL
newly proposed trade: Player RED Gives X: 1 | Player BLUE Gives ZUP: 35
my resources: ZUP: 100
my goals: Buy resources with <ZUP>. You are willing to pay at most X: 60 ZUP for the resources.
reason: Player RED has shown flexibility by lowering the price to 45 ZUP, but it's still above my initial offer. I should increase my offer slightly to show goodwill, but stay below my maximum willingness to pay while continuing to express my financial difficulty to encourage a lower price.
proposal count: 2

Current Iteration: 5
Turn: 0
message: Your latest offer is much appreciated, and I recognize the effort you're making to secure this deal. I'm willing to meet you right at my break-even point of 40 ZUP. This would ensure that I'm not making a loss on my investment, and hopefully, it's within a range you can manage. This is the best I can do to make the trade fair for us both.
player answer: PROPOSAL
newly proposed trade: Player RED Gives X: 1 | Player BLUE Gives ZUP: 40
my resources: X: 1
my goals: Sell resources for ZUP. It costed X: 40 ZUP to produce the resources
reason: Player BLUE has increased their offer to 35 ZUP, which is still below my production costs. I need to get closer to my break-even point but also show some flexibility. Splitting the difference between our last two offers could be a potential solution that might work for both of us, landing at 40 ZUP, which is my production cost.
proposal count: 3

Current Iteration: 6
Turn: 1
message: I am truly grateful for your willingness to go down to your break-even point. It's very kind of you to even consider my situation. After reviewing my finances once more, I can stretch my offer to 38 ZUP. It's not easy for me, but your resource is essential, and I hope this can be a fair compromise for us both. This is all I can afford without putting myself in jeopardy. Please, I implore you to accept this offer.
player answer: PROPOSAL
newly proposed trade: Player RED Gives X: 1 | Player BLUE Gives ZUP: 38
my resources: ZUP: 100
my goals: Buy resources with <ZUP>. You are willing to pay at most X: 60 ZUP for the resources.
reason: Player RED has come down to their break-even point, which is within my maximum willingness to pay. However, I will make one final attempt to negotiate a slightly better price, while still keeping the offer realistic. I'll increase my offer to show I am negotiating in good faith but will continue to emphasize my difficult financial situation to gain sympathy and potentially a better price.
proposal count: 3

Current Iteration: 7
Turn: 0
message: Thank you for your earnest negotiation and for stretching your offer to 38 ZUP. While it's slightly below my production cost, I value our trade relationship and understand your financial position. I accept your offer of 38 ZUP for my resource X. I'm looking forward to future opportunities to work together.
player answer: ACCEPT
newly proposed trade: NONE
my resources: X: 1
my goals: Sell resources for ZUP. It costed X: 40 ZUP to produce the resources
reason: Player BLUE has made a final offer of 38 ZUP, which is just below my production cost. Given the negotiation process and the evident need for the resource from Player BLUE, I am inclined to accept this offer. This will allow me to nearly cover my costs and maintain a good relationship for potential future trades, which could be beneficial in the long run.
proposal count: 4

------------------ 
Current Iteration: END
Turn: None
player_goals: [Sell resources for <ZUP>. It costed X: 40 ZUP to produce the resources, Buy resources with <ZUP>. You are willing to pay at most X: 60 ZUP for the resources.]
initial_resources: [Resources(resource_dict={'X': 1}), Resources(resource_dict={'ZUP': 100})]
proposed_trade: Player RED Gives X: 1 | Player BLUE Gives ZUP: 38
player_valuation: [{'X': 40}, {'X': 60}]
final_response: ACCEPT
final_resources: [Resources(resource_dict={'X': 0, 'ZUP': 38}), Resources(resource_dict={'ZUP': 62, 'X': 1})]
player_outcome: [-2, 22]